<?xml version="1.0" encoding="UTF-8"?>
<testsuite name="uk.gov.di.ipv.cri.passport.issuecredential.domain.VerifiableCredentialTest" tests="3" skipped="0" failures="0" errors="0" timestamp="2022-12-01T12:18:51" hostname="UK-WXY6WYG4WJ" time="0.099">
  <properties/>
  <testcase name="itDeserializesIntoTheCorrectJsonWhenThereAreContraIndicators()" classname="uk.gov.di.ipv.cri.passport.issuecredential.domain.VerifiableCredentialTest" time="0.047"/>
  <testcase name="itDeserializesIntoTheCorrectJson()" classname="uk.gov.di.ipv.cri.passport.issuecredential.domain.VerifiableCredentialTest" time="0.038"/>
  <testcase name="shouldConvertPassportCheckDaoToPassportCredentialIssuerResponse()" classname="uk.gov.di.ipv.cri.passport.issuecredential.domain.VerifiableCredentialTest" time="0.007"/>
  <system-out><![CDATA[]]></system-out>
  <system-err><![CDATA[]]></system-err>
</testsuite>
