<?xml version="1.0" encoding="UTF-8"?>
<testsuite name="uk.gov.di.ipv.cri.passport.accesstoken.AccessTokenHandlerTest" tests="11" skipped="0" failures="0" errors="0" timestamp="2022-12-01T12:17:25" hostname="UK-WXY6WYG4WJ" time="8.655">
  <properties/>
  <testcase name="shouldReturn400WhenInvalidRedirectUriParamIsProvided()" classname="uk.gov.di.ipv.cri.passport.accesstoken.AccessTokenHandlerTest" time="8.379"/>
  <testcase name="shouldReturn400WhenInvalidTokenRequestProvided()" classname="uk.gov.di.ipv.cri.passport.accesstoken.AccessTokenHandlerTest" time="0.024"/>
  <testcase name="shouldReturn400OWhenUnknownAuthorisationCodeProvided()" classname="uk.gov.di.ipv.cri.passport.accesstoken.AccessTokenHandlerTest" time="0.022"/>
  <testcase name="shouldReturn400OWhenAuthorisationCodeHasExpired()" classname="uk.gov.di.ipv.cri.passport.accesstoken.AccessTokenHandlerTest" time="0.029"/>
  <testcase name="shouldReturn400WhenInvalidGrantTypeProvided()" classname="uk.gov.di.ipv.cri.passport.accesstoken.AccessTokenHandlerTest" time="0.018"/>
  <testcase name="shouldReturn400WhenAuthCodeIsUsedMoreThanOnce()" classname="uk.gov.di.ipv.cri.passport.accesstoken.AccessTokenHandlerTest" time="0.016"/>
  <testcase name="shouldReturn400IfAccessTokenServiceDeemsRequestInvalid()" classname="uk.gov.di.ipv.cri.passport.accesstoken.AccessTokenHandlerTest" time="0.015"/>
  <testcase name="shouldReturnAccessTokenOnSuccessfulExchange()" classname="uk.gov.di.ipv.cri.passport.accesstoken.AccessTokenHandlerTest" time="0.055"/>
  <testcase name="shouldReturn401WhenClientAuthFails()" classname="uk.gov.di.ipv.cri.passport.accesstoken.AccessTokenHandlerTest" time="0.019"/>
  <testcase name="shouldReturn400WhenRevokingAccessTokenFails()" classname="uk.gov.di.ipv.cri.passport.accesstoken.AccessTokenHandlerTest" time="0.017"/>
  <testcase name="shouldReturnAccessTokenWhenNoResourceIdInAuthCode()" classname="uk.gov.di.ipv.cri.passport.accesstoken.AccessTokenHandlerTest" time="0.021"/>
  <system-out><![CDATA[{"timestamp":"2022-12-01T12:17:32.808+0000GMT","instant":{"epochSecond":1669897052,"nanoOfSecond":808636000},"thread":"Test worker","level":"INFO","loggerName":"software.amazon.cloudwatchlogs.emf.environment.AgentBasedEnvironment","message":"Endpoint is not defined. Using default: tcp://127.0.0.1:25888","endOfBatch":false,"loggerFqcn":"org.apache.logging.slf4j.Log4jLogger","threadId":1,"threadPriority":5}
{"timestamp":"2022-12-01T12:17:32.861+0000GMT","instant":{"epochSecond":1669897052,"nanoOfSecond":861506000},"thread":"Test worker","level":"WARN","loggerName":"software.amazon.cloudwatchlogs.emf.environment.AgentBasedEnvironment","message":"Unknown ServiceName.","endOfBatch":false,"loggerFqcn":"org.apache.logging.slf4j.Log4jLogger","threadId":1,"threadPriority":5}
{"timestamp":"2022-12-01T12:17:32.867+0000GMT","instant":{"epochSecond":1669897052,"nanoOfSecond":867568000},"thread":"Test worker","level":"WARN","loggerName":"software.amazon.cloudwatchlogs.emf.environment.AgentBasedEnvironment","message":"Unknown ServiceName.","endOfBatch":false,"loggerFqcn":"org.apache.logging.slf4j.Log4jLogger","threadId":1,"threadPriority":5}
{"timestamp":"2022-12-01T12:17:32.871+0000GMT","instant":{"epochSecond":1669897052,"nanoOfSecond":871572000},"thread":"Test worker","level":"WARN","loggerName":"software.amazon.cloudwatchlogs.emf.environment.AgentBasedEnvironment","message":"Unknown ServiceName.","endOfBatch":false,"loggerFqcn":"org.apache.logging.slf4j.Log4jLogger","threadId":1,"threadPriority":5}
{"timestamp":"2022-12-01T12:17:32.872+0000GMT","instant":{"epochSecond":1669897052,"nanoOfSecond":872132000},"thread":"Test worker","level":"INFO","loggerName":"software.amazon.cloudwatchlogs.emf.environment.DefaultEnvironment","message":"Unknown ServiceType","endOfBatch":false,"loggerFqcn":"org.apache.logging.slf4j.Log4jLogger","threadId":1,"threadPriority":5}
{"timestamp":"2022-12-01T12:17:33.057+0000GMT","instant":{"epochSecond":1669897053,"nanoOfSecond":57578000},"thread":"Test worker","level":"ERROR","loggerName":"software.amazon.cloudwatchlogs.emf.sinks.TCPClient","message":"Failed to connect to the socket due to the exception: ","thrown":{"message":"Connection refused (Connection refused)","name":"java.net.ConnectException","extendedStackTrace":[{"class":"java.net.PlainSocketImpl","method":"socketConnect","file":"PlainSocketImpl.java","line":-2},{"class":"java.net.AbstractPlainSocketImpl","method":"doConnect","file":"AbstractPlainSocketImpl.java","line":399},{"class":"java.net.AbstractPlainSocketImpl","method":"connectToAddress","file":"AbstractPlainSocketImpl.java","line":242},{"class":"java.net.AbstractPlainSocketImpl","method":"connect","file":"AbstractPlainSocketImpl.java","line":224},{"class":"java.net.SocksSocketImpl","method":"connect","file":"SocksSocketImpl.java","line":392},{"class":"java.net.Socket","method":"connect","file":"Socket.java","line":609},{"class":"java.net.Socket","method":"connect","file":"Socket.java","line":558},{"class":"software.amazon.cloudwatchlogs.emf.sinks.TCPClient","method":"connect","file":"TCPClient.java","line":40},{"class":"software.amazon.cloudwatchlogs.emf.sinks.TCPClient","method":"sendMessage","file":"TCPClient.java","line":55},{"class":"software.amazon.cloudwatchlogs.emf.sinks.AgentSink","method":"accept","file":"AgentSink.java","line":52},{"class":"software.amazon.cloudwatchlogs.emf.logger.MetricsLogger","method":"flush","file":"MetricsLogger.java","line":66},{"class":"software.amazon.lambda.powertools.metrics.internal.LambdaMetricsAspect","method":"coldStartSingleMetricIfApplicable","file":"LambdaMetricsAspect.java","line":91},{"class":"software.amazon.lambda.powertools.metrics.internal.LambdaMetricsAspect","method":"ajc$inlineAccessMethod$software_amazon_lambda_powertools_metrics_internal_LambdaMetricsAspect$software_amazon_lambda_powertools_metrics_internal_LambdaMetricsAspect$coldStartSingleMetricIfApplicable","file":"LambdaMetricsAspect.java","line":1},{"class":"software.amazon.lambda.powertools.metrics.internal.LambdaMetricsAspect","method":"around","file":"LambdaMetricsAspect.java","line":60},{"class":"uk.gov.di.ipv.cri.passport.accesstoken.AccessTokenHandler","method":"handleRequest","file":"AccessTokenHandler.java","line":84},{"class":"uk.gov.di.ipv.cri.passport.accesstoken.AccessTokenHandlerTest","method":"shouldReturn400WhenInvalidRedirectUriParamIsProvided","file":"AccessTokenHandlerTest.java","line":269},{"class":"jdk.internal.reflect.NativeMethodAccessorImpl","method":"invoke0","file":"NativeMethodAccessorImpl.java","line":-2},{"class":"jdk.internal.reflect.NativeMethodAccessorImpl","method":"invoke","file":"NativeMethodAccessorImpl.java","line":62},{"class":"jdk.internal.reflect.DelegatingMethodAccessorImpl","method":"invoke","file":"DelegatingMethodAccessorImpl.java","line":43},{"class":"java.lang.reflect.Method","method":"invoke","file":"Method.java","line":566},{"class":"org.junit.platform.commons.util.ReflectionUtils","method":"invokeMethod","file":"ReflectionUtils.java","line":725},{"class":"org.junit.jupiter.engine.execution.MethodInvocation","method":"proceed","file":"MethodInvocation.java","line":60},{"class":"org.junit.jupiter.engine.execution.InvocationInterceptorChain$ValidatingInvocation","method":"proceed","file":"InvocationInterceptorChain.java","line":131},{"class":"org.junit.jupiter.engine.extension.TimeoutExtension","method":"intercept","file":"TimeoutExtension.java","line":149},{"class":"org.junit.jupiter.engine.extension.TimeoutExtension","method":"interceptTestableMethod","file":"TimeoutExtension.java","line":140},{"class":"org.junit.jupiter.engine.extension.TimeoutExtension","method":"interceptTestMethod","file":"TimeoutExtension.java","line":84},{"class":"org.junit.jupiter.engine.execution.ExecutableInvoker$ReflectiveInterceptorCall","method":"lambda$ofVoidMethod$0","file":"ExecutableInvoker.java","line":115},{"class":"org.junit.jupiter.engine.execution.ExecutableInvoker","method":"lambda$invoke$0","file":"ExecutableInvoker.java","line":105},{"class":"org.junit.jupiter.engine.execution.InvocationInterceptorChain$InterceptedInvocation","method":"proceed","file":"InvocationInterceptorChain.java","line":106},{"class":"org.junit.jupiter.engine.execution.InvocationInterceptorChain","method":"proceed","file":"InvocationInterceptorChain.java","line":64},{"class":"org.junit.jupiter.engine.execution.InvocationInterceptorChain","method":"chainAndInvoke","file":"InvocationInterceptorChain.java","line":45},{"class":"org.junit.jupiter.engine.execution.InvocationInterceptorChain","method":"invoke","file":"InvocationInterceptorChain.java","line":37},{"class":"org.junit.jupiter.engine.execution.ExecutableInvoker","method":"invoke","file":"ExecutableInvoker.java","line":104},{"class":"org.junit.jupiter.engine.execution.ExecutableInvoker","method":"invoke","file":"ExecutableInvoker.java","line":98},{"class":"org.junit.jupiter.engine.descriptor.TestMethodTestDescriptor","method":"lambda$invokeTestMethod$7","file":"TestMethodTestDescriptor.java","line":214},{"class":"org.junit.platform.engine.support.hierarchical.ThrowableCollector","method":"execute","file":"ThrowableCollector.java","line":73},{"class":"org.junit.jupiter.engine.descriptor.TestMethodTestDescriptor","method":"invokeTestMethod","file":"TestMethodTestDescriptor.java","line":210},{"class":"org.junit.jupiter.engine.descriptor.TestMethodTestDescriptor","method":"execute","file":"TestMethodTestDescriptor.java","line":135},{"class":"org.junit.jupiter.engine.descriptor.TestMethodTestDescriptor","method":"execute","file":"TestMethodTestDescriptor.java","line":66},{"class":"org.junit.platform.engine.support.hierarchical.NodeTestTask","method":"lambda$executeRecursively$6","file":"NodeTestTask.java","line":151},{"class":"org.junit.platform.engine.support.hierarchical.ThrowableCollector","method":"execute","file":"ThrowableCollector.java","line":73},{"class":"org.junit.platform.engine.support.hierarchical.NodeTestTask","method":"lambda$executeRecursively$8","file":"NodeTestTask.java","line":141},{"class":"org.junit.platform.engine.support.hierarchical.Node","method":"around","file":"Node.java","line":137},{"class":"org.junit.platform.engine.support.hierarchical.NodeTestTask","method":"lambda$executeRecursively$9","file":"NodeTestTask.java","line":139},{"class":"org.junit.platform.engine.support.hierarchical.ThrowableCollector","method":"execute","file":"ThrowableCollector.java","line":73},{"class":"org.junit.platform.engine.support.hierarchical.NodeTestTask","method":"executeRecursively","file":"NodeTestTask.java","line":138},{"class":"org.junit.platform.engine.support.hierarchical.NodeTestTask","method":"execute","file":"NodeTestTask.java","line":95},{"class":"java.util.ArrayList","method":"forEach","file":"ArrayList.java","line":1541},{"class":"org.junit.platform.engine.support.hierarchical.SameThreadHierarchicalTestExecutorService","method":"invokeAll","file":"SameThreadHierarchicalTestExecutorService.java","line":41},{"class":"org.junit.platform.engine.support.hierarchical.NodeTestTask","method":"lambda$executeRecursively$6","file":"NodeTestTask.java","line":155},{"class":"org.junit.platform.engine.support.hierarchical.ThrowableCollector","method":"execute","file":"ThrowableCollector.java","line":73},{"class":"org.junit.platform.engine.support.hierarchical.NodeTestTask","method":"lambda$executeRecursively$8","file":"NodeTestTask.java","line":141},{"class":"org.junit.platform.engine.support.hierarchical.Node","method":"around","file":"Node.java","line":137},{"class":"org.junit.platform.engine.support.hierarchical.NodeTestTask","method":"lambda$executeRecursively$9","file":"NodeTestTask.java","line":139},{"class":"org.junit.platform.engine.support.hierarchical.ThrowableCollector","method":"execute","file":"ThrowableCollector.java","line":73},{"class":"org.junit.platform.engine.support.hierarchical.NodeTestTask","method":"executeRecursively","file":"NodeTestTask.java","line":138},{"class":"org.junit.platform.engine.support.hierarchical.NodeTestTask","method":"execute","file":"NodeTestTask.java","line":95},{"class":"java.util.ArrayList","method":"forEach","file":"ArrayList.java","line":1541},{"class":"org.junit.platform.engine.support.hierarchical.SameThreadHierarchicalTestExecutorService","method":"invokeAll","file":"SameThreadHierarchicalTestExecutorService.java","line":41},{"class":"org.junit.platform.engine.support.hierarchical.NodeTestTask","method":"lambda$executeRecursively$6","file":"NodeTestTask.java","line":155},{"class":"org.junit.platform.engine.support.hierarchical.ThrowableCollector","method":"execute","file":"ThrowableCollector.java","line":73},{"class":"org.junit.platform.engine.support.hierarchical.NodeTestTask","method":"lambda$executeRecursively$8","file":"NodeTestTask.java","line":141},{"class":"org.junit.platform.engine.support.hierarchical.Node","method":"around","file":"Node.java","line":137},{"class":"org.junit.platform.engine.support.hierarchical.NodeTestTask","method":"lambda$executeRecursively$9","file":"NodeTestTask.java","line":139},{"class":"org.junit.platform.engine.support.hierarchical.ThrowableCollector","method":"execute","file":"ThrowableCollector.java","line":73},{"class":"org.junit.platform.engine.support.hierarchical.NodeTestTask","method":"executeRecursively","file":"NodeTestTask.java","line":138},{"class":"org.junit.platform.engine.support.hierarchical.NodeTestTask","method":"execute","file":"NodeTestTask.java","line":95},{"class":"org.junit.platform.engine.support.hierarchical.SameThreadHierarchicalTestExecutorService","method":"submit","file":"SameThreadHierarchicalTestExecutorService.java","line":35},{"class":"org.junit.platform.engine.support.hierarchical.HierarchicalTestExecutor","method":"execute","file":"HierarchicalTestExecutor.java","line":57},{"class":"org.junit.platform.engine.support.hierarchical.HierarchicalTestEngine","method":"execute","file":"HierarchicalTestEngine.java","line":54},{"class":"org.junit.platform.launcher.core.EngineExecutionOrchestrator","method":"execute","file":"EngineExecutionOrchestrator.java","line":108},{"class":"org.junit.platform.launcher.core.EngineExecutionOrchestrator","method":"execute","file":"EngineExecutionOrchestrator.java","line":88},{"class":"org.junit.platform.launcher.core.EngineExecutionOrchestrator","method":"lambda$execute$0","file":"EngineExecutionOrchestrator.java","line":54},{"class":"org.junit.platform.launcher.core.EngineExecutionOrchestrator","method":"withInterceptedStreams","file":"EngineExecutionOrchestrator.java","line":67},{"class":"org.junit.platform.launcher.core.EngineExecutionOrchestrator","method":"execute","file":"EngineExecutionOrchestrator.java","line":52},{"class":"org.junit.platform.launcher.core.DefaultLauncher","method":"execute","file":"DefaultLauncher.java","line":96},{"class":"org.junit.platform.launcher.core.DefaultLauncher","method":"execute","file":"DefaultLauncher.java","line":75},{"class":"org.gradle.api.internal.tasks.testing.junitplatform.JUnitPlatformTestClassProcessor$CollectAllTestClassesExecutor","method":"processAllTestClasses","file":"JUnitPlatformTestClassProcessor.java","line":99},{"class":"org.gradle.api.internal.tasks.testing.junitplatform.JUnitPlatformTestClassProcessor$CollectAllTestClassesExecutor","method":"access$000","file":"JUnitPlatformTestClassProcessor.java","line":79},{"class":"org.gradle.api.internal.tasks.testing.junitplatform.JUnitPlatformTestClassProcessor","method":"stop","file":"JUnitPlatformTestClassProcessor.java","line":75},{"class":"org.gradle.api.internal.tasks.testing.SuiteTestClassProcessor","method":"stop","file":"SuiteTestClassProcessor.java","line":61},{"class":"jdk.internal.reflect.NativeMethodAccessorImpl","method":"invoke0","file":"NativeMethodAccessorImpl.java","line":-2},{"class":"jdk.internal.reflect.NativeMethodAccessorImpl","method":"invoke","file":"NativeMethodAccessorImpl.java","line":62},{"class":"jdk.internal.reflect.DelegatingMethodAccessorImpl","method":"invoke","file":"DelegatingMethodAccessorImpl.java","line":43},{"class":"java.lang.reflect.Method","method":"invoke","file":"Method.java","line":566},{"class":"org.gradle.internal.dispatch.ReflectionDispatch","method":"dispatch","file":"ReflectionDispatch.java","line":36},{"class":"org.gradle.internal.dispatch.ReflectionDispatch","method":"dispatch","file":"ReflectionDispatch.java","line":24},{"class":"org.gradle.internal.dispatch.ContextClassLoaderDispatch","method":"dispatch","file":"ContextClassLoaderDispatch.java","line":33},{"class":"org.gradle.internal.dispatch.ProxyDispatchAdapter$DispatchingInvocationHandler","method":"invoke","file":"ProxyDispatchAdapter.java","line":94},{"class":"com.sun.proxy.$Proxy5","method":"stop","file":null,"line":-1},{"class":"org.gradle.api.internal.tasks.testing.worker.TestWorker$3","method":"run","file":"TestWorker.java","line":193},{"class":"org.gradle.api.internal.tasks.testing.worker.TestWorker","method":"executeAndMaintainThreadName","file":"TestWorker.java","line":129},{"class":"org.gradle.api.internal.tasks.testing.worker.TestWorker","method":"execute","file":"TestWorker.java","line":100},{"class":"org.gradle.api.internal.tasks.testing.worker.TestWorker","method":"execute","file":"TestWorker.java","line":60},{"class":"org.gradle.process.internal.worker.child.ActionExecutionWorker","method":"execute","file":"ActionExecutionWorker.java","line":56},{"class":"org.gradle.process.internal.worker.child.SystemApplicationClassLoaderWorker","method":"call","file":"SystemApplicationClassLoaderWorker.java","line":133},{"class":"org.gradle.process.internal.worker.child.SystemApplicationClassLoaderWorker","method":"call","file":"SystemApplicationClassLoaderWorker.java","line":71},{"class":"worker.org.gradle.process.internal.worker.GradleWorkerMain","method":"run","file":"GradleWorkerMain.java","line":69},{"class":"worker.org.gradle.process.internal.worker.GradleWorkerMain","method":"main","file":"GradleWorkerMain.java","line":74}]},"endOfBatch":false,"loggerFqcn":"org.apache.logging.slf4j.Log4jLogger","threadId":1,"threadPriority":5}
{"timestamp":"2022-12-01T12:17:33.064+0000GMT","instant":{"epochSecond":1669897053,"nanoOfSecond":64681000},"thread":"Test worker","level":"ERROR","loggerName":"software.amazon.cloudwatchlogs.emf.sinks.TCPClient","message":"Failed to open output stream: ","thrown":{"message":"Socket is not connected","name":"java.net.SocketException","extendedStackTrace":[{"class":"java.net.Socket","method":"getOutputStream","file":"Socket.java","line":964},{"class":"software.amazon.cloudwatchlogs.emf.sinks.TCPClient","method":"sendMessage","file":"TCPClient.java","line":60},{"class":"software.amazon.cloudwatchlogs.emf.sinks.AgentSink","method":"accept","file":"AgentSink.java","line":52},{"class":"software.amazon.cloudwatchlogs.emf.logger.MetricsLogger","method":"flush","file":"MetricsLogger.java","line":66},{"class":"software.amazon.lambda.powertools.metrics.internal.LambdaMetricsAspect","method":"coldStartSingleMetricIfApplicable","file":"LambdaMetricsAspect.java","line":91},{"class":"software.amazon.lambda.powertools.metrics.internal.LambdaMetricsAspect","method":"ajc$inlineAccessMethod$software_amazon_lambda_powertools_metrics_internal_LambdaMetricsAspect$software_amazon_lambda_powertools_metrics_internal_LambdaMetricsAspect$coldStartSingleMetricIfApplicable","file":"LambdaMetricsAspect.java","line":1},{"class":"software.amazon.lambda.powertools.metrics.internal.LambdaMetricsAspect","method":"around","file":"LambdaMetricsAspect.java","line":60},{"class":"uk.gov.di.ipv.cri.passport.accesstoken.AccessTokenHandler","method":"handleRequest","file":"AccessTokenHandler.java","line":84},{"class":"uk.gov.di.ipv.cri.passport.accesstoken.AccessTokenHandlerTest","method":"shouldReturn400WhenInvalidRedirectUriParamIsProvided","file":"AccessTokenHandlerTest.java","line":269},{"class":"jdk.internal.reflect.NativeMethodAccessorImpl","method":"invoke0","file":"NativeMethodAccessorImpl.java","line":-2},{"class":"jdk.internal.reflect.NativeMethodAccessorImpl","method":"invoke","file":"NativeMethodAccessorImpl.java","line":62},{"class":"jdk.internal.reflect.DelegatingMethodAccessorImpl","method":"invoke","file":"DelegatingMethodAccessorImpl.java","line":43},{"class":"java.lang.reflect.Method","method":"invoke","file":"Method.java","line":566},{"class":"org.junit.platform.commons.util.ReflectionUtils","method":"invokeMethod","file":"ReflectionUtils.java","line":725},{"class":"org.junit.jupiter.engine.execution.MethodInvocation","method":"proceed","file":"MethodInvocation.java","line":60},{"class":"org.junit.jupiter.engine.execution.InvocationInterceptorChain$ValidatingInvocation","method":"proceed","file":"InvocationInterceptorChain.java","line":131},{"class":"org.junit.jupiter.engine.extension.TimeoutExtension","method":"intercept","file":"TimeoutExtension.java","line":149},{"class":"org.junit.jupiter.engine.extension.TimeoutExtension","method":"interceptTestableMethod","file":"TimeoutExtension.java","line":140},{"class":"org.junit.jupiter.engine.extension.TimeoutExtension","method":"interceptTestMethod","file":"TimeoutExtension.java","line":84},{"class":"org.junit.jupiter.engine.execution.ExecutableInvoker$ReflectiveInterceptorCall","method":"lambda$ofVoidMethod$0","file":"ExecutableInvoker.java","line":115},{"class":"org.junit.jupiter.engine.execution.ExecutableInvoker","method":"lambda$invoke$0","file":"ExecutableInvoker.java","line":105},{"class":"org.junit.jupiter.engine.execution.InvocationInterceptorChain$InterceptedInvocation","method":"proceed","file":"InvocationInterceptorChain.java","line":106},{"class":"org.junit.jupiter.engine.execution.InvocationInterceptorChain","method":"proceed","file":"InvocationInterceptorChain.java","line":64},{"class":"org.junit.jupiter.engine.execution.InvocationInterceptorChain","method":"chainAndInvoke","file":"InvocationInterceptorChain.java","line":45},{"class":"org.junit.jupiter.engine.execution.InvocationInterceptorChain","method":"invoke","file":"InvocationInterceptorChain.java","line":37},{"class":"org.junit.jupiter.engine.execution.ExecutableInvoker","method":"invoke","file":"ExecutableInvoker.java","line":104},{"class":"org.junit.jupiter.engine.execution.ExecutableInvoker","method":"invoke","file":"ExecutableInvoker.java","line":98},{"class":"org.junit.jupiter.engine.descriptor.TestMethodTestDescriptor","method":"lambda$invokeTestMethod$7","file":"TestMethodTestDescriptor.java","line":214},{"class":"org.junit.platform.engine.support.hierarchical.ThrowableCollector","method":"execute","file":"ThrowableCollector.java","line":73},{"class":"org.junit.jupiter.engine.descriptor.TestMethodTestDescriptor","method":"invokeTestMethod","file":"TestMethodTestDescriptor.java","line":210},{"class":"org.junit.jupiter.engine.descriptor.TestMethodTestDescriptor","method":"execute","file":"TestMethodTestDescriptor.java","line":135},{"class":"org.junit.jupiter.engine.descriptor.TestMethodTestDescriptor","method":"execute","file":"TestMethodTestDescriptor.java","line":66},{"class":"org.junit.platform.engine.support.hierarchical.NodeTestTask","method":"lambda$executeRecursively$6","file":"NodeTestTask.java","line":151},{"class":"org.junit.platform.engine.support.hierarchical.ThrowableCollector","method":"execute","file":"ThrowableCollector.java","line":73},{"class":"org.junit.platform.engine.support.hierarchical.NodeTestTask","method":"lambda$executeRecursively$8","file":"NodeTestTask.java","line":141},{"class":"org.junit.platform.engine.support.hierarchical.Node","method":"around","file":"Node.java","line":137},{"class":"org.junit.platform.engine.support.hierarchical.NodeTestTask","method":"lambda$executeRecursively$9","file":"NodeTestTask.java","line":139},{"class":"org.junit.platform.engine.support.hierarchical.ThrowableCollector","method":"execute","file":"ThrowableCollector.java","line":73},{"class":"org.junit.platform.engine.support.hierarchical.NodeTestTask","method":"executeRecursively","file":"NodeTestTask.java","line":138},{"class":"org.junit.platform.engine.support.hierarchical.NodeTestTask","method":"execute","file":"NodeTestTask.java","line":95},{"class":"java.util.ArrayList","method":"forEach","file":"ArrayList.java","line":1541},{"class":"org.junit.platform.engine.support.hierarchical.SameThreadHierarchicalTestExecutorService","method":"invokeAll","file":"SameThreadHierarchicalTestExecutorService.java","line":41},{"class":"org.junit.platform.engine.support.hierarchical.NodeTestTask","method":"lambda$executeRecursively$6","file":"NodeTestTask.java","line":155},{"class":"org.junit.platform.engine.support.hierarchical.ThrowableCollector","method":"execute","file":"ThrowableCollector.java","line":73},{"class":"org.junit.platform.engine.support.hierarchical.NodeTestTask","method":"lambda$executeRecursively$8","file":"NodeTestTask.java","line":141},{"class":"org.junit.platform.engine.support.hierarchical.Node","method":"around","file":"Node.java","line":137},{"class":"org.junit.platform.engine.support.hierarchical.NodeTestTask","method":"lambda$executeRecursively$9","file":"NodeTestTask.java","line":139},{"class":"org.junit.platform.engine.support.hierarchical.ThrowableCollector","method":"execute","file":"ThrowableCollector.java","line":73},{"class":"org.junit.platform.engine.support.hierarchical.NodeTestTask","method":"executeRecursively","file":"NodeTestTask.java","line":138},{"class":"org.junit.platform.engine.support.hierarchical.NodeTestTask","method":"execute","file":"NodeTestTask.java","line":95},{"class":"java.util.ArrayList","method":"forEach","file":"ArrayList.java","line":1541},{"class":"org.junit.platform.engine.support.hierarchical.SameThreadHierarchicalTestExecutorService","method":"invokeAll","file":"SameThreadHierarchicalTestExecutorService.java","line":41},{"class":"org.junit.platform.engine.support.hierarchical.NodeTestTask","method":"lambda$executeRecursively$6","file":"NodeTestTask.java","line":155},{"class":"org.junit.platform.engine.support.hierarchical.ThrowableCollector","method":"execute","file":"ThrowableCollector.java","line":73},{"class":"org.junit.platform.engine.support.hierarchical.NodeTestTask","method":"lambda$executeRecursively$8","file":"NodeTestTask.java","line":141},{"class":"org.junit.platform.engine.support.hierarchical.Node","method":"around","file":"Node.java","line":137},{"class":"org.junit.platform.engine.support.hierarchical.NodeTestTask","method":"lambda$executeRecursively$9","file":"NodeTestTask.java","line":139},{"class":"org.junit.platform.engine.support.hierarchical.ThrowableCollector","method":"execute","file":"ThrowableCollector.java","line":73},{"class":"org.junit.platform.engine.support.hierarchical.NodeTestTask","method":"executeRecursively","file":"NodeTestTask.java","line":138},{"class":"org.junit.platform.engine.support.hierarchical.NodeTestTask","method":"execute","file":"NodeTestTask.java","line":95},{"class":"org.junit.platform.engine.support.hierarchical.SameThreadHierarchicalTestExecutorService","method":"submit","file":"SameThreadHierarchicalTestExecutorService.java","line":35},{"class":"org.junit.platform.engine.support.hierarchical.HierarchicalTestExecutor","method":"execute","file":"HierarchicalTestExecutor.java","line":57},{"class":"org.junit.platform.engine.support.hierarchical.HierarchicalTestEngine","method":"execute","file":"HierarchicalTestEngine.java","line":54},{"class":"org.junit.platform.launcher.core.EngineExecutionOrchestrator","method":"execute","file":"EngineExecutionOrchestrator.java","line":108},{"class":"org.junit.platform.launcher.core.EngineExecutionOrchestrator","method":"execute","file":"EngineExecutionOrchestrator.java","line":88},{"class":"org.junit.platform.launcher.core.EngineExecutionOrchestrator","method":"lambda$execute$0","file":"EngineExecutionOrchestrator.java","line":54},{"class":"org.junit.platform.launcher.core.EngineExecutionOrchestrator","method":"withInterceptedStreams","file":"EngineExecutionOrchestrator.java","line":67},{"class":"org.junit.platform.launcher.core.EngineExecutionOrchestrator","method":"execute","file":"EngineExecutionOrchestrator.java","line":52},{"class":"org.junit.platform.launcher.core.DefaultLauncher","method":"execute","file":"DefaultLauncher.java","line":96},{"class":"org.junit.platform.launcher.core.DefaultLauncher","method":"execute","file":"DefaultLauncher.java","line":75},{"class":"org.gradle.api.internal.tasks.testing.junitplatform.JUnitPlatformTestClassProcessor$CollectAllTestClassesExecutor","method":"processAllTestClasses","file":"JUnitPlatformTestClassProcessor.java","line":99},{"class":"org.gradle.api.internal.tasks.testing.junitplatform.JUnitPlatformTestClassProcessor$CollectAllTestClassesExecutor","method":"access$000","file":"JUnitPlatformTestClassProcessor.java","line":79},{"class":"org.gradle.api.internal.tasks.testing.junitplatform.JUnitPlatformTestClassProcessor","method":"stop","file":"JUnitPlatformTestClassProcessor.java","line":75},{"class":"org.gradle.api.internal.tasks.testing.SuiteTestClassProcessor","method":"stop","file":"SuiteTestClassProcessor.java","line":61},{"class":"jdk.internal.reflect.NativeMethodAccessorImpl","method":"invoke0","file":"NativeMethodAccessorImpl.java","line":-2},{"class":"jdk.internal.reflect.NativeMethodAccessorImpl","method":"invoke","file":"NativeMethodAccessorImpl.java","line":62},{"class":"jdk.internal.reflect.DelegatingMethodAccessorImpl","method":"invoke","file":"DelegatingMethodAccessorImpl.java","line":43},{"class":"java.lang.reflect.Method","method":"invoke","file":"Method.java","line":566},{"class":"org.gradle.internal.dispatch.ReflectionDispatch","method":"dispatch","file":"ReflectionDispatch.java","line":36},{"class":"org.gradle.internal.dispatch.ReflectionDispatch","method":"dispatch","file":"ReflectionDispatch.java","line":24},{"class":"org.gradle.internal.dispatch.ContextClassLoaderDispatch","method":"dispatch","file":"ContextClassLoaderDispatch.java","line":33},{"class":"org.gradle.internal.dispatch.ProxyDispatchAdapter$DispatchingInvocationHandler","method":"invoke","file":"ProxyDispatchAdapter.java","line":94},{"class":"com.sun.proxy.$Proxy5","method":"stop","file":null,"line":-1},{"class":"org.gradle.api.internal.tasks.testing.worker.TestWorker$3","method":"run","file":"TestWorker.java","line":193},{"class":"org.gradle.api.internal.tasks.testing.worker.TestWorker","method":"executeAndMaintainThreadName","file":"TestWorker.java","line":129},{"class":"org.gradle.api.internal.tasks.testing.worker.TestWorker","method":"execute","file":"TestWorker.java","line":100},{"class":"org.gradle.api.internal.tasks.testing.worker.TestWorker","method":"execute","file":"TestWorker.java","line":60},{"class":"org.gradle.process.internal.worker.child.ActionExecutionWorker","method":"execute","file":"ActionExecutionWorker.java","line":56},{"class":"org.gradle.process.internal.worker.child.SystemApplicationClassLoaderWorker","method":"call","file":"SystemApplicationClassLoaderWorker.java","line":133},{"class":"org.gradle.process.internal.worker.child.SystemApplicationClassLoaderWorker","method":"call","file":"SystemApplicationClassLoaderWorker.java","line":71},{"class":"worker.org.gradle.process.internal.worker.GradleWorkerMain","method":"run","file":"GradleWorkerMain.java","line":69},{"class":"worker.org.gradle.process.internal.worker.GradleWorkerMain","method":"main","file":"GradleWorkerMain.java","line":74}]},"endOfBatch":false,"loggerFqcn":"org.apache.logging.slf4j.Log4jLogger","threadId":1,"threadPriority":5}
{"timestamp":"2022-12-01T12:17:33.072+0000GMT","instant":{"epochSecond":1669897053,"nanoOfSecond":72014000},"thread":"Test worker","level":"ERROR","loggerName":"software.amazon.cloudwatchlogs.emf.sinks.TCPClient","message":"Failed to connect to the socket due to the exception: ","thrown":{"message":"Socket closed","name":"java.net.SocketException","extendedStackTrace":[{"class":"java.net.PlainSocketImpl","method":"socketConnect","file":"PlainSocketImpl.java","line":-2},{"class":"java.net.AbstractPlainSocketImpl","method":"doConnect","file":"AbstractPlainSocketImpl.java","line":399},{"class":"java.net.AbstractPlainSocketImpl","method":"connectToAddress","file":"AbstractPlainSocketImpl.java","line":242},{"class":"java.net.AbstractPlainSocketImpl","method":"connect","file":"AbstractPlainSocketImpl.java","line":224},{"class":"java.net.SocksSocketImpl","method":"connect","file":"SocksSocketImpl.java","line":392},{"class":"java.net.Socket","method":"connect","file":"Socket.java","line":609},{"class":"java.net.Socket","method":"connect","file":"Socket.java","line":558},{"class":"software.amazon.cloudwatchlogs.emf.sinks.TCPClient","method":"connect","file":"TCPClient.java","line":40},{"class":"software.amazon.cloudwatchlogs.emf.sinks.TCPClient","method":"sendMessage","file":"TCPClient.java","line":63},{"class":"software.amazon.cloudwatchlogs.emf.sinks.AgentSink","method":"accept","file":"AgentSink.java","line":52},{"class":"software.amazon.cloudwatchlogs.emf.logger.MetricsLogger","method":"flush","file":"MetricsLogger.java","line":66},{"class":"software.amazon.lambda.powertools.metrics.internal.LambdaMetricsAspect","method":"coldStartSingleMetricIfApplicable","file":"LambdaMetricsAspect.java","line":91},{"class":"software.amazon.lambda.powertools.metrics.internal.LambdaMetricsAspect","method":"ajc$inlineAccessMethod$software_amazon_lambda_powertools_metrics_internal_LambdaMetricsAspect$software_amazon_lambda_powertools_metrics_internal_LambdaMetricsAspect$coldStartSingleMetricIfApplicable","file":"LambdaMetricsAspect.java","line":1},{"class":"software.amazon.lambda.powertools.metrics.internal.LambdaMetricsAspect","method":"around","file":"LambdaMetricsAspect.java","line":60},{"class":"uk.gov.di.ipv.cri.passport.accesstoken.AccessTokenHandler","method":"handleRequest","file":"AccessTokenHandler.java","line":84},{"class":"uk.gov.di.ipv.cri.passport.accesstoken.AccessTokenHandlerTest","method":"shouldReturn400WhenInvalidRedirectUriParamIsProvided","file":"AccessTokenHandlerTest.java","line":269},{"class":"jdk.internal.reflect.NativeMethodAccessorImpl","method":"invoke0","file":"NativeMethodAccessorImpl.java","line":-2},{"class":"jdk.internal.reflect.NativeMethodAccessorImpl","method":"invoke","file":"NativeMethodAccessorImpl.java","line":62},{"class":"jdk.internal.reflect.DelegatingMethodAccessorImpl","method":"invoke","file":"DelegatingMethodAccessorImpl.java","line":43},{"class":"java.lang.reflect.Method","method":"invoke","file":"Method.java","line":566},{"class":"org.junit.platform.commons.util.ReflectionUtils","method":"invokeMethod","file":"ReflectionUtils.java","line":725},{"class":"org.junit.jupiter.engine.execution.MethodInvocation","method":"proceed","file":"MethodInvocation.java","line":60},{"class":"org.junit.jupiter.engine.execution.InvocationInterceptorChain$ValidatingInvocation","method":"proceed","file":"InvocationInterceptorChain.java","line":131},{"class":"org.junit.jupiter.engine.extension.TimeoutExtension","method":"intercept","file":"TimeoutExtension.java","line":149},{"class":"org.junit.jupiter.engine.extension.TimeoutExtension","method":"interceptTestableMethod","file":"TimeoutExtension.java","line":140},{"class":"org.junit.jupiter.engine.extension.TimeoutExtension","method":"interceptTestMethod","file":"TimeoutExtension.java","line":84},{"class":"org.junit.jupiter.engine.execution.ExecutableInvoker$ReflectiveInterceptorCall","method":"lambda$ofVoidMethod$0","file":"ExecutableInvoker.java","line":115},{"class":"org.junit.jupiter.engine.execution.ExecutableInvoker","method":"lambda$invoke$0","file":"ExecutableInvoker.java","line":105},{"class":"org.junit.jupiter.engine.execution.InvocationInterceptorChain$InterceptedInvocation","method":"proceed","file":"InvocationInterceptorChain.java","line":106},{"class":"org.junit.jupiter.engine.execution.InvocationInterceptorChain","method":"proceed","file":"InvocationInterceptorChain.java","line":64},{"class":"org.junit.jupiter.engine.execution.InvocationInterceptorChain","method":"chainAndInvoke","file":"InvocationInterceptorChain.java","line":45},{"class":"org.junit.jupiter.engine.execution.InvocationInterceptorChain","method":"invoke","file":"InvocationInterceptorChain.java","line":37},{"class":"org.junit.jupiter.engine.execution.ExecutableInvoker","method":"invoke","file":"ExecutableInvoker.java","line":104},{"class":"org.junit.jupiter.engine.execution.ExecutableInvoker","method":"invoke","file":"ExecutableInvoker.java","line":98},{"class":"org.junit.jupiter.engine.descriptor.TestMethodTestDescriptor","method":"lambda$invokeTestMethod$7","file":"TestMethodTestDescriptor.java","line":214},{"class":"org.junit.platform.engine.support.hierarchical.ThrowableCollector","method":"execute","file":"ThrowableCollector.java","line":73},{"class":"org.junit.jupiter.engine.descriptor.TestMethodTestDescriptor","method":"invokeTestMethod","file":"TestMethodTestDescriptor.java","line":210},{"class":"org.junit.jupiter.engine.descriptor.TestMethodTestDescriptor","method":"execute","file":"TestMethodTestDescriptor.java","line":135},{"class":"org.junit.jupiter.engine.descriptor.TestMethodTestDescriptor","method":"execute","file":"TestMethodTestDescriptor.java","line":66},{"class":"org.junit.platform.engine.support.hierarchical.NodeTestTask","method":"lambda$executeRecursively$6","file":"NodeTestTask.java","line":151},{"class":"org.junit.platform.engine.support.hierarchical.ThrowableCollector","method":"execute","file":"ThrowableCollector.java","line":73},{"class":"org.junit.platform.engine.support.hierarchical.NodeTestTask","method":"lambda$executeRecursively$8","file":"NodeTestTask.java","line":141},{"class":"org.junit.platform.engine.support.hierarchical.Node","method":"around","file":"Node.java","line":137},{"class":"org.junit.platform.engine.support.hierarchical.NodeTestTask","method":"lambda$executeRecursively$9","file":"NodeTestTask.java","line":139},{"class":"org.junit.platform.engine.support.hierarchical.ThrowableCollector","method":"execute","file":"ThrowableCollector.java","line":73},{"class":"org.junit.platform.engine.support.hierarchical.NodeTestTask","method":"executeRecursively","file":"NodeTestTask.java","line":138},{"class":"org.junit.platform.engine.support.hierarchical.NodeTestTask","method":"execute","file":"NodeTestTask.java","line":95},{"class":"java.util.ArrayList","method":"forEach","file":"ArrayList.java","line":1541},{"class":"org.junit.platform.engine.support.hierarchical.SameThreadHierarchicalTestExecutorService","method":"invokeAll","file":"SameThreadHierarchicalTestExecutorService.java","line":41},{"class":"org.junit.platform.engine.support.hierarchical.NodeTestTask","method":"lambda$executeRecursively$6","file":"NodeTestTask.java","line":155},{"class":"org.junit.platform.engine.support.hierarchical.ThrowableCollector","method":"execute","file":"ThrowableCollector.java","line":73},{"class":"org.junit.platform.engine.support.hierarchical.NodeTestTask","method":"lambda$executeRecursively$8","file":"NodeTestTask.java","line":141},{"class":"org.junit.platform.engine.support.hierarchical.Node","method":"around","file":"Node.java","line":137},{"class":"org.junit.platform.engine.support.hierarchical.NodeTestTask","method":"lambda$executeRecursively$9","file":"NodeTestTask.java","line":139},{"class":"org.junit.platform.engine.support.hierarchical.ThrowableCollector","method":"execute","file":"ThrowableCollector.java","line":73},{"class":"org.junit.platform.engine.support.hierarchical.NodeTestTask","method":"executeRecursively","file":"NodeTestTask.java","line":138},{"class":"org.junit.platform.engine.support.hierarchical.NodeTestTask","method":"execute","file":"NodeTestTask.java","line":95},{"class":"java.util.ArrayList","method":"forEach","file":"ArrayList.java","line":1541},{"class":"org.junit.platform.engine.support.hierarchical.SameThreadHierarchicalTestExecutorService","method":"invokeAll","file":"SameThreadHierarchicalTestExecutorService.java","line":41},{"class":"org.junit.platform.engine.support.hierarchical.NodeTestTask","method":"lambda$executeRecursively$6","file":"NodeTestTask.java","line":155},{"class":"org.junit.platform.engine.support.hierarchical.ThrowableCollector","method":"execute","file":"ThrowableCollector.java","line":73},{"class":"org.junit.platform.engine.support.hierarchical.NodeTestTask","method":"lambda$executeRecursively$8","file":"NodeTestTask.java","line":141},{"class":"org.junit.platform.engine.support.hierarchical.Node","method":"around","file":"Node.java","line":137},{"class":"org.junit.platform.engine.support.hierarchical.NodeTestTask","method":"lambda$executeRecursively$9","file":"NodeTestTask.java","line":139},{"class":"org.junit.platform.engine.support.hierarchical.ThrowableCollector","method":"execute","file":"ThrowableCollector.java","line":73},{"class":"org.junit.platform.engine.support.hierarchical.NodeTestTask","method":"executeRecursively","file":"NodeTestTask.java","line":138},{"class":"org.junit.platform.engine.support.hierarchical.NodeTestTask","method":"execute","file":"NodeTestTask.java","line":95},{"class":"org.junit.platform.engine.support.hierarchical.SameThreadHierarchicalTestExecutorService","method":"submit","file":"SameThreadHierarchicalTestExecutorService.java","line":35},{"class":"org.junit.platform.engine.support.hierarchical.HierarchicalTestExecutor","method":"execute","file":"HierarchicalTestExecutor.java","line":57},{"class":"org.junit.platform.engine.support.hierarchical.HierarchicalTestEngine","method":"execute","file":"HierarchicalTestEngine.java","line":54},{"class":"org.junit.platform.launcher.core.EngineExecutionOrchestrator","method":"execute","file":"EngineExecutionOrchestrator.java","line":108},{"class":"org.junit.platform.launcher.core.EngineExecutionOrchestrator","method":"execute","file":"EngineExecutionOrchestrator.java","line":88},{"class":"org.junit.platform.launcher.core.EngineExecutionOrchestrator","method":"lambda$execute$0","file":"EngineExecutionOrchestrator.java","line":54},{"class":"org.junit.platform.launcher.core.EngineExecutionOrchestrator","method":"withInterceptedStreams","file":"EngineExecutionOrchestrator.java","line":67},{"class":"org.junit.platform.launcher.core.EngineExecutionOrchestrator","method":"execute","file":"EngineExecutionOrchestrator.java","line":52},{"class":"org.junit.platform.launcher.core.DefaultLauncher","method":"execute","file":"DefaultLauncher.java","line":96},{"class":"org.junit.platform.launcher.core.DefaultLauncher","method":"execute","file":"DefaultLauncher.java","line":75},{"class":"org.gradle.api.internal.tasks.testing.junitplatform.JUnitPlatformTestClassProcessor$CollectAllTestClassesExecutor","method":"processAllTestClasses","file":"JUnitPlatformTestClassProcessor.java","line":99},{"class":"org.gradle.api.internal.tasks.testing.junitplatform.JUnitPlatformTestClassProcessor$CollectAllTestClassesExecutor","method":"access$000","file":"JUnitPlatformTestClassProcessor.java","line":79},{"class":"org.gradle.api.internal.tasks.testing.junitplatform.JUnitPlatformTestClassProcessor","method":"stop","file":"JUnitPlatformTestClassProcessor.java","line":75},{"class":"org.gradle.api.internal.tasks.testing.SuiteTestClassProcessor","method":"stop","file":"SuiteTestClassProcessor.java","line":61},{"class":"jdk.internal.reflect.NativeMethodAccessorImpl","method":"invoke0","file":"NativeMethodAccessorImpl.java","line":-2},{"class":"jdk.internal.reflect.NativeMethodAccessorImpl","method":"invoke","file":"NativeMethodAccessorImpl.java","line":62},{"class":"jdk.internal.reflect.DelegatingMethodAccessorImpl","method":"invoke","file":"DelegatingMethodAccessorImpl.java","line":43},{"class":"java.lang.reflect.Method","method":"invoke","file":"Method.java","line":566},{"class":"org.gradle.internal.dispatch.ReflectionDispatch","method":"dispatch","file":"ReflectionDispatch.java","line":36},{"class":"org.gradle.internal.dispatch.ReflectionDispatch","method":"dispatch","file":"ReflectionDispatch.java","line":24},{"class":"org.gradle.internal.dispatch.ContextClassLoaderDispatch","method":"dispatch","file":"ContextClassLoaderDispatch.java","line":33},{"class":"org.gradle.internal.dispatch.ProxyDispatchAdapter$DispatchingInvocationHandler","method":"invoke","file":"ProxyDispatchAdapter.java","line":94},{"class":"com.sun.proxy.$Proxy5","method":"stop","file":null,"line":-1},{"class":"org.gradle.api.internal.tasks.testing.worker.TestWorker$3","method":"run","file":"TestWorker.java","line":193},{"class":"org.gradle.api.internal.tasks.testing.worker.TestWorker","method":"executeAndMaintainThreadName","file":"TestWorker.java","line":129},{"class":"org.gradle.api.internal.tasks.testing.worker.TestWorker","method":"execute","file":"TestWorker.java","line":100},{"class":"org.gradle.api.internal.tasks.testing.worker.TestWorker","method":"execute","file":"TestWorker.java","line":60},{"class":"org.gradle.process.internal.worker.child.ActionExecutionWorker","method":"execute","file":"ActionExecutionWorker.java","line":56},{"class":"org.gradle.process.internal.worker.child.SystemApplicationClassLoaderWorker","method":"call","file":"SystemApplicationClassLoaderWorker.java","line":133},{"class":"org.gradle.process.internal.worker.child.SystemApplicationClassLoaderWorker","method":"call","file":"SystemApplicationClassLoaderWorker.java","line":71},{"class":"worker.org.gradle.process.internal.worker.GradleWorkerMain","method":"run","file":"GradleWorkerMain.java","line":69},{"class":"worker.org.gradle.process.internal.worker.GradleWorkerMain","method":"main","file":"GradleWorkerMain.java","line":74}]},"endOfBatch":false,"loggerFqcn":"org.apache.logging.slf4j.Log4jLogger","threadId":1,"threadPriority":5}
{"timestamp":"2022-12-01T12:17:33.131+0000GMT","instant":{"epochSecond":1669897053,"nanoOfSecond":131862000},"thread":"Test worker","level":"INFO","loggerName":"uk.gov.di.ipv.cri.passport.library.helpers.LogHelper","message":"COMPONENT_ID_LOG_FIELD attached to logs","endOfBatch":false,"loggerFqcn":"org.apache.logging.log4j.spi.AbstractLogger","threadId":1,"threadPriority":5,"coldStart":"true","componentId":"passport-cri","functionArn":null,"functionMemorySize":"0","functionName":null,"functionVersion":null,"function_request_id":"null","samplingRate":"0.0","service":"service_undefined"}
{"timestamp":"2022-12-01T12:17:33.159+0000GMT","instant":{"epochSecond":1669897053,"nanoOfSecond":159048000},"thread":"Test worker","level":"INFO","loggerName":"uk.gov.di.ipv.cri.passport.library.helpers.LogHelper","message":"PASSPORT_SESSION_ID_LOG_FIELD attached to logs","endOfBatch":false,"loggerFqcn":"org.apache.logging.log4j.spi.AbstractLogger","threadId":1,"threadPriority":5,"coldStart":"true","componentId":"passport-cri","functionArn":null,"functionMemorySize":"0","functionName":null,"functionVersion":null,"function_request_id":"null","passportSessionId":"f75b5d7c-83fe-4730-89f0-3affe50900de","samplingRate":"0.0","service":"service_undefined"}
{"timestamp":"2022-12-01T12:17:33.165+0000GMT","instant":{"epochSecond":1669897053,"nanoOfSecond":165156000},"thread":"Test worker","level":"INFO","loggerName":"uk.gov.di.ipv.cri.passport.library.helpers.LogHelper","message":"GOVUK_SIGNIN_JOURNEY_ID attached to logs","endOfBatch":false,"loggerFqcn":"org.apache.logging.log4j.spi.AbstractLogger","threadId":1,"threadPriority":5,"coldStart":"true","componentId":"passport-cri","functionArn":null,"functionMemorySize":"0","functionName":null,"functionVersion":null,"function_request_id":"null","govuk_signin_journey_id":"unknown","passportSessionId":"f75b5d7c-83fe-4730-89f0-3affe50900de","samplingRate":"0.0","service":"service_undefined"}
{"timestamp":"2022-12-01T12:17:33.167+0000GMT","instant":{"epochSecond":1669897053,"nanoOfSecond":167776000},"thread":"Test worker","level":"ERROR","loggerName":"uk.gov.di.ipv.cri.passport.accesstoken.AccessTokenHandler","message":"Redirect URL in token request does not match that received in auth code request. Resource ID: bae47874-fa12-4383-8a3c-03396423a645","endOfBatch":false,"loggerFqcn":"org.apache.logging.log4j.spi.AbstractLogger","threadId":1,"threadPriority":5,"coldStart":"true","componentId":"passport-cri","functionArn":null,"functionMemorySize":"0","functionName":null,"functionVersion":null,"function_request_id":"null","govuk_signin_journey_id":"unknown","passportSessionId":"f75b5d7c-83fe-4730-89f0-3affe50900de","samplingRate":"0.0","service":"service_undefined"}
{"timestamp":"2022-12-01T12:17:33.270+0000GMT","instant":{"epochSecond":1669897053,"nanoOfSecond":270305000},"thread":"Test worker","level":"INFO","loggerName":"software.amazon.cloudwatchlogs.emf.environment.AgentBasedEnvironment","message":"Endpoint is not defined. Using default: tcp://127.0.0.1:25888","endOfBatch":false,"loggerFqcn":"org.apache.logging.slf4j.Log4jLogger","threadId":1,"threadPriority":5}
{"timestamp":"2022-12-01T12:17:33.270+0000GMT","instant":{"epochSecond":1669897053,"nanoOfSecond":270813000},"thread":"Test worker","level":"WARN","loggerName":"software.amazon.cloudwatchlogs.emf.environment.AgentBasedEnvironment","message":"Unknown ServiceName.","endOfBatch":false,"loggerFqcn":"org.apache.logging.slf4j.Log4jLogger","threadId":1,"threadPriority":5}
{"timestamp":"2022-12-01T12:17:33.271+0000GMT","instant":{"epochSecond":1669897053,"nanoOfSecond":271361000},"thread":"Test worker","level":"WARN","loggerName":"software.amazon.cloudwatchlogs.emf.environment.AgentBasedEnvironment","message":"Unknown ServiceName.","endOfBatch":false,"loggerFqcn":"org.apache.logging.slf4j.Log4jLogger","threadId":1,"threadPriority":5}
{"timestamp":"2022-12-01T12:17:33.271+0000GMT","instant":{"epochSecond":1669897053,"nanoOfSecond":271556000},"thread":"Test worker","level":"WARN","loggerName":"software.amazon.cloudwatchlogs.emf.environment.AgentBasedEnvironment","message":"Unknown ServiceName.","endOfBatch":false,"loggerFqcn":"org.apache.logging.slf4j.Log4jLogger","threadId":1,"threadPriority":5}
{"timestamp":"2022-12-01T12:17:33.271+0000GMT","instant":{"epochSecond":1669897053,"nanoOfSecond":271699000},"thread":"Test worker","level":"INFO","loggerName":"software.amazon.cloudwatchlogs.emf.environment.DefaultEnvironment","message":"Unknown ServiceType","endOfBatch":false,"loggerFqcn":"org.apache.logging.slf4j.Log4jLogger","threadId":1,"threadPriority":5}
{"timestamp":"2022-12-01T12:17:33.272+0000GMT","instant":{"epochSecond":1669897053,"nanoOfSecond":272592000},"thread":"Test worker","level":"ERROR","loggerName":"software.amazon.cloudwatchlogs.emf.sinks.TCPClient","message":"Failed to connect to the socket due to the exception: ","thrown":{"message":"Connection refused (Connection refused)","name":"java.net.ConnectException","extendedStackTrace":[{"class":"java.net.PlainSocketImpl","method":"socketConnect","file":"PlainSocketImpl.java","line":-2},{"class":"java.net.AbstractPlainSocketImpl","method":"doConnect","file":"AbstractPlainSocketImpl.java","line":399},{"class":"java.net.AbstractPlainSocketImpl","method":"connectToAddress","file":"AbstractPlainSocketImpl.java","line":242},{"class":"java.net.AbstractPlainSocketImpl","method":"connect","file":"AbstractPlainSocketImpl.java","line":224},{"class":"java.net.SocksSocketImpl","method":"connect","file":"SocksSocketImpl.java","line":392},{"class":"java.net.Socket","method":"connect","file":"Socket.java","line":609},{"class":"java.net.Socket","method":"connect","file":"Socket.java","line":558},{"class":"software.amazon.cloudwatchlogs.emf.sinks.TCPClient","method":"connect","file":"TCPClient.java","line":40},{"class":"software.amazon.cloudwatchlogs.emf.sinks.TCPClient","method":"sendMessage","file":"TCPClient.java","line":55},{"class":"software.amazon.cloudwatchlogs.emf.sinks.AgentSink","method":"accept","file":"AgentSink.java","line":52},{"class":"software.amazon.cloudwatchlogs.emf.logger.MetricsLogger","method":"flush","file":"MetricsLogger.java","line":66},{"class":"software.amazon.lambda.powertools.metrics.internal.LambdaMetricsAspect","method":"around","file":"LambdaMetricsAspect.java","line":73},{"class":"uk.gov.di.ipv.cri.passport.accesstoken.AccessTokenHandler","method":"handleRequest","file":"AccessTokenHandler.java","line":84},{"class":"uk.gov.di.ipv.cri.passport.accesstoken.AccessTokenHandlerTest","method":"shouldReturn400WhenInvalidRedirectUriParamIsProvided","file":"AccessTokenHandlerTest.java","line":269},{"class":"jdk.internal.reflect.NativeMethodAccessorImpl","method":"invoke0","file":"NativeMethodAccessorImpl.java","line":-2},{"class":"jdk.internal.reflect.NativeMethodAccessorImpl","method":"invoke","file":"NativeMethodAccessorImpl.java","line":62},{"class":"jdk.internal.reflect.DelegatingMethodAccessorImpl","method":"invoke","file":"DelegatingMethodAccessorImpl.java","line":43},{"class":"java.lang.reflect.Method","method":"invoke","file":"Method.java","line":566},{"class":"org.junit.platform.commons.util.ReflectionUtils","method":"invokeMethod","file":"ReflectionUtils.java","line":725},{"class":"org.junit.jupiter.engine.execution.MethodInvocation","method":"proceed","file":"MethodInvocation.java","line":60},{"class":"org.junit.jupiter.engine.execution.InvocationInterceptorChain$ValidatingInvocation","method":"proceed","file":"InvocationInterceptorChain.java","line":131},{"class":"org.junit.jupiter.engine.extension.TimeoutExtension","method":"intercept","file":"TimeoutExtension.java","line":149},{"class":"org.junit.jupiter.engine.extension.TimeoutExtension","method":"interceptTestableMethod","file":"TimeoutExtension.java","line":140},{"class":"org.junit.jupiter.engine.extension.TimeoutExtension","method":"interceptTestMethod","file":"TimeoutExtension.java","line":84},{"class":"org.junit.jupiter.engine.execution.ExecutableInvoker$ReflectiveInterceptorCall","method":"lambda$ofVoidMethod$0","file":"ExecutableInvoker.java","line":115},{"class":"org.junit.jupiter.engine.execution.ExecutableInvoker","method":"lambda$invoke$0","file":"ExecutableInvoker.java","line":105},{"class":"org.junit.jupiter.engine.execution.InvocationInterceptorChain$InterceptedInvocation","method":"proceed","file":"InvocationInterceptorChain.java","line":106},{"class":"org.junit.jupiter.engine.execution.InvocationInterceptorChain","method":"proceed","file":"InvocationInterceptorChain.java","line":64},{"class":"org.junit.jupiter.engine.execution.InvocationInterceptorChain","method":"chainAndInvoke","file":"InvocationInterceptorChain.java","line":45},{"class":"org.junit.jupiter.engine.execution.InvocationInterceptorChain","method":"invoke","file":"InvocationInterceptorChain.java","line":37},{"class":"org.junit.jupiter.engine.execution.ExecutableInvoker","method":"invoke","file":"ExecutableInvoker.java","line":104},{"class":"org.junit.jupiter.engine.execution.ExecutableInvoker","method":"invoke","file":"ExecutableInvoker.java","line":98},{"class":"org.junit.jupiter.engine.descriptor.TestMethodTestDescriptor","method":"lambda$invokeTestMethod$7","file":"TestMethodTestDescriptor.java","line":214},{"class":"org.junit.platform.engine.support.hierarchical.ThrowableCollector","method":"execute","file":"ThrowableCollector.java","line":73},{"class":"org.junit.jupiter.engine.descriptor.TestMethodTestDescriptor","method":"invokeTestMethod","file":"TestMethodTestDescriptor.java","line":210},{"class":"org.junit.jupiter.engine.descriptor.TestMethodTestDescriptor","method":"execute","file":"TestMethodTestDescriptor.java","line":135},{"class":"org.junit.jupiter.engine.descriptor.TestMethodTestDescriptor","method":"execute","file":"TestMethodTestDescriptor.java","line":66},{"class":"org.junit.platform.engine.support.hierarchical.NodeTestTask","method":"lambda$executeRecursively$6","file":"NodeTestTask.java","line":151},{"class":"org.junit.platform.engine.support.hierarchical.ThrowableCollector","method":"execute","file":"ThrowableCollector.java","line":73},{"class":"org.junit.platform.engine.support.hierarchical.NodeTestTask","method":"lambda$executeRecursively$8","file":"NodeTestTask.java","line":141},{"class":"org.junit.platform.engine.support.hierarchical.Node","method":"around","file":"Node.java","line":137},{"class":"org.junit.platform.engine.support.hierarchical.NodeTestTask","method":"lambda$executeRecursively$9","file":"NodeTestTask.java","line":139},{"class":"org.junit.platform.engine.support.hierarchical.ThrowableCollector","method":"execute","file":"ThrowableCollector.java","line":73},{"class":"org.junit.platform.engine.support.hierarchical.NodeTestTask","method":"executeRecursively","file":"NodeTestTask.java","line":138},{"class":"org.junit.platform.engine.support.hierarchical.NodeTestTask","method":"execute","file":"NodeTestTask.java","line":95},{"class":"java.util.ArrayList","method":"forEach","file":"ArrayList.java","line":1541},{"class":"org.junit.platform.engine.support.hierarchical.SameThreadHierarchicalTestExecutorService","method":"invokeAll","file":"SameThreadHierarchicalTestExecutorService.java","line":41},{"class":"org.junit.platform.engine.support.hierarchical.NodeTestTask","method":"lambda$executeRecursively$6","file":"NodeTestTask.java","line":155},{"class":"org.junit.platform.engine.support.hierarchical.ThrowableCollector","method":"execute","file":"ThrowableCollector.java","line":73},{"class":"org.junit.platform.engine.support.hierarchical.NodeTestTask","method":"lambda$executeRecursively$8","file":"NodeTestTask.java","line":141},{"class":"org.junit.platform.engine.support.hierarchical.Node","method":"around","file":"Node.java","line":137},{"class":"org.junit.platform.engine.support.hierarchical.NodeTestTask","method":"lambda$executeRecursively$9","file":"NodeTestTask.java","line":139},{"class":"org.junit.platform.engine.support.hierarchical.ThrowableCollector","method":"execute","file":"ThrowableCollector.java","line":73},{"class":"org.junit.platform.engine.support.hierarchical.NodeTestTask","method":"executeRecursively","file":"NodeTestTask.java","line":138},{"class":"org.junit.platform.engine.support.hierarchical.NodeTestTask","method":"execute","file":"NodeTestTask.java","line":95},{"class":"java.util.ArrayList","method":"forEach","file":"ArrayList.java","line":1541},{"class":"org.junit.platform.engine.support.hierarchical.SameThreadHierarchicalTestExecutorService","method":"invokeAll","file":"SameThreadHierarchicalTestExecutorService.java","line":41},{"class":"org.junit.platform.engine.support.hierarchical.NodeTestTask","method":"lambda$executeRecursively$6","file":"NodeTestTask.java","line":155},{"class":"org.junit.platform.engine.support.hierarchical.ThrowableCollector","method":"execute","file":"ThrowableCollector.java","line":73},{"class":"org.junit.platform.engine.support.hierarchical.NodeTestTask","method":"lambda$executeRecursively$8","file":"NodeTestTask.java","line":141},{"class":"org.junit.platform.engine.support.hierarchical.Node","method":"around","file":"Node.java","line":137},{"class":"org.junit.platform.engine.support.hierarchical.NodeTestTask","method":"lambda$executeRecursively$9","file":"NodeTestTask.java","line":139},{"class":"org.junit.platform.engine.support.hierarchical.ThrowableCollector","method":"execute","file":"ThrowableCollector.java","line":73},{"class":"org.junit.platform.engine.support.hierarchical.NodeTestTask","method":"executeRecursively","file":"NodeTestTask.java","line":138},{"class":"org.junit.platform.engine.support.hierarchical.NodeTestTask","method":"execute","file":"NodeTestTask.java","line":95},{"class":"org.junit.platform.engine.support.hierarchical.SameThreadHierarchicalTestExecutorService","method":"submit","file":"SameThreadHierarchicalTestExecutorService.java","line":35},{"class":"org.junit.platform.engine.support.hierarchical.HierarchicalTestExecutor","method":"execute","file":"HierarchicalTestExecutor.java","line":57},{"class":"org.junit.platform.engine.support.hierarchical.HierarchicalTestEngine","method":"execute","file":"HierarchicalTestEngine.java","line":54},{"class":"org.junit.platform.launcher.core.EngineExecutionOrchestrator","method":"execute","file":"EngineExecutionOrchestrator.java","line":108},{"class":"org.junit.platform.launcher.core.EngineExecutionOrchestrator","method":"execute","file":"EngineExecutionOrchestrator.java","line":88},{"class":"org.junit.platform.launcher.core.EngineExecutionOrchestrator","method":"lambda$execute$0","file":"EngineExecutionOrchestrator.java","line":54},{"class":"org.junit.platform.launcher.core.EngineExecutionOrchestrator","method":"withInterceptedStreams","file":"EngineExecutionOrchestrator.java","line":67},{"class":"org.junit.platform.launcher.core.EngineExecutionOrchestrator","method":"execute","file":"EngineExecutionOrchestrator.java","line":52},{"class":"org.junit.platform.launcher.core.DefaultLauncher","method":"execute","file":"DefaultLauncher.java","line":96},{"class":"org.junit.platform.launcher.core.DefaultLauncher","method":"execute","file":"DefaultLauncher.java","line":75},{"class":"org.gradle.api.internal.tasks.testing.junitplatform.JUnitPlatformTestClassProcessor$CollectAllTestClassesExecutor","method":"processAllTestClasses","file":"JUnitPlatformTestClassProcessor.java","line":99},{"class":"org.gradle.api.internal.tasks.testing.junitplatform.JUnitPlatformTestClassProcessor$CollectAllTestClassesExecutor","method":"access$000","file":"JUnitPlatformTestClassProcessor.java","line":79},{"class":"org.gradle.api.internal.tasks.testing.junitplatform.JUnitPlatformTestClassProcessor","method":"stop","file":"JUnitPlatformTestClassProcessor.java","line":75},{"class":"org.gradle.api.internal.tasks.testing.SuiteTestClassProcessor","method":"stop","file":"SuiteTestClassProcessor.java","line":61},{"class":"jdk.internal.reflect.NativeMethodAccessorImpl","method":"invoke0","file":"NativeMethodAccessorImpl.java","line":-2},{"class":"jdk.internal.reflect.NativeMethodAccessorImpl","method":"invoke","file":"NativeMethodAccessorImpl.java","line":62},{"class":"jdk.internal.reflect.DelegatingMethodAccessorImpl","method":"invoke","file":"DelegatingMethodAccessorImpl.java","line":43},{"class":"java.lang.reflect.Method","method":"invoke","file":"Method.java","line":566},{"class":"org.gradle.internal.dispatch.ReflectionDispatch","method":"dispatch","file":"ReflectionDispatch.java","line":36},{"class":"org.gradle.internal.dispatch.ReflectionDispatch","method":"dispatch","file":"ReflectionDispatch.java","line":24},{"class":"org.gradle.internal.dispatch.ContextClassLoaderDispatch","method":"dispatch","file":"ContextClassLoaderDispatch.java","line":33},{"class":"org.gradle.internal.dispatch.ProxyDispatchAdapter$DispatchingInvocationHandler","method":"invoke","file":"ProxyDispatchAdapter.java","line":94},{"class":"com.sun.proxy.$Proxy5","method":"stop","file":null,"line":-1},{"class":"org.gradle.api.internal.tasks.testing.worker.TestWorker$3","method":"run","file":"TestWorker.java","line":193},{"class":"org.gradle.api.internal.tasks.testing.worker.TestWorker","method":"executeAndMaintainThreadName","file":"TestWorker.java","line":129},{"class":"org.gradle.api.internal.tasks.testing.worker.TestWorker","method":"execute","file":"TestWorker.java","line":100},{"class":"org.gradle.api.internal.tasks.testing.worker.TestWorker","method":"execute","file":"TestWorker.java","line":60},{"class":"org.gradle.process.internal.worker.child.ActionExecutionWorker","method":"execute","file":"ActionExecutionWorker.java","line":56},{"class":"org.gradle.process.internal.worker.child.SystemApplicationClassLoaderWorker","method":"call","file":"SystemApplicationClassLoaderWorker.java","line":133},{"class":"org.gradle.process.internal.worker.child.SystemApplicationClassLoaderWorker","method":"call","file":"SystemApplicationClassLoaderWorker.java","line":71},{"class":"worker.org.gradle.process.internal.worker.GradleWorkerMain","method":"run","file":"GradleWorkerMain.java","line":69},{"class":"worker.org.gradle.process.internal.worker.GradleWorkerMain","method":"main","file":"GradleWorkerMain.java","line":74}]},"endOfBatch":false,"loggerFqcn":"org.apache.logging.slf4j.Log4jLogger","threadId":1,"threadPriority":5}
{"timestamp":"2022-12-01T12:17:33.275+0000GMT","instant":{"epochSecond":1669897053,"nanoOfSecond":275510000},"thread":"Test worker","level":"ERROR","loggerName":"software.amazon.cloudwatchlogs.emf.sinks.TCPClient","message":"Failed to open output stream: ","thrown":{"message":"Socket is not connected","name":"java.net.SocketException","extendedStackTrace":[{"class":"java.net.Socket","method":"getOutputStream","file":"Socket.java","line":964},{"class":"software.amazon.cloudwatchlogs.emf.sinks.TCPClient","method":"sendMessage","file":"TCPClient.java","line":60},{"class":"software.amazon.cloudwatchlogs.emf.sinks.AgentSink","method":"accept","file":"AgentSink.java","line":52},{"class":"software.amazon.cloudwatchlogs.emf.logger.MetricsLogger","method":"flush","file":"MetricsLogger.java","line":66},{"class":"software.amazon.lambda.powertools.metrics.internal.LambdaMetricsAspect","method":"around","file":"LambdaMetricsAspect.java","line":73},{"class":"uk.gov.di.ipv.cri.passport.accesstoken.AccessTokenHandler","method":"handleRequest","file":"AccessTokenHandler.java","line":84},{"class":"uk.gov.di.ipv.cri.passport.accesstoken.AccessTokenHandlerTest","method":"shouldReturn400WhenInvalidRedirectUriParamIsProvided","file":"AccessTokenHandlerTest.java","line":269},{"class":"jdk.internal.reflect.NativeMethodAccessorImpl","method":"invoke0","file":"NativeMethodAccessorImpl.java","line":-2},{"class":"jdk.internal.reflect.NativeMethodAccessorImpl","method":"invoke","file":"NativeMethodAccessorImpl.java","line":62},{"class":"jdk.internal.reflect.DelegatingMethodAccessorImpl","method":"invoke","file":"DelegatingMethodAccessorImpl.java","line":43},{"class":"java.lang.reflect.Method","method":"invoke","file":"Method.java","line":566},{"class":"org.junit.platform.commons.util.ReflectionUtils","method":"invokeMethod","file":"ReflectionUtils.java","line":725},{"class":"org.junit.jupiter.engine.execution.MethodInvocation","method":"proceed","file":"MethodInvocation.java","line":60},{"class":"org.junit.jupiter.engine.execution.InvocationInterceptorChain$ValidatingInvocation","method":"proceed","file":"InvocationInterceptorChain.java","line":131},{"class":"org.junit.jupiter.engine.extension.TimeoutExtension","method":"intercept","file":"TimeoutExtension.java","line":149},{"class":"org.junit.jupiter.engine.extension.TimeoutExtension","method":"interceptTestableMethod","file":"TimeoutExtension.java","line":140},{"class":"org.junit.jupiter.engine.extension.TimeoutExtension","method":"interceptTestMethod","file":"TimeoutExtension.java","line":84},{"class":"org.junit.jupiter.engine.execution.ExecutableInvoker$ReflectiveInterceptorCall","method":"lambda$ofVoidMethod$0","file":"ExecutableInvoker.java","line":115},{"class":"org.junit.jupiter.engine.execution.ExecutableInvoker","method":"lambda$invoke$0","file":"ExecutableInvoker.java","line":105},{"class":"org.junit.jupiter.engine.execution.InvocationInterceptorChain$InterceptedInvocation","method":"proceed","file":"InvocationInterceptorChain.java","line":106},{"class":"org.junit.jupiter.engine.execution.InvocationInterceptorChain","method":"proceed","file":"InvocationInterceptorChain.java","line":64},{"class":"org.junit.jupiter.engine.execution.InvocationInterceptorChain","method":"chainAndInvoke","file":"InvocationInterceptorChain.java","line":45},{"class":"org.junit.jupiter.engine.execution.InvocationInterceptorChain","method":"invoke","file":"InvocationInterceptorChain.java","line":37},{"class":"org.junit.jupiter.engine.execution.ExecutableInvoker","method":"invoke","file":"ExecutableInvoker.java","line":104},{"class":"org.junit.jupiter.engine.execution.ExecutableInvoker","method":"invoke","file":"ExecutableInvoker.java","line":98},{"class":"org.junit.jupiter.engine.descriptor.TestMethodTestDescriptor","method":"lambda$invokeTestMethod$7","file":"TestMethodTestDescriptor.java","line":214},{"class":"org.junit.platform.engine.support.hierarchical.ThrowableCollector","method":"execute","file":"ThrowableCollector.java","line":73},{"class":"org.junit.jupiter.engine.descriptor.TestMethodTestDescriptor","method":"invokeTestMethod","file":"TestMethodTestDescriptor.java","line":210},{"class":"org.junit.jupiter.engine.descriptor.TestMethodTestDescriptor","method":"execute","file":"TestMethodTestDescriptor.java","line":135},{"class":"org.junit.jupiter.engine.descriptor.TestMethodTestDescriptor","method":"execute","file":"TestMethodTestDescriptor.java","line":66},{"class":"org.junit.platform.engine.support.hierarchical.NodeTestTask","method":"lambda$executeRecursively$6","file":"NodeTestTask.java","line":151},{"class":"org.junit.platform.engine.support.hierarchical.ThrowableCollector","method":"execute","file":"ThrowableCollector.java","line":73},{"class":"org.junit.platform.engine.support.hierarchical.NodeTestTask","method":"lambda$executeRecursively$8","file":"NodeTestTask.java","line":141},{"class":"org.junit.platform.engine.support.hierarchical.Node","method":"around","file":"Node.java","line":137},{"class":"org.junit.platform.engine.support.hierarchical.NodeTestTask","method":"lambda$executeRecursively$9","file":"NodeTestTask.java","line":139},{"class":"org.junit.platform.engine.support.hierarchical.ThrowableCollector","method":"execute","file":"ThrowableCollector.java","line":73},{"class":"org.junit.platform.engine.support.hierarchical.NodeTestTask","method":"executeRecursively","file":"NodeTestTask.java","line":138},{"class":"org.junit.platform.engine.support.hierarchical.NodeTestTask","method":"execute","file":"NodeTestTask.java","line":95},{"class":"java.util.ArrayList","method":"forEach","file":"ArrayList.java","line":1541},{"class":"org.junit.platform.engine.support.hierarchical.SameThreadHierarchicalTestExecutorService","method":"invokeAll","file":"SameThreadHierarchicalTestExecutorService.java","line":41},{"class":"org.junit.platform.engine.support.hierarchical.NodeTestTask","method":"lambda$executeRecursively$6","file":"NodeTestTask.java","line":155},{"class":"org.junit.platform.engine.support.hierarchical.ThrowableCollector","method":"execute","file":"ThrowableCollector.java","line":73},{"class":"org.junit.platform.engine.support.hierarchical.NodeTestTask","method":"lambda$executeRecursively$8","file":"NodeTestTask.java","line":141},{"class":"org.junit.platform.engine.support.hierarchical.Node","method":"around","file":"Node.java","line":137},{"class":"org.junit.platform.engine.support.hierarchical.NodeTestTask","method":"lambda$executeRecursively$9","file":"NodeTestTask.java","line":139},{"class":"org.junit.platform.engine.support.hierarchical.ThrowableCollector","method":"execute","file":"ThrowableCollector.java","line":73},{"class":"org.junit.platform.engine.support.hierarchical.NodeTestTask","method":"executeRecursively","file":"NodeTestTask.java","line":138},{"class":"org.junit.platform.engine.support.hierarchical.NodeTestTask","method":"execute","file":"NodeTestTask.java","line":95},{"class":"java.util.ArrayList","method":"forEach","file":"ArrayList.java","line":1541},{"class":"org.junit.platform.engine.support.hierarchical.SameThreadHierarchicalTestExecutorService","method":"invokeAll","file":"SameThreadHierarchicalTestExecutorService.java","line":41},{"class":"org.junit.platform.engine.support.hierarchical.NodeTestTask","method":"lambda$executeRecursively$6","file":"NodeTestTask.java","line":155},{"class":"org.junit.platform.engine.support.hierarchical.ThrowableCollector","method":"execute","file":"ThrowableCollector.java","line":73},{"class":"org.junit.platform.engine.support.hierarchical.NodeTestTask","method":"lambda$executeRecursively$8","file":"NodeTestTask.java","line":141},{"class":"org.junit.platform.engine.support.hierarchical.Node","method":"around","file":"Node.java","line":137},{"class":"org.junit.platform.engine.support.hierarchical.NodeTestTask","method":"lambda$executeRecursively$9","file":"NodeTestTask.java","line":139},{"class":"org.junit.platform.engine.support.hierarchical.ThrowableCollector","method":"execute","file":"ThrowableCollector.java","line":73},{"class":"org.junit.platform.engine.support.hierarchical.NodeTestTask","method":"executeRecursively","file":"NodeTestTask.java","line":138},{"class":"org.junit.platform.engine.support.hierarchical.NodeTestTask","method":"execute","file":"NodeTestTask.java","line":95},{"class":"org.junit.platform.engine.support.hierarchical.SameThreadHierarchicalTestExecutorService","method":"submit","file":"SameThreadHierarchicalTestExecutorService.java","line":35},{"class":"org.junit.platform.engine.support.hierarchical.HierarchicalTestExecutor","method":"execute","file":"HierarchicalTestExecutor.java","line":57},{"class":"org.junit.platform.engine.support.hierarchical.HierarchicalTestEngine","method":"execute","file":"HierarchicalTestEngine.java","line":54},{"class":"org.junit.platform.launcher.core.EngineExecutionOrchestrator","method":"execute","file":"EngineExecutionOrchestrator.java","line":108},{"class":"org.junit.platform.launcher.core.EngineExecutionOrchestrator","method":"execute","file":"EngineExecutionOrchestrator.java","line":88},{"class":"org.junit.platform.launcher.core.EngineExecutionOrchestrator","method":"lambda$execute$0","file":"EngineExecutionOrchestrator.java","line":54},{"class":"org.junit.platform.launcher.core.EngineExecutionOrchestrator","method":"withInterceptedStreams","file":"EngineExecutionOrchestrator.java","line":67},{"class":"org.junit.platform.launcher.core.EngineExecutionOrchestrator","method":"execute","file":"EngineExecutionOrchestrator.java","line":52},{"class":"org.junit.platform.launcher.core.DefaultLauncher","method":"execute","file":"DefaultLauncher.java","line":96},{"class":"org.junit.platform.launcher.core.DefaultLauncher","method":"execute","file":"DefaultLauncher.java","line":75},{"class":"org.gradle.api.internal.tasks.testing.junitplatform.JUnitPlatformTestClassProcessor$CollectAllTestClassesExecutor","method":"processAllTestClasses","file":"JUnitPlatformTestClassProcessor.java","line":99},{"class":"org.gradle.api.internal.tasks.testing.junitplatform.JUnitPlatformTestClassProcessor$CollectAllTestClassesExecutor","method":"access$000","file":"JUnitPlatformTestClassProcessor.java","line":79},{"class":"org.gradle.api.internal.tasks.testing.junitplatform.JUnitPlatformTestClassProcessor","method":"stop","file":"JUnitPlatformTestClassProcessor.java","line":75},{"class":"org.gradle.api.internal.tasks.testing.SuiteTestClassProcessor","method":"stop","file":"SuiteTestClassProcessor.java","line":61},{"class":"jdk.internal.reflect.NativeMethodAccessorImpl","method":"invoke0","file":"NativeMethodAccessorImpl.java","line":-2},{"class":"jdk.internal.reflect.NativeMethodAccessorImpl","method":"invoke","file":"NativeMethodAccessorImpl.java","line":62},{"class":"jdk.internal.reflect.DelegatingMethodAccessorImpl","method":"invoke","file":"DelegatingMethodAccessorImpl.java","line":43},{"class":"java.lang.reflect.Method","method":"invoke","file":"Method.java","line":566},{"class":"org.gradle.internal.dispatch.ReflectionDispatch","method":"dispatch","file":"ReflectionDispatch.java","line":36},{"class":"org.gradle.internal.dispatch.ReflectionDispatch","method":"dispatch","file":"ReflectionDispatch.java","line":24},{"class":"org.gradle.internal.dispatch.ContextClassLoaderDispatch","method":"dispatch","file":"ContextClassLoaderDispatch.java","line":33},{"class":"org.gradle.internal.dispatch.ProxyDispatchAdapter$DispatchingInvocationHandler","method":"invoke","file":"ProxyDispatchAdapter.java","line":94},{"class":"com.sun.proxy.$Proxy5","method":"stop","file":null,"line":-1},{"class":"org.gradle.api.internal.tasks.testing.worker.TestWorker$3","method":"run","file":"TestWorker.java","line":193},{"class":"org.gradle.api.internal.tasks.testing.worker.TestWorker","method":"executeAndMaintainThreadName","file":"TestWorker.java","line":129},{"class":"org.gradle.api.internal.tasks.testing.worker.TestWorker","method":"execute","file":"TestWorker.java","line":100},{"class":"org.gradle.api.internal.tasks.testing.worker.TestWorker","method":"execute","file":"TestWorker.java","line":60},{"class":"org.gradle.process.internal.worker.child.ActionExecutionWorker","method":"execute","file":"ActionExecutionWorker.java","line":56},{"class":"org.gradle.process.internal.worker.child.SystemApplicationClassLoaderWorker","method":"call","file":"SystemApplicationClassLoaderWorker.java","line":133},{"class":"org.gradle.process.internal.worker.child.SystemApplicationClassLoaderWorker","method":"call","file":"SystemApplicationClassLoaderWorker.java","line":71},{"class":"worker.org.gradle.process.internal.worker.GradleWorkerMain","method":"run","file":"GradleWorkerMain.java","line":69},{"class":"worker.org.gradle.process.internal.worker.GradleWorkerMain","method":"main","file":"GradleWorkerMain.java","line":74}]},"endOfBatch":false,"loggerFqcn":"org.apache.logging.slf4j.Log4jLogger","threadId":1,"threadPriority":5}
{"timestamp":"2022-12-01T12:17:33.283+0000GMT","instant":{"epochSecond":1669897053,"nanoOfSecond":283655000},"thread":"Test worker","level":"ERROR","loggerName":"software.amazon.cloudwatchlogs.emf.sinks.TCPClient","message":"Failed to connect to the socket due to the exception: ","thrown":{"message":"Socket closed","name":"java.net.SocketException","extendedStackTrace":[{"class":"java.net.PlainSocketImpl","method":"socketConnect","file":"PlainSocketImpl.java","line":-2},{"class":"java.net.AbstractPlainSocketImpl","method":"doConnect","file":"AbstractPlainSocketImpl.java","line":399},{"class":"java.net.AbstractPlainSocketImpl","method":"connectToAddress","file":"AbstractPlainSocketImpl.java","line":242},{"class":"java.net.AbstractPlainSocketImpl","method":"connect","file":"AbstractPlainSocketImpl.java","line":224},{"class":"java.net.SocksSocketImpl","method":"connect","file":"SocksSocketImpl.java","line":392},{"class":"java.net.Socket","method":"connect","file":"Socket.java","line":609},{"class":"java.net.Socket","method":"connect","file":"Socket.java","line":558},{"class":"software.amazon.cloudwatchlogs.emf.sinks.TCPClient","method":"connect","file":"TCPClient.java","line":40},{"class":"software.amazon.cloudwatchlogs.emf.sinks.TCPClient","method":"sendMessage","file":"TCPClient.java","line":63},{"class":"software.amazon.cloudwatchlogs.emf.sinks.AgentSink","method":"accept","file":"AgentSink.java","line":52},{"class":"software.amazon.cloudwatchlogs.emf.logger.MetricsLogger","method":"flush","file":"MetricsLogger.java","line":66},{"class":"software.amazon.lambda.powertools.metrics.internal.LambdaMetricsAspect","method":"around","file":"LambdaMetricsAspect.java","line":73},{"class":"uk.gov.di.ipv.cri.passport.accesstoken.AccessTokenHandler","method":"handleRequest","file":"AccessTokenHandler.java","line":84},{"class":"uk.gov.di.ipv.cri.passport.accesstoken.AccessTokenHandlerTest","method":"shouldReturn400WhenInvalidRedirectUriParamIsProvided","file":"AccessTokenHandlerTest.java","line":269},{"class":"jdk.internal.reflect.NativeMethodAccessorImpl","method":"invoke0","file":"NativeMethodAccessorImpl.java","line":-2},{"class":"jdk.internal.reflect.NativeMethodAccessorImpl","method":"invoke","file":"NativeMethodAccessorImpl.java","line":62},{"class":"jdk.internal.reflect.DelegatingMethodAccessorImpl","method":"invoke","file":"DelegatingMethodAccessorImpl.java","line":43},{"class":"java.lang.reflect.Method","method":"invoke","file":"Method.java","line":566},{"class":"org.junit.platform.commons.util.ReflectionUtils","method":"invokeMethod","file":"ReflectionUtils.java","line":725},{"class":"org.junit.jupiter.engine.execution.MethodInvocation","method":"proceed","file":"MethodInvocation.java","line":60},{"class":"org.junit.jupiter.engine.execution.InvocationInterceptorChain$ValidatingInvocation","method":"proceed","file":"InvocationInterceptorChain.java","line":131},{"class":"org.junit.jupiter.engine.extension.TimeoutExtension","method":"intercept","file":"TimeoutExtension.java","line":149},{"class":"org.junit.jupiter.engine.extension.TimeoutExtension","method":"interceptTestableMethod","file":"TimeoutExtension.java","line":140},{"class":"org.junit.jupiter.engine.extension.TimeoutExtension","method":"interceptTestMethod","file":"TimeoutExtension.java","line":84},{"class":"org.junit.jupiter.engine.execution.ExecutableInvoker$ReflectiveInterceptorCall","method":"lambda$ofVoidMethod$0","file":"ExecutableInvoker.java","line":115},{"class":"org.junit.jupiter.engine.execution.ExecutableInvoker","method":"lambda$invoke$0","file":"ExecutableInvoker.java","line":105},{"class":"org.junit.jupiter.engine.execution.InvocationInterceptorChain$InterceptedInvocation","method":"proceed","file":"InvocationInterceptorChain.java","line":106},{"class":"org.junit.jupiter.engine.execution.InvocationInterceptorChain","method":"proceed","file":"InvocationInterceptorChain.java","line":64},{"class":"org.junit.jupiter.engine.execution.InvocationInterceptorChain","method":"chainAndInvoke","file":"InvocationInterceptorChain.java","line":45},{"class":"org.junit.jupiter.engine.execution.InvocationInterceptorChain","method":"invoke","file":"InvocationInterceptorChain.java","line":37},{"class":"org.junit.jupiter.engine.execution.ExecutableInvoker","method":"invoke","file":"ExecutableInvoker.java","line":104},{"class":"org.junit.jupiter.engine.execution.ExecutableInvoker","method":"invoke","file":"ExecutableInvoker.java","line":98},{"class":"org.junit.jupiter.engine.descriptor.TestMethodTestDescriptor","method":"lambda$invokeTestMethod$7","file":"TestMethodTestDescriptor.java","line":214},{"class":"org.junit.platform.engine.support.hierarchical.ThrowableCollector","method":"execute","file":"ThrowableCollector.java","line":73},{"class":"org.junit.jupiter.engine.descriptor.TestMethodTestDescriptor","method":"invokeTestMethod","file":"TestMethodTestDescriptor.java","line":210},{"class":"org.junit.jupiter.engine.descriptor.TestMethodTestDescriptor","method":"execute","file":"TestMethodTestDescriptor.java","line":135},{"class":"org.junit.jupiter.engine.descriptor.TestMethodTestDescriptor","method":"execute","file":"TestMethodTestDescriptor.java","line":66},{"class":"org.junit.platform.engine.support.hierarchical.NodeTestTask","method":"lambda$executeRecursively$6","file":"NodeTestTask.java","line":151},{"class":"org.junit.platform.engine.support.hierarchical.ThrowableCollector","method":"execute","file":"ThrowableCollector.java","line":73},{"class":"org.junit.platform.engine.support.hierarchical.NodeTestTask","method":"lambda$executeRecursively$8","file":"NodeTestTask.java","line":141},{"class":"org.junit.platform.engine.support.hierarchical.Node","method":"around","file":"Node.java","line":137},{"class":"org.junit.platform.engine.support.hierarchical.NodeTestTask","method":"lambda$executeRecursively$9","file":"NodeTestTask.java","line":139},{"class":"org.junit.platform.engine.support.hierarchical.ThrowableCollector","method":"execute","file":"ThrowableCollector.java","line":73},{"class":"org.junit.platform.engine.support.hierarchical.NodeTestTask","method":"executeRecursively","file":"NodeTestTask.java","line":138},{"class":"org.junit.platform.engine.support.hierarchical.NodeTestTask","method":"execute","file":"NodeTestTask.java","line":95},{"class":"java.util.ArrayList","method":"forEach","file":"ArrayList.java","line":1541},{"class":"org.junit.platform.engine.support.hierarchical.SameThreadHierarchicalTestExecutorService","method":"invokeAll","file":"SameThreadHierarchicalTestExecutorService.java","line":41},{"class":"org.junit.platform.engine.support.hierarchical.NodeTestTask","method":"lambda$executeRecursively$6","file":"NodeTestTask.java","line":155},{"class":"org.junit.platform.engine.support.hierarchical.ThrowableCollector","method":"execute","file":"ThrowableCollector.java","line":73},{"class":"org.junit.platform.engine.support.hierarchical.NodeTestTask","method":"lambda$executeRecursively$8","file":"NodeTestTask.java","line":141},{"class":"org.junit.platform.engine.support.hierarchical.Node","method":"around","file":"Node.java","line":137},{"class":"org.junit.platform.engine.support.hierarchical.NodeTestTask","method":"lambda$executeRecursively$9","file":"NodeTestTask.java","line":139},{"class":"org.junit.platform.engine.support.hierarchical.ThrowableCollector","method":"execute","file":"ThrowableCollector.java","line":73},{"class":"org.junit.platform.engine.support.hierarchical.NodeTestTask","method":"executeRecursively","file":"NodeTestTask.java","line":138},{"class":"org.junit.platform.engine.support.hierarchical.NodeTestTask","method":"execute","file":"NodeTestTask.java","line":95},{"class":"java.util.ArrayList","method":"forEach","file":"ArrayList.java","line":1541},{"class":"org.junit.platform.engine.support.hierarchical.SameThreadHierarchicalTestExecutorService","method":"invokeAll","file":"SameThreadHierarchicalTestExecutorService.java","line":41},{"class":"org.junit.platform.engine.support.hierarchical.NodeTestTask","method":"lambda$executeRecursively$6","file":"NodeTestTask.java","line":155},{"class":"org.junit.platform.engine.support.hierarchical.ThrowableCollector","method":"execute","file":"ThrowableCollector.java","line":73},{"class":"org.junit.platform.engine.support.hierarchical.NodeTestTask","method":"lambda$executeRecursively$8","file":"NodeTestTask.java","line":141},{"class":"org.junit.platform.engine.support.hierarchical.Node","method":"around","file":"Node.java","line":137},{"class":"org.junit.platform.engine.support.hierarchical.NodeTestTask","method":"lambda$executeRecursively$9","file":"NodeTestTask.java","line":139},{"class":"org.junit.platform.engine.support.hierarchical.ThrowableCollector","method":"execute","file":"ThrowableCollector.java","line":73},{"class":"org.junit.platform.engine.support.hierarchical.NodeTestTask","method":"executeRecursively","file":"NodeTestTask.java","line":138},{"class":"org.junit.platform.engine.support.hierarchical.NodeTestTask","method":"execute","file":"NodeTestTask.java","line":95},{"class":"org.junit.platform.engine.support.hierarchical.SameThreadHierarchicalTestExecutorService","method":"submit","file":"SameThreadHierarchicalTestExecutorService.java","line":35},{"class":"org.junit.platform.engine.support.hierarchical.HierarchicalTestExecutor","method":"execute","file":"HierarchicalTestExecutor.java","line":57},{"class":"org.junit.platform.engine.support.hierarchical.HierarchicalTestEngine","method":"execute","file":"HierarchicalTestEngine.java","line":54},{"class":"org.junit.platform.launcher.core.EngineExecutionOrchestrator","method":"execute","file":"EngineExecutionOrchestrator.java","line":108},{"class":"org.junit.platform.launcher.core.EngineExecutionOrchestrator","method":"execute","file":"EngineExecutionOrchestrator.java","line":88},{"class":"org.junit.platform.launcher.core.EngineExecutionOrchestrator","method":"lambda$execute$0","file":"EngineExecutionOrchestrator.java","line":54},{"class":"org.junit.platform.launcher.core.EngineExecutionOrchestrator","method":"withInterceptedStreams","file":"EngineExecutionOrchestrator.java","line":67},{"class":"org.junit.platform.launcher.core.EngineExecutionOrchestrator","method":"execute","file":"EngineExecutionOrchestrator.java","line":52},{"class":"org.junit.platform.launcher.core.DefaultLauncher","method":"execute","file":"DefaultLauncher.java","line":96},{"class":"org.junit.platform.launcher.core.DefaultLauncher","method":"execute","file":"DefaultLauncher.java","line":75},{"class":"org.gradle.api.internal.tasks.testing.junitplatform.JUnitPlatformTestClassProcessor$CollectAllTestClassesExecutor","method":"processAllTestClasses","file":"JUnitPlatformTestClassProcessor.java","line":99},{"class":"org.gradle.api.internal.tasks.testing.junitplatform.JUnitPlatformTestClassProcessor$CollectAllTestClassesExecutor","method":"access$000","file":"JUnitPlatformTestClassProcessor.java","line":79},{"class":"org.gradle.api.internal.tasks.testing.junitplatform.JUnitPlatformTestClassProcessor","method":"stop","file":"JUnitPlatformTestClassProcessor.java","line":75},{"class":"org.gradle.api.internal.tasks.testing.SuiteTestClassProcessor","method":"stop","file":"SuiteTestClassProcessor.java","line":61},{"class":"jdk.internal.reflect.NativeMethodAccessorImpl","method":"invoke0","file":"NativeMethodAccessorImpl.java","line":-2},{"class":"jdk.internal.reflect.NativeMethodAccessorImpl","method":"invoke","file":"NativeMethodAccessorImpl.java","line":62},{"class":"jdk.internal.reflect.DelegatingMethodAccessorImpl","method":"invoke","file":"DelegatingMethodAccessorImpl.java","line":43},{"class":"java.lang.reflect.Method","method":"invoke","file":"Method.java","line":566},{"class":"org.gradle.internal.dispatch.ReflectionDispatch","method":"dispatch","file":"ReflectionDispatch.java","line":36},{"class":"org.gradle.internal.dispatch.ReflectionDispatch","method":"dispatch","file":"ReflectionDispatch.java","line":24},{"class":"org.gradle.internal.dispatch.ContextClassLoaderDispatch","method":"dispatch","file":"ContextClassLoaderDispatch.java","line":33},{"class":"org.gradle.internal.dispatch.ProxyDispatchAdapter$DispatchingInvocationHandler","method":"invoke","file":"ProxyDispatchAdapter.java","line":94},{"class":"com.sun.proxy.$Proxy5","method":"stop","file":null,"line":-1},{"class":"org.gradle.api.internal.tasks.testing.worker.TestWorker$3","method":"run","file":"TestWorker.java","line":193},{"class":"org.gradle.api.internal.tasks.testing.worker.TestWorker","method":"executeAndMaintainThreadName","file":"TestWorker.java","line":129},{"class":"org.gradle.api.internal.tasks.testing.worker.TestWorker","method":"execute","file":"TestWorker.java","line":100},{"class":"org.gradle.api.internal.tasks.testing.worker.TestWorker","method":"execute","file":"TestWorker.java","line":60},{"class":"org.gradle.process.internal.worker.child.ActionExecutionWorker","method":"execute","file":"ActionExecutionWorker.java","line":56},{"class":"org.gradle.process.internal.worker.child.SystemApplicationClassLoaderWorker","method":"call","file":"SystemApplicationClassLoaderWorker.java","line":133},{"class":"org.gradle.process.internal.worker.child.SystemApplicationClassLoaderWorker","method":"call","file":"SystemApplicationClassLoaderWorker.java","line":71},{"class":"worker.org.gradle.process.internal.worker.GradleWorkerMain","method":"run","file":"GradleWorkerMain.java","line":69},{"class":"worker.org.gradle.process.internal.worker.GradleWorkerMain","method":"main","file":"GradleWorkerMain.java","line":74}]},"endOfBatch":false,"loggerFqcn":"org.apache.logging.slf4j.Log4jLogger","threadId":1,"threadPriority":5}
{"timestamp":"2022-12-01T12:17:33.417+0000GMT","instant":{"epochSecond":1669897053,"nanoOfSecond":417401000},"thread":"Test worker","level":"INFO","loggerName":"uk.gov.di.ipv.cri.passport.library.helpers.LogHelper","message":"COMPONENT_ID_LOG_FIELD attached to logs","endOfBatch":false,"loggerFqcn":"org.apache.logging.log4j.spi.AbstractLogger","threadId":1,"threadPriority":5,"coldStart":"false","componentId":"passport-cri","functionArn":null,"functionMemorySize":"0","functionName":null,"functionVersion":null,"function_request_id":"null","samplingRate":"0.0","service":"service_undefined"}
{"timestamp":"2022-12-01T12:17:33.419+0000GMT","instant":{"epochSecond":1669897053,"nanoOfSecond":419463000},"thread":"Test worker","level":"ERROR","loggerName":"uk.gov.di.ipv.cri.passport.accesstoken.AccessTokenHandler","message":"Token request could not be parsed: 'Invalid request: Missing grant_type parameter'","thrown":{"message":"Missing grant_type parameter","name":"com.nimbusds.oauth2.sdk.ParseException","extendedStackTrace":[{"class":"com.nimbusds.oauth2.sdk.AuthorizationGrant","method":"parse","file":"AuthorizationGrant.java","line":115},{"class":"uk.gov.di.ipv.cri.passport.accesstoken.AccessTokenHandler","method":"handleRequest_aroundBody0","file":"AccessTokenHandler.java","line":90},{"class":"uk.gov.di.ipv.cri.passport.accesstoken.AccessTokenHandler$AjcClosure1","method":"run","file":"AccessTokenHandler.java","line":1},{"class":"org.aspectj.runtime.reflect.JoinPointImpl","method":"proceed","file":"JoinPointImpl.java","line":257},{"class":"software.amazon.lambda.powertools.logging.internal.LambdaLoggingAspect","method":"around","file":"LambdaLoggingAspect.java","line":109},{"class":"uk.gov.di.ipv.cri.passport.accesstoken.AccessTokenHandler","method":"handleRequest_aroundBody2","file":"AccessTokenHandler.java","line":84},{"class":"uk.gov.di.ipv.cri.passport.accesstoken.AccessTokenHandler$AjcClosure3","method":"run","file":"AccessTokenHandler.java","line":1},{"class":"org.aspectj.runtime.reflect.JoinPointImpl","method":"proceed","file":"JoinPointImpl.java","line":257},{"class":"software.amazon.lambda.powertools.metrics.internal.LambdaMetricsAspect","method":"around","file":"LambdaMetricsAspect.java","line":68},{"class":"uk.gov.di.ipv.cri.passport.accesstoken.AccessTokenHandler","method":"handleRequest","file":"AccessTokenHandler.java","line":84},{"class":"uk.gov.di.ipv.cri.passport.accesstoken.AccessTokenHandlerTest","method":"shouldReturn400WhenInvalidTokenRequestProvided","file":"AccessTokenHandlerTest.java","line":146},{"class":"jdk.internal.reflect.NativeMethodAccessorImpl","method":"invoke0","file":"NativeMethodAccessorImpl.java","line":-2},{"class":"jdk.internal.reflect.NativeMethodAccessorImpl","method":"invoke","file":"NativeMethodAccessorImpl.java","line":62},{"class":"jdk.internal.reflect.DelegatingMethodAccessorImpl","method":"invoke","file":"DelegatingMethodAccessorImpl.java","line":43},{"class":"java.lang.reflect.Method","method":"invoke","file":"Method.java","line":566},{"class":"org.junit.platform.commons.util.ReflectionUtils","method":"invokeMethod","file":"ReflectionUtils.java","line":725},{"class":"org.junit.jupiter.engine.execution.MethodInvocation","method":"proceed","file":"MethodInvocation.java","line":60},{"class":"org.junit.jupiter.engine.execution.InvocationInterceptorChain$ValidatingInvocation","method":"proceed","file":"InvocationInterceptorChain.java","line":131},{"class":"org.junit.jupiter.engine.extension.TimeoutExtension","method":"intercept","file":"TimeoutExtension.java","line":149},{"class":"org.junit.jupiter.engine.extension.TimeoutExtension","method":"interceptTestableMethod","file":"TimeoutExtension.java","line":140},{"class":"org.junit.jupiter.engine.extension.TimeoutExtension","method":"interceptTestMethod","file":"TimeoutExtension.java","line":84},{"class":"org.junit.jupiter.engine.execution.ExecutableInvoker$ReflectiveInterceptorCall","method":"lambda$ofVoidMethod$0","file":"ExecutableInvoker.java","line":115},{"class":"org.junit.jupiter.engine.execution.ExecutableInvoker","method":"lambda$invoke$0","file":"ExecutableInvoker.java","line":105},{"class":"org.junit.jupiter.engine.execution.InvocationInterceptorChain$InterceptedInvocation","method":"proceed","file":"InvocationInterceptorChain.java","line":106},{"class":"org.junit.jupiter.engine.execution.InvocationInterceptorChain","method":"proceed","file":"InvocationInterceptorChain.java","line":64},{"class":"org.junit.jupiter.engine.execution.InvocationInterceptorChain","method":"chainAndInvoke","file":"InvocationInterceptorChain.java","line":45},{"class":"org.junit.jupiter.engine.execution.InvocationInterceptorChain","method":"invoke","file":"InvocationInterceptorChain.java","line":37},{"class":"org.junit.jupiter.engine.execution.ExecutableInvoker","method":"invoke","file":"ExecutableInvoker.java","line":104},{"class":"org.junit.jupiter.engine.execution.ExecutableInvoker","method":"invoke","file":"ExecutableInvoker.java","line":98},{"class":"org.junit.jupiter.engine.descriptor.TestMethodTestDescriptor","method":"lambda$invokeTestMethod$7","file":"TestMethodTestDescriptor.java","line":214},{"class":"org.junit.platform.engine.support.hierarchical.ThrowableCollector","method":"execute","file":"ThrowableCollector.java","line":73},{"class":"org.junit.jupiter.engine.descriptor.TestMethodTestDescriptor","method":"invokeTestMethod","file":"TestMethodTestDescriptor.java","line":210},{"class":"org.junit.jupiter.engine.descriptor.TestMethodTestDescriptor","method":"execute","file":"TestMethodTestDescriptor.java","line":135},{"class":"org.junit.jupiter.engine.descriptor.TestMethodTestDescriptor","method":"execute","file":"TestMethodTestDescriptor.java","line":66},{"class":"org.junit.platform.engine.support.hierarchical.NodeTestTask","method":"lambda$executeRecursively$6","file":"NodeTestTask.java","line":151},{"class":"org.junit.platform.engine.support.hierarchical.ThrowableCollector","method":"execute","file":"ThrowableCollector.java","line":73},{"class":"org.junit.platform.engine.support.hierarchical.NodeTestTask","method":"lambda$executeRecursively$8","file":"NodeTestTask.java","line":141},{"class":"org.junit.platform.engine.support.hierarchical.Node","method":"around","file":"Node.java","line":137},{"class":"org.junit.platform.engine.support.hierarchical.NodeTestTask","method":"lambda$executeRecursively$9","file":"NodeTestTask.java","line":139},{"class":"org.junit.platform.engine.support.hierarchical.ThrowableCollector","method":"execute","file":"ThrowableCollector.java","line":73},{"class":"org.junit.platform.engine.support.hierarchical.NodeTestTask","method":"executeRecursively","file":"NodeTestTask.java","line":138},{"class":"org.junit.platform.engine.support.hierarchical.NodeTestTask","method":"execute","file":"NodeTestTask.java","line":95},{"class":"java.util.ArrayList","method":"forEach","file":"ArrayList.java","line":1541},{"class":"org.junit.platform.engine.support.hierarchical.SameThreadHierarchicalTestExecutorService","method":"invokeAll","file":"SameThreadHierarchicalTestExecutorService.java","line":41},{"class":"org.junit.platform.engine.support.hierarchical.NodeTestTask","method":"lambda$executeRecursively$6","file":"NodeTestTask.java","line":155},{"class":"org.junit.platform.engine.support.hierarchical.ThrowableCollector","method":"execute","file":"ThrowableCollector.java","line":73},{"class":"org.junit.platform.engine.support.hierarchical.NodeTestTask","method":"lambda$executeRecursively$8","file":"NodeTestTask.java","line":141},{"class":"org.junit.platform.engine.support.hierarchical.Node","method":"around","file":"Node.java","line":137},{"class":"org.junit.platform.engine.support.hierarchical.NodeTestTask","method":"lambda$executeRecursively$9","file":"NodeTestTask.java","line":139},{"class":"org.junit.platform.engine.support.hierarchical.ThrowableCollector","method":"execute","file":"ThrowableCollector.java","line":73},{"class":"org.junit.platform.engine.support.hierarchical.NodeTestTask","method":"executeRecursively","file":"NodeTestTask.java","line":138},{"class":"org.junit.platform.engine.support.hierarchical.NodeTestTask","method":"execute","file":"NodeTestTask.java","line":95},{"class":"java.util.ArrayList","method":"forEach","file":"ArrayList.java","line":1541},{"class":"org.junit.platform.engine.support.hierarchical.SameThreadHierarchicalTestExecutorService","method":"invokeAll","file":"SameThreadHierarchicalTestExecutorService.java","line":41},{"class":"org.junit.platform.engine.support.hierarchical.NodeTestTask","method":"lambda$executeRecursively$6","file":"NodeTestTask.java","line":155},{"class":"org.junit.platform.engine.support.hierarchical.ThrowableCollector","method":"execute","file":"ThrowableCollector.java","line":73},{"class":"org.junit.platform.engine.support.hierarchical.NodeTestTask","method":"lambda$executeRecursively$8","file":"NodeTestTask.java","line":141},{"class":"org.junit.platform.engine.support.hierarchical.Node","method":"around","file":"Node.java","line":137},{"class":"org.junit.platform.engine.support.hierarchical.NodeTestTask","method":"lambda$executeRecursively$9","file":"NodeTestTask.java","line":139},{"class":"org.junit.platform.engine.support.hierarchical.ThrowableCollector","method":"execute","file":"ThrowableCollector.java","line":73},{"class":"org.junit.platform.engine.support.hierarchical.NodeTestTask","method":"executeRecursively","file":"NodeTestTask.java","line":138},{"class":"org.junit.platform.engine.support.hierarchical.NodeTestTask","method":"execute","file":"NodeTestTask.java","line":95},{"class":"org.junit.platform.engine.support.hierarchical.SameThreadHierarchicalTestExecutorService","method":"submit","file":"SameThreadHierarchicalTestExecutorService.java","line":35},{"class":"org.junit.platform.engine.support.hierarchical.HierarchicalTestExecutor","method":"execute","file":"HierarchicalTestExecutor.java","line":57},{"class":"org.junit.platform.engine.support.hierarchical.HierarchicalTestEngine","method":"execute","file":"HierarchicalTestEngine.java","line":54},{"class":"org.junit.platform.launcher.core.EngineExecutionOrchestrator","method":"execute","file":"EngineExecutionOrchestrator.java","line":108},{"class":"org.junit.platform.launcher.core.EngineExecutionOrchestrator","method":"execute","file":"EngineExecutionOrchestrator.java","line":88},{"class":"org.junit.platform.launcher.core.EngineExecutionOrchestrator","method":"lambda$execute$0","file":"EngineExecutionOrchestrator.java","line":54},{"class":"org.junit.platform.launcher.core.EngineExecutionOrchestrator","method":"withInterceptedStreams","file":"EngineExecutionOrchestrator.java","line":67},{"class":"org.junit.platform.launcher.core.EngineExecutionOrchestrator","method":"execute","file":"EngineExecutionOrchestrator.java","line":52},{"class":"org.junit.platform.launcher.core.DefaultLauncher","method":"execute","file":"DefaultLauncher.java","line":96},{"class":"org.junit.platform.launcher.core.DefaultLauncher","method":"execute","file":"DefaultLauncher.java","line":75},{"class":"org.gradle.api.internal.tasks.testing.junitplatform.JUnitPlatformTestClassProcessor$CollectAllTestClassesExecutor","method":"processAllTestClasses","file":"JUnitPlatformTestClassProcessor.java","line":99},{"class":"org.gradle.api.internal.tasks.testing.junitplatform.JUnitPlatformTestClassProcessor$CollectAllTestClassesExecutor","method":"access$000","file":"JUnitPlatformTestClassProcessor.java","line":79},{"class":"org.gradle.api.internal.tasks.testing.junitplatform.JUnitPlatformTestClassProcessor","method":"stop","file":"JUnitPlatformTestClassProcessor.java","line":75},{"class":"org.gradle.api.internal.tasks.testing.SuiteTestClassProcessor","method":"stop","file":"SuiteTestClassProcessor.java","line":61},{"class":"jdk.internal.reflect.NativeMethodAccessorImpl","method":"invoke0","file":"NativeMethodAccessorImpl.java","line":-2},{"class":"jdk.internal.reflect.NativeMethodAccessorImpl","method":"invoke","file":"NativeMethodAccessorImpl.java","line":62},{"class":"jdk.internal.reflect.DelegatingMethodAccessorImpl","method":"invoke","file":"DelegatingMethodAccessorImpl.java","line":43},{"class":"java.lang.reflect.Method","method":"invoke","file":"Method.java","line":566},{"class":"org.gradle.internal.dispatch.ReflectionDispatch","method":"dispatch","file":"ReflectionDispatch.java","line":36},{"class":"org.gradle.internal.dispatch.ReflectionDispatch","method":"dispatch","file":"ReflectionDispatch.java","line":24},{"class":"org.gradle.internal.dispatch.ContextClassLoaderDispatch","method":"dispatch","file":"ContextClassLoaderDispatch.java","line":33},{"class":"org.gradle.internal.dispatch.ProxyDispatchAdapter$DispatchingInvocationHandler","method":"invoke","file":"ProxyDispatchAdapter.java","line":94},{"class":"com.sun.proxy.$Proxy5","method":"stop","file":null,"line":-1},{"class":"org.gradle.api.internal.tasks.testing.worker.TestWorker$3","method":"run","file":"TestWorker.java","line":193},{"class":"org.gradle.api.internal.tasks.testing.worker.TestWorker","method":"executeAndMaintainThreadName","file":"TestWorker.java","line":129},{"class":"org.gradle.api.internal.tasks.testing.worker.TestWorker","method":"execute","file":"TestWorker.java","line":100},{"class":"org.gradle.api.internal.tasks.testing.worker.TestWorker","method":"execute","file":"TestWorker.java","line":60},{"class":"org.gradle.process.internal.worker.child.ActionExecutionWorker","method":"execute","file":"ActionExecutionWorker.java","line":56},{"class":"org.gradle.process.internal.worker.child.SystemApplicationClassLoaderWorker","method":"call","file":"SystemApplicationClassLoaderWorker.java","line":133},{"class":"org.gradle.process.internal.worker.child.SystemApplicationClassLoaderWorker","method":"call","file":"SystemApplicationClassLoaderWorker.java","line":71},{"class":"worker.org.gradle.process.internal.worker.GradleWorkerMain","method":"run","file":"GradleWorkerMain.java","line":69},{"class":"worker.org.gradle.process.internal.worker.GradleWorkerMain","method":"main","file":"GradleWorkerMain.java","line":74}]},"endOfBatch":false,"loggerFqcn":"org.apache.logging.log4j.spi.AbstractLogger","threadId":1,"threadPriority":5,"coldStart":"false","componentId":"passport-cri","functionArn":null,"functionMemorySize":"0","functionName":null,"functionVersion":null,"function_request_id":"null","samplingRate":"0.0","service":"service_undefined"}
{"timestamp":"2022-12-01T12:17:33.423+0000GMT","instant":{"epochSecond":1669897053,"nanoOfSecond":423520000},"thread":"Test worker","level":"WARN","loggerName":"software.amazon.cloudwatchlogs.emf.environment.AgentBasedEnvironment","message":"Unknown ServiceName.","endOfBatch":false,"loggerFqcn":"org.apache.logging.slf4j.Log4jLogger","threadId":1,"threadPriority":5}
{"timestamp":"2022-12-01T12:17:33.423+0000GMT","instant":{"epochSecond":1669897053,"nanoOfSecond":423870000},"thread":"Test worker","level":"WARN","loggerName":"software.amazon.cloudwatchlogs.emf.environment.AgentBasedEnvironment","message":"Unknown ServiceName.","endOfBatch":false,"loggerFqcn":"org.apache.logging.slf4j.Log4jLogger","threadId":1,"threadPriority":5}
{"timestamp":"2022-12-01T12:17:33.424+0000GMT","instant":{"epochSecond":1669897053,"nanoOfSecond":424000000},"thread":"Test worker","level":"INFO","loggerName":"software.amazon.cloudwatchlogs.emf.environment.DefaultEnvironment","message":"Unknown ServiceType","endOfBatch":false,"loggerFqcn":"org.apache.logging.slf4j.Log4jLogger","threadId":1,"threadPriority":5}
{"timestamp":"2022-12-01T12:17:33.424+0000GMT","instant":{"epochSecond":1669897053,"nanoOfSecond":424838000},"thread":"Test worker","level":"ERROR","loggerName":"software.amazon.cloudwatchlogs.emf.sinks.TCPClient","message":"Failed to connect to the socket due to the exception: ","thrown":{"message":"Socket closed","name":"java.net.SocketException","extendedStackTrace":[{"class":"java.net.PlainSocketImpl","method":"socketConnect","file":"PlainSocketImpl.java","line":-2},{"class":"java.net.AbstractPlainSocketImpl","method":"doConnect","file":"AbstractPlainSocketImpl.java","line":399},{"class":"java.net.AbstractPlainSocketImpl","method":"connectToAddress","file":"AbstractPlainSocketImpl.java","line":242},{"class":"java.net.AbstractPlainSocketImpl","method":"connect","file":"AbstractPlainSocketImpl.java","line":224},{"class":"java.net.SocksSocketImpl","method":"connect","file":"SocksSocketImpl.java","line":392},{"class":"java.net.Socket","method":"connect","file":"Socket.java","line":609},{"class":"java.net.Socket","method":"connect","file":"Socket.java","line":558},{"class":"software.amazon.cloudwatchlogs.emf.sinks.TCPClient","method":"connect","file":"TCPClient.java","line":40},{"class":"software.amazon.cloudwatchlogs.emf.sinks.TCPClient","method":"sendMessage","file":"TCPClient.java","line":55},{"class":"software.amazon.cloudwatchlogs.emf.sinks.AgentSink","method":"accept","file":"AgentSink.java","line":52},{"class":"software.amazon.cloudwatchlogs.emf.logger.MetricsLogger","method":"flush","file":"MetricsLogger.java","line":66},{"class":"software.amazon.lambda.powertools.metrics.internal.LambdaMetricsAspect","method":"around","file":"LambdaMetricsAspect.java","line":73},{"class":"uk.gov.di.ipv.cri.passport.accesstoken.AccessTokenHandler","method":"handleRequest","file":"AccessTokenHandler.java","line":84},{"class":"uk.gov.di.ipv.cri.passport.accesstoken.AccessTokenHandlerTest","method":"shouldReturn400WhenInvalidTokenRequestProvided","file":"AccessTokenHandlerTest.java","line":146},{"class":"jdk.internal.reflect.NativeMethodAccessorImpl","method":"invoke0","file":"NativeMethodAccessorImpl.java","line":-2},{"class":"jdk.internal.reflect.NativeMethodAccessorImpl","method":"invoke","file":"NativeMethodAccessorImpl.java","line":62},{"class":"jdk.internal.reflect.DelegatingMethodAccessorImpl","method":"invoke","file":"DelegatingMethodAccessorImpl.java","line":43},{"class":"java.lang.reflect.Method","method":"invoke","file":"Method.java","line":566},{"class":"org.junit.platform.commons.util.ReflectionUtils","method":"invokeMethod","file":"ReflectionUtils.java","line":725},{"class":"org.junit.jupiter.engine.execution.MethodInvocation","method":"proceed","file":"MethodInvocation.java","line":60},{"class":"org.junit.jupiter.engine.execution.InvocationInterceptorChain$ValidatingInvocation","method":"proceed","file":"InvocationInterceptorChain.java","line":131},{"class":"org.junit.jupiter.engine.extension.TimeoutExtension","method":"intercept","file":"TimeoutExtension.java","line":149},{"class":"org.junit.jupiter.engine.extension.TimeoutExtension","method":"interceptTestableMethod","file":"TimeoutExtension.java","line":140},{"class":"org.junit.jupiter.engine.extension.TimeoutExtension","method":"interceptTestMethod","file":"TimeoutExtension.java","line":84},{"class":"org.junit.jupiter.engine.execution.ExecutableInvoker$ReflectiveInterceptorCall","method":"lambda$ofVoidMethod$0","file":"ExecutableInvoker.java","line":115},{"class":"org.junit.jupiter.engine.execution.ExecutableInvoker","method":"lambda$invoke$0","file":"ExecutableInvoker.java","line":105},{"class":"org.junit.jupiter.engine.execution.InvocationInterceptorChain$InterceptedInvocation","method":"proceed","file":"InvocationInterceptorChain.java","line":106},{"class":"org.junit.jupiter.engine.execution.InvocationInterceptorChain","method":"proceed","file":"InvocationInterceptorChain.java","line":64},{"class":"org.junit.jupiter.engine.execution.InvocationInterceptorChain","method":"chainAndInvoke","file":"InvocationInterceptorChain.java","line":45},{"class":"org.junit.jupiter.engine.execution.InvocationInterceptorChain","method":"invoke","file":"InvocationInterceptorChain.java","line":37},{"class":"org.junit.jupiter.engine.execution.ExecutableInvoker","method":"invoke","file":"ExecutableInvoker.java","line":104},{"class":"org.junit.jupiter.engine.execution.ExecutableInvoker","method":"invoke","file":"ExecutableInvoker.java","line":98},{"class":"org.junit.jupiter.engine.descriptor.TestMethodTestDescriptor","method":"lambda$invokeTestMethod$7","file":"TestMethodTestDescriptor.java","line":214},{"class":"org.junit.platform.engine.support.hierarchical.ThrowableCollector","method":"execute","file":"ThrowableCollector.java","line":73},{"class":"org.junit.jupiter.engine.descriptor.TestMethodTestDescriptor","method":"invokeTestMethod","file":"TestMethodTestDescriptor.java","line":210},{"class":"org.junit.jupiter.engine.descriptor.TestMethodTestDescriptor","method":"execute","file":"TestMethodTestDescriptor.java","line":135},{"class":"org.junit.jupiter.engine.descriptor.TestMethodTestDescriptor","method":"execute","file":"TestMethodTestDescriptor.java","line":66},{"class":"org.junit.platform.engine.support.hierarchical.NodeTestTask","method":"lambda$executeRecursively$6","file":"NodeTestTask.java","line":151},{"class":"org.junit.platform.engine.support.hierarchical.ThrowableCollector","method":"execute","file":"ThrowableCollector.java","line":73},{"class":"org.junit.platform.engine.support.hierarchical.NodeTestTask","method":"lambda$executeRecursively$8","file":"NodeTestTask.java","line":141},{"class":"org.junit.platform.engine.support.hierarchical.Node","method":"around","file":"Node.java","line":137},{"class":"org.junit.platform.engine.support.hierarchical.NodeTestTask","method":"lambda$executeRecursively$9","file":"NodeTestTask.java","line":139},{"class":"org.junit.platform.engine.support.hierarchical.ThrowableCollector","method":"execute","file":"ThrowableCollector.java","line":73},{"class":"org.junit.platform.engine.support.hierarchical.NodeTestTask","method":"executeRecursively","file":"NodeTestTask.java","line":138},{"class":"org.junit.platform.engine.support.hierarchical.NodeTestTask","method":"execute","file":"NodeTestTask.java","line":95},{"class":"java.util.ArrayList","method":"forEach","file":"ArrayList.java","line":1541},{"class":"org.junit.platform.engine.support.hierarchical.SameThreadHierarchicalTestExecutorService","method":"invokeAll","file":"SameThreadHierarchicalTestExecutorService.java","line":41},{"class":"org.junit.platform.engine.support.hierarchical.NodeTestTask","method":"lambda$executeRecursively$6","file":"NodeTestTask.java","line":155},{"class":"org.junit.platform.engine.support.hierarchical.ThrowableCollector","method":"execute","file":"ThrowableCollector.java","line":73},{"class":"org.junit.platform.engine.support.hierarchical.NodeTestTask","method":"lambda$executeRecursively$8","file":"NodeTestTask.java","line":141},{"class":"org.junit.platform.engine.support.hierarchical.Node","method":"around","file":"Node.java","line":137},{"class":"org.junit.platform.engine.support.hierarchical.NodeTestTask","method":"lambda$executeRecursively$9","file":"NodeTestTask.java","line":139},{"class":"org.junit.platform.engine.support.hierarchical.ThrowableCollector","method":"execute","file":"ThrowableCollector.java","line":73},{"class":"org.junit.platform.engine.support.hierarchical.NodeTestTask","method":"executeRecursively","file":"NodeTestTask.java","line":138},{"class":"org.junit.platform.engine.support.hierarchical.NodeTestTask","method":"execute","file":"NodeTestTask.java","line":95},{"class":"java.util.ArrayList","method":"forEach","file":"ArrayList.java","line":1541},{"class":"org.junit.platform.engine.support.hierarchical.SameThreadHierarchicalTestExecutorService","method":"invokeAll","file":"SameThreadHierarchicalTestExecutorService.java","line":41},{"class":"org.junit.platform.engine.support.hierarchical.NodeTestTask","method":"lambda$executeRecursively$6","file":"NodeTestTask.java","line":155},{"class":"org.junit.platform.engine.support.hierarchical.ThrowableCollector","method":"execute","file":"ThrowableCollector.java","line":73},{"class":"org.junit.platform.engine.support.hierarchical.NodeTestTask","method":"lambda$executeRecursively$8","file":"NodeTestTask.java","line":141},{"class":"org.junit.platform.engine.support.hierarchical.Node","method":"around","file":"Node.java","line":137},{"class":"org.junit.platform.engine.support.hierarchical.NodeTestTask","method":"lambda$executeRecursively$9","file":"NodeTestTask.java","line":139},{"class":"org.junit.platform.engine.support.hierarchical.ThrowableCollector","method":"execute","file":"ThrowableCollector.java","line":73},{"class":"org.junit.platform.engine.support.hierarchical.NodeTestTask","method":"executeRecursively","file":"NodeTestTask.java","line":138},{"class":"org.junit.platform.engine.support.hierarchical.NodeTestTask","method":"execute","file":"NodeTestTask.java","line":95},{"class":"org.junit.platform.engine.support.hierarchical.SameThreadHierarchicalTestExecutorService","method":"submit","file":"SameThreadHierarchicalTestExecutorService.java","line":35},{"class":"org.junit.platform.engine.support.hierarchical.HierarchicalTestExecutor","method":"execute","file":"HierarchicalTestExecutor.java","line":57},{"class":"org.junit.platform.engine.support.hierarchical.HierarchicalTestEngine","method":"execute","file":"HierarchicalTestEngine.java","line":54},{"class":"org.junit.platform.launcher.core.EngineExecutionOrchestrator","method":"execute","file":"EngineExecutionOrchestrator.java","line":108},{"class":"org.junit.platform.launcher.core.EngineExecutionOrchestrator","method":"execute","file":"EngineExecutionOrchestrator.java","line":88},{"class":"org.junit.platform.launcher.core.EngineExecutionOrchestrator","method":"lambda$execute$0","file":"EngineExecutionOrchestrator.java","line":54},{"class":"org.junit.platform.launcher.core.EngineExecutionOrchestrator","method":"withInterceptedStreams","file":"EngineExecutionOrchestrator.java","line":67},{"class":"org.junit.platform.launcher.core.EngineExecutionOrchestrator","method":"execute","file":"EngineExecutionOrchestrator.java","line":52},{"class":"org.junit.platform.launcher.core.DefaultLauncher","method":"execute","file":"DefaultLauncher.java","line":96},{"class":"org.junit.platform.launcher.core.DefaultLauncher","method":"execute","file":"DefaultLauncher.java","line":75},{"class":"org.gradle.api.internal.tasks.testing.junitplatform.JUnitPlatformTestClassProcessor$CollectAllTestClassesExecutor","method":"processAllTestClasses","file":"JUnitPlatformTestClassProcessor.java","line":99},{"class":"org.gradle.api.internal.tasks.testing.junitplatform.JUnitPlatformTestClassProcessor$CollectAllTestClassesExecutor","method":"access$000","file":"JUnitPlatformTestClassProcessor.java","line":79},{"class":"org.gradle.api.internal.tasks.testing.junitplatform.JUnitPlatformTestClassProcessor","method":"stop","file":"JUnitPlatformTestClassProcessor.java","line":75},{"class":"org.gradle.api.internal.tasks.testing.SuiteTestClassProcessor","method":"stop","file":"SuiteTestClassProcessor.java","line":61},{"class":"jdk.internal.reflect.NativeMethodAccessorImpl","method":"invoke0","file":"NativeMethodAccessorImpl.java","line":-2},{"class":"jdk.internal.reflect.NativeMethodAccessorImpl","method":"invoke","file":"NativeMethodAccessorImpl.java","line":62},{"class":"jdk.internal.reflect.DelegatingMethodAccessorImpl","method":"invoke","file":"DelegatingMethodAccessorImpl.java","line":43},{"class":"java.lang.reflect.Method","method":"invoke","file":"Method.java","line":566},{"class":"org.gradle.internal.dispatch.ReflectionDispatch","method":"dispatch","file":"ReflectionDispatch.java","line":36},{"class":"org.gradle.internal.dispatch.ReflectionDispatch","method":"dispatch","file":"ReflectionDispatch.java","line":24},{"class":"org.gradle.internal.dispatch.ContextClassLoaderDispatch","method":"dispatch","file":"ContextClassLoaderDispatch.java","line":33},{"class":"org.gradle.internal.dispatch.ProxyDispatchAdapter$DispatchingInvocationHandler","method":"invoke","file":"ProxyDispatchAdapter.java","line":94},{"class":"com.sun.proxy.$Proxy5","method":"stop","file":null,"line":-1},{"class":"org.gradle.api.internal.tasks.testing.worker.TestWorker$3","method":"run","file":"TestWorker.java","line":193},{"class":"org.gradle.api.internal.tasks.testing.worker.TestWorker","method":"executeAndMaintainThreadName","file":"TestWorker.java","line":129},{"class":"org.gradle.api.internal.tasks.testing.worker.TestWorker","method":"execute","file":"TestWorker.java","line":100},{"class":"org.gradle.api.internal.tasks.testing.worker.TestWorker","method":"execute","file":"TestWorker.java","line":60},{"class":"org.gradle.process.internal.worker.child.ActionExecutionWorker","method":"execute","file":"ActionExecutionWorker.java","line":56},{"class":"org.gradle.process.internal.worker.child.SystemApplicationClassLoaderWorker","method":"call","file":"SystemApplicationClassLoaderWorker.java","line":133},{"class":"org.gradle.process.internal.worker.child.SystemApplicationClassLoaderWorker","method":"call","file":"SystemApplicationClassLoaderWorker.java","line":71},{"class":"worker.org.gradle.process.internal.worker.GradleWorkerMain","method":"run","file":"GradleWorkerMain.java","line":69},{"class":"worker.org.gradle.process.internal.worker.GradleWorkerMain","method":"main","file":"GradleWorkerMain.java","line":74}]},"endOfBatch":false,"loggerFqcn":"org.apache.logging.slf4j.Log4jLogger","threadId":1,"threadPriority":5}
{"timestamp":"2022-12-01T12:17:33.426+0000GMT","instant":{"epochSecond":1669897053,"nanoOfSecond":426821000},"thread":"Test worker","level":"ERROR","loggerName":"software.amazon.cloudwatchlogs.emf.sinks.TCPClient","message":"Failed to open output stream: ","thrown":{"message":"Socket is not connected","name":"java.net.SocketException","extendedStackTrace":[{"class":"java.net.Socket","method":"getOutputStream","file":"Socket.java","line":964},{"class":"software.amazon.cloudwatchlogs.emf.sinks.TCPClient","method":"sendMessage","file":"TCPClient.java","line":60},{"class":"software.amazon.cloudwatchlogs.emf.sinks.AgentSink","method":"accept","file":"AgentSink.java","line":52},{"class":"software.amazon.cloudwatchlogs.emf.logger.MetricsLogger","method":"flush","file":"MetricsLogger.java","line":66},{"class":"software.amazon.lambda.powertools.metrics.internal.LambdaMetricsAspect","method":"around","file":"LambdaMetricsAspect.java","line":73},{"class":"uk.gov.di.ipv.cri.passport.accesstoken.AccessTokenHandler","method":"handleRequest","file":"AccessTokenHandler.java","line":84},{"class":"uk.gov.di.ipv.cri.passport.accesstoken.AccessTokenHandlerTest","method":"shouldReturn400WhenInvalidTokenRequestProvided","file":"AccessTokenHandlerTest.java","line":146},{"class":"jdk.internal.reflect.NativeMethodAccessorImpl","method":"invoke0","file":"NativeMethodAccessorImpl.java","line":-2},{"class":"jdk.internal.reflect.NativeMethodAccessorImpl","method":"invoke","file":"NativeMethodAccessorImpl.java","line":62},{"class":"jdk.internal.reflect.DelegatingMethodAccessorImpl","method":"invoke","file":"DelegatingMethodAccessorImpl.java","line":43},{"class":"java.lang.reflect.Method","method":"invoke","file":"Method.java","line":566},{"class":"org.junit.platform.commons.util.ReflectionUtils","method":"invokeMethod","file":"ReflectionUtils.java","line":725},{"class":"org.junit.jupiter.engine.execution.MethodInvocation","method":"proceed","file":"MethodInvocation.java","line":60},{"class":"org.junit.jupiter.engine.execution.InvocationInterceptorChain$ValidatingInvocation","method":"proceed","file":"InvocationInterceptorChain.java","line":131},{"class":"org.junit.jupiter.engine.extension.TimeoutExtension","method":"intercept","file":"TimeoutExtension.java","line":149},{"class":"org.junit.jupiter.engine.extension.TimeoutExtension","method":"interceptTestableMethod","file":"TimeoutExtension.java","line":140},{"class":"org.junit.jupiter.engine.extension.TimeoutExtension","method":"interceptTestMethod","file":"TimeoutExtension.java","line":84},{"class":"org.junit.jupiter.engine.execution.ExecutableInvoker$ReflectiveInterceptorCall","method":"lambda$ofVoidMethod$0","file":"ExecutableInvoker.java","line":115},{"class":"org.junit.jupiter.engine.execution.ExecutableInvoker","method":"lambda$invoke$0","file":"ExecutableInvoker.java","line":105},{"class":"org.junit.jupiter.engine.execution.InvocationInterceptorChain$InterceptedInvocation","method":"proceed","file":"InvocationInterceptorChain.java","line":106},{"class":"org.junit.jupiter.engine.execution.InvocationInterceptorChain","method":"proceed","file":"InvocationInterceptorChain.java","line":64},{"class":"org.junit.jupiter.engine.execution.InvocationInterceptorChain","method":"chainAndInvoke","file":"InvocationInterceptorChain.java","line":45},{"class":"org.junit.jupiter.engine.execution.InvocationInterceptorChain","method":"invoke","file":"InvocationInterceptorChain.java","line":37},{"class":"org.junit.jupiter.engine.execution.ExecutableInvoker","method":"invoke","file":"ExecutableInvoker.java","line":104},{"class":"org.junit.jupiter.engine.execution.ExecutableInvoker","method":"invoke","file":"ExecutableInvoker.java","line":98},{"class":"org.junit.jupiter.engine.descriptor.TestMethodTestDescriptor","method":"lambda$invokeTestMethod$7","file":"TestMethodTestDescriptor.java","line":214},{"class":"org.junit.platform.engine.support.hierarchical.ThrowableCollector","method":"execute","file":"ThrowableCollector.java","line":73},{"class":"org.junit.jupiter.engine.descriptor.TestMethodTestDescriptor","method":"invokeTestMethod","file":"TestMethodTestDescriptor.java","line":210},{"class":"org.junit.jupiter.engine.descriptor.TestMethodTestDescriptor","method":"execute","file":"TestMethodTestDescriptor.java","line":135},{"class":"org.junit.jupiter.engine.descriptor.TestMethodTestDescriptor","method":"execute","file":"TestMethodTestDescriptor.java","line":66},{"class":"org.junit.platform.engine.support.hierarchical.NodeTestTask","method":"lambda$executeRecursively$6","file":"NodeTestTask.java","line":151},{"class":"org.junit.platform.engine.support.hierarchical.ThrowableCollector","method":"execute","file":"ThrowableCollector.java","line":73},{"class":"org.junit.platform.engine.support.hierarchical.NodeTestTask","method":"lambda$executeRecursively$8","file":"NodeTestTask.java","line":141},{"class":"org.junit.platform.engine.support.hierarchical.Node","method":"around","file":"Node.java","line":137},{"class":"org.junit.platform.engine.support.hierarchical.NodeTestTask","method":"lambda$executeRecursively$9","file":"NodeTestTask.java","line":139},{"class":"org.junit.platform.engine.support.hierarchical.ThrowableCollector","method":"execute","file":"ThrowableCollector.java","line":73},{"class":"org.junit.platform.engine.support.hierarchical.NodeTestTask","method":"executeRecursively","file":"NodeTestTask.java","line":138},{"class":"org.junit.platform.engine.support.hierarchical.NodeTestTask","method":"execute","file":"NodeTestTask.java","line":95},{"class":"java.util.ArrayList","method":"forEach","file":"ArrayList.java","line":1541},{"class":"org.junit.platform.engine.support.hierarchical.SameThreadHierarchicalTestExecutorService","method":"invokeAll","file":"SameThreadHierarchicalTestExecutorService.java","line":41},{"class":"org.junit.platform.engine.support.hierarchical.NodeTestTask","method":"lambda$executeRecursively$6","file":"NodeTestTask.java","line":155},{"class":"org.junit.platform.engine.support.hierarchical.ThrowableCollector","method":"execute","file":"ThrowableCollector.java","line":73},{"class":"org.junit.platform.engine.support.hierarchical.NodeTestTask","method":"lambda$executeRecursively$8","file":"NodeTestTask.java","line":141},{"class":"org.junit.platform.engine.support.hierarchical.Node","method":"around","file":"Node.java","line":137},{"class":"org.junit.platform.engine.support.hierarchical.NodeTestTask","method":"lambda$executeRecursively$9","file":"NodeTestTask.java","line":139},{"class":"org.junit.platform.engine.support.hierarchical.ThrowableCollector","method":"execute","file":"ThrowableCollector.java","line":73},{"class":"org.junit.platform.engine.support.hierarchical.NodeTestTask","method":"executeRecursively","file":"NodeTestTask.java","line":138},{"class":"org.junit.platform.engine.support.hierarchical.NodeTestTask","method":"execute","file":"NodeTestTask.java","line":95},{"class":"java.util.ArrayList","method":"forEach","file":"ArrayList.java","line":1541},{"class":"org.junit.platform.engine.support.hierarchical.SameThreadHierarchicalTestExecutorService","method":"invokeAll","file":"SameThreadHierarchicalTestExecutorService.java","line":41},{"class":"org.junit.platform.engine.support.hierarchical.NodeTestTask","method":"lambda$executeRecursively$6","file":"NodeTestTask.java","line":155},{"class":"org.junit.platform.engine.support.hierarchical.ThrowableCollector","method":"execute","file":"ThrowableCollector.java","line":73},{"class":"org.junit.platform.engine.support.hierarchical.NodeTestTask","method":"lambda$executeRecursively$8","file":"NodeTestTask.java","line":141},{"class":"org.junit.platform.engine.support.hierarchical.Node","method":"around","file":"Node.java","line":137},{"class":"org.junit.platform.engine.support.hierarchical.NodeTestTask","method":"lambda$executeRecursively$9","file":"NodeTestTask.java","line":139},{"class":"org.junit.platform.engine.support.hierarchical.ThrowableCollector","method":"execute","file":"ThrowableCollector.java","line":73},{"class":"org.junit.platform.engine.support.hierarchical.NodeTestTask","method":"executeRecursively","file":"NodeTestTask.java","line":138},{"class":"org.junit.platform.engine.support.hierarchical.NodeTestTask","method":"execute","file":"NodeTestTask.java","line":95},{"class":"org.junit.platform.engine.support.hierarchical.SameThreadHierarchicalTestExecutorService","method":"submit","file":"SameThreadHierarchicalTestExecutorService.java","line":35},{"class":"org.junit.platform.engine.support.hierarchical.HierarchicalTestExecutor","method":"execute","file":"HierarchicalTestExecutor.java","line":57},{"class":"org.junit.platform.engine.support.hierarchical.HierarchicalTestEngine","method":"execute","file":"HierarchicalTestEngine.java","line":54},{"class":"org.junit.platform.launcher.core.EngineExecutionOrchestrator","method":"execute","file":"EngineExecutionOrchestrator.java","line":108},{"class":"org.junit.platform.launcher.core.EngineExecutionOrchestrator","method":"execute","file":"EngineExecutionOrchestrator.java","line":88},{"class":"org.junit.platform.launcher.core.EngineExecutionOrchestrator","method":"lambda$execute$0","file":"EngineExecutionOrchestrator.java","line":54},{"class":"org.junit.platform.launcher.core.EngineExecutionOrchestrator","method":"withInterceptedStreams","file":"EngineExecutionOrchestrator.java","line":67},{"class":"org.junit.platform.launcher.core.EngineExecutionOrchestrator","method":"execute","file":"EngineExecutionOrchestrator.java","line":52},{"class":"org.junit.platform.launcher.core.DefaultLauncher","method":"execute","file":"DefaultLauncher.java","line":96},{"class":"org.junit.platform.launcher.core.DefaultLauncher","method":"execute","file":"DefaultLauncher.java","line":75},{"class":"org.gradle.api.internal.tasks.testing.junitplatform.JUnitPlatformTestClassProcessor$CollectAllTestClassesExecutor","method":"processAllTestClasses","file":"JUnitPlatformTestClassProcessor.java","line":99},{"class":"org.gradle.api.internal.tasks.testing.junitplatform.JUnitPlatformTestClassProcessor$CollectAllTestClassesExecutor","method":"access$000","file":"JUnitPlatformTestClassProcessor.java","line":79},{"class":"org.gradle.api.internal.tasks.testing.junitplatform.JUnitPlatformTestClassProcessor","method":"stop","file":"JUnitPlatformTestClassProcessor.java","line":75},{"class":"org.gradle.api.internal.tasks.testing.SuiteTestClassProcessor","method":"stop","file":"SuiteTestClassProcessor.java","line":61},{"class":"jdk.internal.reflect.NativeMethodAccessorImpl","method":"invoke0","file":"NativeMethodAccessorImpl.java","line":-2},{"class":"jdk.internal.reflect.NativeMethodAccessorImpl","method":"invoke","file":"NativeMethodAccessorImpl.java","line":62},{"class":"jdk.internal.reflect.DelegatingMethodAccessorImpl","method":"invoke","file":"DelegatingMethodAccessorImpl.java","line":43},{"class":"java.lang.reflect.Method","method":"invoke","file":"Method.java","line":566},{"class":"org.gradle.internal.dispatch.ReflectionDispatch","method":"dispatch","file":"ReflectionDispatch.java","line":36},{"class":"org.gradle.internal.dispatch.ReflectionDispatch","method":"dispatch","file":"ReflectionDispatch.java","line":24},{"class":"org.gradle.internal.dispatch.ContextClassLoaderDispatch","method":"dispatch","file":"ContextClassLoaderDispatch.java","line":33},{"class":"org.gradle.internal.dispatch.ProxyDispatchAdapter$DispatchingInvocationHandler","method":"invoke","file":"ProxyDispatchAdapter.java","line":94},{"class":"com.sun.proxy.$Proxy5","method":"stop","file":null,"line":-1},{"class":"org.gradle.api.internal.tasks.testing.worker.TestWorker$3","method":"run","file":"TestWorker.java","line":193},{"class":"org.gradle.api.internal.tasks.testing.worker.TestWorker","method":"executeAndMaintainThreadName","file":"TestWorker.java","line":129},{"class":"org.gradle.api.internal.tasks.testing.worker.TestWorker","method":"execute","file":"TestWorker.java","line":100},{"class":"org.gradle.api.internal.tasks.testing.worker.TestWorker","method":"execute","file":"TestWorker.java","line":60},{"class":"org.gradle.process.internal.worker.child.ActionExecutionWorker","method":"execute","file":"ActionExecutionWorker.java","line":56},{"class":"org.gradle.process.internal.worker.child.SystemApplicationClassLoaderWorker","method":"call","file":"SystemApplicationClassLoaderWorker.java","line":133},{"class":"org.gradle.process.internal.worker.child.SystemApplicationClassLoaderWorker","method":"call","file":"SystemApplicationClassLoaderWorker.java","line":71},{"class":"worker.org.gradle.process.internal.worker.GradleWorkerMain","method":"run","file":"GradleWorkerMain.java","line":69},{"class":"worker.org.gradle.process.internal.worker.GradleWorkerMain","method":"main","file":"GradleWorkerMain.java","line":74}]},"endOfBatch":false,"loggerFqcn":"org.apache.logging.slf4j.Log4jLogger","threadId":1,"threadPriority":5}
{"timestamp":"2022-12-01T12:17:33.428+0000GMT","instant":{"epochSecond":1669897053,"nanoOfSecond":428351000},"thread":"Test worker","level":"ERROR","loggerName":"software.amazon.cloudwatchlogs.emf.sinks.TCPClient","message":"Failed to connect to the socket due to the exception: ","thrown":{"message":"Socket closed","name":"java.net.SocketException","extendedStackTrace":[{"class":"java.net.PlainSocketImpl","method":"socketConnect","file":"PlainSocketImpl.java","line":-2},{"class":"java.net.AbstractPlainSocketImpl","method":"doConnect","file":"AbstractPlainSocketImpl.java","line":399},{"class":"java.net.AbstractPlainSocketImpl","method":"connectToAddress","file":"AbstractPlainSocketImpl.java","line":242},{"class":"java.net.AbstractPlainSocketImpl","method":"connect","file":"AbstractPlainSocketImpl.java","line":224},{"class":"java.net.SocksSocketImpl","method":"connect","file":"SocksSocketImpl.java","line":392},{"class":"java.net.Socket","method":"connect","file":"Socket.java","line":609},{"class":"java.net.Socket","method":"connect","file":"Socket.java","line":558},{"class":"software.amazon.cloudwatchlogs.emf.sinks.TCPClient","method":"connect","file":"TCPClient.java","line":40},{"class":"software.amazon.cloudwatchlogs.emf.sinks.TCPClient","method":"sendMessage","file":"TCPClient.java","line":63},{"class":"software.amazon.cloudwatchlogs.emf.sinks.AgentSink","method":"accept","file":"AgentSink.java","line":52},{"class":"software.amazon.cloudwatchlogs.emf.logger.MetricsLogger","method":"flush","file":"MetricsLogger.java","line":66},{"class":"software.amazon.lambda.powertools.metrics.internal.LambdaMetricsAspect","method":"around","file":"LambdaMetricsAspect.java","line":73},{"class":"uk.gov.di.ipv.cri.passport.accesstoken.AccessTokenHandler","method":"handleRequest","file":"AccessTokenHandler.java","line":84},{"class":"uk.gov.di.ipv.cri.passport.accesstoken.AccessTokenHandlerTest","method":"shouldReturn400WhenInvalidTokenRequestProvided","file":"AccessTokenHandlerTest.java","line":146},{"class":"jdk.internal.reflect.NativeMethodAccessorImpl","method":"invoke0","file":"NativeMethodAccessorImpl.java","line":-2},{"class":"jdk.internal.reflect.NativeMethodAccessorImpl","method":"invoke","file":"NativeMethodAccessorImpl.java","line":62},{"class":"jdk.internal.reflect.DelegatingMethodAccessorImpl","method":"invoke","file":"DelegatingMethodAccessorImpl.java","line":43},{"class":"java.lang.reflect.Method","method":"invoke","file":"Method.java","line":566},{"class":"org.junit.platform.commons.util.ReflectionUtils","method":"invokeMethod","file":"ReflectionUtils.java","line":725},{"class":"org.junit.jupiter.engine.execution.MethodInvocation","method":"proceed","file":"MethodInvocation.java","line":60},{"class":"org.junit.jupiter.engine.execution.InvocationInterceptorChain$ValidatingInvocation","method":"proceed","file":"InvocationInterceptorChain.java","line":131},{"class":"org.junit.jupiter.engine.extension.TimeoutExtension","method":"intercept","file":"TimeoutExtension.java","line":149},{"class":"org.junit.jupiter.engine.extension.TimeoutExtension","method":"interceptTestableMethod","file":"TimeoutExtension.java","line":140},{"class":"org.junit.jupiter.engine.extension.TimeoutExtension","method":"interceptTestMethod","file":"TimeoutExtension.java","line":84},{"class":"org.junit.jupiter.engine.execution.ExecutableInvoker$ReflectiveInterceptorCall","method":"lambda$ofVoidMethod$0","file":"ExecutableInvoker.java","line":115},{"class":"org.junit.jupiter.engine.execution.ExecutableInvoker","method":"lambda$invoke$0","file":"ExecutableInvoker.java","line":105},{"class":"org.junit.jupiter.engine.execution.InvocationInterceptorChain$InterceptedInvocation","method":"proceed","file":"InvocationInterceptorChain.java","line":106},{"class":"org.junit.jupiter.engine.execution.InvocationInterceptorChain","method":"proceed","file":"InvocationInterceptorChain.java","line":64},{"class":"org.junit.jupiter.engine.execution.InvocationInterceptorChain","method":"chainAndInvoke","file":"InvocationInterceptorChain.java","line":45},{"class":"org.junit.jupiter.engine.execution.InvocationInterceptorChain","method":"invoke","file":"InvocationInterceptorChain.java","line":37},{"class":"org.junit.jupiter.engine.execution.ExecutableInvoker","method":"invoke","file":"ExecutableInvoker.java","line":104},{"class":"org.junit.jupiter.engine.execution.ExecutableInvoker","method":"invoke","file":"ExecutableInvoker.java","line":98},{"class":"org.junit.jupiter.engine.descriptor.TestMethodTestDescriptor","method":"lambda$invokeTestMethod$7","file":"TestMethodTestDescriptor.java","line":214},{"class":"org.junit.platform.engine.support.hierarchical.ThrowableCollector","method":"execute","file":"ThrowableCollector.java","line":73},{"class":"org.junit.jupiter.engine.descriptor.TestMethodTestDescriptor","method":"invokeTestMethod","file":"TestMethodTestDescriptor.java","line":210},{"class":"org.junit.jupiter.engine.descriptor.TestMethodTestDescriptor","method":"execute","file":"TestMethodTestDescriptor.java","line":135},{"class":"org.junit.jupiter.engine.descriptor.TestMethodTestDescriptor","method":"execute","file":"TestMethodTestDescriptor.java","line":66},{"class":"org.junit.platform.engine.support.hierarchical.NodeTestTask","method":"lambda$executeRecursively$6","file":"NodeTestTask.java","line":151},{"class":"org.junit.platform.engine.support.hierarchical.ThrowableCollector","method":"execute","file":"ThrowableCollector.java","line":73},{"class":"org.junit.platform.engine.support.hierarchical.NodeTestTask","method":"lambda$executeRecursively$8","file":"NodeTestTask.java","line":141},{"class":"org.junit.platform.engine.support.hierarchical.Node","method":"around","file":"Node.java","line":137},{"class":"org.junit.platform.engine.support.hierarchical.NodeTestTask","method":"lambda$executeRecursively$9","file":"NodeTestTask.java","line":139},{"class":"org.junit.platform.engine.support.hierarchical.ThrowableCollector","method":"execute","file":"ThrowableCollector.java","line":73},{"class":"org.junit.platform.engine.support.hierarchical.NodeTestTask","method":"executeRecursively","file":"NodeTestTask.java","line":138},{"class":"org.junit.platform.engine.support.hierarchical.NodeTestTask","method":"execute","file":"NodeTestTask.java","line":95},{"class":"java.util.ArrayList","method":"forEach","file":"ArrayList.java","line":1541},{"class":"org.junit.platform.engine.support.hierarchical.SameThreadHierarchicalTestExecutorService","method":"invokeAll","file":"SameThreadHierarchicalTestExecutorService.java","line":41},{"class":"org.junit.platform.engine.support.hierarchical.NodeTestTask","method":"lambda$executeRecursively$6","file":"NodeTestTask.java","line":155},{"class":"org.junit.platform.engine.support.hierarchical.ThrowableCollector","method":"execute","file":"ThrowableCollector.java","line":73},{"class":"org.junit.platform.engine.support.hierarchical.NodeTestTask","method":"lambda$executeRecursively$8","file":"NodeTestTask.java","line":141},{"class":"org.junit.platform.engine.support.hierarchical.Node","method":"around","file":"Node.java","line":137},{"class":"org.junit.platform.engine.support.hierarchical.NodeTestTask","method":"lambda$executeRecursively$9","file":"NodeTestTask.java","line":139},{"class":"org.junit.platform.engine.support.hierarchical.ThrowableCollector","method":"execute","file":"ThrowableCollector.java","line":73},{"class":"org.junit.platform.engine.support.hierarchical.NodeTestTask","method":"executeRecursively","file":"NodeTestTask.java","line":138},{"class":"org.junit.platform.engine.support.hierarchical.NodeTestTask","method":"execute","file":"NodeTestTask.java","line":95},{"class":"java.util.ArrayList","method":"forEach","file":"ArrayList.java","line":1541},{"class":"org.junit.platform.engine.support.hierarchical.SameThreadHierarchicalTestExecutorService","method":"invokeAll","file":"SameThreadHierarchicalTestExecutorService.java","line":41},{"class":"org.junit.platform.engine.support.hierarchical.NodeTestTask","method":"lambda$executeRecursively$6","file":"NodeTestTask.java","line":155},{"class":"org.junit.platform.engine.support.hierarchical.ThrowableCollector","method":"execute","file":"ThrowableCollector.java","line":73},{"class":"org.junit.platform.engine.support.hierarchical.NodeTestTask","method":"lambda$executeRecursively$8","file":"NodeTestTask.java","line":141},{"class":"org.junit.platform.engine.support.hierarchical.Node","method":"around","file":"Node.java","line":137},{"class":"org.junit.platform.engine.support.hierarchical.NodeTestTask","method":"lambda$executeRecursively$9","file":"NodeTestTask.java","line":139},{"class":"org.junit.platform.engine.support.hierarchical.ThrowableCollector","method":"execute","file":"ThrowableCollector.java","line":73},{"class":"org.junit.platform.engine.support.hierarchical.NodeTestTask","method":"executeRecursively","file":"NodeTestTask.java","line":138},{"class":"org.junit.platform.engine.support.hierarchical.NodeTestTask","method":"execute","file":"NodeTestTask.java","line":95},{"class":"org.junit.platform.engine.support.hierarchical.SameThreadHierarchicalTestExecutorService","method":"submit","file":"SameThreadHierarchicalTestExecutorService.java","line":35},{"class":"org.junit.platform.engine.support.hierarchical.HierarchicalTestExecutor","method":"execute","file":"HierarchicalTestExecutor.java","line":57},{"class":"org.junit.platform.engine.support.hierarchical.HierarchicalTestEngine","method":"execute","file":"HierarchicalTestEngine.java","line":54},{"class":"org.junit.platform.launcher.core.EngineExecutionOrchestrator","method":"execute","file":"EngineExecutionOrchestrator.java","line":108},{"class":"org.junit.platform.launcher.core.EngineExecutionOrchestrator","method":"execute","file":"EngineExecutionOrchestrator.java","line":88},{"class":"org.junit.platform.launcher.core.EngineExecutionOrchestrator","method":"lambda$execute$0","file":"EngineExecutionOrchestrator.java","line":54},{"class":"org.junit.platform.launcher.core.EngineExecutionOrchestrator","method":"withInterceptedStreams","file":"EngineExecutionOrchestrator.java","line":67},{"class":"org.junit.platform.launcher.core.EngineExecutionOrchestrator","method":"execute","file":"EngineExecutionOrchestrator.java","line":52},{"class":"org.junit.platform.launcher.core.DefaultLauncher","method":"execute","file":"DefaultLauncher.java","line":96},{"class":"org.junit.platform.launcher.core.DefaultLauncher","method":"execute","file":"DefaultLauncher.java","line":75},{"class":"org.gradle.api.internal.tasks.testing.junitplatform.JUnitPlatformTestClassProcessor$CollectAllTestClassesExecutor","method":"processAllTestClasses","file":"JUnitPlatformTestClassProcessor.java","line":99},{"class":"org.gradle.api.internal.tasks.testing.junitplatform.JUnitPlatformTestClassProcessor$CollectAllTestClassesExecutor","method":"access$000","file":"JUnitPlatformTestClassProcessor.java","line":79},{"class":"org.gradle.api.internal.tasks.testing.junitplatform.JUnitPlatformTestClassProcessor","method":"stop","file":"JUnitPlatformTestClassProcessor.java","line":75},{"class":"org.gradle.api.internal.tasks.testing.SuiteTestClassProcessor","method":"stop","file":"SuiteTestClassProcessor.java","line":61},{"class":"jdk.internal.reflect.NativeMethodAccessorImpl","method":"invoke0","file":"NativeMethodAccessorImpl.java","line":-2},{"class":"jdk.internal.reflect.NativeMethodAccessorImpl","method":"invoke","file":"NativeMethodAccessorImpl.java","line":62},{"class":"jdk.internal.reflect.DelegatingMethodAccessorImpl","method":"invoke","file":"DelegatingMethodAccessorImpl.java","line":43},{"class":"java.lang.reflect.Method","method":"invoke","file":"Method.java","line":566},{"class":"org.gradle.internal.dispatch.ReflectionDispatch","method":"dispatch","file":"ReflectionDispatch.java","line":36},{"class":"org.gradle.internal.dispatch.ReflectionDispatch","method":"dispatch","file":"ReflectionDispatch.java","line":24},{"class":"org.gradle.internal.dispatch.ContextClassLoaderDispatch","method":"dispatch","file":"ContextClassLoaderDispatch.java","line":33},{"class":"org.gradle.internal.dispatch.ProxyDispatchAdapter$DispatchingInvocationHandler","method":"invoke","file":"ProxyDispatchAdapter.java","line":94},{"class":"com.sun.proxy.$Proxy5","method":"stop","file":null,"line":-1},{"class":"org.gradle.api.internal.tasks.testing.worker.TestWorker$3","method":"run","file":"TestWorker.java","line":193},{"class":"org.gradle.api.internal.tasks.testing.worker.TestWorker","method":"executeAndMaintainThreadName","file":"TestWorker.java","line":129},{"class":"org.gradle.api.internal.tasks.testing.worker.TestWorker","method":"execute","file":"TestWorker.java","line":100},{"class":"org.gradle.api.internal.tasks.testing.worker.TestWorker","method":"execute","file":"TestWorker.java","line":60},{"class":"org.gradle.process.internal.worker.child.ActionExecutionWorker","method":"execute","file":"ActionExecutionWorker.java","line":56},{"class":"org.gradle.process.internal.worker.child.SystemApplicationClassLoaderWorker","method":"call","file":"SystemApplicationClassLoaderWorker.java","line":133},{"class":"org.gradle.process.internal.worker.child.SystemApplicationClassLoaderWorker","method":"call","file":"SystemApplicationClassLoaderWorker.java","line":71},{"class":"worker.org.gradle.process.internal.worker.GradleWorkerMain","method":"run","file":"GradleWorkerMain.java","line":69},{"class":"worker.org.gradle.process.internal.worker.GradleWorkerMain","method":"main","file":"GradleWorkerMain.java","line":74}]},"endOfBatch":false,"loggerFqcn":"org.apache.logging.slf4j.Log4jLogger","threadId":1,"threadPriority":5}
{"timestamp":"2022-12-01T12:17:33.448+0000GMT","instant":{"epochSecond":1669897053,"nanoOfSecond":448140000},"thread":"Test worker","level":"INFO","loggerName":"uk.gov.di.ipv.cri.passport.library.helpers.LogHelper","message":"COMPONENT_ID_LOG_FIELD attached to logs","endOfBatch":false,"loggerFqcn":"org.apache.logging.log4j.spi.AbstractLogger","threadId":1,"threadPriority":5,"coldStart":"false","componentId":"passport-cri","functionArn":null,"functionMemorySize":"0","functionName":null,"functionVersion":null,"function_request_id":"null","samplingRate":"0.0","service":"service_undefined"}
{"timestamp":"2022-12-01T12:17:33.449+0000GMT","instant":{"epochSecond":1669897053,"nanoOfSecond":449425000},"thread":"Test worker","level":"ERROR","loggerName":"uk.gov.di.ipv.cri.passport.accesstoken.AccessTokenHandler","message":"Access Token could not be issued. The supplied authorization code was not found in the database.","endOfBatch":false,"loggerFqcn":"org.apache.logging.log4j.spi.AbstractLogger","threadId":1,"threadPriority":5,"coldStart":"false","componentId":"passport-cri","functionArn":null,"functionMemorySize":"0","functionName":null,"functionVersion":null,"function_request_id":"null","samplingRate":"0.0","service":"service_undefined"}
{"timestamp":"2022-12-01T12:17:33.450+0000GMT","instant":{"epochSecond":1669897053,"nanoOfSecond":450862000},"thread":"Test worker","level":"WARN","loggerName":"software.amazon.cloudwatchlogs.emf.environment.AgentBasedEnvironment","message":"Unknown ServiceName.","endOfBatch":false,"loggerFqcn":"org.apache.logging.slf4j.Log4jLogger","threadId":1,"threadPriority":5}
{"timestamp":"2022-12-01T12:17:33.451+0000GMT","instant":{"epochSecond":1669897053,"nanoOfSecond":451084000},"thread":"Test worker","level":"WARN","loggerName":"software.amazon.cloudwatchlogs.emf.environment.AgentBasedEnvironment","message":"Unknown ServiceName.","endOfBatch":false,"loggerFqcn":"org.apache.logging.slf4j.Log4jLogger","threadId":1,"threadPriority":5}
{"timestamp":"2022-12-01T12:17:33.451+0000GMT","instant":{"epochSecond":1669897053,"nanoOfSecond":451225000},"thread":"Test worker","level":"INFO","loggerName":"software.amazon.cloudwatchlogs.emf.environment.DefaultEnvironment","message":"Unknown ServiceType","endOfBatch":false,"loggerFqcn":"org.apache.logging.slf4j.Log4jLogger","threadId":1,"threadPriority":5}
{"timestamp":"2022-12-01T12:17:33.451+0000GMT","instant":{"epochSecond":1669897053,"nanoOfSecond":451840000},"thread":"Test worker","level":"ERROR","loggerName":"software.amazon.cloudwatchlogs.emf.sinks.TCPClient","message":"Failed to connect to the socket due to the exception: ","thrown":{"message":"Socket closed","name":"java.net.SocketException","extendedStackTrace":[{"class":"java.net.PlainSocketImpl","method":"socketConnect","file":"PlainSocketImpl.java","line":-2},{"class":"java.net.AbstractPlainSocketImpl","method":"doConnect","file":"AbstractPlainSocketImpl.java","line":399},{"class":"java.net.AbstractPlainSocketImpl","method":"connectToAddress","file":"AbstractPlainSocketImpl.java","line":242},{"class":"java.net.AbstractPlainSocketImpl","method":"connect","file":"AbstractPlainSocketImpl.java","line":224},{"class":"java.net.SocksSocketImpl","method":"connect","file":"SocksSocketImpl.java","line":392},{"class":"java.net.Socket","method":"connect","file":"Socket.java","line":609},{"class":"java.net.Socket","method":"connect","file":"Socket.java","line":558},{"class":"software.amazon.cloudwatchlogs.emf.sinks.TCPClient","method":"connect","file":"TCPClient.java","line":40},{"class":"software.amazon.cloudwatchlogs.emf.sinks.TCPClient","method":"sendMessage","file":"TCPClient.java","line":55},{"class":"software.amazon.cloudwatchlogs.emf.sinks.AgentSink","method":"accept","file":"AgentSink.java","line":52},{"class":"software.amazon.cloudwatchlogs.emf.logger.MetricsLogger","method":"flush","file":"MetricsLogger.java","line":66},{"class":"software.amazon.lambda.powertools.metrics.internal.LambdaMetricsAspect","method":"around","file":"LambdaMetricsAspect.java","line":73},{"class":"uk.gov.di.ipv.cri.passport.accesstoken.AccessTokenHandler","method":"handleRequest","file":"AccessTokenHandler.java","line":84},{"class":"uk.gov.di.ipv.cri.passport.accesstoken.AccessTokenHandlerTest","method":"shouldReturn400OWhenUnknownAuthorisationCodeProvided","file":"AccessTokenHandlerTest.java","line":217},{"class":"jdk.internal.reflect.NativeMethodAccessorImpl","method":"invoke0","file":"NativeMethodAccessorImpl.java","line":-2},{"class":"jdk.internal.reflect.NativeMethodAccessorImpl","method":"invoke","file":"NativeMethodAccessorImpl.java","line":62},{"class":"jdk.internal.reflect.DelegatingMethodAccessorImpl","method":"invoke","file":"DelegatingMethodAccessorImpl.java","line":43},{"class":"java.lang.reflect.Method","method":"invoke","file":"Method.java","line":566},{"class":"org.junit.platform.commons.util.ReflectionUtils","method":"invokeMethod","file":"ReflectionUtils.java","line":725},{"class":"org.junit.jupiter.engine.execution.MethodInvocation","method":"proceed","file":"MethodInvocation.java","line":60},{"class":"org.junit.jupiter.engine.execution.InvocationInterceptorChain$ValidatingInvocation","method":"proceed","file":"InvocationInterceptorChain.java","line":131},{"class":"org.junit.jupiter.engine.extension.TimeoutExtension","method":"intercept","file":"TimeoutExtension.java","line":149},{"class":"org.junit.jupiter.engine.extension.TimeoutExtension","method":"interceptTestableMethod","file":"TimeoutExtension.java","line":140},{"class":"org.junit.jupiter.engine.extension.TimeoutExtension","method":"interceptTestMethod","file":"TimeoutExtension.java","line":84},{"class":"org.junit.jupiter.engine.execution.ExecutableInvoker$ReflectiveInterceptorCall","method":"lambda$ofVoidMethod$0","file":"ExecutableInvoker.java","line":115},{"class":"org.junit.jupiter.engine.execution.ExecutableInvoker","method":"lambda$invoke$0","file":"ExecutableInvoker.java","line":105},{"class":"org.junit.jupiter.engine.execution.InvocationInterceptorChain$InterceptedInvocation","method":"proceed","file":"InvocationInterceptorChain.java","line":106},{"class":"org.junit.jupiter.engine.execution.InvocationInterceptorChain","method":"proceed","file":"InvocationInterceptorChain.java","line":64},{"class":"org.junit.jupiter.engine.execution.InvocationInterceptorChain","method":"chainAndInvoke","file":"InvocationInterceptorChain.java","line":45},{"class":"org.junit.jupiter.engine.execution.InvocationInterceptorChain","method":"invoke","file":"InvocationInterceptorChain.java","line":37},{"class":"org.junit.jupiter.engine.execution.ExecutableInvoker","method":"invoke","file":"ExecutableInvoker.java","line":104},{"class":"org.junit.jupiter.engine.execution.ExecutableInvoker","method":"invoke","file":"ExecutableInvoker.java","line":98},{"class":"org.junit.jupiter.engine.descriptor.TestMethodTestDescriptor","method":"lambda$invokeTestMethod$7","file":"TestMethodTestDescriptor.java","line":214},{"class":"org.junit.platform.engine.support.hierarchical.ThrowableCollector","method":"execute","file":"ThrowableCollector.java","line":73},{"class":"org.junit.jupiter.engine.descriptor.TestMethodTestDescriptor","method":"invokeTestMethod","file":"TestMethodTestDescriptor.java","line":210},{"class":"org.junit.jupiter.engine.descriptor.TestMethodTestDescriptor","method":"execute","file":"TestMethodTestDescriptor.java","line":135},{"class":"org.junit.jupiter.engine.descriptor.TestMethodTestDescriptor","method":"execute","file":"TestMethodTestDescriptor.java","line":66},{"class":"org.junit.platform.engine.support.hierarchical.NodeTestTask","method":"lambda$executeRecursively$6","file":"NodeTestTask.java","line":151},{"class":"org.junit.platform.engine.support.hierarchical.ThrowableCollector","method":"execute","file":"ThrowableCollector.java","line":73},{"class":"org.junit.platform.engine.support.hierarchical.NodeTestTask","method":"lambda$executeRecursively$8","file":"NodeTestTask.java","line":141},{"class":"org.junit.platform.engine.support.hierarchical.Node","method":"around","file":"Node.java","line":137},{"class":"org.junit.platform.engine.support.hierarchical.NodeTestTask","method":"lambda$executeRecursively$9","file":"NodeTestTask.java","line":139},{"class":"org.junit.platform.engine.support.hierarchical.ThrowableCollector","method":"execute","file":"ThrowableCollector.java","line":73},{"class":"org.junit.platform.engine.support.hierarchical.NodeTestTask","method":"executeRecursively","file":"NodeTestTask.java","line":138},{"class":"org.junit.platform.engine.support.hierarchical.NodeTestTask","method":"execute","file":"NodeTestTask.java","line":95},{"class":"java.util.ArrayList","method":"forEach","file":"ArrayList.java","line":1541},{"class":"org.junit.platform.engine.support.hierarchical.SameThreadHierarchicalTestExecutorService","method":"invokeAll","file":"SameThreadHierarchicalTestExecutorService.java","line":41},{"class":"org.junit.platform.engine.support.hierarchical.NodeTestTask","method":"lambda$executeRecursively$6","file":"NodeTestTask.java","line":155},{"class":"org.junit.platform.engine.support.hierarchical.ThrowableCollector","method":"execute","file":"ThrowableCollector.java","line":73},{"class":"org.junit.platform.engine.support.hierarchical.NodeTestTask","method":"lambda$executeRecursively$8","file":"NodeTestTask.java","line":141},{"class":"org.junit.platform.engine.support.hierarchical.Node","method":"around","file":"Node.java","line":137},{"class":"org.junit.platform.engine.support.hierarchical.NodeTestTask","method":"lambda$executeRecursively$9","file":"NodeTestTask.java","line":139},{"class":"org.junit.platform.engine.support.hierarchical.ThrowableCollector","method":"execute","file":"ThrowableCollector.java","line":73},{"class":"org.junit.platform.engine.support.hierarchical.NodeTestTask","method":"executeRecursively","file":"NodeTestTask.java","line":138},{"class":"org.junit.platform.engine.support.hierarchical.NodeTestTask","method":"execute","file":"NodeTestTask.java","line":95},{"class":"java.util.ArrayList","method":"forEach","file":"ArrayList.java","line":1541},{"class":"org.junit.platform.engine.support.hierarchical.SameThreadHierarchicalTestExecutorService","method":"invokeAll","file":"SameThreadHierarchicalTestExecutorService.java","line":41},{"class":"org.junit.platform.engine.support.hierarchical.NodeTestTask","method":"lambda$executeRecursively$6","file":"NodeTestTask.java","line":155},{"class":"org.junit.platform.engine.support.hierarchical.ThrowableCollector","method":"execute","file":"ThrowableCollector.java","line":73},{"class":"org.junit.platform.engine.support.hierarchical.NodeTestTask","method":"lambda$executeRecursively$8","file":"NodeTestTask.java","line":141},{"class":"org.junit.platform.engine.support.hierarchical.Node","method":"around","file":"Node.java","line":137},{"class":"org.junit.platform.engine.support.hierarchical.NodeTestTask","method":"lambda$executeRecursively$9","file":"NodeTestTask.java","line":139},{"class":"org.junit.platform.engine.support.hierarchical.ThrowableCollector","method":"execute","file":"ThrowableCollector.java","line":73},{"class":"org.junit.platform.engine.support.hierarchical.NodeTestTask","method":"executeRecursively","file":"NodeTestTask.java","line":138},{"class":"org.junit.platform.engine.support.hierarchical.NodeTestTask","method":"execute","file":"NodeTestTask.java","line":95},{"class":"org.junit.platform.engine.support.hierarchical.SameThreadHierarchicalTestExecutorService","method":"submit","file":"SameThreadHierarchicalTestExecutorService.java","line":35},{"class":"org.junit.platform.engine.support.hierarchical.HierarchicalTestExecutor","method":"execute","file":"HierarchicalTestExecutor.java","line":57},{"class":"org.junit.platform.engine.support.hierarchical.HierarchicalTestEngine","method":"execute","file":"HierarchicalTestEngine.java","line":54},{"class":"org.junit.platform.launcher.core.EngineExecutionOrchestrator","method":"execute","file":"EngineExecutionOrchestrator.java","line":108},{"class":"org.junit.platform.launcher.core.EngineExecutionOrchestrator","method":"execute","file":"EngineExecutionOrchestrator.java","line":88},{"class":"org.junit.platform.launcher.core.EngineExecutionOrchestrator","method":"lambda$execute$0","file":"EngineExecutionOrchestrator.java","line":54},{"class":"org.junit.platform.launcher.core.EngineExecutionOrchestrator","method":"withInterceptedStreams","file":"EngineExecutionOrchestrator.java","line":67},{"class":"org.junit.platform.launcher.core.EngineExecutionOrchestrator","method":"execute","file":"EngineExecutionOrchestrator.java","line":52},{"class":"org.junit.platform.launcher.core.DefaultLauncher","method":"execute","file":"DefaultLauncher.java","line":96},{"class":"org.junit.platform.launcher.core.DefaultLauncher","method":"execute","file":"DefaultLauncher.java","line":75},{"class":"org.gradle.api.internal.tasks.testing.junitplatform.JUnitPlatformTestClassProcessor$CollectAllTestClassesExecutor","method":"processAllTestClasses","file":"JUnitPlatformTestClassProcessor.java","line":99},{"class":"org.gradle.api.internal.tasks.testing.junitplatform.JUnitPlatformTestClassProcessor$CollectAllTestClassesExecutor","method":"access$000","file":"JUnitPlatformTestClassProcessor.java","line":79},{"class":"org.gradle.api.internal.tasks.testing.junitplatform.JUnitPlatformTestClassProcessor","method":"stop","file":"JUnitPlatformTestClassProcessor.java","line":75},{"class":"org.gradle.api.internal.tasks.testing.SuiteTestClassProcessor","method":"stop","file":"SuiteTestClassProcessor.java","line":61},{"class":"jdk.internal.reflect.NativeMethodAccessorImpl","method":"invoke0","file":"NativeMethodAccessorImpl.java","line":-2},{"class":"jdk.internal.reflect.NativeMethodAccessorImpl","method":"invoke","file":"NativeMethodAccessorImpl.java","line":62},{"class":"jdk.internal.reflect.DelegatingMethodAccessorImpl","method":"invoke","file":"DelegatingMethodAccessorImpl.java","line":43},{"class":"java.lang.reflect.Method","method":"invoke","file":"Method.java","line":566},{"class":"org.gradle.internal.dispatch.ReflectionDispatch","method":"dispatch","file":"ReflectionDispatch.java","line":36},{"class":"org.gradle.internal.dispatch.ReflectionDispatch","method":"dispatch","file":"ReflectionDispatch.java","line":24},{"class":"org.gradle.internal.dispatch.ContextClassLoaderDispatch","method":"dispatch","file":"ContextClassLoaderDispatch.java","line":33},{"class":"org.gradle.internal.dispatch.ProxyDispatchAdapter$DispatchingInvocationHandler","method":"invoke","file":"ProxyDispatchAdapter.java","line":94},{"class":"com.sun.proxy.$Proxy5","method":"stop","file":null,"line":-1},{"class":"org.gradle.api.internal.tasks.testing.worker.TestWorker$3","method":"run","file":"TestWorker.java","line":193},{"class":"org.gradle.api.internal.tasks.testing.worker.TestWorker","method":"executeAndMaintainThreadName","file":"TestWorker.java","line":129},{"class":"org.gradle.api.internal.tasks.testing.worker.TestWorker","method":"execute","file":"TestWorker.java","line":100},{"class":"org.gradle.api.internal.tasks.testing.worker.TestWorker","method":"execute","file":"TestWorker.java","line":60},{"class":"org.gradle.process.internal.worker.child.ActionExecutionWorker","method":"execute","file":"ActionExecutionWorker.java","line":56},{"class":"org.gradle.process.internal.worker.child.SystemApplicationClassLoaderWorker","method":"call","file":"SystemApplicationClassLoaderWorker.java","line":133},{"class":"org.gradle.process.internal.worker.child.SystemApplicationClassLoaderWorker","method":"call","file":"SystemApplicationClassLoaderWorker.java","line":71},{"class":"worker.org.gradle.process.internal.worker.GradleWorkerMain","method":"run","file":"GradleWorkerMain.java","line":69},{"class":"worker.org.gradle.process.internal.worker.GradleWorkerMain","method":"main","file":"GradleWorkerMain.java","line":74}]},"endOfBatch":false,"loggerFqcn":"org.apache.logging.slf4j.Log4jLogger","threadId":1,"threadPriority":5}
{"timestamp":"2022-12-01T12:17:33.454+0000GMT","instant":{"epochSecond":1669897053,"nanoOfSecond":454108000},"thread":"Test worker","level":"ERROR","loggerName":"software.amazon.cloudwatchlogs.emf.sinks.TCPClient","message":"Failed to open output stream: ","thrown":{"message":"Socket is not connected","name":"java.net.SocketException","extendedStackTrace":[{"class":"java.net.Socket","method":"getOutputStream","file":"Socket.java","line":964},{"class":"software.amazon.cloudwatchlogs.emf.sinks.TCPClient","method":"sendMessage","file":"TCPClient.java","line":60},{"class":"software.amazon.cloudwatchlogs.emf.sinks.AgentSink","method":"accept","file":"AgentSink.java","line":52},{"class":"software.amazon.cloudwatchlogs.emf.logger.MetricsLogger","method":"flush","file":"MetricsLogger.java","line":66},{"class":"software.amazon.lambda.powertools.metrics.internal.LambdaMetricsAspect","method":"around","file":"LambdaMetricsAspect.java","line":73},{"class":"uk.gov.di.ipv.cri.passport.accesstoken.AccessTokenHandler","method":"handleRequest","file":"AccessTokenHandler.java","line":84},{"class":"uk.gov.di.ipv.cri.passport.accesstoken.AccessTokenHandlerTest","method":"shouldReturn400OWhenUnknownAuthorisationCodeProvided","file":"AccessTokenHandlerTest.java","line":217},{"class":"jdk.internal.reflect.NativeMethodAccessorImpl","method":"invoke0","file":"NativeMethodAccessorImpl.java","line":-2},{"class":"jdk.internal.reflect.NativeMethodAccessorImpl","method":"invoke","file":"NativeMethodAccessorImpl.java","line":62},{"class":"jdk.internal.reflect.DelegatingMethodAccessorImpl","method":"invoke","file":"DelegatingMethodAccessorImpl.java","line":43},{"class":"java.lang.reflect.Method","method":"invoke","file":"Method.java","line":566},{"class":"org.junit.platform.commons.util.ReflectionUtils","method":"invokeMethod","file":"ReflectionUtils.java","line":725},{"class":"org.junit.jupiter.engine.execution.MethodInvocation","method":"proceed","file":"MethodInvocation.java","line":60},{"class":"org.junit.jupiter.engine.execution.InvocationInterceptorChain$ValidatingInvocation","method":"proceed","file":"InvocationInterceptorChain.java","line":131},{"class":"org.junit.jupiter.engine.extension.TimeoutExtension","method":"intercept","file":"TimeoutExtension.java","line":149},{"class":"org.junit.jupiter.engine.extension.TimeoutExtension","method":"interceptTestableMethod","file":"TimeoutExtension.java","line":140},{"class":"org.junit.jupiter.engine.extension.TimeoutExtension","method":"interceptTestMethod","file":"TimeoutExtension.java","line":84},{"class":"org.junit.jupiter.engine.execution.ExecutableInvoker$ReflectiveInterceptorCall","method":"lambda$ofVoidMethod$0","file":"ExecutableInvoker.java","line":115},{"class":"org.junit.jupiter.engine.execution.ExecutableInvoker","method":"lambda$invoke$0","file":"ExecutableInvoker.java","line":105},{"class":"org.junit.jupiter.engine.execution.InvocationInterceptorChain$InterceptedInvocation","method":"proceed","file":"InvocationInterceptorChain.java","line":106},{"class":"org.junit.jupiter.engine.execution.InvocationInterceptorChain","method":"proceed","file":"InvocationInterceptorChain.java","line":64},{"class":"org.junit.jupiter.engine.execution.InvocationInterceptorChain","method":"chainAndInvoke","file":"InvocationInterceptorChain.java","line":45},{"class":"org.junit.jupiter.engine.execution.InvocationInterceptorChain","method":"invoke","file":"InvocationInterceptorChain.java","line":37},{"class":"org.junit.jupiter.engine.execution.ExecutableInvoker","method":"invoke","file":"ExecutableInvoker.java","line":104},{"class":"org.junit.jupiter.engine.execution.ExecutableInvoker","method":"invoke","file":"ExecutableInvoker.java","line":98},{"class":"org.junit.jupiter.engine.descriptor.TestMethodTestDescriptor","method":"lambda$invokeTestMethod$7","file":"TestMethodTestDescriptor.java","line":214},{"class":"org.junit.platform.engine.support.hierarchical.ThrowableCollector","method":"execute","file":"ThrowableCollector.java","line":73},{"class":"org.junit.jupiter.engine.descriptor.TestMethodTestDescriptor","method":"invokeTestMethod","file":"TestMethodTestDescriptor.java","line":210},{"class":"org.junit.jupiter.engine.descriptor.TestMethodTestDescriptor","method":"execute","file":"TestMethodTestDescriptor.java","line":135},{"class":"org.junit.jupiter.engine.descriptor.TestMethodTestDescriptor","method":"execute","file":"TestMethodTestDescriptor.java","line":66},{"class":"org.junit.platform.engine.support.hierarchical.NodeTestTask","method":"lambda$executeRecursively$6","file":"NodeTestTask.java","line":151},{"class":"org.junit.platform.engine.support.hierarchical.ThrowableCollector","method":"execute","file":"ThrowableCollector.java","line":73},{"class":"org.junit.platform.engine.support.hierarchical.NodeTestTask","method":"lambda$executeRecursively$8","file":"NodeTestTask.java","line":141},{"class":"org.junit.platform.engine.support.hierarchical.Node","method":"around","file":"Node.java","line":137},{"class":"org.junit.platform.engine.support.hierarchical.NodeTestTask","method":"lambda$executeRecursively$9","file":"NodeTestTask.java","line":139},{"class":"org.junit.platform.engine.support.hierarchical.ThrowableCollector","method":"execute","file":"ThrowableCollector.java","line":73},{"class":"org.junit.platform.engine.support.hierarchical.NodeTestTask","method":"executeRecursively","file":"NodeTestTask.java","line":138},{"class":"org.junit.platform.engine.support.hierarchical.NodeTestTask","method":"execute","file":"NodeTestTask.java","line":95},{"class":"java.util.ArrayList","method":"forEach","file":"ArrayList.java","line":1541},{"class":"org.junit.platform.engine.support.hierarchical.SameThreadHierarchicalTestExecutorService","method":"invokeAll","file":"SameThreadHierarchicalTestExecutorService.java","line":41},{"class":"org.junit.platform.engine.support.hierarchical.NodeTestTask","method":"lambda$executeRecursively$6","file":"NodeTestTask.java","line":155},{"class":"org.junit.platform.engine.support.hierarchical.ThrowableCollector","method":"execute","file":"ThrowableCollector.java","line":73},{"class":"org.junit.platform.engine.support.hierarchical.NodeTestTask","method":"lambda$executeRecursively$8","file":"NodeTestTask.java","line":141},{"class":"org.junit.platform.engine.support.hierarchical.Node","method":"around","file":"Node.java","line":137},{"class":"org.junit.platform.engine.support.hierarchical.NodeTestTask","method":"lambda$executeRecursively$9","file":"NodeTestTask.java","line":139},{"class":"org.junit.platform.engine.support.hierarchical.ThrowableCollector","method":"execute","file":"ThrowableCollector.java","line":73},{"class":"org.junit.platform.engine.support.hierarchical.NodeTestTask","method":"executeRecursively","file":"NodeTestTask.java","line":138},{"class":"org.junit.platform.engine.support.hierarchical.NodeTestTask","method":"execute","file":"NodeTestTask.java","line":95},{"class":"java.util.ArrayList","method":"forEach","file":"ArrayList.java","line":1541},{"class":"org.junit.platform.engine.support.hierarchical.SameThreadHierarchicalTestExecutorService","method":"invokeAll","file":"SameThreadHierarchicalTestExecutorService.java","line":41},{"class":"org.junit.platform.engine.support.hierarchical.NodeTestTask","method":"lambda$executeRecursively$6","file":"NodeTestTask.java","line":155},{"class":"org.junit.platform.engine.support.hierarchical.ThrowableCollector","method":"execute","file":"ThrowableCollector.java","line":73},{"class":"org.junit.platform.engine.support.hierarchical.NodeTestTask","method":"lambda$executeRecursively$8","file":"NodeTestTask.java","line":141},{"class":"org.junit.platform.engine.support.hierarchical.Node","method":"around","file":"Node.java","line":137},{"class":"org.junit.platform.engine.support.hierarchical.NodeTestTask","method":"lambda$executeRecursively$9","file":"NodeTestTask.java","line":139},{"class":"org.junit.platform.engine.support.hierarchical.ThrowableCollector","method":"execute","file":"ThrowableCollector.java","line":73},{"class":"org.junit.platform.engine.support.hierarchical.NodeTestTask","method":"executeRecursively","file":"NodeTestTask.java","line":138},{"class":"org.junit.platform.engine.support.hierarchical.NodeTestTask","method":"execute","file":"NodeTestTask.java","line":95},{"class":"org.junit.platform.engine.support.hierarchical.SameThreadHierarchicalTestExecutorService","method":"submit","file":"SameThreadHierarchicalTestExecutorService.java","line":35},{"class":"org.junit.platform.engine.support.hierarchical.HierarchicalTestExecutor","method":"execute","file":"HierarchicalTestExecutor.java","line":57},{"class":"org.junit.platform.engine.support.hierarchical.HierarchicalTestEngine","method":"execute","file":"HierarchicalTestEngine.java","line":54},{"class":"org.junit.platform.launcher.core.EngineExecutionOrchestrator","method":"execute","file":"EngineExecutionOrchestrator.java","line":108},{"class":"org.junit.platform.launcher.core.EngineExecutionOrchestrator","method":"execute","file":"EngineExecutionOrchestrator.java","line":88},{"class":"org.junit.platform.launcher.core.EngineExecutionOrchestrator","method":"lambda$execute$0","file":"EngineExecutionOrchestrator.java","line":54},{"class":"org.junit.platform.launcher.core.EngineExecutionOrchestrator","method":"withInterceptedStreams","file":"EngineExecutionOrchestrator.java","line":67},{"class":"org.junit.platform.launcher.core.EngineExecutionOrchestrator","method":"execute","file":"EngineExecutionOrchestrator.java","line":52},{"class":"org.junit.platform.launcher.core.DefaultLauncher","method":"execute","file":"DefaultLauncher.java","line":96},{"class":"org.junit.platform.launcher.core.DefaultLauncher","method":"execute","file":"DefaultLauncher.java","line":75},{"class":"org.gradle.api.internal.tasks.testing.junitplatform.JUnitPlatformTestClassProcessor$CollectAllTestClassesExecutor","method":"processAllTestClasses","file":"JUnitPlatformTestClassProcessor.java","line":99},{"class":"org.gradle.api.internal.tasks.testing.junitplatform.JUnitPlatformTestClassProcessor$CollectAllTestClassesExecutor","method":"access$000","file":"JUnitPlatformTestClassProcessor.java","line":79},{"class":"org.gradle.api.internal.tasks.testing.junitplatform.JUnitPlatformTestClassProcessor","method":"stop","file":"JUnitPlatformTestClassProcessor.java","line":75},{"class":"org.gradle.api.internal.tasks.testing.SuiteTestClassProcessor","method":"stop","file":"SuiteTestClassProcessor.java","line":61},{"class":"jdk.internal.reflect.NativeMethodAccessorImpl","method":"invoke0","file":"NativeMethodAccessorImpl.java","line":-2},{"class":"jdk.internal.reflect.NativeMethodAccessorImpl","method":"invoke","file":"NativeMethodAccessorImpl.java","line":62},{"class":"jdk.internal.reflect.DelegatingMethodAccessorImpl","method":"invoke","file":"DelegatingMethodAccessorImpl.java","line":43},{"class":"java.lang.reflect.Method","method":"invoke","file":"Method.java","line":566},{"class":"org.gradle.internal.dispatch.ReflectionDispatch","method":"dispatch","file":"ReflectionDispatch.java","line":36},{"class":"org.gradle.internal.dispatch.ReflectionDispatch","method":"dispatch","file":"ReflectionDispatch.java","line":24},{"class":"org.gradle.internal.dispatch.ContextClassLoaderDispatch","method":"dispatch","file":"ContextClassLoaderDispatch.java","line":33},{"class":"org.gradle.internal.dispatch.ProxyDispatchAdapter$DispatchingInvocationHandler","method":"invoke","file":"ProxyDispatchAdapter.java","line":94},{"class":"com.sun.proxy.$Proxy5","method":"stop","file":null,"line":-1},{"class":"org.gradle.api.internal.tasks.testing.worker.TestWorker$3","method":"run","file":"TestWorker.java","line":193},{"class":"org.gradle.api.internal.tasks.testing.worker.TestWorker","method":"executeAndMaintainThreadName","file":"TestWorker.java","line":129},{"class":"org.gradle.api.internal.tasks.testing.worker.TestWorker","method":"execute","file":"TestWorker.java","line":100},{"class":"org.gradle.api.internal.tasks.testing.worker.TestWorker","method":"execute","file":"TestWorker.java","line":60},{"class":"org.gradle.process.internal.worker.child.ActionExecutionWorker","method":"execute","file":"ActionExecutionWorker.java","line":56},{"class":"org.gradle.process.internal.worker.child.SystemApplicationClassLoaderWorker","method":"call","file":"SystemApplicationClassLoaderWorker.java","line":133},{"class":"org.gradle.process.internal.worker.child.SystemApplicationClassLoaderWorker","method":"call","file":"SystemApplicationClassLoaderWorker.java","line":71},{"class":"worker.org.gradle.process.internal.worker.GradleWorkerMain","method":"run","file":"GradleWorkerMain.java","line":69},{"class":"worker.org.gradle.process.internal.worker.GradleWorkerMain","method":"main","file":"GradleWorkerMain.java","line":74}]},"endOfBatch":false,"loggerFqcn":"org.apache.logging.slf4j.Log4jLogger","threadId":1,"threadPriority":5}
{"timestamp":"2022-12-01T12:17:33.456+0000GMT","instant":{"epochSecond":1669897053,"nanoOfSecond":456317000},"thread":"Test worker","level":"ERROR","loggerName":"software.amazon.cloudwatchlogs.emf.sinks.TCPClient","message":"Failed to connect to the socket due to the exception: ","thrown":{"message":"Socket closed","name":"java.net.SocketException","extendedStackTrace":[{"class":"java.net.PlainSocketImpl","method":"socketConnect","file":"PlainSocketImpl.java","line":-2},{"class":"java.net.AbstractPlainSocketImpl","method":"doConnect","file":"AbstractPlainSocketImpl.java","line":399},{"class":"java.net.AbstractPlainSocketImpl","method":"connectToAddress","file":"AbstractPlainSocketImpl.java","line":242},{"class":"java.net.AbstractPlainSocketImpl","method":"connect","file":"AbstractPlainSocketImpl.java","line":224},{"class":"java.net.SocksSocketImpl","method":"connect","file":"SocksSocketImpl.java","line":392},{"class":"java.net.Socket","method":"connect","file":"Socket.java","line":609},{"class":"java.net.Socket","method":"connect","file":"Socket.java","line":558},{"class":"software.amazon.cloudwatchlogs.emf.sinks.TCPClient","method":"connect","file":"TCPClient.java","line":40},{"class":"software.amazon.cloudwatchlogs.emf.sinks.TCPClient","method":"sendMessage","file":"TCPClient.java","line":63},{"class":"software.amazon.cloudwatchlogs.emf.sinks.AgentSink","method":"accept","file":"AgentSink.java","line":52},{"class":"software.amazon.cloudwatchlogs.emf.logger.MetricsLogger","method":"flush","file":"MetricsLogger.java","line":66},{"class":"software.amazon.lambda.powertools.metrics.internal.LambdaMetricsAspect","method":"around","file":"LambdaMetricsAspect.java","line":73},{"class":"uk.gov.di.ipv.cri.passport.accesstoken.AccessTokenHandler","method":"handleRequest","file":"AccessTokenHandler.java","line":84},{"class":"uk.gov.di.ipv.cri.passport.accesstoken.AccessTokenHandlerTest","method":"shouldReturn400OWhenUnknownAuthorisationCodeProvided","file":"AccessTokenHandlerTest.java","line":217},{"class":"jdk.internal.reflect.NativeMethodAccessorImpl","method":"invoke0","file":"NativeMethodAccessorImpl.java","line":-2},{"class":"jdk.internal.reflect.NativeMethodAccessorImpl","method":"invoke","file":"NativeMethodAccessorImpl.java","line":62},{"class":"jdk.internal.reflect.DelegatingMethodAccessorImpl","method":"invoke","file":"DelegatingMethodAccessorImpl.java","line":43},{"class":"java.lang.reflect.Method","method":"invoke","file":"Method.java","line":566},{"class":"org.junit.platform.commons.util.ReflectionUtils","method":"invokeMethod","file":"ReflectionUtils.java","line":725},{"class":"org.junit.jupiter.engine.execution.MethodInvocation","method":"proceed","file":"MethodInvocation.java","line":60},{"class":"org.junit.jupiter.engine.execution.InvocationInterceptorChain$ValidatingInvocation","method":"proceed","file":"InvocationInterceptorChain.java","line":131},{"class":"org.junit.jupiter.engine.extension.TimeoutExtension","method":"intercept","file":"TimeoutExtension.java","line":149},{"class":"org.junit.jupiter.engine.extension.TimeoutExtension","method":"interceptTestableMethod","file":"TimeoutExtension.java","line":140},{"class":"org.junit.jupiter.engine.extension.TimeoutExtension","method":"interceptTestMethod","file":"TimeoutExtension.java","line":84},{"class":"org.junit.jupiter.engine.execution.ExecutableInvoker$ReflectiveInterceptorCall","method":"lambda$ofVoidMethod$0","file":"ExecutableInvoker.java","line":115},{"class":"org.junit.jupiter.engine.execution.ExecutableInvoker","method":"lambda$invoke$0","file":"ExecutableInvoker.java","line":105},{"class":"org.junit.jupiter.engine.execution.InvocationInterceptorChain$InterceptedInvocation","method":"proceed","file":"InvocationInterceptorChain.java","line":106},{"class":"org.junit.jupiter.engine.execution.InvocationInterceptorChain","method":"proceed","file":"InvocationInterceptorChain.java","line":64},{"class":"org.junit.jupiter.engine.execution.InvocationInterceptorChain","method":"chainAndInvoke","file":"InvocationInterceptorChain.java","line":45},{"class":"org.junit.jupiter.engine.execution.InvocationInterceptorChain","method":"invoke","file":"InvocationInterceptorChain.java","line":37},{"class":"org.junit.jupiter.engine.execution.ExecutableInvoker","method":"invoke","file":"ExecutableInvoker.java","line":104},{"class":"org.junit.jupiter.engine.execution.ExecutableInvoker","method":"invoke","file":"ExecutableInvoker.java","line":98},{"class":"org.junit.jupiter.engine.descriptor.TestMethodTestDescriptor","method":"lambda$invokeTestMethod$7","file":"TestMethodTestDescriptor.java","line":214},{"class":"org.junit.platform.engine.support.hierarchical.ThrowableCollector","method":"execute","file":"ThrowableCollector.java","line":73},{"class":"org.junit.jupiter.engine.descriptor.TestMethodTestDescriptor","method":"invokeTestMethod","file":"TestMethodTestDescriptor.java","line":210},{"class":"org.junit.jupiter.engine.descriptor.TestMethodTestDescriptor","method":"execute","file":"TestMethodTestDescriptor.java","line":135},{"class":"org.junit.jupiter.engine.descriptor.TestMethodTestDescriptor","method":"execute","file":"TestMethodTestDescriptor.java","line":66},{"class":"org.junit.platform.engine.support.hierarchical.NodeTestTask","method":"lambda$executeRecursively$6","file":"NodeTestTask.java","line":151},{"class":"org.junit.platform.engine.support.hierarchical.ThrowableCollector","method":"execute","file":"ThrowableCollector.java","line":73},{"class":"org.junit.platform.engine.support.hierarchical.NodeTestTask","method":"lambda$executeRecursively$8","file":"NodeTestTask.java","line":141},{"class":"org.junit.platform.engine.support.hierarchical.Node","method":"around","file":"Node.java","line":137},{"class":"org.junit.platform.engine.support.hierarchical.NodeTestTask","method":"lambda$executeRecursively$9","file":"NodeTestTask.java","line":139},{"class":"org.junit.platform.engine.support.hierarchical.ThrowableCollector","method":"execute","file":"ThrowableCollector.java","line":73},{"class":"org.junit.platform.engine.support.hierarchical.NodeTestTask","method":"executeRecursively","file":"NodeTestTask.java","line":138},{"class":"org.junit.platform.engine.support.hierarchical.NodeTestTask","method":"execute","file":"NodeTestTask.java","line":95},{"class":"java.util.ArrayList","method":"forEach","file":"ArrayList.java","line":1541},{"class":"org.junit.platform.engine.support.hierarchical.SameThreadHierarchicalTestExecutorService","method":"invokeAll","file":"SameThreadHierarchicalTestExecutorService.java","line":41},{"class":"org.junit.platform.engine.support.hierarchical.NodeTestTask","method":"lambda$executeRecursively$6","file":"NodeTestTask.java","line":155},{"class":"org.junit.platform.engine.support.hierarchical.ThrowableCollector","method":"execute","file":"ThrowableCollector.java","line":73},{"class":"org.junit.platform.engine.support.hierarchical.NodeTestTask","method":"lambda$executeRecursively$8","file":"NodeTestTask.java","line":141},{"class":"org.junit.platform.engine.support.hierarchical.Node","method":"around","file":"Node.java","line":137},{"class":"org.junit.platform.engine.support.hierarchical.NodeTestTask","method":"lambda$executeRecursively$9","file":"NodeTestTask.java","line":139},{"class":"org.junit.platform.engine.support.hierarchical.ThrowableCollector","method":"execute","file":"ThrowableCollector.java","line":73},{"class":"org.junit.platform.engine.support.hierarchical.NodeTestTask","method":"executeRecursively","file":"NodeTestTask.java","line":138},{"class":"org.junit.platform.engine.support.hierarchical.NodeTestTask","method":"execute","file":"NodeTestTask.java","line":95},{"class":"java.util.ArrayList","method":"forEach","file":"ArrayList.java","line":1541},{"class":"org.junit.platform.engine.support.hierarchical.SameThreadHierarchicalTestExecutorService","method":"invokeAll","file":"SameThreadHierarchicalTestExecutorService.java","line":41},{"class":"org.junit.platform.engine.support.hierarchical.NodeTestTask","method":"lambda$executeRecursively$6","file":"NodeTestTask.java","line":155},{"class":"org.junit.platform.engine.support.hierarchical.ThrowableCollector","method":"execute","file":"ThrowableCollector.java","line":73},{"class":"org.junit.platform.engine.support.hierarchical.NodeTestTask","method":"lambda$executeRecursively$8","file":"NodeTestTask.java","line":141},{"class":"org.junit.platform.engine.support.hierarchical.Node","method":"around","file":"Node.java","line":137},{"class":"org.junit.platform.engine.support.hierarchical.NodeTestTask","method":"lambda$executeRecursively$9","file":"NodeTestTask.java","line":139},{"class":"org.junit.platform.engine.support.hierarchical.ThrowableCollector","method":"execute","file":"ThrowableCollector.java","line":73},{"class":"org.junit.platform.engine.support.hierarchical.NodeTestTask","method":"executeRecursively","file":"NodeTestTask.java","line":138},{"class":"org.junit.platform.engine.support.hierarchical.NodeTestTask","method":"execute","file":"NodeTestTask.java","line":95},{"class":"org.junit.platform.engine.support.hierarchical.SameThreadHierarchicalTestExecutorService","method":"submit","file":"SameThreadHierarchicalTestExecutorService.java","line":35},{"class":"org.junit.platform.engine.support.hierarchical.HierarchicalTestExecutor","method":"execute","file":"HierarchicalTestExecutor.java","line":57},{"class":"org.junit.platform.engine.support.hierarchical.HierarchicalTestEngine","method":"execute","file":"HierarchicalTestEngine.java","line":54},{"class":"org.junit.platform.launcher.core.EngineExecutionOrchestrator","method":"execute","file":"EngineExecutionOrchestrator.java","line":108},{"class":"org.junit.platform.launcher.core.EngineExecutionOrchestrator","method":"execute","file":"EngineExecutionOrchestrator.java","line":88},{"class":"org.junit.platform.launcher.core.EngineExecutionOrchestrator","method":"lambda$execute$0","file":"EngineExecutionOrchestrator.java","line":54},{"class":"org.junit.platform.launcher.core.EngineExecutionOrchestrator","method":"withInterceptedStreams","file":"EngineExecutionOrchestrator.java","line":67},{"class":"org.junit.platform.launcher.core.EngineExecutionOrchestrator","method":"execute","file":"EngineExecutionOrchestrator.java","line":52},{"class":"org.junit.platform.launcher.core.DefaultLauncher","method":"execute","file":"DefaultLauncher.java","line":96},{"class":"org.junit.platform.launcher.core.DefaultLauncher","method":"execute","file":"DefaultLauncher.java","line":75},{"class":"org.gradle.api.internal.tasks.testing.junitplatform.JUnitPlatformTestClassProcessor$CollectAllTestClassesExecutor","method":"processAllTestClasses","file":"JUnitPlatformTestClassProcessor.java","line":99},{"class":"org.gradle.api.internal.tasks.testing.junitplatform.JUnitPlatformTestClassProcessor$CollectAllTestClassesExecutor","method":"access$000","file":"JUnitPlatformTestClassProcessor.java","line":79},{"class":"org.gradle.api.internal.tasks.testing.junitplatform.JUnitPlatformTestClassProcessor","method":"stop","file":"JUnitPlatformTestClassProcessor.java","line":75},{"class":"org.gradle.api.internal.tasks.testing.SuiteTestClassProcessor","method":"stop","file":"SuiteTestClassProcessor.java","line":61},{"class":"jdk.internal.reflect.NativeMethodAccessorImpl","method":"invoke0","file":"NativeMethodAccessorImpl.java","line":-2},{"class":"jdk.internal.reflect.NativeMethodAccessorImpl","method":"invoke","file":"NativeMethodAccessorImpl.java","line":62},{"class":"jdk.internal.reflect.DelegatingMethodAccessorImpl","method":"invoke","file":"DelegatingMethodAccessorImpl.java","line":43},{"class":"java.lang.reflect.Method","method":"invoke","file":"Method.java","line":566},{"class":"org.gradle.internal.dispatch.ReflectionDispatch","method":"dispatch","file":"ReflectionDispatch.java","line":36},{"class":"org.gradle.internal.dispatch.ReflectionDispatch","method":"dispatch","file":"ReflectionDispatch.java","line":24},{"class":"org.gradle.internal.dispatch.ContextClassLoaderDispatch","method":"dispatch","file":"ContextClassLoaderDispatch.java","line":33},{"class":"org.gradle.internal.dispatch.ProxyDispatchAdapter$DispatchingInvocationHandler","method":"invoke","file":"ProxyDispatchAdapter.java","line":94},{"class":"com.sun.proxy.$Proxy5","method":"stop","file":null,"line":-1},{"class":"org.gradle.api.internal.tasks.testing.worker.TestWorker$3","method":"run","file":"TestWorker.java","line":193},{"class":"org.gradle.api.internal.tasks.testing.worker.TestWorker","method":"executeAndMaintainThreadName","file":"TestWorker.java","line":129},{"class":"org.gradle.api.internal.tasks.testing.worker.TestWorker","method":"execute","file":"TestWorker.java","line":100},{"class":"org.gradle.api.internal.tasks.testing.worker.TestWorker","method":"execute","file":"TestWorker.java","line":60},{"class":"org.gradle.process.internal.worker.child.ActionExecutionWorker","method":"execute","file":"ActionExecutionWorker.java","line":56},{"class":"org.gradle.process.internal.worker.child.SystemApplicationClassLoaderWorker","method":"call","file":"SystemApplicationClassLoaderWorker.java","line":133},{"class":"org.gradle.process.internal.worker.child.SystemApplicationClassLoaderWorker","method":"call","file":"SystemApplicationClassLoaderWorker.java","line":71},{"class":"worker.org.gradle.process.internal.worker.GradleWorkerMain","method":"run","file":"GradleWorkerMain.java","line":69},{"class":"worker.org.gradle.process.internal.worker.GradleWorkerMain","method":"main","file":"GradleWorkerMain.java","line":74}]},"endOfBatch":false,"loggerFqcn":"org.apache.logging.slf4j.Log4jLogger","threadId":1,"threadPriority":5}
{"timestamp":"2022-12-01T12:17:33.472+0000GMT","instant":{"epochSecond":1669897053,"nanoOfSecond":472581000},"thread":"Test worker","level":"INFO","loggerName":"uk.gov.di.ipv.cri.passport.library.helpers.LogHelper","message":"COMPONENT_ID_LOG_FIELD attached to logs","endOfBatch":false,"loggerFqcn":"org.apache.logging.log4j.spi.AbstractLogger","threadId":1,"threadPriority":5,"coldStart":"false","componentId":"passport-cri","functionArn":null,"functionMemorySize":"0","functionName":null,"functionVersion":null,"function_request_id":"null","samplingRate":"0.0","service":"service_undefined"}
{"timestamp":"2022-12-01T12:17:33.473+0000GMT","instant":{"epochSecond":1669897053,"nanoOfSecond":473684000},"thread":"Test worker","level":"INFO","loggerName":"uk.gov.di.ipv.cri.passport.library.helpers.LogHelper","message":"PASSPORT_SESSION_ID_LOG_FIELD attached to logs","endOfBatch":false,"loggerFqcn":"org.apache.logging.log4j.spi.AbstractLogger","threadId":1,"threadPriority":5,"coldStart":"false","componentId":"passport-cri","functionArn":null,"functionMemorySize":"0","functionName":null,"functionVersion":null,"function_request_id":"null","passportSessionId":"f75b5d7c-83fe-4730-89f0-3affe50900de","samplingRate":"0.0","service":"service_undefined"}
{"timestamp":"2022-12-01T12:17:33.475+0000GMT","instant":{"epochSecond":1669897053,"nanoOfSecond":475633000},"thread":"Test worker","level":"INFO","loggerName":"uk.gov.di.ipv.cri.passport.library.helpers.LogHelper","message":"GOVUK_SIGNIN_JOURNEY_ID attached to logs","endOfBatch":false,"loggerFqcn":"org.apache.logging.log4j.spi.AbstractLogger","threadId":1,"threadPriority":5,"coldStart":"false","componentId":"passport-cri","functionArn":null,"functionMemorySize":"0","functionName":null,"functionVersion":null,"function_request_id":"null","govuk_signin_journey_id":"b34a3a9c-106d-4d7e-8047-ae890043c209","passportSessionId":"f75b5d7c-83fe-4730-89f0-3affe50900de","samplingRate":"0.0","service":"service_undefined"}
{"timestamp":"2022-12-01T12:17:33.476+0000GMT","instant":{"epochSecond":1669897053,"nanoOfSecond":476372000},"thread":"Test worker","level":"ERROR","loggerName":"uk.gov.di.ipv.cri.passport.accesstoken.AccessTokenHandler","message":"Access Token could not be issued. The supplied authorization code has expired. Created at: 2022-12-01T12:17:24.504803Z","endOfBatch":false,"loggerFqcn":"org.apache.logging.log4j.spi.AbstractLogger","threadId":1,"threadPriority":5,"coldStart":"false","componentId":"passport-cri","functionArn":null,"functionMemorySize":"0","functionName":null,"functionVersion":null,"function_request_id":"null","govuk_signin_journey_id":"b34a3a9c-106d-4d7e-8047-ae890043c209","passportSessionId":"f75b5d7c-83fe-4730-89f0-3affe50900de","samplingRate":"0.0","service":"service_undefined"}
{"timestamp":"2022-12-01T12:17:33.476+0000GMT","instant":{"epochSecond":1669897053,"nanoOfSecond":476936000},"thread":"Test worker","level":"WARN","loggerName":"software.amazon.cloudwatchlogs.emf.environment.AgentBasedEnvironment","message":"Unknown ServiceName.","endOfBatch":false,"loggerFqcn":"org.apache.logging.slf4j.Log4jLogger","threadId":1,"threadPriority":5}
{"timestamp":"2022-12-01T12:17:33.480+0000GMT","instant":{"epochSecond":1669897053,"nanoOfSecond":480482000},"thread":"Test worker","level":"WARN","loggerName":"software.amazon.cloudwatchlogs.emf.environment.AgentBasedEnvironment","message":"Unknown ServiceName.","endOfBatch":false,"loggerFqcn":"org.apache.logging.slf4j.Log4jLogger","threadId":1,"threadPriority":5}
{"timestamp":"2022-12-01T12:17:33.480+0000GMT","instant":{"epochSecond":1669897053,"nanoOfSecond":480906000},"thread":"Test worker","level":"INFO","loggerName":"software.amazon.cloudwatchlogs.emf.environment.DefaultEnvironment","message":"Unknown ServiceType","endOfBatch":false,"loggerFqcn":"org.apache.logging.slf4j.Log4jLogger","threadId":1,"threadPriority":5}
{"timestamp":"2022-12-01T12:17:33.482+0000GMT","instant":{"epochSecond":1669897053,"nanoOfSecond":482200000},"thread":"Test worker","level":"ERROR","loggerName":"software.amazon.cloudwatchlogs.emf.sinks.TCPClient","message":"Failed to connect to the socket due to the exception: ","thrown":{"message":"Socket closed","name":"java.net.SocketException","extendedStackTrace":[{"class":"java.net.PlainSocketImpl","method":"socketConnect","file":"PlainSocketImpl.java","line":-2},{"class":"java.net.AbstractPlainSocketImpl","method":"doConnect","file":"AbstractPlainSocketImpl.java","line":399},{"class":"java.net.AbstractPlainSocketImpl","method":"connectToAddress","file":"AbstractPlainSocketImpl.java","line":242},{"class":"java.net.AbstractPlainSocketImpl","method":"connect","file":"AbstractPlainSocketImpl.java","line":224},{"class":"java.net.SocksSocketImpl","method":"connect","file":"SocksSocketImpl.java","line":392},{"class":"java.net.Socket","method":"connect","file":"Socket.java","line":609},{"class":"java.net.Socket","method":"connect","file":"Socket.java","line":558},{"class":"software.amazon.cloudwatchlogs.emf.sinks.TCPClient","method":"connect","file":"TCPClient.java","line":40},{"class":"software.amazon.cloudwatchlogs.emf.sinks.TCPClient","method":"sendMessage","file":"TCPClient.java","line":55},{"class":"software.amazon.cloudwatchlogs.emf.sinks.AgentSink","method":"accept","file":"AgentSink.java","line":52},{"class":"software.amazon.cloudwatchlogs.emf.logger.MetricsLogger","method":"flush","file":"MetricsLogger.java","line":66},{"class":"software.amazon.lambda.powertools.metrics.internal.LambdaMetricsAspect","method":"around","file":"LambdaMetricsAspect.java","line":73},{"class":"uk.gov.di.ipv.cri.passport.accesstoken.AccessTokenHandler","method":"handleRequest","file":"AccessTokenHandler.java","line":84},{"class":"uk.gov.di.ipv.cri.passport.accesstoken.AccessTokenHandlerTest","method":"shouldReturn400OWhenAuthorisationCodeHasExpired","file":"AccessTokenHandlerTest.java","line":246},{"class":"jdk.internal.reflect.NativeMethodAccessorImpl","method":"invoke0","file":"NativeMethodAccessorImpl.java","line":-2},{"class":"jdk.internal.reflect.NativeMethodAccessorImpl","method":"invoke","file":"NativeMethodAccessorImpl.java","line":62},{"class":"jdk.internal.reflect.DelegatingMethodAccessorImpl","method":"invoke","file":"DelegatingMethodAccessorImpl.java","line":43},{"class":"java.lang.reflect.Method","method":"invoke","file":"Method.java","line":566},{"class":"org.junit.platform.commons.util.ReflectionUtils","method":"invokeMethod","file":"ReflectionUtils.java","line":725},{"class":"org.junit.jupiter.engine.execution.MethodInvocation","method":"proceed","file":"MethodInvocation.java","line":60},{"class":"org.junit.jupiter.engine.execution.InvocationInterceptorChain$ValidatingInvocation","method":"proceed","file":"InvocationInterceptorChain.java","line":131},{"class":"org.junit.jupiter.engine.extension.TimeoutExtension","method":"intercept","file":"TimeoutExtension.java","line":149},{"class":"org.junit.jupiter.engine.extension.TimeoutExtension","method":"interceptTestableMethod","file":"TimeoutExtension.java","line":140},{"class":"org.junit.jupiter.engine.extension.TimeoutExtension","method":"interceptTestMethod","file":"TimeoutExtension.java","line":84},{"class":"org.junit.jupiter.engine.execution.ExecutableInvoker$ReflectiveInterceptorCall","method":"lambda$ofVoidMethod$0","file":"ExecutableInvoker.java","line":115},{"class":"org.junit.jupiter.engine.execution.ExecutableInvoker","method":"lambda$invoke$0","file":"ExecutableInvoker.java","line":105},{"class":"org.junit.jupiter.engine.execution.InvocationInterceptorChain$InterceptedInvocation","method":"proceed","file":"InvocationInterceptorChain.java","line":106},{"class":"org.junit.jupiter.engine.execution.InvocationInterceptorChain","method":"proceed","file":"InvocationInterceptorChain.java","line":64},{"class":"org.junit.jupiter.engine.execution.InvocationInterceptorChain","method":"chainAndInvoke","file":"InvocationInterceptorChain.java","line":45},{"class":"org.junit.jupiter.engine.execution.InvocationInterceptorChain","method":"invoke","file":"InvocationInterceptorChain.java","line":37},{"class":"org.junit.jupiter.engine.execution.ExecutableInvoker","method":"invoke","file":"ExecutableInvoker.java","line":104},{"class":"org.junit.jupiter.engine.execution.ExecutableInvoker","method":"invoke","file":"ExecutableInvoker.java","line":98},{"class":"org.junit.jupiter.engine.descriptor.TestMethodTestDescriptor","method":"lambda$invokeTestMethod$7","file":"TestMethodTestDescriptor.java","line":214},{"class":"org.junit.platform.engine.support.hierarchical.ThrowableCollector","method":"execute","file":"ThrowableCollector.java","line":73},{"class":"org.junit.jupiter.engine.descriptor.TestMethodTestDescriptor","method":"invokeTestMethod","file":"TestMethodTestDescriptor.java","line":210},{"class":"org.junit.jupiter.engine.descriptor.TestMethodTestDescriptor","method":"execute","file":"TestMethodTestDescriptor.java","line":135},{"class":"org.junit.jupiter.engine.descriptor.TestMethodTestDescriptor","method":"execute","file":"TestMethodTestDescriptor.java","line":66},{"class":"org.junit.platform.engine.support.hierarchical.NodeTestTask","method":"lambda$executeRecursively$6","file":"NodeTestTask.java","line":151},{"class":"org.junit.platform.engine.support.hierarchical.ThrowableCollector","method":"execute","file":"ThrowableCollector.java","line":73},{"class":"org.junit.platform.engine.support.hierarchical.NodeTestTask","method":"lambda$executeRecursively$8","file":"NodeTestTask.java","line":141},{"class":"org.junit.platform.engine.support.hierarchical.Node","method":"around","file":"Node.java","line":137},{"class":"org.junit.platform.engine.support.hierarchical.NodeTestTask","method":"lambda$executeRecursively$9","file":"NodeTestTask.java","line":139},{"class":"org.junit.platform.engine.support.hierarchical.ThrowableCollector","method":"execute","file":"ThrowableCollector.java","line":73},{"class":"org.junit.platform.engine.support.hierarchical.NodeTestTask","method":"executeRecursively","file":"NodeTestTask.java","line":138},{"class":"org.junit.platform.engine.support.hierarchical.NodeTestTask","method":"execute","file":"NodeTestTask.java","line":95},{"class":"java.util.ArrayList","method":"forEach","file":"ArrayList.java","line":1541},{"class":"org.junit.platform.engine.support.hierarchical.SameThreadHierarchicalTestExecutorService","method":"invokeAll","file":"SameThreadHierarchicalTestExecutorService.java","line":41},{"class":"org.junit.platform.engine.support.hierarchical.NodeTestTask","method":"lambda$executeRecursively$6","file":"NodeTestTask.java","line":155},{"class":"org.junit.platform.engine.support.hierarchical.ThrowableCollector","method":"execute","file":"ThrowableCollector.java","line":73},{"class":"org.junit.platform.engine.support.hierarchical.NodeTestTask","method":"lambda$executeRecursively$8","file":"NodeTestTask.java","line":141},{"class":"org.junit.platform.engine.support.hierarchical.Node","method":"around","file":"Node.java","line":137},{"class":"org.junit.platform.engine.support.hierarchical.NodeTestTask","method":"lambda$executeRecursively$9","file":"NodeTestTask.java","line":139},{"class":"org.junit.platform.engine.support.hierarchical.ThrowableCollector","method":"execute","file":"ThrowableCollector.java","line":73},{"class":"org.junit.platform.engine.support.hierarchical.NodeTestTask","method":"executeRecursively","file":"NodeTestTask.java","line":138},{"class":"org.junit.platform.engine.support.hierarchical.NodeTestTask","method":"execute","file":"NodeTestTask.java","line":95},{"class":"java.util.ArrayList","method":"forEach","file":"ArrayList.java","line":1541},{"class":"org.junit.platform.engine.support.hierarchical.SameThreadHierarchicalTestExecutorService","method":"invokeAll","file":"SameThreadHierarchicalTestExecutorService.java","line":41},{"class":"org.junit.platform.engine.support.hierarchical.NodeTestTask","method":"lambda$executeRecursively$6","file":"NodeTestTask.java","line":155},{"class":"org.junit.platform.engine.support.hierarchical.ThrowableCollector","method":"execute","file":"ThrowableCollector.java","line":73},{"class":"org.junit.platform.engine.support.hierarchical.NodeTestTask","method":"lambda$executeRecursively$8","file":"NodeTestTask.java","line":141},{"class":"org.junit.platform.engine.support.hierarchical.Node","method":"around","file":"Node.java","line":137},{"class":"org.junit.platform.engine.support.hierarchical.NodeTestTask","method":"lambda$executeRecursively$9","file":"NodeTestTask.java","line":139},{"class":"org.junit.platform.engine.support.hierarchical.ThrowableCollector","method":"execute","file":"ThrowableCollector.java","line":73},{"class":"org.junit.platform.engine.support.hierarchical.NodeTestTask","method":"executeRecursively","file":"NodeTestTask.java","line":138},{"class":"org.junit.platform.engine.support.hierarchical.NodeTestTask","method":"execute","file":"NodeTestTask.java","line":95},{"class":"org.junit.platform.engine.support.hierarchical.SameThreadHierarchicalTestExecutorService","method":"submit","file":"SameThreadHierarchicalTestExecutorService.java","line":35},{"class":"org.junit.platform.engine.support.hierarchical.HierarchicalTestExecutor","method":"execute","file":"HierarchicalTestExecutor.java","line":57},{"class":"org.junit.platform.engine.support.hierarchical.HierarchicalTestEngine","method":"execute","file":"HierarchicalTestEngine.java","line":54},{"class":"org.junit.platform.launcher.core.EngineExecutionOrchestrator","method":"execute","file":"EngineExecutionOrchestrator.java","line":108},{"class":"org.junit.platform.launcher.core.EngineExecutionOrchestrator","method":"execute","file":"EngineExecutionOrchestrator.java","line":88},{"class":"org.junit.platform.launcher.core.EngineExecutionOrchestrator","method":"lambda$execute$0","file":"EngineExecutionOrchestrator.java","line":54},{"class":"org.junit.platform.launcher.core.EngineExecutionOrchestrator","method":"withInterceptedStreams","file":"EngineExecutionOrchestrator.java","line":67},{"class":"org.junit.platform.launcher.core.EngineExecutionOrchestrator","method":"execute","file":"EngineExecutionOrchestrator.java","line":52},{"class":"org.junit.platform.launcher.core.DefaultLauncher","method":"execute","file":"DefaultLauncher.java","line":96},{"class":"org.junit.platform.launcher.core.DefaultLauncher","method":"execute","file":"DefaultLauncher.java","line":75},{"class":"org.gradle.api.internal.tasks.testing.junitplatform.JUnitPlatformTestClassProcessor$CollectAllTestClassesExecutor","method":"processAllTestClasses","file":"JUnitPlatformTestClassProcessor.java","line":99},{"class":"org.gradle.api.internal.tasks.testing.junitplatform.JUnitPlatformTestClassProcessor$CollectAllTestClassesExecutor","method":"access$000","file":"JUnitPlatformTestClassProcessor.java","line":79},{"class":"org.gradle.api.internal.tasks.testing.junitplatform.JUnitPlatformTestClassProcessor","method":"stop","file":"JUnitPlatformTestClassProcessor.java","line":75},{"class":"org.gradle.api.internal.tasks.testing.SuiteTestClassProcessor","method":"stop","file":"SuiteTestClassProcessor.java","line":61},{"class":"jdk.internal.reflect.NativeMethodAccessorImpl","method":"invoke0","file":"NativeMethodAccessorImpl.java","line":-2},{"class":"jdk.internal.reflect.NativeMethodAccessorImpl","method":"invoke","file":"NativeMethodAccessorImpl.java","line":62},{"class":"jdk.internal.reflect.DelegatingMethodAccessorImpl","method":"invoke","file":"DelegatingMethodAccessorImpl.java","line":43},{"class":"java.lang.reflect.Method","method":"invoke","file":"Method.java","line":566},{"class":"org.gradle.internal.dispatch.ReflectionDispatch","method":"dispatch","file":"ReflectionDispatch.java","line":36},{"class":"org.gradle.internal.dispatch.ReflectionDispatch","method":"dispatch","file":"ReflectionDispatch.java","line":24},{"class":"org.gradle.internal.dispatch.ContextClassLoaderDispatch","method":"dispatch","file":"ContextClassLoaderDispatch.java","line":33},{"class":"org.gradle.internal.dispatch.ProxyDispatchAdapter$DispatchingInvocationHandler","method":"invoke","file":"ProxyDispatchAdapter.java","line":94},{"class":"com.sun.proxy.$Proxy5","method":"stop","file":null,"line":-1},{"class":"org.gradle.api.internal.tasks.testing.worker.TestWorker$3","method":"run","file":"TestWorker.java","line":193},{"class":"org.gradle.api.internal.tasks.testing.worker.TestWorker","method":"executeAndMaintainThreadName","file":"TestWorker.java","line":129},{"class":"org.gradle.api.internal.tasks.testing.worker.TestWorker","method":"execute","file":"TestWorker.java","line":100},{"class":"org.gradle.api.internal.tasks.testing.worker.TestWorker","method":"execute","file":"TestWorker.java","line":60},{"class":"org.gradle.process.internal.worker.child.ActionExecutionWorker","method":"execute","file":"ActionExecutionWorker.java","line":56},{"class":"org.gradle.process.internal.worker.child.SystemApplicationClassLoaderWorker","method":"call","file":"SystemApplicationClassLoaderWorker.java","line":133},{"class":"org.gradle.process.internal.worker.child.SystemApplicationClassLoaderWorker","method":"call","file":"SystemApplicationClassLoaderWorker.java","line":71},{"class":"worker.org.gradle.process.internal.worker.GradleWorkerMain","method":"run","file":"GradleWorkerMain.java","line":69},{"class":"worker.org.gradle.process.internal.worker.GradleWorkerMain","method":"main","file":"GradleWorkerMain.java","line":74}]},"endOfBatch":false,"loggerFqcn":"org.apache.logging.slf4j.Log4jLogger","threadId":1,"threadPriority":5}
{"timestamp":"2022-12-01T12:17:33.484+0000GMT","instant":{"epochSecond":1669897053,"nanoOfSecond":484292000},"thread":"Test worker","level":"ERROR","loggerName":"software.amazon.cloudwatchlogs.emf.sinks.TCPClient","message":"Failed to open output stream: ","thrown":{"message":"Socket is not connected","name":"java.net.SocketException","extendedStackTrace":[{"class":"java.net.Socket","method":"getOutputStream","file":"Socket.java","line":964},{"class":"software.amazon.cloudwatchlogs.emf.sinks.TCPClient","method":"sendMessage","file":"TCPClient.java","line":60},{"class":"software.amazon.cloudwatchlogs.emf.sinks.AgentSink","method":"accept","file":"AgentSink.java","line":52},{"class":"software.amazon.cloudwatchlogs.emf.logger.MetricsLogger","method":"flush","file":"MetricsLogger.java","line":66},{"class":"software.amazon.lambda.powertools.metrics.internal.LambdaMetricsAspect","method":"around","file":"LambdaMetricsAspect.java","line":73},{"class":"uk.gov.di.ipv.cri.passport.accesstoken.AccessTokenHandler","method":"handleRequest","file":"AccessTokenHandler.java","line":84},{"class":"uk.gov.di.ipv.cri.passport.accesstoken.AccessTokenHandlerTest","method":"shouldReturn400OWhenAuthorisationCodeHasExpired","file":"AccessTokenHandlerTest.java","line":246},{"class":"jdk.internal.reflect.NativeMethodAccessorImpl","method":"invoke0","file":"NativeMethodAccessorImpl.java","line":-2},{"class":"jdk.internal.reflect.NativeMethodAccessorImpl","method":"invoke","file":"NativeMethodAccessorImpl.java","line":62},{"class":"jdk.internal.reflect.DelegatingMethodAccessorImpl","method":"invoke","file":"DelegatingMethodAccessorImpl.java","line":43},{"class":"java.lang.reflect.Method","method":"invoke","file":"Method.java","line":566},{"class":"org.junit.platform.commons.util.ReflectionUtils","method":"invokeMethod","file":"ReflectionUtils.java","line":725},{"class":"org.junit.jupiter.engine.execution.MethodInvocation","method":"proceed","file":"MethodInvocation.java","line":60},{"class":"org.junit.jupiter.engine.execution.InvocationInterceptorChain$ValidatingInvocation","method":"proceed","file":"InvocationInterceptorChain.java","line":131},{"class":"org.junit.jupiter.engine.extension.TimeoutExtension","method":"intercept","file":"TimeoutExtension.java","line":149},{"class":"org.junit.jupiter.engine.extension.TimeoutExtension","method":"interceptTestableMethod","file":"TimeoutExtension.java","line":140},{"class":"org.junit.jupiter.engine.extension.TimeoutExtension","method":"interceptTestMethod","file":"TimeoutExtension.java","line":84},{"class":"org.junit.jupiter.engine.execution.ExecutableInvoker$ReflectiveInterceptorCall","method":"lambda$ofVoidMethod$0","file":"ExecutableInvoker.java","line":115},{"class":"org.junit.jupiter.engine.execution.ExecutableInvoker","method":"lambda$invoke$0","file":"ExecutableInvoker.java","line":105},{"class":"org.junit.jupiter.engine.execution.InvocationInterceptorChain$InterceptedInvocation","method":"proceed","file":"InvocationInterceptorChain.java","line":106},{"class":"org.junit.jupiter.engine.execution.InvocationInterceptorChain","method":"proceed","file":"InvocationInterceptorChain.java","line":64},{"class":"org.junit.jupiter.engine.execution.InvocationInterceptorChain","method":"chainAndInvoke","file":"InvocationInterceptorChain.java","line":45},{"class":"org.junit.jupiter.engine.execution.InvocationInterceptorChain","method":"invoke","file":"InvocationInterceptorChain.java","line":37},{"class":"org.junit.jupiter.engine.execution.ExecutableInvoker","method":"invoke","file":"ExecutableInvoker.java","line":104},{"class":"org.junit.jupiter.engine.execution.ExecutableInvoker","method":"invoke","file":"ExecutableInvoker.java","line":98},{"class":"org.junit.jupiter.engine.descriptor.TestMethodTestDescriptor","method":"lambda$invokeTestMethod$7","file":"TestMethodTestDescriptor.java","line":214},{"class":"org.junit.platform.engine.support.hierarchical.ThrowableCollector","method":"execute","file":"ThrowableCollector.java","line":73},{"class":"org.junit.jupiter.engine.descriptor.TestMethodTestDescriptor","method":"invokeTestMethod","file":"TestMethodTestDescriptor.java","line":210},{"class":"org.junit.jupiter.engine.descriptor.TestMethodTestDescriptor","method":"execute","file":"TestMethodTestDescriptor.java","line":135},{"class":"org.junit.jupiter.engine.descriptor.TestMethodTestDescriptor","method":"execute","file":"TestMethodTestDescriptor.java","line":66},{"class":"org.junit.platform.engine.support.hierarchical.NodeTestTask","method":"lambda$executeRecursively$6","file":"NodeTestTask.java","line":151},{"class":"org.junit.platform.engine.support.hierarchical.ThrowableCollector","method":"execute","file":"ThrowableCollector.java","line":73},{"class":"org.junit.platform.engine.support.hierarchical.NodeTestTask","method":"lambda$executeRecursively$8","file":"NodeTestTask.java","line":141},{"class":"org.junit.platform.engine.support.hierarchical.Node","method":"around","file":"Node.java","line":137},{"class":"org.junit.platform.engine.support.hierarchical.NodeTestTask","method":"lambda$executeRecursively$9","file":"NodeTestTask.java","line":139},{"class":"org.junit.platform.engine.support.hierarchical.ThrowableCollector","method":"execute","file":"ThrowableCollector.java","line":73},{"class":"org.junit.platform.engine.support.hierarchical.NodeTestTask","method":"executeRecursively","file":"NodeTestTask.java","line":138},{"class":"org.junit.platform.engine.support.hierarchical.NodeTestTask","method":"execute","file":"NodeTestTask.java","line":95},{"class":"java.util.ArrayList","method":"forEach","file":"ArrayList.java","line":1541},{"class":"org.junit.platform.engine.support.hierarchical.SameThreadHierarchicalTestExecutorService","method":"invokeAll","file":"SameThreadHierarchicalTestExecutorService.java","line":41},{"class":"org.junit.platform.engine.support.hierarchical.NodeTestTask","method":"lambda$executeRecursively$6","file":"NodeTestTask.java","line":155},{"class":"org.junit.platform.engine.support.hierarchical.ThrowableCollector","method":"execute","file":"ThrowableCollector.java","line":73},{"class":"org.junit.platform.engine.support.hierarchical.NodeTestTask","method":"lambda$executeRecursively$8","file":"NodeTestTask.java","line":141},{"class":"org.junit.platform.engine.support.hierarchical.Node","method":"around","file":"Node.java","line":137},{"class":"org.junit.platform.engine.support.hierarchical.NodeTestTask","method":"lambda$executeRecursively$9","file":"NodeTestTask.java","line":139},{"class":"org.junit.platform.engine.support.hierarchical.ThrowableCollector","method":"execute","file":"ThrowableCollector.java","line":73},{"class":"org.junit.platform.engine.support.hierarchical.NodeTestTask","method":"executeRecursively","file":"NodeTestTask.java","line":138},{"class":"org.junit.platform.engine.support.hierarchical.NodeTestTask","method":"execute","file":"NodeTestTask.java","line":95},{"class":"java.util.ArrayList","method":"forEach","file":"ArrayList.java","line":1541},{"class":"org.junit.platform.engine.support.hierarchical.SameThreadHierarchicalTestExecutorService","method":"invokeAll","file":"SameThreadHierarchicalTestExecutorService.java","line":41},{"class":"org.junit.platform.engine.support.hierarchical.NodeTestTask","method":"lambda$executeRecursively$6","file":"NodeTestTask.java","line":155},{"class":"org.junit.platform.engine.support.hierarchical.ThrowableCollector","method":"execute","file":"ThrowableCollector.java","line":73},{"class":"org.junit.platform.engine.support.hierarchical.NodeTestTask","method":"lambda$executeRecursively$8","file":"NodeTestTask.java","line":141},{"class":"org.junit.platform.engine.support.hierarchical.Node","method":"around","file":"Node.java","line":137},{"class":"org.junit.platform.engine.support.hierarchical.NodeTestTask","method":"lambda$executeRecursively$9","file":"NodeTestTask.java","line":139},{"class":"org.junit.platform.engine.support.hierarchical.ThrowableCollector","method":"execute","file":"ThrowableCollector.java","line":73},{"class":"org.junit.platform.engine.support.hierarchical.NodeTestTask","method":"executeRecursively","file":"NodeTestTask.java","line":138},{"class":"org.junit.platform.engine.support.hierarchical.NodeTestTask","method":"execute","file":"NodeTestTask.java","line":95},{"class":"org.junit.platform.engine.support.hierarchical.SameThreadHierarchicalTestExecutorService","method":"submit","file":"SameThreadHierarchicalTestExecutorService.java","line":35},{"class":"org.junit.platform.engine.support.hierarchical.HierarchicalTestExecutor","method":"execute","file":"HierarchicalTestExecutor.java","line":57},{"class":"org.junit.platform.engine.support.hierarchical.HierarchicalTestEngine","method":"execute","file":"HierarchicalTestEngine.java","line":54},{"class":"org.junit.platform.launcher.core.EngineExecutionOrchestrator","method":"execute","file":"EngineExecutionOrchestrator.java","line":108},{"class":"org.junit.platform.launcher.core.EngineExecutionOrchestrator","method":"execute","file":"EngineExecutionOrchestrator.java","line":88},{"class":"org.junit.platform.launcher.core.EngineExecutionOrchestrator","method":"lambda$execute$0","file":"EngineExecutionOrchestrator.java","line":54},{"class":"org.junit.platform.launcher.core.EngineExecutionOrchestrator","method":"withInterceptedStreams","file":"EngineExecutionOrchestrator.java","line":67},{"class":"org.junit.platform.launcher.core.EngineExecutionOrchestrator","method":"execute","file":"EngineExecutionOrchestrator.java","line":52},{"class":"org.junit.platform.launcher.core.DefaultLauncher","method":"execute","file":"DefaultLauncher.java","line":96},{"class":"org.junit.platform.launcher.core.DefaultLauncher","method":"execute","file":"DefaultLauncher.java","line":75},{"class":"org.gradle.api.internal.tasks.testing.junitplatform.JUnitPlatformTestClassProcessor$CollectAllTestClassesExecutor","method":"processAllTestClasses","file":"JUnitPlatformTestClassProcessor.java","line":99},{"class":"org.gradle.api.internal.tasks.testing.junitplatform.JUnitPlatformTestClassProcessor$CollectAllTestClassesExecutor","method":"access$000","file":"JUnitPlatformTestClassProcessor.java","line":79},{"class":"org.gradle.api.internal.tasks.testing.junitplatform.JUnitPlatformTestClassProcessor","method":"stop","file":"JUnitPlatformTestClassProcessor.java","line":75},{"class":"org.gradle.api.internal.tasks.testing.SuiteTestClassProcessor","method":"stop","file":"SuiteTestClassProcessor.java","line":61},{"class":"jdk.internal.reflect.NativeMethodAccessorImpl","method":"invoke0","file":"NativeMethodAccessorImpl.java","line":-2},{"class":"jdk.internal.reflect.NativeMethodAccessorImpl","method":"invoke","file":"NativeMethodAccessorImpl.java","line":62},{"class":"jdk.internal.reflect.DelegatingMethodAccessorImpl","method":"invoke","file":"DelegatingMethodAccessorImpl.java","line":43},{"class":"java.lang.reflect.Method","method":"invoke","file":"Method.java","line":566},{"class":"org.gradle.internal.dispatch.ReflectionDispatch","method":"dispatch","file":"ReflectionDispatch.java","line":36},{"class":"org.gradle.internal.dispatch.ReflectionDispatch","method":"dispatch","file":"ReflectionDispatch.java","line":24},{"class":"org.gradle.internal.dispatch.ContextClassLoaderDispatch","method":"dispatch","file":"ContextClassLoaderDispatch.java","line":33},{"class":"org.gradle.internal.dispatch.ProxyDispatchAdapter$DispatchingInvocationHandler","method":"invoke","file":"ProxyDispatchAdapter.java","line":94},{"class":"com.sun.proxy.$Proxy5","method":"stop","file":null,"line":-1},{"class":"org.gradle.api.internal.tasks.testing.worker.TestWorker$3","method":"run","file":"TestWorker.java","line":193},{"class":"org.gradle.api.internal.tasks.testing.worker.TestWorker","method":"executeAndMaintainThreadName","file":"TestWorker.java","line":129},{"class":"org.gradle.api.internal.tasks.testing.worker.TestWorker","method":"execute","file":"TestWorker.java","line":100},{"class":"org.gradle.api.internal.tasks.testing.worker.TestWorker","method":"execute","file":"TestWorker.java","line":60},{"class":"org.gradle.process.internal.worker.child.ActionExecutionWorker","method":"execute","file":"ActionExecutionWorker.java","line":56},{"class":"org.gradle.process.internal.worker.child.SystemApplicationClassLoaderWorker","method":"call","file":"SystemApplicationClassLoaderWorker.java","line":133},{"class":"org.gradle.process.internal.worker.child.SystemApplicationClassLoaderWorker","method":"call","file":"SystemApplicationClassLoaderWorker.java","line":71},{"class":"worker.org.gradle.process.internal.worker.GradleWorkerMain","method":"run","file":"GradleWorkerMain.java","line":69},{"class":"worker.org.gradle.process.internal.worker.GradleWorkerMain","method":"main","file":"GradleWorkerMain.java","line":74}]},"endOfBatch":false,"loggerFqcn":"org.apache.logging.slf4j.Log4jLogger","threadId":1,"threadPriority":5}
{"timestamp":"2022-12-01T12:17:33.485+0000GMT","instant":{"epochSecond":1669897053,"nanoOfSecond":485764000},"thread":"Test worker","level":"ERROR","loggerName":"software.amazon.cloudwatchlogs.emf.sinks.TCPClient","message":"Failed to connect to the socket due to the exception: ","thrown":{"message":"Socket closed","name":"java.net.SocketException","extendedStackTrace":[{"class":"java.net.PlainSocketImpl","method":"socketConnect","file":"PlainSocketImpl.java","line":-2},{"class":"java.net.AbstractPlainSocketImpl","method":"doConnect","file":"AbstractPlainSocketImpl.java","line":399},{"class":"java.net.AbstractPlainSocketImpl","method":"connectToAddress","file":"AbstractPlainSocketImpl.java","line":242},{"class":"java.net.AbstractPlainSocketImpl","method":"connect","file":"AbstractPlainSocketImpl.java","line":224},{"class":"java.net.SocksSocketImpl","method":"connect","file":"SocksSocketImpl.java","line":392},{"class":"java.net.Socket","method":"connect","file":"Socket.java","line":609},{"class":"java.net.Socket","method":"connect","file":"Socket.java","line":558},{"class":"software.amazon.cloudwatchlogs.emf.sinks.TCPClient","method":"connect","file":"TCPClient.java","line":40},{"class":"software.amazon.cloudwatchlogs.emf.sinks.TCPClient","method":"sendMessage","file":"TCPClient.java","line":63},{"class":"software.amazon.cloudwatchlogs.emf.sinks.AgentSink","method":"accept","file":"AgentSink.java","line":52},{"class":"software.amazon.cloudwatchlogs.emf.logger.MetricsLogger","method":"flush","file":"MetricsLogger.java","line":66},{"class":"software.amazon.lambda.powertools.metrics.internal.LambdaMetricsAspect","method":"around","file":"LambdaMetricsAspect.java","line":73},{"class":"uk.gov.di.ipv.cri.passport.accesstoken.AccessTokenHandler","method":"handleRequest","file":"AccessTokenHandler.java","line":84},{"class":"uk.gov.di.ipv.cri.passport.accesstoken.AccessTokenHandlerTest","method":"shouldReturn400OWhenAuthorisationCodeHasExpired","file":"AccessTokenHandlerTest.java","line":246},{"class":"jdk.internal.reflect.NativeMethodAccessorImpl","method":"invoke0","file":"NativeMethodAccessorImpl.java","line":-2},{"class":"jdk.internal.reflect.NativeMethodAccessorImpl","method":"invoke","file":"NativeMethodAccessorImpl.java","line":62},{"class":"jdk.internal.reflect.DelegatingMethodAccessorImpl","method":"invoke","file":"DelegatingMethodAccessorImpl.java","line":43},{"class":"java.lang.reflect.Method","method":"invoke","file":"Method.java","line":566},{"class":"org.junit.platform.commons.util.ReflectionUtils","method":"invokeMethod","file":"ReflectionUtils.java","line":725},{"class":"org.junit.jupiter.engine.execution.MethodInvocation","method":"proceed","file":"MethodInvocation.java","line":60},{"class":"org.junit.jupiter.engine.execution.InvocationInterceptorChain$ValidatingInvocation","method":"proceed","file":"InvocationInterceptorChain.java","line":131},{"class":"org.junit.jupiter.engine.extension.TimeoutExtension","method":"intercept","file":"TimeoutExtension.java","line":149},{"class":"org.junit.jupiter.engine.extension.TimeoutExtension","method":"interceptTestableMethod","file":"TimeoutExtension.java","line":140},{"class":"org.junit.jupiter.engine.extension.TimeoutExtension","method":"interceptTestMethod","file":"TimeoutExtension.java","line":84},{"class":"org.junit.jupiter.engine.execution.ExecutableInvoker$ReflectiveInterceptorCall","method":"lambda$ofVoidMethod$0","file":"ExecutableInvoker.java","line":115},{"class":"org.junit.jupiter.engine.execution.ExecutableInvoker","method":"lambda$invoke$0","file":"ExecutableInvoker.java","line":105},{"class":"org.junit.jupiter.engine.execution.InvocationInterceptorChain$InterceptedInvocation","method":"proceed","file":"InvocationInterceptorChain.java","line":106},{"class":"org.junit.jupiter.engine.execution.InvocationInterceptorChain","method":"proceed","file":"InvocationInterceptorChain.java","line":64},{"class":"org.junit.jupiter.engine.execution.InvocationInterceptorChain","method":"chainAndInvoke","file":"InvocationInterceptorChain.java","line":45},{"class":"org.junit.jupiter.engine.execution.InvocationInterceptorChain","method":"invoke","file":"InvocationInterceptorChain.java","line":37},{"class":"org.junit.jupiter.engine.execution.ExecutableInvoker","method":"invoke","file":"ExecutableInvoker.java","line":104},{"class":"org.junit.jupiter.engine.execution.ExecutableInvoker","method":"invoke","file":"ExecutableInvoker.java","line":98},{"class":"org.junit.jupiter.engine.descriptor.TestMethodTestDescriptor","method":"lambda$invokeTestMethod$7","file":"TestMethodTestDescriptor.java","line":214},{"class":"org.junit.platform.engine.support.hierarchical.ThrowableCollector","method":"execute","file":"ThrowableCollector.java","line":73},{"class":"org.junit.jupiter.engine.descriptor.TestMethodTestDescriptor","method":"invokeTestMethod","file":"TestMethodTestDescriptor.java","line":210},{"class":"org.junit.jupiter.engine.descriptor.TestMethodTestDescriptor","method":"execute","file":"TestMethodTestDescriptor.java","line":135},{"class":"org.junit.jupiter.engine.descriptor.TestMethodTestDescriptor","method":"execute","file":"TestMethodTestDescriptor.java","line":66},{"class":"org.junit.platform.engine.support.hierarchical.NodeTestTask","method":"lambda$executeRecursively$6","file":"NodeTestTask.java","line":151},{"class":"org.junit.platform.engine.support.hierarchical.ThrowableCollector","method":"execute","file":"ThrowableCollector.java","line":73},{"class":"org.junit.platform.engine.support.hierarchical.NodeTestTask","method":"lambda$executeRecursively$8","file":"NodeTestTask.java","line":141},{"class":"org.junit.platform.engine.support.hierarchical.Node","method":"around","file":"Node.java","line":137},{"class":"org.junit.platform.engine.support.hierarchical.NodeTestTask","method":"lambda$executeRecursively$9","file":"NodeTestTask.java","line":139},{"class":"org.junit.platform.engine.support.hierarchical.ThrowableCollector","method":"execute","file":"ThrowableCollector.java","line":73},{"class":"org.junit.platform.engine.support.hierarchical.NodeTestTask","method":"executeRecursively","file":"NodeTestTask.java","line":138},{"class":"org.junit.platform.engine.support.hierarchical.NodeTestTask","method":"execute","file":"NodeTestTask.java","line":95},{"class":"java.util.ArrayList","method":"forEach","file":"ArrayList.java","line":1541},{"class":"org.junit.platform.engine.support.hierarchical.SameThreadHierarchicalTestExecutorService","method":"invokeAll","file":"SameThreadHierarchicalTestExecutorService.java","line":41},{"class":"org.junit.platform.engine.support.hierarchical.NodeTestTask","method":"lambda$executeRecursively$6","file":"NodeTestTask.java","line":155},{"class":"org.junit.platform.engine.support.hierarchical.ThrowableCollector","method":"execute","file":"ThrowableCollector.java","line":73},{"class":"org.junit.platform.engine.support.hierarchical.NodeTestTask","method":"lambda$executeRecursively$8","file":"NodeTestTask.java","line":141},{"class":"org.junit.platform.engine.support.hierarchical.Node","method":"around","file":"Node.java","line":137},{"class":"org.junit.platform.engine.support.hierarchical.NodeTestTask","method":"lambda$executeRecursively$9","file":"NodeTestTask.java","line":139},{"class":"org.junit.platform.engine.support.hierarchical.ThrowableCollector","method":"execute","file":"ThrowableCollector.java","line":73},{"class":"org.junit.platform.engine.support.hierarchical.NodeTestTask","method":"executeRecursively","file":"NodeTestTask.java","line":138},{"class":"org.junit.platform.engine.support.hierarchical.NodeTestTask","method":"execute","file":"NodeTestTask.java","line":95},{"class":"java.util.ArrayList","method":"forEach","file":"ArrayList.java","line":1541},{"class":"org.junit.platform.engine.support.hierarchical.SameThreadHierarchicalTestExecutorService","method":"invokeAll","file":"SameThreadHierarchicalTestExecutorService.java","line":41},{"class":"org.junit.platform.engine.support.hierarchical.NodeTestTask","method":"lambda$executeRecursively$6","file":"NodeTestTask.java","line":155},{"class":"org.junit.platform.engine.support.hierarchical.ThrowableCollector","method":"execute","file":"ThrowableCollector.java","line":73},{"class":"org.junit.platform.engine.support.hierarchical.NodeTestTask","method":"lambda$executeRecursively$8","file":"NodeTestTask.java","line":141},{"class":"org.junit.platform.engine.support.hierarchical.Node","method":"around","file":"Node.java","line":137},{"class":"org.junit.platform.engine.support.hierarchical.NodeTestTask","method":"lambda$executeRecursively$9","file":"NodeTestTask.java","line":139},{"class":"org.junit.platform.engine.support.hierarchical.ThrowableCollector","method":"execute","file":"ThrowableCollector.java","line":73},{"class":"org.junit.platform.engine.support.hierarchical.NodeTestTask","method":"executeRecursively","file":"NodeTestTask.java","line":138},{"class":"org.junit.platform.engine.support.hierarchical.NodeTestTask","method":"execute","file":"NodeTestTask.java","line":95},{"class":"org.junit.platform.engine.support.hierarchical.SameThreadHierarchicalTestExecutorService","method":"submit","file":"SameThreadHierarchicalTestExecutorService.java","line":35},{"class":"org.junit.platform.engine.support.hierarchical.HierarchicalTestExecutor","method":"execute","file":"HierarchicalTestExecutor.java","line":57},{"class":"org.junit.platform.engine.support.hierarchical.HierarchicalTestEngine","method":"execute","file":"HierarchicalTestEngine.java","line":54},{"class":"org.junit.platform.launcher.core.EngineExecutionOrchestrator","method":"execute","file":"EngineExecutionOrchestrator.java","line":108},{"class":"org.junit.platform.launcher.core.EngineExecutionOrchestrator","method":"execute","file":"EngineExecutionOrchestrator.java","line":88},{"class":"org.junit.platform.launcher.core.EngineExecutionOrchestrator","method":"lambda$execute$0","file":"EngineExecutionOrchestrator.java","line":54},{"class":"org.junit.platform.launcher.core.EngineExecutionOrchestrator","method":"withInterceptedStreams","file":"EngineExecutionOrchestrator.java","line":67},{"class":"org.junit.platform.launcher.core.EngineExecutionOrchestrator","method":"execute","file":"EngineExecutionOrchestrator.java","line":52},{"class":"org.junit.platform.launcher.core.DefaultLauncher","method":"execute","file":"DefaultLauncher.java","line":96},{"class":"org.junit.platform.launcher.core.DefaultLauncher","method":"execute","file":"DefaultLauncher.java","line":75},{"class":"org.gradle.api.internal.tasks.testing.junitplatform.JUnitPlatformTestClassProcessor$CollectAllTestClassesExecutor","method":"processAllTestClasses","file":"JUnitPlatformTestClassProcessor.java","line":99},{"class":"org.gradle.api.internal.tasks.testing.junitplatform.JUnitPlatformTestClassProcessor$CollectAllTestClassesExecutor","method":"access$000","file":"JUnitPlatformTestClassProcessor.java","line":79},{"class":"org.gradle.api.internal.tasks.testing.junitplatform.JUnitPlatformTestClassProcessor","method":"stop","file":"JUnitPlatformTestClassProcessor.java","line":75},{"class":"org.gradle.api.internal.tasks.testing.SuiteTestClassProcessor","method":"stop","file":"SuiteTestClassProcessor.java","line":61},{"class":"jdk.internal.reflect.NativeMethodAccessorImpl","method":"invoke0","file":"NativeMethodAccessorImpl.java","line":-2},{"class":"jdk.internal.reflect.NativeMethodAccessorImpl","method":"invoke","file":"NativeMethodAccessorImpl.java","line":62},{"class":"jdk.internal.reflect.DelegatingMethodAccessorImpl","method":"invoke","file":"DelegatingMethodAccessorImpl.java","line":43},{"class":"java.lang.reflect.Method","method":"invoke","file":"Method.java","line":566},{"class":"org.gradle.internal.dispatch.ReflectionDispatch","method":"dispatch","file":"ReflectionDispatch.java","line":36},{"class":"org.gradle.internal.dispatch.ReflectionDispatch","method":"dispatch","file":"ReflectionDispatch.java","line":24},{"class":"org.gradle.internal.dispatch.ContextClassLoaderDispatch","method":"dispatch","file":"ContextClassLoaderDispatch.java","line":33},{"class":"org.gradle.internal.dispatch.ProxyDispatchAdapter$DispatchingInvocationHandler","method":"invoke","file":"ProxyDispatchAdapter.java","line":94},{"class":"com.sun.proxy.$Proxy5","method":"stop","file":null,"line":-1},{"class":"org.gradle.api.internal.tasks.testing.worker.TestWorker$3","method":"run","file":"TestWorker.java","line":193},{"class":"org.gradle.api.internal.tasks.testing.worker.TestWorker","method":"executeAndMaintainThreadName","file":"TestWorker.java","line":129},{"class":"org.gradle.api.internal.tasks.testing.worker.TestWorker","method":"execute","file":"TestWorker.java","line":100},{"class":"org.gradle.api.internal.tasks.testing.worker.TestWorker","method":"execute","file":"TestWorker.java","line":60},{"class":"org.gradle.process.internal.worker.child.ActionExecutionWorker","method":"execute","file":"ActionExecutionWorker.java","line":56},{"class":"org.gradle.process.internal.worker.child.SystemApplicationClassLoaderWorker","method":"call","file":"SystemApplicationClassLoaderWorker.java","line":133},{"class":"org.gradle.process.internal.worker.child.SystemApplicationClassLoaderWorker","method":"call","file":"SystemApplicationClassLoaderWorker.java","line":71},{"class":"worker.org.gradle.process.internal.worker.GradleWorkerMain","method":"run","file":"GradleWorkerMain.java","line":69},{"class":"worker.org.gradle.process.internal.worker.GradleWorkerMain","method":"main","file":"GradleWorkerMain.java","line":74}]},"endOfBatch":false,"loggerFqcn":"org.apache.logging.slf4j.Log4jLogger","threadId":1,"threadPriority":5}
{"timestamp":"2022-12-01T12:17:33.502+0000GMT","instant":{"epochSecond":1669897053,"nanoOfSecond":502140000},"thread":"Test worker","level":"INFO","loggerName":"uk.gov.di.ipv.cri.passport.library.helpers.LogHelper","message":"COMPONENT_ID_LOG_FIELD attached to logs","endOfBatch":false,"loggerFqcn":"org.apache.logging.log4j.spi.AbstractLogger","threadId":1,"threadPriority":5,"coldStart":"false","componentId":"passport-cri","functionArn":null,"functionMemorySize":"0","functionName":null,"functionVersion":null,"function_request_id":"null","samplingRate":"0.0","service":"service_undefined"}
{"timestamp":"2022-12-01T12:17:33.504+0000GMT","instant":{"epochSecond":1669897053,"nanoOfSecond":504438000},"thread":"Test worker","level":"ERROR","loggerName":"uk.gov.di.ipv.cri.passport.accesstoken.AccessTokenHandler","message":"Token request could not be parsed: 'Unsupported grant type'","thrown":{"message":"Invalid or unsupported grant type: implicit","name":"com.nimbusds.oauth2.sdk.ParseException","extendedStackTrace":[{"class":"com.nimbusds.oauth2.sdk.AuthorizationGrant","method":"parse","file":"AuthorizationGrant.java","line":164},{"class":"uk.gov.di.ipv.cri.passport.accesstoken.AccessTokenHandler","method":"handleRequest_aroundBody0","file":"AccessTokenHandler.java","line":90},{"class":"uk.gov.di.ipv.cri.passport.accesstoken.AccessTokenHandler$AjcClosure1","method":"run","file":"AccessTokenHandler.java","line":1},{"class":"org.aspectj.runtime.reflect.JoinPointImpl","method":"proceed","file":"JoinPointImpl.java","line":257},{"class":"software.amazon.lambda.powertools.logging.internal.LambdaLoggingAspect","method":"around","file":"LambdaLoggingAspect.java","line":109},{"class":"uk.gov.di.ipv.cri.passport.accesstoken.AccessTokenHandler","method":"handleRequest_aroundBody2","file":"AccessTokenHandler.java","line":84},{"class":"uk.gov.di.ipv.cri.passport.accesstoken.AccessTokenHandler$AjcClosure3","method":"run","file":"AccessTokenHandler.java","line":1},{"class":"org.aspectj.runtime.reflect.JoinPointImpl","method":"proceed","file":"JoinPointImpl.java","line":257},{"class":"software.amazon.lambda.powertools.metrics.internal.LambdaMetricsAspect","method":"around","file":"LambdaMetricsAspect.java","line":68},{"class":"uk.gov.di.ipv.cri.passport.accesstoken.AccessTokenHandler","method":"handleRequest","file":"AccessTokenHandler.java","line":84},{"class":"uk.gov.di.ipv.cri.passport.accesstoken.AccessTokenHandlerTest","method":"shouldReturn400WhenInvalidGrantTypeProvided","file":"AccessTokenHandlerTest.java","line":169},{"class":"jdk.internal.reflect.NativeMethodAccessorImpl","method":"invoke0","file":"NativeMethodAccessorImpl.java","line":-2},{"class":"jdk.internal.reflect.NativeMethodAccessorImpl","method":"invoke","file":"NativeMethodAccessorImpl.java","line":62},{"class":"jdk.internal.reflect.DelegatingMethodAccessorImpl","method":"invoke","file":"DelegatingMethodAccessorImpl.java","line":43},{"class":"java.lang.reflect.Method","method":"invoke","file":"Method.java","line":566},{"class":"org.junit.platform.commons.util.ReflectionUtils","method":"invokeMethod","file":"ReflectionUtils.java","line":725},{"class":"org.junit.jupiter.engine.execution.MethodInvocation","method":"proceed","file":"MethodInvocation.java","line":60},{"class":"org.junit.jupiter.engine.execution.InvocationInterceptorChain$ValidatingInvocation","method":"proceed","file":"InvocationInterceptorChain.java","line":131},{"class":"org.junit.jupiter.engine.extension.TimeoutExtension","method":"intercept","file":"TimeoutExtension.java","line":149},{"class":"org.junit.jupiter.engine.extension.TimeoutExtension","method":"interceptTestableMethod","file":"TimeoutExtension.java","line":140},{"class":"org.junit.jupiter.engine.extension.TimeoutExtension","method":"interceptTestMethod","file":"TimeoutExtension.java","line":84},{"class":"org.junit.jupiter.engine.execution.ExecutableInvoker$ReflectiveInterceptorCall","method":"lambda$ofVoidMethod$0","file":"ExecutableInvoker.java","line":115},{"class":"org.junit.jupiter.engine.execution.ExecutableInvoker","method":"lambda$invoke$0","file":"ExecutableInvoker.java","line":105},{"class":"org.junit.jupiter.engine.execution.InvocationInterceptorChain$InterceptedInvocation","method":"proceed","file":"InvocationInterceptorChain.java","line":106},{"class":"org.junit.jupiter.engine.execution.InvocationInterceptorChain","method":"proceed","file":"InvocationInterceptorChain.java","line":64},{"class":"org.junit.jupiter.engine.execution.InvocationInterceptorChain","method":"chainAndInvoke","file":"InvocationInterceptorChain.java","line":45},{"class":"org.junit.jupiter.engine.execution.InvocationInterceptorChain","method":"invoke","file":"InvocationInterceptorChain.java","line":37},{"class":"org.junit.jupiter.engine.execution.ExecutableInvoker","method":"invoke","file":"ExecutableInvoker.java","line":104},{"class":"org.junit.jupiter.engine.execution.ExecutableInvoker","method":"invoke","file":"ExecutableInvoker.java","line":98},{"class":"org.junit.jupiter.engine.descriptor.TestMethodTestDescriptor","method":"lambda$invokeTestMethod$7","file":"TestMethodTestDescriptor.java","line":214},{"class":"org.junit.platform.engine.support.hierarchical.ThrowableCollector","method":"execute","file":"ThrowableCollector.java","line":73},{"class":"org.junit.jupiter.engine.descriptor.TestMethodTestDescriptor","method":"invokeTestMethod","file":"TestMethodTestDescriptor.java","line":210},{"class":"org.junit.jupiter.engine.descriptor.TestMethodTestDescriptor","method":"execute","file":"TestMethodTestDescriptor.java","line":135},{"class":"org.junit.jupiter.engine.descriptor.TestMethodTestDescriptor","method":"execute","file":"TestMethodTestDescriptor.java","line":66},{"class":"org.junit.platform.engine.support.hierarchical.NodeTestTask","method":"lambda$executeRecursively$6","file":"NodeTestTask.java","line":151},{"class":"org.junit.platform.engine.support.hierarchical.ThrowableCollector","method":"execute","file":"ThrowableCollector.java","line":73},{"class":"org.junit.platform.engine.support.hierarchical.NodeTestTask","method":"lambda$executeRecursively$8","file":"NodeTestTask.java","line":141},{"class":"org.junit.platform.engine.support.hierarchical.Node","method":"around","file":"Node.java","line":137},{"class":"org.junit.platform.engine.support.hierarchical.NodeTestTask","method":"lambda$executeRecursively$9","file":"NodeTestTask.java","line":139},{"class":"org.junit.platform.engine.support.hierarchical.ThrowableCollector","method":"execute","file":"ThrowableCollector.java","line":73},{"class":"org.junit.platform.engine.support.hierarchical.NodeTestTask","method":"executeRecursively","file":"NodeTestTask.java","line":138},{"class":"org.junit.platform.engine.support.hierarchical.NodeTestTask","method":"execute","file":"NodeTestTask.java","line":95},{"class":"java.util.ArrayList","method":"forEach","file":"ArrayList.java","line":1541},{"class":"org.junit.platform.engine.support.hierarchical.SameThreadHierarchicalTestExecutorService","method":"invokeAll","file":"SameThreadHierarchicalTestExecutorService.java","line":41},{"class":"org.junit.platform.engine.support.hierarchical.NodeTestTask","method":"lambda$executeRecursively$6","file":"NodeTestTask.java","line":155},{"class":"org.junit.platform.engine.support.hierarchical.ThrowableCollector","method":"execute","file":"ThrowableCollector.java","line":73},{"class":"org.junit.platform.engine.support.hierarchical.NodeTestTask","method":"lambda$executeRecursively$8","file":"NodeTestTask.java","line":141},{"class":"org.junit.platform.engine.support.hierarchical.Node","method":"around","file":"Node.java","line":137},{"class":"org.junit.platform.engine.support.hierarchical.NodeTestTask","method":"lambda$executeRecursively$9","file":"NodeTestTask.java","line":139},{"class":"org.junit.platform.engine.support.hierarchical.ThrowableCollector","method":"execute","file":"ThrowableCollector.java","line":73},{"class":"org.junit.platform.engine.support.hierarchical.NodeTestTask","method":"executeRecursively","file":"NodeTestTask.java","line":138},{"class":"org.junit.platform.engine.support.hierarchical.NodeTestTask","method":"execute","file":"NodeTestTask.java","line":95},{"class":"java.util.ArrayList","method":"forEach","file":"ArrayList.java","line":1541},{"class":"org.junit.platform.engine.support.hierarchical.SameThreadHierarchicalTestExecutorService","method":"invokeAll","file":"SameThreadHierarchicalTestExecutorService.java","line":41},{"class":"org.junit.platform.engine.support.hierarchical.NodeTestTask","method":"lambda$executeRecursively$6","file":"NodeTestTask.java","line":155},{"class":"org.junit.platform.engine.support.hierarchical.ThrowableCollector","method":"execute","file":"ThrowableCollector.java","line":73},{"class":"org.junit.platform.engine.support.hierarchical.NodeTestTask","method":"lambda$executeRecursively$8","file":"NodeTestTask.java","line":141},{"class":"org.junit.platform.engine.support.hierarchical.Node","method":"around","file":"Node.java","line":137},{"class":"org.junit.platform.engine.support.hierarchical.NodeTestTask","method":"lambda$executeRecursively$9","file":"NodeTestTask.java","line":139},{"class":"org.junit.platform.engine.support.hierarchical.ThrowableCollector","method":"execute","file":"ThrowableCollector.java","line":73},{"class":"org.junit.platform.engine.support.hierarchical.NodeTestTask","method":"executeRecursively","file":"NodeTestTask.java","line":138},{"class":"org.junit.platform.engine.support.hierarchical.NodeTestTask","method":"execute","file":"NodeTestTask.java","line":95},{"class":"org.junit.platform.engine.support.hierarchical.SameThreadHierarchicalTestExecutorService","method":"submit","file":"SameThreadHierarchicalTestExecutorService.java","line":35},{"class":"org.junit.platform.engine.support.hierarchical.HierarchicalTestExecutor","method":"execute","file":"HierarchicalTestExecutor.java","line":57},{"class":"org.junit.platform.engine.support.hierarchical.HierarchicalTestEngine","method":"execute","file":"HierarchicalTestEngine.java","line":54},{"class":"org.junit.platform.launcher.core.EngineExecutionOrchestrator","method":"execute","file":"EngineExecutionOrchestrator.java","line":108},{"class":"org.junit.platform.launcher.core.EngineExecutionOrchestrator","method":"execute","file":"EngineExecutionOrchestrator.java","line":88},{"class":"org.junit.platform.launcher.core.EngineExecutionOrchestrator","method":"lambda$execute$0","file":"EngineExecutionOrchestrator.java","line":54},{"class":"org.junit.platform.launcher.core.EngineExecutionOrchestrator","method":"withInterceptedStreams","file":"EngineExecutionOrchestrator.java","line":67},{"class":"org.junit.platform.launcher.core.EngineExecutionOrchestrator","method":"execute","file":"EngineExecutionOrchestrator.java","line":52},{"class":"org.junit.platform.launcher.core.DefaultLauncher","method":"execute","file":"DefaultLauncher.java","line":96},{"class":"org.junit.platform.launcher.core.DefaultLauncher","method":"execute","file":"DefaultLauncher.java","line":75},{"class":"org.gradle.api.internal.tasks.testing.junitplatform.JUnitPlatformTestClassProcessor$CollectAllTestClassesExecutor","method":"processAllTestClasses","file":"JUnitPlatformTestClassProcessor.java","line":99},{"class":"org.gradle.api.internal.tasks.testing.junitplatform.JUnitPlatformTestClassProcessor$CollectAllTestClassesExecutor","method":"access$000","file":"JUnitPlatformTestClassProcessor.java","line":79},{"class":"org.gradle.api.internal.tasks.testing.junitplatform.JUnitPlatformTestClassProcessor","method":"stop","file":"JUnitPlatformTestClassProcessor.java","line":75},{"class":"org.gradle.api.internal.tasks.testing.SuiteTestClassProcessor","method":"stop","file":"SuiteTestClassProcessor.java","line":61},{"class":"jdk.internal.reflect.NativeMethodAccessorImpl","method":"invoke0","file":"NativeMethodAccessorImpl.java","line":-2},{"class":"jdk.internal.reflect.NativeMethodAccessorImpl","method":"invoke","file":"NativeMethodAccessorImpl.java","line":62},{"class":"jdk.internal.reflect.DelegatingMethodAccessorImpl","method":"invoke","file":"DelegatingMethodAccessorImpl.java","line":43},{"class":"java.lang.reflect.Method","method":"invoke","file":"Method.java","line":566},{"class":"org.gradle.internal.dispatch.ReflectionDispatch","method":"dispatch","file":"ReflectionDispatch.java","line":36},{"class":"org.gradle.internal.dispatch.ReflectionDispatch","method":"dispatch","file":"ReflectionDispatch.java","line":24},{"class":"org.gradle.internal.dispatch.ContextClassLoaderDispatch","method":"dispatch","file":"ContextClassLoaderDispatch.java","line":33},{"class":"org.gradle.internal.dispatch.ProxyDispatchAdapter$DispatchingInvocationHandler","method":"invoke","file":"ProxyDispatchAdapter.java","line":94},{"class":"com.sun.proxy.$Proxy5","method":"stop","file":null,"line":-1},{"class":"org.gradle.api.internal.tasks.testing.worker.TestWorker$3","method":"run","file":"TestWorker.java","line":193},{"class":"org.gradle.api.internal.tasks.testing.worker.TestWorker","method":"executeAndMaintainThreadName","file":"TestWorker.java","line":129},{"class":"org.gradle.api.internal.tasks.testing.worker.TestWorker","method":"execute","file":"TestWorker.java","line":100},{"class":"org.gradle.api.internal.tasks.testing.worker.TestWorker","method":"execute","file":"TestWorker.java","line":60},{"class":"org.gradle.process.internal.worker.child.ActionExecutionWorker","method":"execute","file":"ActionExecutionWorker.java","line":56},{"class":"org.gradle.process.internal.worker.child.SystemApplicationClassLoaderWorker","method":"call","file":"SystemApplicationClassLoaderWorker.java","line":133},{"class":"org.gradle.process.internal.worker.child.SystemApplicationClassLoaderWorker","method":"call","file":"SystemApplicationClassLoaderWorker.java","line":71},{"class":"worker.org.gradle.process.internal.worker.GradleWorkerMain","method":"run","file":"GradleWorkerMain.java","line":69},{"class":"worker.org.gradle.process.internal.worker.GradleWorkerMain","method":"main","file":"GradleWorkerMain.java","line":74}]},"endOfBatch":false,"loggerFqcn":"org.apache.logging.log4j.spi.AbstractLogger","threadId":1,"threadPriority":5,"coldStart":"false","componentId":"passport-cri","functionArn":null,"functionMemorySize":"0","functionName":null,"functionVersion":null,"function_request_id":"null","samplingRate":"0.0","service":"service_undefined"}
{"timestamp":"2022-12-01T12:17:33.506+0000GMT","instant":{"epochSecond":1669897053,"nanoOfSecond":506492000},"thread":"Test worker","level":"WARN","loggerName":"software.amazon.cloudwatchlogs.emf.environment.AgentBasedEnvironment","message":"Unknown ServiceName.","endOfBatch":false,"loggerFqcn":"org.apache.logging.slf4j.Log4jLogger","threadId":1,"threadPriority":5}
{"timestamp":"2022-12-01T12:17:33.506+0000GMT","instant":{"epochSecond":1669897053,"nanoOfSecond":506775000},"thread":"Test worker","level":"WARN","loggerName":"software.amazon.cloudwatchlogs.emf.environment.AgentBasedEnvironment","message":"Unknown ServiceName.","endOfBatch":false,"loggerFqcn":"org.apache.logging.slf4j.Log4jLogger","threadId":1,"threadPriority":5}
{"timestamp":"2022-12-01T12:17:33.507+0000GMT","instant":{"epochSecond":1669897053,"nanoOfSecond":507105000},"thread":"Test worker","level":"INFO","loggerName":"software.amazon.cloudwatchlogs.emf.environment.DefaultEnvironment","message":"Unknown ServiceType","endOfBatch":false,"loggerFqcn":"org.apache.logging.slf4j.Log4jLogger","threadId":1,"threadPriority":5}
{"timestamp":"2022-12-01T12:17:33.507+0000GMT","instant":{"epochSecond":1669897053,"nanoOfSecond":507594000},"thread":"Test worker","level":"ERROR","loggerName":"software.amazon.cloudwatchlogs.emf.sinks.TCPClient","message":"Failed to connect to the socket due to the exception: ","thrown":{"message":"Socket closed","name":"java.net.SocketException","extendedStackTrace":[{"class":"java.net.PlainSocketImpl","method":"socketConnect","file":"PlainSocketImpl.java","line":-2},{"class":"java.net.AbstractPlainSocketImpl","method":"doConnect","file":"AbstractPlainSocketImpl.java","line":399},{"class":"java.net.AbstractPlainSocketImpl","method":"connectToAddress","file":"AbstractPlainSocketImpl.java","line":242},{"class":"java.net.AbstractPlainSocketImpl","method":"connect","file":"AbstractPlainSocketImpl.java","line":224},{"class":"java.net.SocksSocketImpl","method":"connect","file":"SocksSocketImpl.java","line":392},{"class":"java.net.Socket","method":"connect","file":"Socket.java","line":609},{"class":"java.net.Socket","method":"connect","file":"Socket.java","line":558},{"class":"software.amazon.cloudwatchlogs.emf.sinks.TCPClient","method":"connect","file":"TCPClient.java","line":40},{"class":"software.amazon.cloudwatchlogs.emf.sinks.TCPClient","method":"sendMessage","file":"TCPClient.java","line":55},{"class":"software.amazon.cloudwatchlogs.emf.sinks.AgentSink","method":"accept","file":"AgentSink.java","line":52},{"class":"software.amazon.cloudwatchlogs.emf.logger.MetricsLogger","method":"flush","file":"MetricsLogger.java","line":66},{"class":"software.amazon.lambda.powertools.metrics.internal.LambdaMetricsAspect","method":"around","file":"LambdaMetricsAspect.java","line":73},{"class":"uk.gov.di.ipv.cri.passport.accesstoken.AccessTokenHandler","method":"handleRequest","file":"AccessTokenHandler.java","line":84},{"class":"uk.gov.di.ipv.cri.passport.accesstoken.AccessTokenHandlerTest","method":"shouldReturn400WhenInvalidGrantTypeProvided","file":"AccessTokenHandlerTest.java","line":169},{"class":"jdk.internal.reflect.NativeMethodAccessorImpl","method":"invoke0","file":"NativeMethodAccessorImpl.java","line":-2},{"class":"jdk.internal.reflect.NativeMethodAccessorImpl","method":"invoke","file":"NativeMethodAccessorImpl.java","line":62},{"class":"jdk.internal.reflect.DelegatingMethodAccessorImpl","method":"invoke","file":"DelegatingMethodAccessorImpl.java","line":43},{"class":"java.lang.reflect.Method","method":"invoke","file":"Method.java","line":566},{"class":"org.junit.platform.commons.util.ReflectionUtils","method":"invokeMethod","file":"ReflectionUtils.java","line":725},{"class":"org.junit.jupiter.engine.execution.MethodInvocation","method":"proceed","file":"MethodInvocation.java","line":60},{"class":"org.junit.jupiter.engine.execution.InvocationInterceptorChain$ValidatingInvocation","method":"proceed","file":"InvocationInterceptorChain.java","line":131},{"class":"org.junit.jupiter.engine.extension.TimeoutExtension","method":"intercept","file":"TimeoutExtension.java","line":149},{"class":"org.junit.jupiter.engine.extension.TimeoutExtension","method":"interceptTestableMethod","file":"TimeoutExtension.java","line":140},{"class":"org.junit.jupiter.engine.extension.TimeoutExtension","method":"interceptTestMethod","file":"TimeoutExtension.java","line":84},{"class":"org.junit.jupiter.engine.execution.ExecutableInvoker$ReflectiveInterceptorCall","method":"lambda$ofVoidMethod$0","file":"ExecutableInvoker.java","line":115},{"class":"org.junit.jupiter.engine.execution.ExecutableInvoker","method":"lambda$invoke$0","file":"ExecutableInvoker.java","line":105},{"class":"org.junit.jupiter.engine.execution.InvocationInterceptorChain$InterceptedInvocation","method":"proceed","file":"InvocationInterceptorChain.java","line":106},{"class":"org.junit.jupiter.engine.execution.InvocationInterceptorChain","method":"proceed","file":"InvocationInterceptorChain.java","line":64},{"class":"org.junit.jupiter.engine.execution.InvocationInterceptorChain","method":"chainAndInvoke","file":"InvocationInterceptorChain.java","line":45},{"class":"org.junit.jupiter.engine.execution.InvocationInterceptorChain","method":"invoke","file":"InvocationInterceptorChain.java","line":37},{"class":"org.junit.jupiter.engine.execution.ExecutableInvoker","method":"invoke","file":"ExecutableInvoker.java","line":104},{"class":"org.junit.jupiter.engine.execution.ExecutableInvoker","method":"invoke","file":"ExecutableInvoker.java","line":98},{"class":"org.junit.jupiter.engine.descriptor.TestMethodTestDescriptor","method":"lambda$invokeTestMethod$7","file":"TestMethodTestDescriptor.java","line":214},{"class":"org.junit.platform.engine.support.hierarchical.ThrowableCollector","method":"execute","file":"ThrowableCollector.java","line":73},{"class":"org.junit.jupiter.engine.descriptor.TestMethodTestDescriptor","method":"invokeTestMethod","file":"TestMethodTestDescriptor.java","line":210},{"class":"org.junit.jupiter.engine.descriptor.TestMethodTestDescriptor","method":"execute","file":"TestMethodTestDescriptor.java","line":135},{"class":"org.junit.jupiter.engine.descriptor.TestMethodTestDescriptor","method":"execute","file":"TestMethodTestDescriptor.java","line":66},{"class":"org.junit.platform.engine.support.hierarchical.NodeTestTask","method":"lambda$executeRecursively$6","file":"NodeTestTask.java","line":151},{"class":"org.junit.platform.engine.support.hierarchical.ThrowableCollector","method":"execute","file":"ThrowableCollector.java","line":73},{"class":"org.junit.platform.engine.support.hierarchical.NodeTestTask","method":"lambda$executeRecursively$8","file":"NodeTestTask.java","line":141},{"class":"org.junit.platform.engine.support.hierarchical.Node","method":"around","file":"Node.java","line":137},{"class":"org.junit.platform.engine.support.hierarchical.NodeTestTask","method":"lambda$executeRecursively$9","file":"NodeTestTask.java","line":139},{"class":"org.junit.platform.engine.support.hierarchical.ThrowableCollector","method":"execute","file":"ThrowableCollector.java","line":73},{"class":"org.junit.platform.engine.support.hierarchical.NodeTestTask","method":"executeRecursively","file":"NodeTestTask.java","line":138},{"class":"org.junit.platform.engine.support.hierarchical.NodeTestTask","method":"execute","file":"NodeTestTask.java","line":95},{"class":"java.util.ArrayList","method":"forEach","file":"ArrayList.java","line":1541},{"class":"org.junit.platform.engine.support.hierarchical.SameThreadHierarchicalTestExecutorService","method":"invokeAll","file":"SameThreadHierarchicalTestExecutorService.java","line":41},{"class":"org.junit.platform.engine.support.hierarchical.NodeTestTask","method":"lambda$executeRecursively$6","file":"NodeTestTask.java","line":155},{"class":"org.junit.platform.engine.support.hierarchical.ThrowableCollector","method":"execute","file":"ThrowableCollector.java","line":73},{"class":"org.junit.platform.engine.support.hierarchical.NodeTestTask","method":"lambda$executeRecursively$8","file":"NodeTestTask.java","line":141},{"class":"org.junit.platform.engine.support.hierarchical.Node","method":"around","file":"Node.java","line":137},{"class":"org.junit.platform.engine.support.hierarchical.NodeTestTask","method":"lambda$executeRecursively$9","file":"NodeTestTask.java","line":139},{"class":"org.junit.platform.engine.support.hierarchical.ThrowableCollector","method":"execute","file":"ThrowableCollector.java","line":73},{"class":"org.junit.platform.engine.support.hierarchical.NodeTestTask","method":"executeRecursively","file":"NodeTestTask.java","line":138},{"class":"org.junit.platform.engine.support.hierarchical.NodeTestTask","method":"execute","file":"NodeTestTask.java","line":95},{"class":"java.util.ArrayList","method":"forEach","file":"ArrayList.java","line":1541},{"class":"org.junit.platform.engine.support.hierarchical.SameThreadHierarchicalTestExecutorService","method":"invokeAll","file":"SameThreadHierarchicalTestExecutorService.java","line":41},{"class":"org.junit.platform.engine.support.hierarchical.NodeTestTask","method":"lambda$executeRecursively$6","file":"NodeTestTask.java","line":155},{"class":"org.junit.platform.engine.support.hierarchical.ThrowableCollector","method":"execute","file":"ThrowableCollector.java","line":73},{"class":"org.junit.platform.engine.support.hierarchical.NodeTestTask","method":"lambda$executeRecursively$8","file":"NodeTestTask.java","line":141},{"class":"org.junit.platform.engine.support.hierarchical.Node","method":"around","file":"Node.java","line":137},{"class":"org.junit.platform.engine.support.hierarchical.NodeTestTask","method":"lambda$executeRecursively$9","file":"NodeTestTask.java","line":139},{"class":"org.junit.platform.engine.support.hierarchical.ThrowableCollector","method":"execute","file":"ThrowableCollector.java","line":73},{"class":"org.junit.platform.engine.support.hierarchical.NodeTestTask","method":"executeRecursively","file":"NodeTestTask.java","line":138},{"class":"org.junit.platform.engine.support.hierarchical.NodeTestTask","method":"execute","file":"NodeTestTask.java","line":95},{"class":"org.junit.platform.engine.support.hierarchical.SameThreadHierarchicalTestExecutorService","method":"submit","file":"SameThreadHierarchicalTestExecutorService.java","line":35},{"class":"org.junit.platform.engine.support.hierarchical.HierarchicalTestExecutor","method":"execute","file":"HierarchicalTestExecutor.java","line":57},{"class":"org.junit.platform.engine.support.hierarchical.HierarchicalTestEngine","method":"execute","file":"HierarchicalTestEngine.java","line":54},{"class":"org.junit.platform.launcher.core.EngineExecutionOrchestrator","method":"execute","file":"EngineExecutionOrchestrator.java","line":108},{"class":"org.junit.platform.launcher.core.EngineExecutionOrchestrator","method":"execute","file":"EngineExecutionOrchestrator.java","line":88},{"class":"org.junit.platform.launcher.core.EngineExecutionOrchestrator","method":"lambda$execute$0","file":"EngineExecutionOrchestrator.java","line":54},{"class":"org.junit.platform.launcher.core.EngineExecutionOrchestrator","method":"withInterceptedStreams","file":"EngineExecutionOrchestrator.java","line":67},{"class":"org.junit.platform.launcher.core.EngineExecutionOrchestrator","method":"execute","file":"EngineExecutionOrchestrator.java","line":52},{"class":"org.junit.platform.launcher.core.DefaultLauncher","method":"execute","file":"DefaultLauncher.java","line":96},{"class":"org.junit.platform.launcher.core.DefaultLauncher","method":"execute","file":"DefaultLauncher.java","line":75},{"class":"org.gradle.api.internal.tasks.testing.junitplatform.JUnitPlatformTestClassProcessor$CollectAllTestClassesExecutor","method":"processAllTestClasses","file":"JUnitPlatformTestClassProcessor.java","line":99},{"class":"org.gradle.api.internal.tasks.testing.junitplatform.JUnitPlatformTestClassProcessor$CollectAllTestClassesExecutor","method":"access$000","file":"JUnitPlatformTestClassProcessor.java","line":79},{"class":"org.gradle.api.internal.tasks.testing.junitplatform.JUnitPlatformTestClassProcessor","method":"stop","file":"JUnitPlatformTestClassProcessor.java","line":75},{"class":"org.gradle.api.internal.tasks.testing.SuiteTestClassProcessor","method":"stop","file":"SuiteTestClassProcessor.java","line":61},{"class":"jdk.internal.reflect.NativeMethodAccessorImpl","method":"invoke0","file":"NativeMethodAccessorImpl.java","line":-2},{"class":"jdk.internal.reflect.NativeMethodAccessorImpl","method":"invoke","file":"NativeMethodAccessorImpl.java","line":62},{"class":"jdk.internal.reflect.DelegatingMethodAccessorImpl","method":"invoke","file":"DelegatingMethodAccessorImpl.java","line":43},{"class":"java.lang.reflect.Method","method":"invoke","file":"Method.java","line":566},{"class":"org.gradle.internal.dispatch.ReflectionDispatch","method":"dispatch","file":"ReflectionDispatch.java","line":36},{"class":"org.gradle.internal.dispatch.ReflectionDispatch","method":"dispatch","file":"ReflectionDispatch.java","line":24},{"class":"org.gradle.internal.dispatch.ContextClassLoaderDispatch","method":"dispatch","file":"ContextClassLoaderDispatch.java","line":33},{"class":"org.gradle.internal.dispatch.ProxyDispatchAdapter$DispatchingInvocationHandler","method":"invoke","file":"ProxyDispatchAdapter.java","line":94},{"class":"com.sun.proxy.$Proxy5","method":"stop","file":null,"line":-1},{"class":"org.gradle.api.internal.tasks.testing.worker.TestWorker$3","method":"run","file":"TestWorker.java","line":193},{"class":"org.gradle.api.internal.tasks.testing.worker.TestWorker","method":"executeAndMaintainThreadName","file":"TestWorker.java","line":129},{"class":"org.gradle.api.internal.tasks.testing.worker.TestWorker","method":"execute","file":"TestWorker.java","line":100},{"class":"org.gradle.api.internal.tasks.testing.worker.TestWorker","method":"execute","file":"TestWorker.java","line":60},{"class":"org.gradle.process.internal.worker.child.ActionExecutionWorker","method":"execute","file":"ActionExecutionWorker.java","line":56},{"class":"org.gradle.process.internal.worker.child.SystemApplicationClassLoaderWorker","method":"call","file":"SystemApplicationClassLoaderWorker.java","line":133},{"class":"org.gradle.process.internal.worker.child.SystemApplicationClassLoaderWorker","method":"call","file":"SystemApplicationClassLoaderWorker.java","line":71},{"class":"worker.org.gradle.process.internal.worker.GradleWorkerMain","method":"run","file":"GradleWorkerMain.java","line":69},{"class":"worker.org.gradle.process.internal.worker.GradleWorkerMain","method":"main","file":"GradleWorkerMain.java","line":74}]},"endOfBatch":false,"loggerFqcn":"org.apache.logging.slf4j.Log4jLogger","threadId":1,"threadPriority":5}
{"timestamp":"2022-12-01T12:17:33.509+0000GMT","instant":{"epochSecond":1669897053,"nanoOfSecond":509547000},"thread":"Test worker","level":"ERROR","loggerName":"software.amazon.cloudwatchlogs.emf.sinks.TCPClient","message":"Failed to open output stream: ","thrown":{"message":"Socket is not connected","name":"java.net.SocketException","extendedStackTrace":[{"class":"java.net.Socket","method":"getOutputStream","file":"Socket.java","line":964},{"class":"software.amazon.cloudwatchlogs.emf.sinks.TCPClient","method":"sendMessage","file":"TCPClient.java","line":60},{"class":"software.amazon.cloudwatchlogs.emf.sinks.AgentSink","method":"accept","file":"AgentSink.java","line":52},{"class":"software.amazon.cloudwatchlogs.emf.logger.MetricsLogger","method":"flush","file":"MetricsLogger.java","line":66},{"class":"software.amazon.lambda.powertools.metrics.internal.LambdaMetricsAspect","method":"around","file":"LambdaMetricsAspect.java","line":73},{"class":"uk.gov.di.ipv.cri.passport.accesstoken.AccessTokenHandler","method":"handleRequest","file":"AccessTokenHandler.java","line":84},{"class":"uk.gov.di.ipv.cri.passport.accesstoken.AccessTokenHandlerTest","method":"shouldReturn400WhenInvalidGrantTypeProvided","file":"AccessTokenHandlerTest.java","line":169},{"class":"jdk.internal.reflect.NativeMethodAccessorImpl","method":"invoke0","file":"NativeMethodAccessorImpl.java","line":-2},{"class":"jdk.internal.reflect.NativeMethodAccessorImpl","method":"invoke","file":"NativeMethodAccessorImpl.java","line":62},{"class":"jdk.internal.reflect.DelegatingMethodAccessorImpl","method":"invoke","file":"DelegatingMethodAccessorImpl.java","line":43},{"class":"java.lang.reflect.Method","method":"invoke","file":"Method.java","line":566},{"class":"org.junit.platform.commons.util.ReflectionUtils","method":"invokeMethod","file":"ReflectionUtils.java","line":725},{"class":"org.junit.jupiter.engine.execution.MethodInvocation","method":"proceed","file":"MethodInvocation.java","line":60},{"class":"org.junit.jupiter.engine.execution.InvocationInterceptorChain$ValidatingInvocation","method":"proceed","file":"InvocationInterceptorChain.java","line":131},{"class":"org.junit.jupiter.engine.extension.TimeoutExtension","method":"intercept","file":"TimeoutExtension.java","line":149},{"class":"org.junit.jupiter.engine.extension.TimeoutExtension","method":"interceptTestableMethod","file":"TimeoutExtension.java","line":140},{"class":"org.junit.jupiter.engine.extension.TimeoutExtension","method":"interceptTestMethod","file":"TimeoutExtension.java","line":84},{"class":"org.junit.jupiter.engine.execution.ExecutableInvoker$ReflectiveInterceptorCall","method":"lambda$ofVoidMethod$0","file":"ExecutableInvoker.java","line":115},{"class":"org.junit.jupiter.engine.execution.ExecutableInvoker","method":"lambda$invoke$0","file":"ExecutableInvoker.java","line":105},{"class":"org.junit.jupiter.engine.execution.InvocationInterceptorChain$InterceptedInvocation","method":"proceed","file":"InvocationInterceptorChain.java","line":106},{"class":"org.junit.jupiter.engine.execution.InvocationInterceptorChain","method":"proceed","file":"InvocationInterceptorChain.java","line":64},{"class":"org.junit.jupiter.engine.execution.InvocationInterceptorChain","method":"chainAndInvoke","file":"InvocationInterceptorChain.java","line":45},{"class":"org.junit.jupiter.engine.execution.InvocationInterceptorChain","method":"invoke","file":"InvocationInterceptorChain.java","line":37},{"class":"org.junit.jupiter.engine.execution.ExecutableInvoker","method":"invoke","file":"ExecutableInvoker.java","line":104},{"class":"org.junit.jupiter.engine.execution.ExecutableInvoker","method":"invoke","file":"ExecutableInvoker.java","line":98},{"class":"org.junit.jupiter.engine.descriptor.TestMethodTestDescriptor","method":"lambda$invokeTestMethod$7","file":"TestMethodTestDescriptor.java","line":214},{"class":"org.junit.platform.engine.support.hierarchical.ThrowableCollector","method":"execute","file":"ThrowableCollector.java","line":73},{"class":"org.junit.jupiter.engine.descriptor.TestMethodTestDescriptor","method":"invokeTestMethod","file":"TestMethodTestDescriptor.java","line":210},{"class":"org.junit.jupiter.engine.descriptor.TestMethodTestDescriptor","method":"execute","file":"TestMethodTestDescriptor.java","line":135},{"class":"org.junit.jupiter.engine.descriptor.TestMethodTestDescriptor","method":"execute","file":"TestMethodTestDescriptor.java","line":66},{"class":"org.junit.platform.engine.support.hierarchical.NodeTestTask","method":"lambda$executeRecursively$6","file":"NodeTestTask.java","line":151},{"class":"org.junit.platform.engine.support.hierarchical.ThrowableCollector","method":"execute","file":"ThrowableCollector.java","line":73},{"class":"org.junit.platform.engine.support.hierarchical.NodeTestTask","method":"lambda$executeRecursively$8","file":"NodeTestTask.java","line":141},{"class":"org.junit.platform.engine.support.hierarchical.Node","method":"around","file":"Node.java","line":137},{"class":"org.junit.platform.engine.support.hierarchical.NodeTestTask","method":"lambda$executeRecursively$9","file":"NodeTestTask.java","line":139},{"class":"org.junit.platform.engine.support.hierarchical.ThrowableCollector","method":"execute","file":"ThrowableCollector.java","line":73},{"class":"org.junit.platform.engine.support.hierarchical.NodeTestTask","method":"executeRecursively","file":"NodeTestTask.java","line":138},{"class":"org.junit.platform.engine.support.hierarchical.NodeTestTask","method":"execute","file":"NodeTestTask.java","line":95},{"class":"java.util.ArrayList","method":"forEach","file":"ArrayList.java","line":1541},{"class":"org.junit.platform.engine.support.hierarchical.SameThreadHierarchicalTestExecutorService","method":"invokeAll","file":"SameThreadHierarchicalTestExecutorService.java","line":41},{"class":"org.junit.platform.engine.support.hierarchical.NodeTestTask","method":"lambda$executeRecursively$6","file":"NodeTestTask.java","line":155},{"class":"org.junit.platform.engine.support.hierarchical.ThrowableCollector","method":"execute","file":"ThrowableCollector.java","line":73},{"class":"org.junit.platform.engine.support.hierarchical.NodeTestTask","method":"lambda$executeRecursively$8","file":"NodeTestTask.java","line":141},{"class":"org.junit.platform.engine.support.hierarchical.Node","method":"around","file":"Node.java","line":137},{"class":"org.junit.platform.engine.support.hierarchical.NodeTestTask","method":"lambda$executeRecursively$9","file":"NodeTestTask.java","line":139},{"class":"org.junit.platform.engine.support.hierarchical.ThrowableCollector","method":"execute","file":"ThrowableCollector.java","line":73},{"class":"org.junit.platform.engine.support.hierarchical.NodeTestTask","method":"executeRecursively","file":"NodeTestTask.java","line":138},{"class":"org.junit.platform.engine.support.hierarchical.NodeTestTask","method":"execute","file":"NodeTestTask.java","line":95},{"class":"java.util.ArrayList","method":"forEach","file":"ArrayList.java","line":1541},{"class":"org.junit.platform.engine.support.hierarchical.SameThreadHierarchicalTestExecutorService","method":"invokeAll","file":"SameThreadHierarchicalTestExecutorService.java","line":41},{"class":"org.junit.platform.engine.support.hierarchical.NodeTestTask","method":"lambda$executeRecursively$6","file":"NodeTestTask.java","line":155},{"class":"org.junit.platform.engine.support.hierarchical.ThrowableCollector","method":"execute","file":"ThrowableCollector.java","line":73},{"class":"org.junit.platform.engine.support.hierarchical.NodeTestTask","method":"lambda$executeRecursively$8","file":"NodeTestTask.java","line":141},{"class":"org.junit.platform.engine.support.hierarchical.Node","method":"around","file":"Node.java","line":137},{"class":"org.junit.platform.engine.support.hierarchical.NodeTestTask","method":"lambda$executeRecursively$9","file":"NodeTestTask.java","line":139},{"class":"org.junit.platform.engine.support.hierarchical.ThrowableCollector","method":"execute","file":"ThrowableCollector.java","line":73},{"class":"org.junit.platform.engine.support.hierarchical.NodeTestTask","method":"executeRecursively","file":"NodeTestTask.java","line":138},{"class":"org.junit.platform.engine.support.hierarchical.NodeTestTask","method":"execute","file":"NodeTestTask.java","line":95},{"class":"org.junit.platform.engine.support.hierarchical.SameThreadHierarchicalTestExecutorService","method":"submit","file":"SameThreadHierarchicalTestExecutorService.java","line":35},{"class":"org.junit.platform.engine.support.hierarchical.HierarchicalTestExecutor","method":"execute","file":"HierarchicalTestExecutor.java","line":57},{"class":"org.junit.platform.engine.support.hierarchical.HierarchicalTestEngine","method":"execute","file":"HierarchicalTestEngine.java","line":54},{"class":"org.junit.platform.launcher.core.EngineExecutionOrchestrator","method":"execute","file":"EngineExecutionOrchestrator.java","line":108},{"class":"org.junit.platform.launcher.core.EngineExecutionOrchestrator","method":"execute","file":"EngineExecutionOrchestrator.java","line":88},{"class":"org.junit.platform.launcher.core.EngineExecutionOrchestrator","method":"lambda$execute$0","file":"EngineExecutionOrchestrator.java","line":54},{"class":"org.junit.platform.launcher.core.EngineExecutionOrchestrator","method":"withInterceptedStreams","file":"EngineExecutionOrchestrator.java","line":67},{"class":"org.junit.platform.launcher.core.EngineExecutionOrchestrator","method":"execute","file":"EngineExecutionOrchestrator.java","line":52},{"class":"org.junit.platform.launcher.core.DefaultLauncher","method":"execute","file":"DefaultLauncher.java","line":96},{"class":"org.junit.platform.launcher.core.DefaultLauncher","method":"execute","file":"DefaultLauncher.java","line":75},{"class":"org.gradle.api.internal.tasks.testing.junitplatform.JUnitPlatformTestClassProcessor$CollectAllTestClassesExecutor","method":"processAllTestClasses","file":"JUnitPlatformTestClassProcessor.java","line":99},{"class":"org.gradle.api.internal.tasks.testing.junitplatform.JUnitPlatformTestClassProcessor$CollectAllTestClassesExecutor","method":"access$000","file":"JUnitPlatformTestClassProcessor.java","line":79},{"class":"org.gradle.api.internal.tasks.testing.junitplatform.JUnitPlatformTestClassProcessor","method":"stop","file":"JUnitPlatformTestClassProcessor.java","line":75},{"class":"org.gradle.api.internal.tasks.testing.SuiteTestClassProcessor","method":"stop","file":"SuiteTestClassProcessor.java","line":61},{"class":"jdk.internal.reflect.NativeMethodAccessorImpl","method":"invoke0","file":"NativeMethodAccessorImpl.java","line":-2},{"class":"jdk.internal.reflect.NativeMethodAccessorImpl","method":"invoke","file":"NativeMethodAccessorImpl.java","line":62},{"class":"jdk.internal.reflect.DelegatingMethodAccessorImpl","method":"invoke","file":"DelegatingMethodAccessorImpl.java","line":43},{"class":"java.lang.reflect.Method","method":"invoke","file":"Method.java","line":566},{"class":"org.gradle.internal.dispatch.ReflectionDispatch","method":"dispatch","file":"ReflectionDispatch.java","line":36},{"class":"org.gradle.internal.dispatch.ReflectionDispatch","method":"dispatch","file":"ReflectionDispatch.java","line":24},{"class":"org.gradle.internal.dispatch.ContextClassLoaderDispatch","method":"dispatch","file":"ContextClassLoaderDispatch.java","line":33},{"class":"org.gradle.internal.dispatch.ProxyDispatchAdapter$DispatchingInvocationHandler","method":"invoke","file":"ProxyDispatchAdapter.java","line":94},{"class":"com.sun.proxy.$Proxy5","method":"stop","file":null,"line":-1},{"class":"org.gradle.api.internal.tasks.testing.worker.TestWorker$3","method":"run","file":"TestWorker.java","line":193},{"class":"org.gradle.api.internal.tasks.testing.worker.TestWorker","method":"executeAndMaintainThreadName","file":"TestWorker.java","line":129},{"class":"org.gradle.api.internal.tasks.testing.worker.TestWorker","method":"execute","file":"TestWorker.java","line":100},{"class":"org.gradle.api.internal.tasks.testing.worker.TestWorker","method":"execute","file":"TestWorker.java","line":60},{"class":"org.gradle.process.internal.worker.child.ActionExecutionWorker","method":"execute","file":"ActionExecutionWorker.java","line":56},{"class":"org.gradle.process.internal.worker.child.SystemApplicationClassLoaderWorker","method":"call","file":"SystemApplicationClassLoaderWorker.java","line":133},{"class":"org.gradle.process.internal.worker.child.SystemApplicationClassLoaderWorker","method":"call","file":"SystemApplicationClassLoaderWorker.java","line":71},{"class":"worker.org.gradle.process.internal.worker.GradleWorkerMain","method":"run","file":"GradleWorkerMain.java","line":69},{"class":"worker.org.gradle.process.internal.worker.GradleWorkerMain","method":"main","file":"GradleWorkerMain.java","line":74}]},"endOfBatch":false,"loggerFqcn":"org.apache.logging.slf4j.Log4jLogger","threadId":1,"threadPriority":5}
{"timestamp":"2022-12-01T12:17:33.511+0000GMT","instant":{"epochSecond":1669897053,"nanoOfSecond":511520000},"thread":"Test worker","level":"ERROR","loggerName":"software.amazon.cloudwatchlogs.emf.sinks.TCPClient","message":"Failed to connect to the socket due to the exception: ","thrown":{"message":"Socket closed","name":"java.net.SocketException","extendedStackTrace":[{"class":"java.net.PlainSocketImpl","method":"socketConnect","file":"PlainSocketImpl.java","line":-2},{"class":"java.net.AbstractPlainSocketImpl","method":"doConnect","file":"AbstractPlainSocketImpl.java","line":399},{"class":"java.net.AbstractPlainSocketImpl","method":"connectToAddress","file":"AbstractPlainSocketImpl.java","line":242},{"class":"java.net.AbstractPlainSocketImpl","method":"connect","file":"AbstractPlainSocketImpl.java","line":224},{"class":"java.net.SocksSocketImpl","method":"connect","file":"SocksSocketImpl.java","line":392},{"class":"java.net.Socket","method":"connect","file":"Socket.java","line":609},{"class":"java.net.Socket","method":"connect","file":"Socket.java","line":558},{"class":"software.amazon.cloudwatchlogs.emf.sinks.TCPClient","method":"connect","file":"TCPClient.java","line":40},{"class":"software.amazon.cloudwatchlogs.emf.sinks.TCPClient","method":"sendMessage","file":"TCPClient.java","line":63},{"class":"software.amazon.cloudwatchlogs.emf.sinks.AgentSink","method":"accept","file":"AgentSink.java","line":52},{"class":"software.amazon.cloudwatchlogs.emf.logger.MetricsLogger","method":"flush","file":"MetricsLogger.java","line":66},{"class":"software.amazon.lambda.powertools.metrics.internal.LambdaMetricsAspect","method":"around","file":"LambdaMetricsAspect.java","line":73},{"class":"uk.gov.di.ipv.cri.passport.accesstoken.AccessTokenHandler","method":"handleRequest","file":"AccessTokenHandler.java","line":84},{"class":"uk.gov.di.ipv.cri.passport.accesstoken.AccessTokenHandlerTest","method":"shouldReturn400WhenInvalidGrantTypeProvided","file":"AccessTokenHandlerTest.java","line":169},{"class":"jdk.internal.reflect.NativeMethodAccessorImpl","method":"invoke0","file":"NativeMethodAccessorImpl.java","line":-2},{"class":"jdk.internal.reflect.NativeMethodAccessorImpl","method":"invoke","file":"NativeMethodAccessorImpl.java","line":62},{"class":"jdk.internal.reflect.DelegatingMethodAccessorImpl","method":"invoke","file":"DelegatingMethodAccessorImpl.java","line":43},{"class":"java.lang.reflect.Method","method":"invoke","file":"Method.java","line":566},{"class":"org.junit.platform.commons.util.ReflectionUtils","method":"invokeMethod","file":"ReflectionUtils.java","line":725},{"class":"org.junit.jupiter.engine.execution.MethodInvocation","method":"proceed","file":"MethodInvocation.java","line":60},{"class":"org.junit.jupiter.engine.execution.InvocationInterceptorChain$ValidatingInvocation","method":"proceed","file":"InvocationInterceptorChain.java","line":131},{"class":"org.junit.jupiter.engine.extension.TimeoutExtension","method":"intercept","file":"TimeoutExtension.java","line":149},{"class":"org.junit.jupiter.engine.extension.TimeoutExtension","method":"interceptTestableMethod","file":"TimeoutExtension.java","line":140},{"class":"org.junit.jupiter.engine.extension.TimeoutExtension","method":"interceptTestMethod","file":"TimeoutExtension.java","line":84},{"class":"org.junit.jupiter.engine.execution.ExecutableInvoker$ReflectiveInterceptorCall","method":"lambda$ofVoidMethod$0","file":"ExecutableInvoker.java","line":115},{"class":"org.junit.jupiter.engine.execution.ExecutableInvoker","method":"lambda$invoke$0","file":"ExecutableInvoker.java","line":105},{"class":"org.junit.jupiter.engine.execution.InvocationInterceptorChain$InterceptedInvocation","method":"proceed","file":"InvocationInterceptorChain.java","line":106},{"class":"org.junit.jupiter.engine.execution.InvocationInterceptorChain","method":"proceed","file":"InvocationInterceptorChain.java","line":64},{"class":"org.junit.jupiter.engine.execution.InvocationInterceptorChain","method":"chainAndInvoke","file":"InvocationInterceptorChain.java","line":45},{"class":"org.junit.jupiter.engine.execution.InvocationInterceptorChain","method":"invoke","file":"InvocationInterceptorChain.java","line":37},{"class":"org.junit.jupiter.engine.execution.ExecutableInvoker","method":"invoke","file":"ExecutableInvoker.java","line":104},{"class":"org.junit.jupiter.engine.execution.ExecutableInvoker","method":"invoke","file":"ExecutableInvoker.java","line":98},{"class":"org.junit.jupiter.engine.descriptor.TestMethodTestDescriptor","method":"lambda$invokeTestMethod$7","file":"TestMethodTestDescriptor.java","line":214},{"class":"org.junit.platform.engine.support.hierarchical.ThrowableCollector","method":"execute","file":"ThrowableCollector.java","line":73},{"class":"org.junit.jupiter.engine.descriptor.TestMethodTestDescriptor","method":"invokeTestMethod","file":"TestMethodTestDescriptor.java","line":210},{"class":"org.junit.jupiter.engine.descriptor.TestMethodTestDescriptor","method":"execute","file":"TestMethodTestDescriptor.java","line":135},{"class":"org.junit.jupiter.engine.descriptor.TestMethodTestDescriptor","method":"execute","file":"TestMethodTestDescriptor.java","line":66},{"class":"org.junit.platform.engine.support.hierarchical.NodeTestTask","method":"lambda$executeRecursively$6","file":"NodeTestTask.java","line":151},{"class":"org.junit.platform.engine.support.hierarchical.ThrowableCollector","method":"execute","file":"ThrowableCollector.java","line":73},{"class":"org.junit.platform.engine.support.hierarchical.NodeTestTask","method":"lambda$executeRecursively$8","file":"NodeTestTask.java","line":141},{"class":"org.junit.platform.engine.support.hierarchical.Node","method":"around","file":"Node.java","line":137},{"class":"org.junit.platform.engine.support.hierarchical.NodeTestTask","method":"lambda$executeRecursively$9","file":"NodeTestTask.java","line":139},{"class":"org.junit.platform.engine.support.hierarchical.ThrowableCollector","method":"execute","file":"ThrowableCollector.java","line":73},{"class":"org.junit.platform.engine.support.hierarchical.NodeTestTask","method":"executeRecursively","file":"NodeTestTask.java","line":138},{"class":"org.junit.platform.engine.support.hierarchical.NodeTestTask","method":"execute","file":"NodeTestTask.java","line":95},{"class":"java.util.ArrayList","method":"forEach","file":"ArrayList.java","line":1541},{"class":"org.junit.platform.engine.support.hierarchical.SameThreadHierarchicalTestExecutorService","method":"invokeAll","file":"SameThreadHierarchicalTestExecutorService.java","line":41},{"class":"org.junit.platform.engine.support.hierarchical.NodeTestTask","method":"lambda$executeRecursively$6","file":"NodeTestTask.java","line":155},{"class":"org.junit.platform.engine.support.hierarchical.ThrowableCollector","method":"execute","file":"ThrowableCollector.java","line":73},{"class":"org.junit.platform.engine.support.hierarchical.NodeTestTask","method":"lambda$executeRecursively$8","file":"NodeTestTask.java","line":141},{"class":"org.junit.platform.engine.support.hierarchical.Node","method":"around","file":"Node.java","line":137},{"class":"org.junit.platform.engine.support.hierarchical.NodeTestTask","method":"lambda$executeRecursively$9","file":"NodeTestTask.java","line":139},{"class":"org.junit.platform.engine.support.hierarchical.ThrowableCollector","method":"execute","file":"ThrowableCollector.java","line":73},{"class":"org.junit.platform.engine.support.hierarchical.NodeTestTask","method":"executeRecursively","file":"NodeTestTask.java","line":138},{"class":"org.junit.platform.engine.support.hierarchical.NodeTestTask","method":"execute","file":"NodeTestTask.java","line":95},{"class":"java.util.ArrayList","method":"forEach","file":"ArrayList.java","line":1541},{"class":"org.junit.platform.engine.support.hierarchical.SameThreadHierarchicalTestExecutorService","method":"invokeAll","file":"SameThreadHierarchicalTestExecutorService.java","line":41},{"class":"org.junit.platform.engine.support.hierarchical.NodeTestTask","method":"lambda$executeRecursively$6","file":"NodeTestTask.java","line":155},{"class":"org.junit.platform.engine.support.hierarchical.ThrowableCollector","method":"execute","file":"ThrowableCollector.java","line":73},{"class":"org.junit.platform.engine.support.hierarchical.NodeTestTask","method":"lambda$executeRecursively$8","file":"NodeTestTask.java","line":141},{"class":"org.junit.platform.engine.support.hierarchical.Node","method":"around","file":"Node.java","line":137},{"class":"org.junit.platform.engine.support.hierarchical.NodeTestTask","method":"lambda$executeRecursively$9","file":"NodeTestTask.java","line":139},{"class":"org.junit.platform.engine.support.hierarchical.ThrowableCollector","method":"execute","file":"ThrowableCollector.java","line":73},{"class":"org.junit.platform.engine.support.hierarchical.NodeTestTask","method":"executeRecursively","file":"NodeTestTask.java","line":138},{"class":"org.junit.platform.engine.support.hierarchical.NodeTestTask","method":"execute","file":"NodeTestTask.java","line":95},{"class":"org.junit.platform.engine.support.hierarchical.SameThreadHierarchicalTestExecutorService","method":"submit","file":"SameThreadHierarchicalTestExecutorService.java","line":35},{"class":"org.junit.platform.engine.support.hierarchical.HierarchicalTestExecutor","method":"execute","file":"HierarchicalTestExecutor.java","line":57},{"class":"org.junit.platform.engine.support.hierarchical.HierarchicalTestEngine","method":"execute","file":"HierarchicalTestEngine.java","line":54},{"class":"org.junit.platform.launcher.core.EngineExecutionOrchestrator","method":"execute","file":"EngineExecutionOrchestrator.java","line":108},{"class":"org.junit.platform.launcher.core.EngineExecutionOrchestrator","method":"execute","file":"EngineExecutionOrchestrator.java","line":88},{"class":"org.junit.platform.launcher.core.EngineExecutionOrchestrator","method":"lambda$execute$0","file":"EngineExecutionOrchestrator.java","line":54},{"class":"org.junit.platform.launcher.core.EngineExecutionOrchestrator","method":"withInterceptedStreams","file":"EngineExecutionOrchestrator.java","line":67},{"class":"org.junit.platform.launcher.core.EngineExecutionOrchestrator","method":"execute","file":"EngineExecutionOrchestrator.java","line":52},{"class":"org.junit.platform.launcher.core.DefaultLauncher","method":"execute","file":"DefaultLauncher.java","line":96},{"class":"org.junit.platform.launcher.core.DefaultLauncher","method":"execute","file":"DefaultLauncher.java","line":75},{"class":"org.gradle.api.internal.tasks.testing.junitplatform.JUnitPlatformTestClassProcessor$CollectAllTestClassesExecutor","method":"processAllTestClasses","file":"JUnitPlatformTestClassProcessor.java","line":99},{"class":"org.gradle.api.internal.tasks.testing.junitplatform.JUnitPlatformTestClassProcessor$CollectAllTestClassesExecutor","method":"access$000","file":"JUnitPlatformTestClassProcessor.java","line":79},{"class":"org.gradle.api.internal.tasks.testing.junitplatform.JUnitPlatformTestClassProcessor","method":"stop","file":"JUnitPlatformTestClassProcessor.java","line":75},{"class":"org.gradle.api.internal.tasks.testing.SuiteTestClassProcessor","method":"stop","file":"SuiteTestClassProcessor.java","line":61},{"class":"jdk.internal.reflect.NativeMethodAccessorImpl","method":"invoke0","file":"NativeMethodAccessorImpl.java","line":-2},{"class":"jdk.internal.reflect.NativeMethodAccessorImpl","method":"invoke","file":"NativeMethodAccessorImpl.java","line":62},{"class":"jdk.internal.reflect.DelegatingMethodAccessorImpl","method":"invoke","file":"DelegatingMethodAccessorImpl.java","line":43},{"class":"java.lang.reflect.Method","method":"invoke","file":"Method.java","line":566},{"class":"org.gradle.internal.dispatch.ReflectionDispatch","method":"dispatch","file":"ReflectionDispatch.java","line":36},{"class":"org.gradle.internal.dispatch.ReflectionDispatch","method":"dispatch","file":"ReflectionDispatch.java","line":24},{"class":"org.gradle.internal.dispatch.ContextClassLoaderDispatch","method":"dispatch","file":"ContextClassLoaderDispatch.java","line":33},{"class":"org.gradle.internal.dispatch.ProxyDispatchAdapter$DispatchingInvocationHandler","method":"invoke","file":"ProxyDispatchAdapter.java","line":94},{"class":"com.sun.proxy.$Proxy5","method":"stop","file":null,"line":-1},{"class":"org.gradle.api.internal.tasks.testing.worker.TestWorker$3","method":"run","file":"TestWorker.java","line":193},{"class":"org.gradle.api.internal.tasks.testing.worker.TestWorker","method":"executeAndMaintainThreadName","file":"TestWorker.java","line":129},{"class":"org.gradle.api.internal.tasks.testing.worker.TestWorker","method":"execute","file":"TestWorker.java","line":100},{"class":"org.gradle.api.internal.tasks.testing.worker.TestWorker","method":"execute","file":"TestWorker.java","line":60},{"class":"org.gradle.process.internal.worker.child.ActionExecutionWorker","method":"execute","file":"ActionExecutionWorker.java","line":56},{"class":"org.gradle.process.internal.worker.child.SystemApplicationClassLoaderWorker","method":"call","file":"SystemApplicationClassLoaderWorker.java","line":133},{"class":"org.gradle.process.internal.worker.child.SystemApplicationClassLoaderWorker","method":"call","file":"SystemApplicationClassLoaderWorker.java","line":71},{"class":"worker.org.gradle.process.internal.worker.GradleWorkerMain","method":"run","file":"GradleWorkerMain.java","line":69},{"class":"worker.org.gradle.process.internal.worker.GradleWorkerMain","method":"main","file":"GradleWorkerMain.java","line":74}]},"endOfBatch":false,"loggerFqcn":"org.apache.logging.slf4j.Log4jLogger","threadId":1,"threadPriority":5}
{"timestamp":"2022-12-01T12:17:33.522+0000GMT","instant":{"epochSecond":1669897053,"nanoOfSecond":522721000},"thread":"Test worker","level":"INFO","loggerName":"uk.gov.di.ipv.cri.passport.library.helpers.LogHelper","message":"COMPONENT_ID_LOG_FIELD attached to logs","endOfBatch":false,"loggerFqcn":"org.apache.logging.log4j.spi.AbstractLogger","threadId":1,"threadPriority":5,"coldStart":"false","componentId":"passport-cri","functionArn":null,"functionMemorySize":"0","functionName":null,"functionVersion":null,"function_request_id":"null","samplingRate":"0.0","service":"service_undefined"}
{"timestamp":"2022-12-01T12:17:33.523+0000GMT","instant":{"epochSecond":1669897053,"nanoOfSecond":523794000},"thread":"Test worker","level":"INFO","loggerName":"uk.gov.di.ipv.cri.passport.library.helpers.LogHelper","message":"PASSPORT_SESSION_ID_LOG_FIELD attached to logs","endOfBatch":false,"loggerFqcn":"org.apache.logging.log4j.spi.AbstractLogger","threadId":1,"threadPriority":5,"coldStart":"false","componentId":"passport-cri","functionArn":null,"functionMemorySize":"0","functionName":null,"functionVersion":null,"function_request_id":"null","passportSessionId":"0e02e1dd-726b-4c28-a1e0-5d71ad3a9989","samplingRate":"0.0","service":"service_undefined"}
{"timestamp":"2022-12-01T12:17:33.524+0000GMT","instant":{"epochSecond":1669897053,"nanoOfSecond":524312000},"thread":"Test worker","level":"INFO","loggerName":"uk.gov.di.ipv.cri.passport.library.helpers.LogHelper","message":"GOVUK_SIGNIN_JOURNEY_ID attached to logs","endOfBatch":false,"loggerFqcn":"org.apache.logging.log4j.spi.AbstractLogger","threadId":1,"threadPriority":5,"coldStart":"false","componentId":"passport-cri","functionArn":null,"functionMemorySize":"0","functionName":null,"functionVersion":null,"function_request_id":"null","govuk_signin_journey_id":"580c6bb8-3606-45f9-8e7c-05116904da2a","passportSessionId":"0e02e1dd-726b-4c28-a1e0-5d71ad3a9989","samplingRate":"0.0","service":"service_undefined"}
{"timestamp":"2022-12-01T12:17:33.524+0000GMT","instant":{"epochSecond":1669897053,"nanoOfSecond":524542000},"thread":"Test worker","level":"ERROR","loggerName":"uk.gov.di.ipv.cri.passport.accesstoken.AccessTokenHandler","message":"Auth code has been used multiple times. Auth code was exchanged for an access token at: 2022-12-01T12:17:33.519021Z","endOfBatch":false,"loggerFqcn":"org.apache.logging.log4j.spi.AbstractLogger","threadId":1,"threadPriority":5,"coldStart":"false","componentId":"passport-cri","functionArn":null,"functionMemorySize":"0","functionName":null,"functionVersion":null,"function_request_id":"null","govuk_signin_journey_id":"580c6bb8-3606-45f9-8e7c-05116904da2a","passportSessionId":"0e02e1dd-726b-4c28-a1e0-5d71ad3a9989","samplingRate":"0.0","service":"service_undefined"}
{"timestamp":"2022-12-01T12:17:33.525+0000GMT","instant":{"epochSecond":1669897053,"nanoOfSecond":525207000},"thread":"Test worker","level":"WARN","loggerName":"software.amazon.cloudwatchlogs.emf.environment.AgentBasedEnvironment","message":"Unknown ServiceName.","endOfBatch":false,"loggerFqcn":"org.apache.logging.slf4j.Log4jLogger","threadId":1,"threadPriority":5}
{"timestamp":"2022-12-01T12:17:33.525+0000GMT","instant":{"epochSecond":1669897053,"nanoOfSecond":525538000},"thread":"Test worker","level":"WARN","loggerName":"software.amazon.cloudwatchlogs.emf.environment.AgentBasedEnvironment","message":"Unknown ServiceName.","endOfBatch":false,"loggerFqcn":"org.apache.logging.slf4j.Log4jLogger","threadId":1,"threadPriority":5}
{"timestamp":"2022-12-01T12:17:33.525+0000GMT","instant":{"epochSecond":1669897053,"nanoOfSecond":525899000},"thread":"Test worker","level":"INFO","loggerName":"software.amazon.cloudwatchlogs.emf.environment.DefaultEnvironment","message":"Unknown ServiceType","endOfBatch":false,"loggerFqcn":"org.apache.logging.slf4j.Log4jLogger","threadId":1,"threadPriority":5}
{"timestamp":"2022-12-01T12:17:33.526+0000GMT","instant":{"epochSecond":1669897053,"nanoOfSecond":526536000},"thread":"Test worker","level":"ERROR","loggerName":"software.amazon.cloudwatchlogs.emf.sinks.TCPClient","message":"Failed to connect to the socket due to the exception: ","thrown":{"message":"Socket closed","name":"java.net.SocketException","extendedStackTrace":[{"class":"java.net.PlainSocketImpl","method":"socketConnect","file":"PlainSocketImpl.java","line":-2},{"class":"java.net.AbstractPlainSocketImpl","method":"doConnect","file":"AbstractPlainSocketImpl.java","line":399},{"class":"java.net.AbstractPlainSocketImpl","method":"connectToAddress","file":"AbstractPlainSocketImpl.java","line":242},{"class":"java.net.AbstractPlainSocketImpl","method":"connect","file":"AbstractPlainSocketImpl.java","line":224},{"class":"java.net.SocksSocketImpl","method":"connect","file":"SocksSocketImpl.java","line":392},{"class":"java.net.Socket","method":"connect","file":"Socket.java","line":609},{"class":"java.net.Socket","method":"connect","file":"Socket.java","line":558},{"class":"software.amazon.cloudwatchlogs.emf.sinks.TCPClient","method":"connect","file":"TCPClient.java","line":40},{"class":"software.amazon.cloudwatchlogs.emf.sinks.TCPClient","method":"sendMessage","file":"TCPClient.java","line":55},{"class":"software.amazon.cloudwatchlogs.emf.sinks.AgentSink","method":"accept","file":"AgentSink.java","line":52},{"class":"software.amazon.cloudwatchlogs.emf.logger.MetricsLogger","method":"flush","file":"MetricsLogger.java","line":66},{"class":"software.amazon.lambda.powertools.metrics.internal.LambdaMetricsAspect","method":"around","file":"LambdaMetricsAspect.java","line":73},{"class":"uk.gov.di.ipv.cri.passport.accesstoken.AccessTokenHandler","method":"handleRequest","file":"AccessTokenHandler.java","line":84},{"class":"uk.gov.di.ipv.cri.passport.accesstoken.AccessTokenHandlerTest","method":"shouldReturn400WhenAuthCodeIsUsedMoreThanOnce","file":"AccessTokenHandlerTest.java","line":341},{"class":"jdk.internal.reflect.NativeMethodAccessorImpl","method":"invoke0","file":"NativeMethodAccessorImpl.java","line":-2},{"class":"jdk.internal.reflect.NativeMethodAccessorImpl","method":"invoke","file":"NativeMethodAccessorImpl.java","line":62},{"class":"jdk.internal.reflect.DelegatingMethodAccessorImpl","method":"invoke","file":"DelegatingMethodAccessorImpl.java","line":43},{"class":"java.lang.reflect.Method","method":"invoke","file":"Method.java","line":566},{"class":"org.junit.platform.commons.util.ReflectionUtils","method":"invokeMethod","file":"ReflectionUtils.java","line":725},{"class":"org.junit.jupiter.engine.execution.MethodInvocation","method":"proceed","file":"MethodInvocation.java","line":60},{"class":"org.junit.jupiter.engine.execution.InvocationInterceptorChain$ValidatingInvocation","method":"proceed","file":"InvocationInterceptorChain.java","line":131},{"class":"org.junit.jupiter.engine.extension.TimeoutExtension","method":"intercept","file":"TimeoutExtension.java","line":149},{"class":"org.junit.jupiter.engine.extension.TimeoutExtension","method":"interceptTestableMethod","file":"TimeoutExtension.java","line":140},{"class":"org.junit.jupiter.engine.extension.TimeoutExtension","method":"interceptTestMethod","file":"TimeoutExtension.java","line":84},{"class":"org.junit.jupiter.engine.execution.ExecutableInvoker$ReflectiveInterceptorCall","method":"lambda$ofVoidMethod$0","file":"ExecutableInvoker.java","line":115},{"class":"org.junit.jupiter.engine.execution.ExecutableInvoker","method":"lambda$invoke$0","file":"ExecutableInvoker.java","line":105},{"class":"org.junit.jupiter.engine.execution.InvocationInterceptorChain$InterceptedInvocation","method":"proceed","file":"InvocationInterceptorChain.java","line":106},{"class":"org.junit.jupiter.engine.execution.InvocationInterceptorChain","method":"proceed","file":"InvocationInterceptorChain.java","line":64},{"class":"org.junit.jupiter.engine.execution.InvocationInterceptorChain","method":"chainAndInvoke","file":"InvocationInterceptorChain.java","line":45},{"class":"org.junit.jupiter.engine.execution.InvocationInterceptorChain","method":"invoke","file":"InvocationInterceptorChain.java","line":37},{"class":"org.junit.jupiter.engine.execution.ExecutableInvoker","method":"invoke","file":"ExecutableInvoker.java","line":104},{"class":"org.junit.jupiter.engine.execution.ExecutableInvoker","method":"invoke","file":"ExecutableInvoker.java","line":98},{"class":"org.junit.jupiter.engine.descriptor.TestMethodTestDescriptor","method":"lambda$invokeTestMethod$7","file":"TestMethodTestDescriptor.java","line":214},{"class":"org.junit.platform.engine.support.hierarchical.ThrowableCollector","method":"execute","file":"ThrowableCollector.java","line":73},{"class":"org.junit.jupiter.engine.descriptor.TestMethodTestDescriptor","method":"invokeTestMethod","file":"TestMethodTestDescriptor.java","line":210},{"class":"org.junit.jupiter.engine.descriptor.TestMethodTestDescriptor","method":"execute","file":"TestMethodTestDescriptor.java","line":135},{"class":"org.junit.jupiter.engine.descriptor.TestMethodTestDescriptor","method":"execute","file":"TestMethodTestDescriptor.java","line":66},{"class":"org.junit.platform.engine.support.hierarchical.NodeTestTask","method":"lambda$executeRecursively$6","file":"NodeTestTask.java","line":151},{"class":"org.junit.platform.engine.support.hierarchical.ThrowableCollector","method":"execute","file":"ThrowableCollector.java","line":73},{"class":"org.junit.platform.engine.support.hierarchical.NodeTestTask","method":"lambda$executeRecursively$8","file":"NodeTestTask.java","line":141},{"class":"org.junit.platform.engine.support.hierarchical.Node","method":"around","file":"Node.java","line":137},{"class":"org.junit.platform.engine.support.hierarchical.NodeTestTask","method":"lambda$executeRecursively$9","file":"NodeTestTask.java","line":139},{"class":"org.junit.platform.engine.support.hierarchical.ThrowableCollector","method":"execute","file":"ThrowableCollector.java","line":73},{"class":"org.junit.platform.engine.support.hierarchical.NodeTestTask","method":"executeRecursively","file":"NodeTestTask.java","line":138},{"class":"org.junit.platform.engine.support.hierarchical.NodeTestTask","method":"execute","file":"NodeTestTask.java","line":95},{"class":"java.util.ArrayList","method":"forEach","file":"ArrayList.java","line":1541},{"class":"org.junit.platform.engine.support.hierarchical.SameThreadHierarchicalTestExecutorService","method":"invokeAll","file":"SameThreadHierarchicalTestExecutorService.java","line":41},{"class":"org.junit.platform.engine.support.hierarchical.NodeTestTask","method":"lambda$executeRecursively$6","file":"NodeTestTask.java","line":155},{"class":"org.junit.platform.engine.support.hierarchical.ThrowableCollector","method":"execute","file":"ThrowableCollector.java","line":73},{"class":"org.junit.platform.engine.support.hierarchical.NodeTestTask","method":"lambda$executeRecursively$8","file":"NodeTestTask.java","line":141},{"class":"org.junit.platform.engine.support.hierarchical.Node","method":"around","file":"Node.java","line":137},{"class":"org.junit.platform.engine.support.hierarchical.NodeTestTask","method":"lambda$executeRecursively$9","file":"NodeTestTask.java","line":139},{"class":"org.junit.platform.engine.support.hierarchical.ThrowableCollector","method":"execute","file":"ThrowableCollector.java","line":73},{"class":"org.junit.platform.engine.support.hierarchical.NodeTestTask","method":"executeRecursively","file":"NodeTestTask.java","line":138},{"class":"org.junit.platform.engine.support.hierarchical.NodeTestTask","method":"execute","file":"NodeTestTask.java","line":95},{"class":"java.util.ArrayList","method":"forEach","file":"ArrayList.java","line":1541},{"class":"org.junit.platform.engine.support.hierarchical.SameThreadHierarchicalTestExecutorService","method":"invokeAll","file":"SameThreadHierarchicalTestExecutorService.java","line":41},{"class":"org.junit.platform.engine.support.hierarchical.NodeTestTask","method":"lambda$executeRecursively$6","file":"NodeTestTask.java","line":155},{"class":"org.junit.platform.engine.support.hierarchical.ThrowableCollector","method":"execute","file":"ThrowableCollector.java","line":73},{"class":"org.junit.platform.engine.support.hierarchical.NodeTestTask","method":"lambda$executeRecursively$8","file":"NodeTestTask.java","line":141},{"class":"org.junit.platform.engine.support.hierarchical.Node","method":"around","file":"Node.java","line":137},{"class":"org.junit.platform.engine.support.hierarchical.NodeTestTask","method":"lambda$executeRecursively$9","file":"NodeTestTask.java","line":139},{"class":"org.junit.platform.engine.support.hierarchical.ThrowableCollector","method":"execute","file":"ThrowableCollector.java","line":73},{"class":"org.junit.platform.engine.support.hierarchical.NodeTestTask","method":"executeRecursively","file":"NodeTestTask.java","line":138},{"class":"org.junit.platform.engine.support.hierarchical.NodeTestTask","method":"execute","file":"NodeTestTask.java","line":95},{"class":"org.junit.platform.engine.support.hierarchical.SameThreadHierarchicalTestExecutorService","method":"submit","file":"SameThreadHierarchicalTestExecutorService.java","line":35},{"class":"org.junit.platform.engine.support.hierarchical.HierarchicalTestExecutor","method":"execute","file":"HierarchicalTestExecutor.java","line":57},{"class":"org.junit.platform.engine.support.hierarchical.HierarchicalTestEngine","method":"execute","file":"HierarchicalTestEngine.java","line":54},{"class":"org.junit.platform.launcher.core.EngineExecutionOrchestrator","method":"execute","file":"EngineExecutionOrchestrator.java","line":108},{"class":"org.junit.platform.launcher.core.EngineExecutionOrchestrator","method":"execute","file":"EngineExecutionOrchestrator.java","line":88},{"class":"org.junit.platform.launcher.core.EngineExecutionOrchestrator","method":"lambda$execute$0","file":"EngineExecutionOrchestrator.java","line":54},{"class":"org.junit.platform.launcher.core.EngineExecutionOrchestrator","method":"withInterceptedStreams","file":"EngineExecutionOrchestrator.java","line":67},{"class":"org.junit.platform.launcher.core.EngineExecutionOrchestrator","method":"execute","file":"EngineExecutionOrchestrator.java","line":52},{"class":"org.junit.platform.launcher.core.DefaultLauncher","method":"execute","file":"DefaultLauncher.java","line":96},{"class":"org.junit.platform.launcher.core.DefaultLauncher","method":"execute","file":"DefaultLauncher.java","line":75},{"class":"org.gradle.api.internal.tasks.testing.junitplatform.JUnitPlatformTestClassProcessor$CollectAllTestClassesExecutor","method":"processAllTestClasses","file":"JUnitPlatformTestClassProcessor.java","line":99},{"class":"org.gradle.api.internal.tasks.testing.junitplatform.JUnitPlatformTestClassProcessor$CollectAllTestClassesExecutor","method":"access$000","file":"JUnitPlatformTestClassProcessor.java","line":79},{"class":"org.gradle.api.internal.tasks.testing.junitplatform.JUnitPlatformTestClassProcessor","method":"stop","file":"JUnitPlatformTestClassProcessor.java","line":75},{"class":"org.gradle.api.internal.tasks.testing.SuiteTestClassProcessor","method":"stop","file":"SuiteTestClassProcessor.java","line":61},{"class":"jdk.internal.reflect.NativeMethodAccessorImpl","method":"invoke0","file":"NativeMethodAccessorImpl.java","line":-2},{"class":"jdk.internal.reflect.NativeMethodAccessorImpl","method":"invoke","file":"NativeMethodAccessorImpl.java","line":62},{"class":"jdk.internal.reflect.DelegatingMethodAccessorImpl","method":"invoke","file":"DelegatingMethodAccessorImpl.java","line":43},{"class":"java.lang.reflect.Method","method":"invoke","file":"Method.java","line":566},{"class":"org.gradle.internal.dispatch.ReflectionDispatch","method":"dispatch","file":"ReflectionDispatch.java","line":36},{"class":"org.gradle.internal.dispatch.ReflectionDispatch","method":"dispatch","file":"ReflectionDispatch.java","line":24},{"class":"org.gradle.internal.dispatch.ContextClassLoaderDispatch","method":"dispatch","file":"ContextClassLoaderDispatch.java","line":33},{"class":"org.gradle.internal.dispatch.ProxyDispatchAdapter$DispatchingInvocationHandler","method":"invoke","file":"ProxyDispatchAdapter.java","line":94},{"class":"com.sun.proxy.$Proxy5","method":"stop","file":null,"line":-1},{"class":"org.gradle.api.internal.tasks.testing.worker.TestWorker$3","method":"run","file":"TestWorker.java","line":193},{"class":"org.gradle.api.internal.tasks.testing.worker.TestWorker","method":"executeAndMaintainThreadName","file":"TestWorker.java","line":129},{"class":"org.gradle.api.internal.tasks.testing.worker.TestWorker","method":"execute","file":"TestWorker.java","line":100},{"class":"org.gradle.api.internal.tasks.testing.worker.TestWorker","method":"execute","file":"TestWorker.java","line":60},{"class":"org.gradle.process.internal.worker.child.ActionExecutionWorker","method":"execute","file":"ActionExecutionWorker.java","line":56},{"class":"org.gradle.process.internal.worker.child.SystemApplicationClassLoaderWorker","method":"call","file":"SystemApplicationClassLoaderWorker.java","line":133},{"class":"org.gradle.process.internal.worker.child.SystemApplicationClassLoaderWorker","method":"call","file":"SystemApplicationClassLoaderWorker.java","line":71},{"class":"worker.org.gradle.process.internal.worker.GradleWorkerMain","method":"run","file":"GradleWorkerMain.java","line":69},{"class":"worker.org.gradle.process.internal.worker.GradleWorkerMain","method":"main","file":"GradleWorkerMain.java","line":74}]},"endOfBatch":false,"loggerFqcn":"org.apache.logging.slf4j.Log4jLogger","threadId":1,"threadPriority":5}
{"timestamp":"2022-12-01T12:17:33.527+0000GMT","instant":{"epochSecond":1669897053,"nanoOfSecond":527852000},"thread":"Test worker","level":"ERROR","loggerName":"software.amazon.cloudwatchlogs.emf.sinks.TCPClient","message":"Failed to open output stream: ","thrown":{"message":"Socket is not connected","name":"java.net.SocketException","extendedStackTrace":[{"class":"java.net.Socket","method":"getOutputStream","file":"Socket.java","line":964},{"class":"software.amazon.cloudwatchlogs.emf.sinks.TCPClient","method":"sendMessage","file":"TCPClient.java","line":60},{"class":"software.amazon.cloudwatchlogs.emf.sinks.AgentSink","method":"accept","file":"AgentSink.java","line":52},{"class":"software.amazon.cloudwatchlogs.emf.logger.MetricsLogger","method":"flush","file":"MetricsLogger.java","line":66},{"class":"software.amazon.lambda.powertools.metrics.internal.LambdaMetricsAspect","method":"around","file":"LambdaMetricsAspect.java","line":73},{"class":"uk.gov.di.ipv.cri.passport.accesstoken.AccessTokenHandler","method":"handleRequest","file":"AccessTokenHandler.java","line":84},{"class":"uk.gov.di.ipv.cri.passport.accesstoken.AccessTokenHandlerTest","method":"shouldReturn400WhenAuthCodeIsUsedMoreThanOnce","file":"AccessTokenHandlerTest.java","line":341},{"class":"jdk.internal.reflect.NativeMethodAccessorImpl","method":"invoke0","file":"NativeMethodAccessorImpl.java","line":-2},{"class":"jdk.internal.reflect.NativeMethodAccessorImpl","method":"invoke","file":"NativeMethodAccessorImpl.java","line":62},{"class":"jdk.internal.reflect.DelegatingMethodAccessorImpl","method":"invoke","file":"DelegatingMethodAccessorImpl.java","line":43},{"class":"java.lang.reflect.Method","method":"invoke","file":"Method.java","line":566},{"class":"org.junit.platform.commons.util.ReflectionUtils","method":"invokeMethod","file":"ReflectionUtils.java","line":725},{"class":"org.junit.jupiter.engine.execution.MethodInvocation","method":"proceed","file":"MethodInvocation.java","line":60},{"class":"org.junit.jupiter.engine.execution.InvocationInterceptorChain$ValidatingInvocation","method":"proceed","file":"InvocationInterceptorChain.java","line":131},{"class":"org.junit.jupiter.engine.extension.TimeoutExtension","method":"intercept","file":"TimeoutExtension.java","line":149},{"class":"org.junit.jupiter.engine.extension.TimeoutExtension","method":"interceptTestableMethod","file":"TimeoutExtension.java","line":140},{"class":"org.junit.jupiter.engine.extension.TimeoutExtension","method":"interceptTestMethod","file":"TimeoutExtension.java","line":84},{"class":"org.junit.jupiter.engine.execution.ExecutableInvoker$ReflectiveInterceptorCall","method":"lambda$ofVoidMethod$0","file":"ExecutableInvoker.java","line":115},{"class":"org.junit.jupiter.engine.execution.ExecutableInvoker","method":"lambda$invoke$0","file":"ExecutableInvoker.java","line":105},{"class":"org.junit.jupiter.engine.execution.InvocationInterceptorChain$InterceptedInvocation","method":"proceed","file":"InvocationInterceptorChain.java","line":106},{"class":"org.junit.jupiter.engine.execution.InvocationInterceptorChain","method":"proceed","file":"InvocationInterceptorChain.java","line":64},{"class":"org.junit.jupiter.engine.execution.InvocationInterceptorChain","method":"chainAndInvoke","file":"InvocationInterceptorChain.java","line":45},{"class":"org.junit.jupiter.engine.execution.InvocationInterceptorChain","method":"invoke","file":"InvocationInterceptorChain.java","line":37},{"class":"org.junit.jupiter.engine.execution.ExecutableInvoker","method":"invoke","file":"ExecutableInvoker.java","line":104},{"class":"org.junit.jupiter.engine.execution.ExecutableInvoker","method":"invoke","file":"ExecutableInvoker.java","line":98},{"class":"org.junit.jupiter.engine.descriptor.TestMethodTestDescriptor","method":"lambda$invokeTestMethod$7","file":"TestMethodTestDescriptor.java","line":214},{"class":"org.junit.platform.engine.support.hierarchical.ThrowableCollector","method":"execute","file":"ThrowableCollector.java","line":73},{"class":"org.junit.jupiter.engine.descriptor.TestMethodTestDescriptor","method":"invokeTestMethod","file":"TestMethodTestDescriptor.java","line":210},{"class":"org.junit.jupiter.engine.descriptor.TestMethodTestDescriptor","method":"execute","file":"TestMethodTestDescriptor.java","line":135},{"class":"org.junit.jupiter.engine.descriptor.TestMethodTestDescriptor","method":"execute","file":"TestMethodTestDescriptor.java","line":66},{"class":"org.junit.platform.engine.support.hierarchical.NodeTestTask","method":"lambda$executeRecursively$6","file":"NodeTestTask.java","line":151},{"class":"org.junit.platform.engine.support.hierarchical.ThrowableCollector","method":"execute","file":"ThrowableCollector.java","line":73},{"class":"org.junit.platform.engine.support.hierarchical.NodeTestTask","method":"lambda$executeRecursively$8","file":"NodeTestTask.java","line":141},{"class":"org.junit.platform.engine.support.hierarchical.Node","method":"around","file":"Node.java","line":137},{"class":"org.junit.platform.engine.support.hierarchical.NodeTestTask","method":"lambda$executeRecursively$9","file":"NodeTestTask.java","line":139},{"class":"org.junit.platform.engine.support.hierarchical.ThrowableCollector","method":"execute","file":"ThrowableCollector.java","line":73},{"class":"org.junit.platform.engine.support.hierarchical.NodeTestTask","method":"executeRecursively","file":"NodeTestTask.java","line":138},{"class":"org.junit.platform.engine.support.hierarchical.NodeTestTask","method":"execute","file":"NodeTestTask.java","line":95},{"class":"java.util.ArrayList","method":"forEach","file":"ArrayList.java","line":1541},{"class":"org.junit.platform.engine.support.hierarchical.SameThreadHierarchicalTestExecutorService","method":"invokeAll","file":"SameThreadHierarchicalTestExecutorService.java","line":41},{"class":"org.junit.platform.engine.support.hierarchical.NodeTestTask","method":"lambda$executeRecursively$6","file":"NodeTestTask.java","line":155},{"class":"org.junit.platform.engine.support.hierarchical.ThrowableCollector","method":"execute","file":"ThrowableCollector.java","line":73},{"class":"org.junit.platform.engine.support.hierarchical.NodeTestTask","method":"lambda$executeRecursively$8","file":"NodeTestTask.java","line":141},{"class":"org.junit.platform.engine.support.hierarchical.Node","method":"around","file":"Node.java","line":137},{"class":"org.junit.platform.engine.support.hierarchical.NodeTestTask","method":"lambda$executeRecursively$9","file":"NodeTestTask.java","line":139},{"class":"org.junit.platform.engine.support.hierarchical.ThrowableCollector","method":"execute","file":"ThrowableCollector.java","line":73},{"class":"org.junit.platform.engine.support.hierarchical.NodeTestTask","method":"executeRecursively","file":"NodeTestTask.java","line":138},{"class":"org.junit.platform.engine.support.hierarchical.NodeTestTask","method":"execute","file":"NodeTestTask.java","line":95},{"class":"java.util.ArrayList","method":"forEach","file":"ArrayList.java","line":1541},{"class":"org.junit.platform.engine.support.hierarchical.SameThreadHierarchicalTestExecutorService","method":"invokeAll","file":"SameThreadHierarchicalTestExecutorService.java","line":41},{"class":"org.junit.platform.engine.support.hierarchical.NodeTestTask","method":"lambda$executeRecursively$6","file":"NodeTestTask.java","line":155},{"class":"org.junit.platform.engine.support.hierarchical.ThrowableCollector","method":"execute","file":"ThrowableCollector.java","line":73},{"class":"org.junit.platform.engine.support.hierarchical.NodeTestTask","method":"lambda$executeRecursively$8","file":"NodeTestTask.java","line":141},{"class":"org.junit.platform.engine.support.hierarchical.Node","method":"around","file":"Node.java","line":137},{"class":"org.junit.platform.engine.support.hierarchical.NodeTestTask","method":"lambda$executeRecursively$9","file":"NodeTestTask.java","line":139},{"class":"org.junit.platform.engine.support.hierarchical.ThrowableCollector","method":"execute","file":"ThrowableCollector.java","line":73},{"class":"org.junit.platform.engine.support.hierarchical.NodeTestTask","method":"executeRecursively","file":"NodeTestTask.java","line":138},{"class":"org.junit.platform.engine.support.hierarchical.NodeTestTask","method":"execute","file":"NodeTestTask.java","line":95},{"class":"org.junit.platform.engine.support.hierarchical.SameThreadHierarchicalTestExecutorService","method":"submit","file":"SameThreadHierarchicalTestExecutorService.java","line":35},{"class":"org.junit.platform.engine.support.hierarchical.HierarchicalTestExecutor","method":"execute","file":"HierarchicalTestExecutor.java","line":57},{"class":"org.junit.platform.engine.support.hierarchical.HierarchicalTestEngine","method":"execute","file":"HierarchicalTestEngine.java","line":54},{"class":"org.junit.platform.launcher.core.EngineExecutionOrchestrator","method":"execute","file":"EngineExecutionOrchestrator.java","line":108},{"class":"org.junit.platform.launcher.core.EngineExecutionOrchestrator","method":"execute","file":"EngineExecutionOrchestrator.java","line":88},{"class":"org.junit.platform.launcher.core.EngineExecutionOrchestrator","method":"lambda$execute$0","file":"EngineExecutionOrchestrator.java","line":54},{"class":"org.junit.platform.launcher.core.EngineExecutionOrchestrator","method":"withInterceptedStreams","file":"EngineExecutionOrchestrator.java","line":67},{"class":"org.junit.platform.launcher.core.EngineExecutionOrchestrator","method":"execute","file":"EngineExecutionOrchestrator.java","line":52},{"class":"org.junit.platform.launcher.core.DefaultLauncher","method":"execute","file":"DefaultLauncher.java","line":96},{"class":"org.junit.platform.launcher.core.DefaultLauncher","method":"execute","file":"DefaultLauncher.java","line":75},{"class":"org.gradle.api.internal.tasks.testing.junitplatform.JUnitPlatformTestClassProcessor$CollectAllTestClassesExecutor","method":"processAllTestClasses","file":"JUnitPlatformTestClassProcessor.java","line":99},{"class":"org.gradle.api.internal.tasks.testing.junitplatform.JUnitPlatformTestClassProcessor$CollectAllTestClassesExecutor","method":"access$000","file":"JUnitPlatformTestClassProcessor.java","line":79},{"class":"org.gradle.api.internal.tasks.testing.junitplatform.JUnitPlatformTestClassProcessor","method":"stop","file":"JUnitPlatformTestClassProcessor.java","line":75},{"class":"org.gradle.api.internal.tasks.testing.SuiteTestClassProcessor","method":"stop","file":"SuiteTestClassProcessor.java","line":61},{"class":"jdk.internal.reflect.NativeMethodAccessorImpl","method":"invoke0","file":"NativeMethodAccessorImpl.java","line":-2},{"class":"jdk.internal.reflect.NativeMethodAccessorImpl","method":"invoke","file":"NativeMethodAccessorImpl.java","line":62},{"class":"jdk.internal.reflect.DelegatingMethodAccessorImpl","method":"invoke","file":"DelegatingMethodAccessorImpl.java","line":43},{"class":"java.lang.reflect.Method","method":"invoke","file":"Method.java","line":566},{"class":"org.gradle.internal.dispatch.ReflectionDispatch","method":"dispatch","file":"ReflectionDispatch.java","line":36},{"class":"org.gradle.internal.dispatch.ReflectionDispatch","method":"dispatch","file":"ReflectionDispatch.java","line":24},{"class":"org.gradle.internal.dispatch.ContextClassLoaderDispatch","method":"dispatch","file":"ContextClassLoaderDispatch.java","line":33},{"class":"org.gradle.internal.dispatch.ProxyDispatchAdapter$DispatchingInvocationHandler","method":"invoke","file":"ProxyDispatchAdapter.java","line":94},{"class":"com.sun.proxy.$Proxy5","method":"stop","file":null,"line":-1},{"class":"org.gradle.api.internal.tasks.testing.worker.TestWorker$3","method":"run","file":"TestWorker.java","line":193},{"class":"org.gradle.api.internal.tasks.testing.worker.TestWorker","method":"executeAndMaintainThreadName","file":"TestWorker.java","line":129},{"class":"org.gradle.api.internal.tasks.testing.worker.TestWorker","method":"execute","file":"TestWorker.java","line":100},{"class":"org.gradle.api.internal.tasks.testing.worker.TestWorker","method":"execute","file":"TestWorker.java","line":60},{"class":"org.gradle.process.internal.worker.child.ActionExecutionWorker","method":"execute","file":"ActionExecutionWorker.java","line":56},{"class":"org.gradle.process.internal.worker.child.SystemApplicationClassLoaderWorker","method":"call","file":"SystemApplicationClassLoaderWorker.java","line":133},{"class":"org.gradle.process.internal.worker.child.SystemApplicationClassLoaderWorker","method":"call","file":"SystemApplicationClassLoaderWorker.java","line":71},{"class":"worker.org.gradle.process.internal.worker.GradleWorkerMain","method":"run","file":"GradleWorkerMain.java","line":69},{"class":"worker.org.gradle.process.internal.worker.GradleWorkerMain","method":"main","file":"GradleWorkerMain.java","line":74}]},"endOfBatch":false,"loggerFqcn":"org.apache.logging.slf4j.Log4jLogger","threadId":1,"threadPriority":5}
{"timestamp":"2022-12-01T12:17:33.529+0000GMT","instant":{"epochSecond":1669897053,"nanoOfSecond":529381000},"thread":"Test worker","level":"ERROR","loggerName":"software.amazon.cloudwatchlogs.emf.sinks.TCPClient","message":"Failed to connect to the socket due to the exception: ","thrown":{"message":"Socket closed","name":"java.net.SocketException","extendedStackTrace":[{"class":"java.net.PlainSocketImpl","method":"socketConnect","file":"PlainSocketImpl.java","line":-2},{"class":"java.net.AbstractPlainSocketImpl","method":"doConnect","file":"AbstractPlainSocketImpl.java","line":399},{"class":"java.net.AbstractPlainSocketImpl","method":"connectToAddress","file":"AbstractPlainSocketImpl.java","line":242},{"class":"java.net.AbstractPlainSocketImpl","method":"connect","file":"AbstractPlainSocketImpl.java","line":224},{"class":"java.net.SocksSocketImpl","method":"connect","file":"SocksSocketImpl.java","line":392},{"class":"java.net.Socket","method":"connect","file":"Socket.java","line":609},{"class":"java.net.Socket","method":"connect","file":"Socket.java","line":558},{"class":"software.amazon.cloudwatchlogs.emf.sinks.TCPClient","method":"connect","file":"TCPClient.java","line":40},{"class":"software.amazon.cloudwatchlogs.emf.sinks.TCPClient","method":"sendMessage","file":"TCPClient.java","line":63},{"class":"software.amazon.cloudwatchlogs.emf.sinks.AgentSink","method":"accept","file":"AgentSink.java","line":52},{"class":"software.amazon.cloudwatchlogs.emf.logger.MetricsLogger","method":"flush","file":"MetricsLogger.java","line":66},{"class":"software.amazon.lambda.powertools.metrics.internal.LambdaMetricsAspect","method":"around","file":"LambdaMetricsAspect.java","line":73},{"class":"uk.gov.di.ipv.cri.passport.accesstoken.AccessTokenHandler","method":"handleRequest","file":"AccessTokenHandler.java","line":84},{"class":"uk.gov.di.ipv.cri.passport.accesstoken.AccessTokenHandlerTest","method":"shouldReturn400WhenAuthCodeIsUsedMoreThanOnce","file":"AccessTokenHandlerTest.java","line":341},{"class":"jdk.internal.reflect.NativeMethodAccessorImpl","method":"invoke0","file":"NativeMethodAccessorImpl.java","line":-2},{"class":"jdk.internal.reflect.NativeMethodAccessorImpl","method":"invoke","file":"NativeMethodAccessorImpl.java","line":62},{"class":"jdk.internal.reflect.DelegatingMethodAccessorImpl","method":"invoke","file":"DelegatingMethodAccessorImpl.java","line":43},{"class":"java.lang.reflect.Method","method":"invoke","file":"Method.java","line":566},{"class":"org.junit.platform.commons.util.ReflectionUtils","method":"invokeMethod","file":"ReflectionUtils.java","line":725},{"class":"org.junit.jupiter.engine.execution.MethodInvocation","method":"proceed","file":"MethodInvocation.java","line":60},{"class":"org.junit.jupiter.engine.execution.InvocationInterceptorChain$ValidatingInvocation","method":"proceed","file":"InvocationInterceptorChain.java","line":131},{"class":"org.junit.jupiter.engine.extension.TimeoutExtension","method":"intercept","file":"TimeoutExtension.java","line":149},{"class":"org.junit.jupiter.engine.extension.TimeoutExtension","method":"interceptTestableMethod","file":"TimeoutExtension.java","line":140},{"class":"org.junit.jupiter.engine.extension.TimeoutExtension","method":"interceptTestMethod","file":"TimeoutExtension.java","line":84},{"class":"org.junit.jupiter.engine.execution.ExecutableInvoker$ReflectiveInterceptorCall","method":"lambda$ofVoidMethod$0","file":"ExecutableInvoker.java","line":115},{"class":"org.junit.jupiter.engine.execution.ExecutableInvoker","method":"lambda$invoke$0","file":"ExecutableInvoker.java","line":105},{"class":"org.junit.jupiter.engine.execution.InvocationInterceptorChain$InterceptedInvocation","method":"proceed","file":"InvocationInterceptorChain.java","line":106},{"class":"org.junit.jupiter.engine.execution.InvocationInterceptorChain","method":"proceed","file":"InvocationInterceptorChain.java","line":64},{"class":"org.junit.jupiter.engine.execution.InvocationInterceptorChain","method":"chainAndInvoke","file":"InvocationInterceptorChain.java","line":45},{"class":"org.junit.jupiter.engine.execution.InvocationInterceptorChain","method":"invoke","file":"InvocationInterceptorChain.java","line":37},{"class":"org.junit.jupiter.engine.execution.ExecutableInvoker","method":"invoke","file":"ExecutableInvoker.java","line":104},{"class":"org.junit.jupiter.engine.execution.ExecutableInvoker","method":"invoke","file":"ExecutableInvoker.java","line":98},{"class":"org.junit.jupiter.engine.descriptor.TestMethodTestDescriptor","method":"lambda$invokeTestMethod$7","file":"TestMethodTestDescriptor.java","line":214},{"class":"org.junit.platform.engine.support.hierarchical.ThrowableCollector","method":"execute","file":"ThrowableCollector.java","line":73},{"class":"org.junit.jupiter.engine.descriptor.TestMethodTestDescriptor","method":"invokeTestMethod","file":"TestMethodTestDescriptor.java","line":210},{"class":"org.junit.jupiter.engine.descriptor.TestMethodTestDescriptor","method":"execute","file":"TestMethodTestDescriptor.java","line":135},{"class":"org.junit.jupiter.engine.descriptor.TestMethodTestDescriptor","method":"execute","file":"TestMethodTestDescriptor.java","line":66},{"class":"org.junit.platform.engine.support.hierarchical.NodeTestTask","method":"lambda$executeRecursively$6","file":"NodeTestTask.java","line":151},{"class":"org.junit.platform.engine.support.hierarchical.ThrowableCollector","method":"execute","file":"ThrowableCollector.java","line":73},{"class":"org.junit.platform.engine.support.hierarchical.NodeTestTask","method":"lambda$executeRecursively$8","file":"NodeTestTask.java","line":141},{"class":"org.junit.platform.engine.support.hierarchical.Node","method":"around","file":"Node.java","line":137},{"class":"org.junit.platform.engine.support.hierarchical.NodeTestTask","method":"lambda$executeRecursively$9","file":"NodeTestTask.java","line":139},{"class":"org.junit.platform.engine.support.hierarchical.ThrowableCollector","method":"execute","file":"ThrowableCollector.java","line":73},{"class":"org.junit.platform.engine.support.hierarchical.NodeTestTask","method":"executeRecursively","file":"NodeTestTask.java","line":138},{"class":"org.junit.platform.engine.support.hierarchical.NodeTestTask","method":"execute","file":"NodeTestTask.java","line":95},{"class":"java.util.ArrayList","method":"forEach","file":"ArrayList.java","line":1541},{"class":"org.junit.platform.engine.support.hierarchical.SameThreadHierarchicalTestExecutorService","method":"invokeAll","file":"SameThreadHierarchicalTestExecutorService.java","line":41},{"class":"org.junit.platform.engine.support.hierarchical.NodeTestTask","method":"lambda$executeRecursively$6","file":"NodeTestTask.java","line":155},{"class":"org.junit.platform.engine.support.hierarchical.ThrowableCollector","method":"execute","file":"ThrowableCollector.java","line":73},{"class":"org.junit.platform.engine.support.hierarchical.NodeTestTask","method":"lambda$executeRecursively$8","file":"NodeTestTask.java","line":141},{"class":"org.junit.platform.engine.support.hierarchical.Node","method":"around","file":"Node.java","line":137},{"class":"org.junit.platform.engine.support.hierarchical.NodeTestTask","method":"lambda$executeRecursively$9","file":"NodeTestTask.java","line":139},{"class":"org.junit.platform.engine.support.hierarchical.ThrowableCollector","method":"execute","file":"ThrowableCollector.java","line":73},{"class":"org.junit.platform.engine.support.hierarchical.NodeTestTask","method":"executeRecursively","file":"NodeTestTask.java","line":138},{"class":"org.junit.platform.engine.support.hierarchical.NodeTestTask","method":"execute","file":"NodeTestTask.java","line":95},{"class":"java.util.ArrayList","method":"forEach","file":"ArrayList.java","line":1541},{"class":"org.junit.platform.engine.support.hierarchical.SameThreadHierarchicalTestExecutorService","method":"invokeAll","file":"SameThreadHierarchicalTestExecutorService.java","line":41},{"class":"org.junit.platform.engine.support.hierarchical.NodeTestTask","method":"lambda$executeRecursively$6","file":"NodeTestTask.java","line":155},{"class":"org.junit.platform.engine.support.hierarchical.ThrowableCollector","method":"execute","file":"ThrowableCollector.java","line":73},{"class":"org.junit.platform.engine.support.hierarchical.NodeTestTask","method":"lambda$executeRecursively$8","file":"NodeTestTask.java","line":141},{"class":"org.junit.platform.engine.support.hierarchical.Node","method":"around","file":"Node.java","line":137},{"class":"org.junit.platform.engine.support.hierarchical.NodeTestTask","method":"lambda$executeRecursively$9","file":"NodeTestTask.java","line":139},{"class":"org.junit.platform.engine.support.hierarchical.ThrowableCollector","method":"execute","file":"ThrowableCollector.java","line":73},{"class":"org.junit.platform.engine.support.hierarchical.NodeTestTask","method":"executeRecursively","file":"NodeTestTask.java","line":138},{"class":"org.junit.platform.engine.support.hierarchical.NodeTestTask","method":"execute","file":"NodeTestTask.java","line":95},{"class":"org.junit.platform.engine.support.hierarchical.SameThreadHierarchicalTestExecutorService","method":"submit","file":"SameThreadHierarchicalTestExecutorService.java","line":35},{"class":"org.junit.platform.engine.support.hierarchical.HierarchicalTestExecutor","method":"execute","file":"HierarchicalTestExecutor.java","line":57},{"class":"org.junit.platform.engine.support.hierarchical.HierarchicalTestEngine","method":"execute","file":"HierarchicalTestEngine.java","line":54},{"class":"org.junit.platform.launcher.core.EngineExecutionOrchestrator","method":"execute","file":"EngineExecutionOrchestrator.java","line":108},{"class":"org.junit.platform.launcher.core.EngineExecutionOrchestrator","method":"execute","file":"EngineExecutionOrchestrator.java","line":88},{"class":"org.junit.platform.launcher.core.EngineExecutionOrchestrator","method":"lambda$execute$0","file":"EngineExecutionOrchestrator.java","line":54},{"class":"org.junit.platform.launcher.core.EngineExecutionOrchestrator","method":"withInterceptedStreams","file":"EngineExecutionOrchestrator.java","line":67},{"class":"org.junit.platform.launcher.core.EngineExecutionOrchestrator","method":"execute","file":"EngineExecutionOrchestrator.java","line":52},{"class":"org.junit.platform.launcher.core.DefaultLauncher","method":"execute","file":"DefaultLauncher.java","line":96},{"class":"org.junit.platform.launcher.core.DefaultLauncher","method":"execute","file":"DefaultLauncher.java","line":75},{"class":"org.gradle.api.internal.tasks.testing.junitplatform.JUnitPlatformTestClassProcessor$CollectAllTestClassesExecutor","method":"processAllTestClasses","file":"JUnitPlatformTestClassProcessor.java","line":99},{"class":"org.gradle.api.internal.tasks.testing.junitplatform.JUnitPlatformTestClassProcessor$CollectAllTestClassesExecutor","method":"access$000","file":"JUnitPlatformTestClassProcessor.java","line":79},{"class":"org.gradle.api.internal.tasks.testing.junitplatform.JUnitPlatformTestClassProcessor","method":"stop","file":"JUnitPlatformTestClassProcessor.java","line":75},{"class":"org.gradle.api.internal.tasks.testing.SuiteTestClassProcessor","method":"stop","file":"SuiteTestClassProcessor.java","line":61},{"class":"jdk.internal.reflect.NativeMethodAccessorImpl","method":"invoke0","file":"NativeMethodAccessorImpl.java","line":-2},{"class":"jdk.internal.reflect.NativeMethodAccessorImpl","method":"invoke","file":"NativeMethodAccessorImpl.java","line":62},{"class":"jdk.internal.reflect.DelegatingMethodAccessorImpl","method":"invoke","file":"DelegatingMethodAccessorImpl.java","line":43},{"class":"java.lang.reflect.Method","method":"invoke","file":"Method.java","line":566},{"class":"org.gradle.internal.dispatch.ReflectionDispatch","method":"dispatch","file":"ReflectionDispatch.java","line":36},{"class":"org.gradle.internal.dispatch.ReflectionDispatch","method":"dispatch","file":"ReflectionDispatch.java","line":24},{"class":"org.gradle.internal.dispatch.ContextClassLoaderDispatch","method":"dispatch","file":"ContextClassLoaderDispatch.java","line":33},{"class":"org.gradle.internal.dispatch.ProxyDispatchAdapter$DispatchingInvocationHandler","method":"invoke","file":"ProxyDispatchAdapter.java","line":94},{"class":"com.sun.proxy.$Proxy5","method":"stop","file":null,"line":-1},{"class":"org.gradle.api.internal.tasks.testing.worker.TestWorker$3","method":"run","file":"TestWorker.java","line":193},{"class":"org.gradle.api.internal.tasks.testing.worker.TestWorker","method":"executeAndMaintainThreadName","file":"TestWorker.java","line":129},{"class":"org.gradle.api.internal.tasks.testing.worker.TestWorker","method":"execute","file":"TestWorker.java","line":100},{"class":"org.gradle.api.internal.tasks.testing.worker.TestWorker","method":"execute","file":"TestWorker.java","line":60},{"class":"org.gradle.process.internal.worker.child.ActionExecutionWorker","method":"execute","file":"ActionExecutionWorker.java","line":56},{"class":"org.gradle.process.internal.worker.child.SystemApplicationClassLoaderWorker","method":"call","file":"SystemApplicationClassLoaderWorker.java","line":133},{"class":"org.gradle.process.internal.worker.child.SystemApplicationClassLoaderWorker","method":"call","file":"SystemApplicationClassLoaderWorker.java","line":71},{"class":"worker.org.gradle.process.internal.worker.GradleWorkerMain","method":"run","file":"GradleWorkerMain.java","line":69},{"class":"worker.org.gradle.process.internal.worker.GradleWorkerMain","method":"main","file":"GradleWorkerMain.java","line":74}]},"endOfBatch":false,"loggerFqcn":"org.apache.logging.slf4j.Log4jLogger","threadId":1,"threadPriority":5}
{"timestamp":"2022-12-01T12:17:33.536+0000GMT","instant":{"epochSecond":1669897053,"nanoOfSecond":536305000},"thread":"Test worker","level":"INFO","loggerName":"uk.gov.di.ipv.cri.passport.library.helpers.LogHelper","message":"COMPONENT_ID_LOG_FIELD attached to logs","endOfBatch":false,"loggerFqcn":"org.apache.logging.log4j.spi.AbstractLogger","threadId":1,"threadPriority":5,"coldStart":"false","componentId":"passport-cri","functionArn":null,"functionMemorySize":"0","functionName":null,"functionVersion":null,"function_request_id":"null","samplingRate":"0.0","service":"service_undefined"}
{"timestamp":"2022-12-01T12:17:33.538+0000GMT","instant":{"epochSecond":1669897053,"nanoOfSecond":538698000},"thread":"Test worker","level":"ERROR","loggerName":"uk.gov.di.ipv.cri.passport.library.helpers.LogHelper","message":"Invalid auth grant received","endOfBatch":false,"loggerFqcn":"org.apache.logging.log4j.spi.AbstractLogger","threadId":1,"threadPriority":5,"coldStart":"false","componentId":"passport-cri","errorCode":"unsupported_grant_type","errorDescription":"Unsupported grant type","functionArn":null,"functionMemorySize":"0","functionName":null,"functionVersion":null,"function_request_id":"null","samplingRate":"0.0","service":"service_undefined"}
{"timestamp":"2022-12-01T12:17:33.539+0000GMT","instant":{"epochSecond":1669897053,"nanoOfSecond":539855000},"thread":"Test worker","level":"WARN","loggerName":"software.amazon.cloudwatchlogs.emf.environment.AgentBasedEnvironment","message":"Unknown ServiceName.","endOfBatch":false,"loggerFqcn":"org.apache.logging.slf4j.Log4jLogger","threadId":1,"threadPriority":5}
{"timestamp":"2022-12-01T12:17:33.540+0000GMT","instant":{"epochSecond":1669897053,"nanoOfSecond":540054000},"thread":"Test worker","level":"WARN","loggerName":"software.amazon.cloudwatchlogs.emf.environment.AgentBasedEnvironment","message":"Unknown ServiceName.","endOfBatch":false,"loggerFqcn":"org.apache.logging.slf4j.Log4jLogger","threadId":1,"threadPriority":5}
{"timestamp":"2022-12-01T12:17:33.540+0000GMT","instant":{"epochSecond":1669897053,"nanoOfSecond":540192000},"thread":"Test worker","level":"INFO","loggerName":"software.amazon.cloudwatchlogs.emf.environment.DefaultEnvironment","message":"Unknown ServiceType","endOfBatch":false,"loggerFqcn":"org.apache.logging.slf4j.Log4jLogger","threadId":1,"threadPriority":5}
{"timestamp":"2022-12-01T12:17:33.540+0000GMT","instant":{"epochSecond":1669897053,"nanoOfSecond":540827000},"thread":"Test worker","level":"ERROR","loggerName":"software.amazon.cloudwatchlogs.emf.sinks.TCPClient","message":"Failed to connect to the socket due to the exception: ","thrown":{"message":"Socket closed","name":"java.net.SocketException","extendedStackTrace":[{"class":"java.net.PlainSocketImpl","method":"socketConnect","file":"PlainSocketImpl.java","line":-2},{"class":"java.net.AbstractPlainSocketImpl","method":"doConnect","file":"AbstractPlainSocketImpl.java","line":399},{"class":"java.net.AbstractPlainSocketImpl","method":"connectToAddress","file":"AbstractPlainSocketImpl.java","line":242},{"class":"java.net.AbstractPlainSocketImpl","method":"connect","file":"AbstractPlainSocketImpl.java","line":224},{"class":"java.net.SocksSocketImpl","method":"connect","file":"SocksSocketImpl.java","line":392},{"class":"java.net.Socket","method":"connect","file":"Socket.java","line":609},{"class":"java.net.Socket","method":"connect","file":"Socket.java","line":558},{"class":"software.amazon.cloudwatchlogs.emf.sinks.TCPClient","method":"connect","file":"TCPClient.java","line":40},{"class":"software.amazon.cloudwatchlogs.emf.sinks.TCPClient","method":"sendMessage","file":"TCPClient.java","line":55},{"class":"software.amazon.cloudwatchlogs.emf.sinks.AgentSink","method":"accept","file":"AgentSink.java","line":52},{"class":"software.amazon.cloudwatchlogs.emf.logger.MetricsLogger","method":"flush","file":"MetricsLogger.java","line":66},{"class":"software.amazon.lambda.powertools.metrics.internal.LambdaMetricsAspect","method":"around","file":"LambdaMetricsAspect.java","line":73},{"class":"uk.gov.di.ipv.cri.passport.accesstoken.AccessTokenHandler","method":"handleRequest","file":"AccessTokenHandler.java","line":84},{"class":"uk.gov.di.ipv.cri.passport.accesstoken.AccessTokenHandlerTest","method":"shouldReturn400IfAccessTokenServiceDeemsRequestInvalid","file":"AccessTokenHandlerTest.java","line":192},{"class":"jdk.internal.reflect.NativeMethodAccessorImpl","method":"invoke0","file":"NativeMethodAccessorImpl.java","line":-2},{"class":"jdk.internal.reflect.NativeMethodAccessorImpl","method":"invoke","file":"NativeMethodAccessorImpl.java","line":62},{"class":"jdk.internal.reflect.DelegatingMethodAccessorImpl","method":"invoke","file":"DelegatingMethodAccessorImpl.java","line":43},{"class":"java.lang.reflect.Method","method":"invoke","file":"Method.java","line":566},{"class":"org.junit.platform.commons.util.ReflectionUtils","method":"invokeMethod","file":"ReflectionUtils.java","line":725},{"class":"org.junit.jupiter.engine.execution.MethodInvocation","method":"proceed","file":"MethodInvocation.java","line":60},{"class":"org.junit.jupiter.engine.execution.InvocationInterceptorChain$ValidatingInvocation","method":"proceed","file":"InvocationInterceptorChain.java","line":131},{"class":"org.junit.jupiter.engine.extension.TimeoutExtension","method":"intercept","file":"TimeoutExtension.java","line":149},{"class":"org.junit.jupiter.engine.extension.TimeoutExtension","method":"interceptTestableMethod","file":"TimeoutExtension.java","line":140},{"class":"org.junit.jupiter.engine.extension.TimeoutExtension","method":"interceptTestMethod","file":"TimeoutExtension.java","line":84},{"class":"org.junit.jupiter.engine.execution.ExecutableInvoker$ReflectiveInterceptorCall","method":"lambda$ofVoidMethod$0","file":"ExecutableInvoker.java","line":115},{"class":"org.junit.jupiter.engine.execution.ExecutableInvoker","method":"lambda$invoke$0","file":"ExecutableInvoker.java","line":105},{"class":"org.junit.jupiter.engine.execution.InvocationInterceptorChain$InterceptedInvocation","method":"proceed","file":"InvocationInterceptorChain.java","line":106},{"class":"org.junit.jupiter.engine.execution.InvocationInterceptorChain","method":"proceed","file":"InvocationInterceptorChain.java","line":64},{"class":"org.junit.jupiter.engine.execution.InvocationInterceptorChain","method":"chainAndInvoke","file":"InvocationInterceptorChain.java","line":45},{"class":"org.junit.jupiter.engine.execution.InvocationInterceptorChain","method":"invoke","file":"InvocationInterceptorChain.java","line":37},{"class":"org.junit.jupiter.engine.execution.ExecutableInvoker","method":"invoke","file":"ExecutableInvoker.java","line":104},{"class":"org.junit.jupiter.engine.execution.ExecutableInvoker","method":"invoke","file":"ExecutableInvoker.java","line":98},{"class":"org.junit.jupiter.engine.descriptor.TestMethodTestDescriptor","method":"lambda$invokeTestMethod$7","file":"TestMethodTestDescriptor.java","line":214},{"class":"org.junit.platform.engine.support.hierarchical.ThrowableCollector","method":"execute","file":"ThrowableCollector.java","line":73},{"class":"org.junit.jupiter.engine.descriptor.TestMethodTestDescriptor","method":"invokeTestMethod","file":"TestMethodTestDescriptor.java","line":210},{"class":"org.junit.jupiter.engine.descriptor.TestMethodTestDescriptor","method":"execute","file":"TestMethodTestDescriptor.java","line":135},{"class":"org.junit.jupiter.engine.descriptor.TestMethodTestDescriptor","method":"execute","file":"TestMethodTestDescriptor.java","line":66},{"class":"org.junit.platform.engine.support.hierarchical.NodeTestTask","method":"lambda$executeRecursively$6","file":"NodeTestTask.java","line":151},{"class":"org.junit.platform.engine.support.hierarchical.ThrowableCollector","method":"execute","file":"ThrowableCollector.java","line":73},{"class":"org.junit.platform.engine.support.hierarchical.NodeTestTask","method":"lambda$executeRecursively$8","file":"NodeTestTask.java","line":141},{"class":"org.junit.platform.engine.support.hierarchical.Node","method":"around","file":"Node.java","line":137},{"class":"org.junit.platform.engine.support.hierarchical.NodeTestTask","method":"lambda$executeRecursively$9","file":"NodeTestTask.java","line":139},{"class":"org.junit.platform.engine.support.hierarchical.ThrowableCollector","method":"execute","file":"ThrowableCollector.java","line":73},{"class":"org.junit.platform.engine.support.hierarchical.NodeTestTask","method":"executeRecursively","file":"NodeTestTask.java","line":138},{"class":"org.junit.platform.engine.support.hierarchical.NodeTestTask","method":"execute","file":"NodeTestTask.java","line":95},{"class":"java.util.ArrayList","method":"forEach","file":"ArrayList.java","line":1541},{"class":"org.junit.platform.engine.support.hierarchical.SameThreadHierarchicalTestExecutorService","method":"invokeAll","file":"SameThreadHierarchicalTestExecutorService.java","line":41},{"class":"org.junit.platform.engine.support.hierarchical.NodeTestTask","method":"lambda$executeRecursively$6","file":"NodeTestTask.java","line":155},{"class":"org.junit.platform.engine.support.hierarchical.ThrowableCollector","method":"execute","file":"ThrowableCollector.java","line":73},{"class":"org.junit.platform.engine.support.hierarchical.NodeTestTask","method":"lambda$executeRecursively$8","file":"NodeTestTask.java","line":141},{"class":"org.junit.platform.engine.support.hierarchical.Node","method":"around","file":"Node.java","line":137},{"class":"org.junit.platform.engine.support.hierarchical.NodeTestTask","method":"lambda$executeRecursively$9","file":"NodeTestTask.java","line":139},{"class":"org.junit.platform.engine.support.hierarchical.ThrowableCollector","method":"execute","file":"ThrowableCollector.java","line":73},{"class":"org.junit.platform.engine.support.hierarchical.NodeTestTask","method":"executeRecursively","file":"NodeTestTask.java","line":138},{"class":"org.junit.platform.engine.support.hierarchical.NodeTestTask","method":"execute","file":"NodeTestTask.java","line":95},{"class":"java.util.ArrayList","method":"forEach","file":"ArrayList.java","line":1541},{"class":"org.junit.platform.engine.support.hierarchical.SameThreadHierarchicalTestExecutorService","method":"invokeAll","file":"SameThreadHierarchicalTestExecutorService.java","line":41},{"class":"org.junit.platform.engine.support.hierarchical.NodeTestTask","method":"lambda$executeRecursively$6","file":"NodeTestTask.java","line":155},{"class":"org.junit.platform.engine.support.hierarchical.ThrowableCollector","method":"execute","file":"ThrowableCollector.java","line":73},{"class":"org.junit.platform.engine.support.hierarchical.NodeTestTask","method":"lambda$executeRecursively$8","file":"NodeTestTask.java","line":141},{"class":"org.junit.platform.engine.support.hierarchical.Node","method":"around","file":"Node.java","line":137},{"class":"org.junit.platform.engine.support.hierarchical.NodeTestTask","method":"lambda$executeRecursively$9","file":"NodeTestTask.java","line":139},{"class":"org.junit.platform.engine.support.hierarchical.ThrowableCollector","method":"execute","file":"ThrowableCollector.java","line":73},{"class":"org.junit.platform.engine.support.hierarchical.NodeTestTask","method":"executeRecursively","file":"NodeTestTask.java","line":138},{"class":"org.junit.platform.engine.support.hierarchical.NodeTestTask","method":"execute","file":"NodeTestTask.java","line":95},{"class":"org.junit.platform.engine.support.hierarchical.SameThreadHierarchicalTestExecutorService","method":"submit","file":"SameThreadHierarchicalTestExecutorService.java","line":35},{"class":"org.junit.platform.engine.support.hierarchical.HierarchicalTestExecutor","method":"execute","file":"HierarchicalTestExecutor.java","line":57},{"class":"org.junit.platform.engine.support.hierarchical.HierarchicalTestEngine","method":"execute","file":"HierarchicalTestEngine.java","line":54},{"class":"org.junit.platform.launcher.core.EngineExecutionOrchestrator","method":"execute","file":"EngineExecutionOrchestrator.java","line":108},{"class":"org.junit.platform.launcher.core.EngineExecutionOrchestrator","method":"execute","file":"EngineExecutionOrchestrator.java","line":88},{"class":"org.junit.platform.launcher.core.EngineExecutionOrchestrator","method":"lambda$execute$0","file":"EngineExecutionOrchestrator.java","line":54},{"class":"org.junit.platform.launcher.core.EngineExecutionOrchestrator","method":"withInterceptedStreams","file":"EngineExecutionOrchestrator.java","line":67},{"class":"org.junit.platform.launcher.core.EngineExecutionOrchestrator","method":"execute","file":"EngineExecutionOrchestrator.java","line":52},{"class":"org.junit.platform.launcher.core.DefaultLauncher","method":"execute","file":"DefaultLauncher.java","line":96},{"class":"org.junit.platform.launcher.core.DefaultLauncher","method":"execute","file":"DefaultLauncher.java","line":75},{"class":"org.gradle.api.internal.tasks.testing.junitplatform.JUnitPlatformTestClassProcessor$CollectAllTestClassesExecutor","method":"processAllTestClasses","file":"JUnitPlatformTestClassProcessor.java","line":99},{"class":"org.gradle.api.internal.tasks.testing.junitplatform.JUnitPlatformTestClassProcessor$CollectAllTestClassesExecutor","method":"access$000","file":"JUnitPlatformTestClassProcessor.java","line":79},{"class":"org.gradle.api.internal.tasks.testing.junitplatform.JUnitPlatformTestClassProcessor","method":"stop","file":"JUnitPlatformTestClassProcessor.java","line":75},{"class":"org.gradle.api.internal.tasks.testing.SuiteTestClassProcessor","method":"stop","file":"SuiteTestClassProcessor.java","line":61},{"class":"jdk.internal.reflect.NativeMethodAccessorImpl","method":"invoke0","file":"NativeMethodAccessorImpl.java","line":-2},{"class":"jdk.internal.reflect.NativeMethodAccessorImpl","method":"invoke","file":"NativeMethodAccessorImpl.java","line":62},{"class":"jdk.internal.reflect.DelegatingMethodAccessorImpl","method":"invoke","file":"DelegatingMethodAccessorImpl.java","line":43},{"class":"java.lang.reflect.Method","method":"invoke","file":"Method.java","line":566},{"class":"org.gradle.internal.dispatch.ReflectionDispatch","method":"dispatch","file":"ReflectionDispatch.java","line":36},{"class":"org.gradle.internal.dispatch.ReflectionDispatch","method":"dispatch","file":"ReflectionDispatch.java","line":24},{"class":"org.gradle.internal.dispatch.ContextClassLoaderDispatch","method":"dispatch","file":"ContextClassLoaderDispatch.java","line":33},{"class":"org.gradle.internal.dispatch.ProxyDispatchAdapter$DispatchingInvocationHandler","method":"invoke","file":"ProxyDispatchAdapter.java","line":94},{"class":"com.sun.proxy.$Proxy5","method":"stop","file":null,"line":-1},{"class":"org.gradle.api.internal.tasks.testing.worker.TestWorker$3","method":"run","file":"TestWorker.java","line":193},{"class":"org.gradle.api.internal.tasks.testing.worker.TestWorker","method":"executeAndMaintainThreadName","file":"TestWorker.java","line":129},{"class":"org.gradle.api.internal.tasks.testing.worker.TestWorker","method":"execute","file":"TestWorker.java","line":100},{"class":"org.gradle.api.internal.tasks.testing.worker.TestWorker","method":"execute","file":"TestWorker.java","line":60},{"class":"org.gradle.process.internal.worker.child.ActionExecutionWorker","method":"execute","file":"ActionExecutionWorker.java","line":56},{"class":"org.gradle.process.internal.worker.child.SystemApplicationClassLoaderWorker","method":"call","file":"SystemApplicationClassLoaderWorker.java","line":133},{"class":"org.gradle.process.internal.worker.child.SystemApplicationClassLoaderWorker","method":"call","file":"SystemApplicationClassLoaderWorker.java","line":71},{"class":"worker.org.gradle.process.internal.worker.GradleWorkerMain","method":"run","file":"GradleWorkerMain.java","line":69},{"class":"worker.org.gradle.process.internal.worker.GradleWorkerMain","method":"main","file":"GradleWorkerMain.java","line":74}]},"endOfBatch":false,"loggerFqcn":"org.apache.logging.slf4j.Log4jLogger","threadId":1,"threadPriority":5}
{"timestamp":"2022-12-01T12:17:33.542+0000GMT","instant":{"epochSecond":1669897053,"nanoOfSecond":542728000},"thread":"Test worker","level":"ERROR","loggerName":"software.amazon.cloudwatchlogs.emf.sinks.TCPClient","message":"Failed to open output stream: ","thrown":{"message":"Socket is not connected","name":"java.net.SocketException","extendedStackTrace":[{"class":"java.net.Socket","method":"getOutputStream","file":"Socket.java","line":964},{"class":"software.amazon.cloudwatchlogs.emf.sinks.TCPClient","method":"sendMessage","file":"TCPClient.java","line":60},{"class":"software.amazon.cloudwatchlogs.emf.sinks.AgentSink","method":"accept","file":"AgentSink.java","line":52},{"class":"software.amazon.cloudwatchlogs.emf.logger.MetricsLogger","method":"flush","file":"MetricsLogger.java","line":66},{"class":"software.amazon.lambda.powertools.metrics.internal.LambdaMetricsAspect","method":"around","file":"LambdaMetricsAspect.java","line":73},{"class":"uk.gov.di.ipv.cri.passport.accesstoken.AccessTokenHandler","method":"handleRequest","file":"AccessTokenHandler.java","line":84},{"class":"uk.gov.di.ipv.cri.passport.accesstoken.AccessTokenHandlerTest","method":"shouldReturn400IfAccessTokenServiceDeemsRequestInvalid","file":"AccessTokenHandlerTest.java","line":192},{"class":"jdk.internal.reflect.NativeMethodAccessorImpl","method":"invoke0","file":"NativeMethodAccessorImpl.java","line":-2},{"class":"jdk.internal.reflect.NativeMethodAccessorImpl","method":"invoke","file":"NativeMethodAccessorImpl.java","line":62},{"class":"jdk.internal.reflect.DelegatingMethodAccessorImpl","method":"invoke","file":"DelegatingMethodAccessorImpl.java","line":43},{"class":"java.lang.reflect.Method","method":"invoke","file":"Method.java","line":566},{"class":"org.junit.platform.commons.util.ReflectionUtils","method":"invokeMethod","file":"ReflectionUtils.java","line":725},{"class":"org.junit.jupiter.engine.execution.MethodInvocation","method":"proceed","file":"MethodInvocation.java","line":60},{"class":"org.junit.jupiter.engine.execution.InvocationInterceptorChain$ValidatingInvocation","method":"proceed","file":"InvocationInterceptorChain.java","line":131},{"class":"org.junit.jupiter.engine.extension.TimeoutExtension","method":"intercept","file":"TimeoutExtension.java","line":149},{"class":"org.junit.jupiter.engine.extension.TimeoutExtension","method":"interceptTestableMethod","file":"TimeoutExtension.java","line":140},{"class":"org.junit.jupiter.engine.extension.TimeoutExtension","method":"interceptTestMethod","file":"TimeoutExtension.java","line":84},{"class":"org.junit.jupiter.engine.execution.ExecutableInvoker$ReflectiveInterceptorCall","method":"lambda$ofVoidMethod$0","file":"ExecutableInvoker.java","line":115},{"class":"org.junit.jupiter.engine.execution.ExecutableInvoker","method":"lambda$invoke$0","file":"ExecutableInvoker.java","line":105},{"class":"org.junit.jupiter.engine.execution.InvocationInterceptorChain$InterceptedInvocation","method":"proceed","file":"InvocationInterceptorChain.java","line":106},{"class":"org.junit.jupiter.engine.execution.InvocationInterceptorChain","method":"proceed","file":"InvocationInterceptorChain.java","line":64},{"class":"org.junit.jupiter.engine.execution.InvocationInterceptorChain","method":"chainAndInvoke","file":"InvocationInterceptorChain.java","line":45},{"class":"org.junit.jupiter.engine.execution.InvocationInterceptorChain","method":"invoke","file":"InvocationInterceptorChain.java","line":37},{"class":"org.junit.jupiter.engine.execution.ExecutableInvoker","method":"invoke","file":"ExecutableInvoker.java","line":104},{"class":"org.junit.jupiter.engine.execution.ExecutableInvoker","method":"invoke","file":"ExecutableInvoker.java","line":98},{"class":"org.junit.jupiter.engine.descriptor.TestMethodTestDescriptor","method":"lambda$invokeTestMethod$7","file":"TestMethodTestDescriptor.java","line":214},{"class":"org.junit.platform.engine.support.hierarchical.ThrowableCollector","method":"execute","file":"ThrowableCollector.java","line":73},{"class":"org.junit.jupiter.engine.descriptor.TestMethodTestDescriptor","method":"invokeTestMethod","file":"TestMethodTestDescriptor.java","line":210},{"class":"org.junit.jupiter.engine.descriptor.TestMethodTestDescriptor","method":"execute","file":"TestMethodTestDescriptor.java","line":135},{"class":"org.junit.jupiter.engine.descriptor.TestMethodTestDescriptor","method":"execute","file":"TestMethodTestDescriptor.java","line":66},{"class":"org.junit.platform.engine.support.hierarchical.NodeTestTask","method":"lambda$executeRecursively$6","file":"NodeTestTask.java","line":151},{"class":"org.junit.platform.engine.support.hierarchical.ThrowableCollector","method":"execute","file":"ThrowableCollector.java","line":73},{"class":"org.junit.platform.engine.support.hierarchical.NodeTestTask","method":"lambda$executeRecursively$8","file":"NodeTestTask.java","line":141},{"class":"org.junit.platform.engine.support.hierarchical.Node","method":"around","file":"Node.java","line":137},{"class":"org.junit.platform.engine.support.hierarchical.NodeTestTask","method":"lambda$executeRecursively$9","file":"NodeTestTask.java","line":139},{"class":"org.junit.platform.engine.support.hierarchical.ThrowableCollector","method":"execute","file":"ThrowableCollector.java","line":73},{"class":"org.junit.platform.engine.support.hierarchical.NodeTestTask","method":"executeRecursively","file":"NodeTestTask.java","line":138},{"class":"org.junit.platform.engine.support.hierarchical.NodeTestTask","method":"execute","file":"NodeTestTask.java","line":95},{"class":"java.util.ArrayList","method":"forEach","file":"ArrayList.java","line":1541},{"class":"org.junit.platform.engine.support.hierarchical.SameThreadHierarchicalTestExecutorService","method":"invokeAll","file":"SameThreadHierarchicalTestExecutorService.java","line":41},{"class":"org.junit.platform.engine.support.hierarchical.NodeTestTask","method":"lambda$executeRecursively$6","file":"NodeTestTask.java","line":155},{"class":"org.junit.platform.engine.support.hierarchical.ThrowableCollector","method":"execute","file":"ThrowableCollector.java","line":73},{"class":"org.junit.platform.engine.support.hierarchical.NodeTestTask","method":"lambda$executeRecursively$8","file":"NodeTestTask.java","line":141},{"class":"org.junit.platform.engine.support.hierarchical.Node","method":"around","file":"Node.java","line":137},{"class":"org.junit.platform.engine.support.hierarchical.NodeTestTask","method":"lambda$executeRecursively$9","file":"NodeTestTask.java","line":139},{"class":"org.junit.platform.engine.support.hierarchical.ThrowableCollector","method":"execute","file":"ThrowableCollector.java","line":73},{"class":"org.junit.platform.engine.support.hierarchical.NodeTestTask","method":"executeRecursively","file":"NodeTestTask.java","line":138},{"class":"org.junit.platform.engine.support.hierarchical.NodeTestTask","method":"execute","file":"NodeTestTask.java","line":95},{"class":"java.util.ArrayList","method":"forEach","file":"ArrayList.java","line":1541},{"class":"org.junit.platform.engine.support.hierarchical.SameThreadHierarchicalTestExecutorService","method":"invokeAll","file":"SameThreadHierarchicalTestExecutorService.java","line":41},{"class":"org.junit.platform.engine.support.hierarchical.NodeTestTask","method":"lambda$executeRecursively$6","file":"NodeTestTask.java","line":155},{"class":"org.junit.platform.engine.support.hierarchical.ThrowableCollector","method":"execute","file":"ThrowableCollector.java","line":73},{"class":"org.junit.platform.engine.support.hierarchical.NodeTestTask","method":"lambda$executeRecursively$8","file":"NodeTestTask.java","line":141},{"class":"org.junit.platform.engine.support.hierarchical.Node","method":"around","file":"Node.java","line":137},{"class":"org.junit.platform.engine.support.hierarchical.NodeTestTask","method":"lambda$executeRecursively$9","file":"NodeTestTask.java","line":139},{"class":"org.junit.platform.engine.support.hierarchical.ThrowableCollector","method":"execute","file":"ThrowableCollector.java","line":73},{"class":"org.junit.platform.engine.support.hierarchical.NodeTestTask","method":"executeRecursively","file":"NodeTestTask.java","line":138},{"class":"org.junit.platform.engine.support.hierarchical.NodeTestTask","method":"execute","file":"NodeTestTask.java","line":95},{"class":"org.junit.platform.engine.support.hierarchical.SameThreadHierarchicalTestExecutorService","method":"submit","file":"SameThreadHierarchicalTestExecutorService.java","line":35},{"class":"org.junit.platform.engine.support.hierarchical.HierarchicalTestExecutor","method":"execute","file":"HierarchicalTestExecutor.java","line":57},{"class":"org.junit.platform.engine.support.hierarchical.HierarchicalTestEngine","method":"execute","file":"HierarchicalTestEngine.java","line":54},{"class":"org.junit.platform.launcher.core.EngineExecutionOrchestrator","method":"execute","file":"EngineExecutionOrchestrator.java","line":108},{"class":"org.junit.platform.launcher.core.EngineExecutionOrchestrator","method":"execute","file":"EngineExecutionOrchestrator.java","line":88},{"class":"org.junit.platform.launcher.core.EngineExecutionOrchestrator","method":"lambda$execute$0","file":"EngineExecutionOrchestrator.java","line":54},{"class":"org.junit.platform.launcher.core.EngineExecutionOrchestrator","method":"withInterceptedStreams","file":"EngineExecutionOrchestrator.java","line":67},{"class":"org.junit.platform.launcher.core.EngineExecutionOrchestrator","method":"execute","file":"EngineExecutionOrchestrator.java","line":52},{"class":"org.junit.platform.launcher.core.DefaultLauncher","method":"execute","file":"DefaultLauncher.java","line":96},{"class":"org.junit.platform.launcher.core.DefaultLauncher","method":"execute","file":"DefaultLauncher.java","line":75},{"class":"org.gradle.api.internal.tasks.testing.junitplatform.JUnitPlatformTestClassProcessor$CollectAllTestClassesExecutor","method":"processAllTestClasses","file":"JUnitPlatformTestClassProcessor.java","line":99},{"class":"org.gradle.api.internal.tasks.testing.junitplatform.JUnitPlatformTestClassProcessor$CollectAllTestClassesExecutor","method":"access$000","file":"JUnitPlatformTestClassProcessor.java","line":79},{"class":"org.gradle.api.internal.tasks.testing.junitplatform.JUnitPlatformTestClassProcessor","method":"stop","file":"JUnitPlatformTestClassProcessor.java","line":75},{"class":"org.gradle.api.internal.tasks.testing.SuiteTestClassProcessor","method":"stop","file":"SuiteTestClassProcessor.java","line":61},{"class":"jdk.internal.reflect.NativeMethodAccessorImpl","method":"invoke0","file":"NativeMethodAccessorImpl.java","line":-2},{"class":"jdk.internal.reflect.NativeMethodAccessorImpl","method":"invoke","file":"NativeMethodAccessorImpl.java","line":62},{"class":"jdk.internal.reflect.DelegatingMethodAccessorImpl","method":"invoke","file":"DelegatingMethodAccessorImpl.java","line":43},{"class":"java.lang.reflect.Method","method":"invoke","file":"Method.java","line":566},{"class":"org.gradle.internal.dispatch.ReflectionDispatch","method":"dispatch","file":"ReflectionDispatch.java","line":36},{"class":"org.gradle.internal.dispatch.ReflectionDispatch","method":"dispatch","file":"ReflectionDispatch.java","line":24},{"class":"org.gradle.internal.dispatch.ContextClassLoaderDispatch","method":"dispatch","file":"ContextClassLoaderDispatch.java","line":33},{"class":"org.gradle.internal.dispatch.ProxyDispatchAdapter$DispatchingInvocationHandler","method":"invoke","file":"ProxyDispatchAdapter.java","line":94},{"class":"com.sun.proxy.$Proxy5","method":"stop","file":null,"line":-1},{"class":"org.gradle.api.internal.tasks.testing.worker.TestWorker$3","method":"run","file":"TestWorker.java","line":193},{"class":"org.gradle.api.internal.tasks.testing.worker.TestWorker","method":"executeAndMaintainThreadName","file":"TestWorker.java","line":129},{"class":"org.gradle.api.internal.tasks.testing.worker.TestWorker","method":"execute","file":"TestWorker.java","line":100},{"class":"org.gradle.api.internal.tasks.testing.worker.TestWorker","method":"execute","file":"TestWorker.java","line":60},{"class":"org.gradle.process.internal.worker.child.ActionExecutionWorker","method":"execute","file":"ActionExecutionWorker.java","line":56},{"class":"org.gradle.process.internal.worker.child.SystemApplicationClassLoaderWorker","method":"call","file":"SystemApplicationClassLoaderWorker.java","line":133},{"class":"org.gradle.process.internal.worker.child.SystemApplicationClassLoaderWorker","method":"call","file":"SystemApplicationClassLoaderWorker.java","line":71},{"class":"worker.org.gradle.process.internal.worker.GradleWorkerMain","method":"run","file":"GradleWorkerMain.java","line":69},{"class":"worker.org.gradle.process.internal.worker.GradleWorkerMain","method":"main","file":"GradleWorkerMain.java","line":74}]},"endOfBatch":false,"loggerFqcn":"org.apache.logging.slf4j.Log4jLogger","threadId":1,"threadPriority":5}
{"timestamp":"2022-12-01T12:17:33.544+0000GMT","instant":{"epochSecond":1669897053,"nanoOfSecond":544333000},"thread":"Test worker","level":"ERROR","loggerName":"software.amazon.cloudwatchlogs.emf.sinks.TCPClient","message":"Failed to connect to the socket due to the exception: ","thrown":{"message":"Socket closed","name":"java.net.SocketException","extendedStackTrace":[{"class":"java.net.PlainSocketImpl","method":"socketConnect","file":"PlainSocketImpl.java","line":-2},{"class":"java.net.AbstractPlainSocketImpl","method":"doConnect","file":"AbstractPlainSocketImpl.java","line":399},{"class":"java.net.AbstractPlainSocketImpl","method":"connectToAddress","file":"AbstractPlainSocketImpl.java","line":242},{"class":"java.net.AbstractPlainSocketImpl","method":"connect","file":"AbstractPlainSocketImpl.java","line":224},{"class":"java.net.SocksSocketImpl","method":"connect","file":"SocksSocketImpl.java","line":392},{"class":"java.net.Socket","method":"connect","file":"Socket.java","line":609},{"class":"java.net.Socket","method":"connect","file":"Socket.java","line":558},{"class":"software.amazon.cloudwatchlogs.emf.sinks.TCPClient","method":"connect","file":"TCPClient.java","line":40},{"class":"software.amazon.cloudwatchlogs.emf.sinks.TCPClient","method":"sendMessage","file":"TCPClient.java","line":63},{"class":"software.amazon.cloudwatchlogs.emf.sinks.AgentSink","method":"accept","file":"AgentSink.java","line":52},{"class":"software.amazon.cloudwatchlogs.emf.logger.MetricsLogger","method":"flush","file":"MetricsLogger.java","line":66},{"class":"software.amazon.lambda.powertools.metrics.internal.LambdaMetricsAspect","method":"around","file":"LambdaMetricsAspect.java","line":73},{"class":"uk.gov.di.ipv.cri.passport.accesstoken.AccessTokenHandler","method":"handleRequest","file":"AccessTokenHandler.java","line":84},{"class":"uk.gov.di.ipv.cri.passport.accesstoken.AccessTokenHandlerTest","method":"shouldReturn400IfAccessTokenServiceDeemsRequestInvalid","file":"AccessTokenHandlerTest.java","line":192},{"class":"jdk.internal.reflect.NativeMethodAccessorImpl","method":"invoke0","file":"NativeMethodAccessorImpl.java","line":-2},{"class":"jdk.internal.reflect.NativeMethodAccessorImpl","method":"invoke","file":"NativeMethodAccessorImpl.java","line":62},{"class":"jdk.internal.reflect.DelegatingMethodAccessorImpl","method":"invoke","file":"DelegatingMethodAccessorImpl.java","line":43},{"class":"java.lang.reflect.Method","method":"invoke","file":"Method.java","line":566},{"class":"org.junit.platform.commons.util.ReflectionUtils","method":"invokeMethod","file":"ReflectionUtils.java","line":725},{"class":"org.junit.jupiter.engine.execution.MethodInvocation","method":"proceed","file":"MethodInvocation.java","line":60},{"class":"org.junit.jupiter.engine.execution.InvocationInterceptorChain$ValidatingInvocation","method":"proceed","file":"InvocationInterceptorChain.java","line":131},{"class":"org.junit.jupiter.engine.extension.TimeoutExtension","method":"intercept","file":"TimeoutExtension.java","line":149},{"class":"org.junit.jupiter.engine.extension.TimeoutExtension","method":"interceptTestableMethod","file":"TimeoutExtension.java","line":140},{"class":"org.junit.jupiter.engine.extension.TimeoutExtension","method":"interceptTestMethod","file":"TimeoutExtension.java","line":84},{"class":"org.junit.jupiter.engine.execution.ExecutableInvoker$ReflectiveInterceptorCall","method":"lambda$ofVoidMethod$0","file":"ExecutableInvoker.java","line":115},{"class":"org.junit.jupiter.engine.execution.ExecutableInvoker","method":"lambda$invoke$0","file":"ExecutableInvoker.java","line":105},{"class":"org.junit.jupiter.engine.execution.InvocationInterceptorChain$InterceptedInvocation","method":"proceed","file":"InvocationInterceptorChain.java","line":106},{"class":"org.junit.jupiter.engine.execution.InvocationInterceptorChain","method":"proceed","file":"InvocationInterceptorChain.java","line":64},{"class":"org.junit.jupiter.engine.execution.InvocationInterceptorChain","method":"chainAndInvoke","file":"InvocationInterceptorChain.java","line":45},{"class":"org.junit.jupiter.engine.execution.InvocationInterceptorChain","method":"invoke","file":"InvocationInterceptorChain.java","line":37},{"class":"org.junit.jupiter.engine.execution.ExecutableInvoker","method":"invoke","file":"ExecutableInvoker.java","line":104},{"class":"org.junit.jupiter.engine.execution.ExecutableInvoker","method":"invoke","file":"ExecutableInvoker.java","line":98},{"class":"org.junit.jupiter.engine.descriptor.TestMethodTestDescriptor","method":"lambda$invokeTestMethod$7","file":"TestMethodTestDescriptor.java","line":214},{"class":"org.junit.platform.engine.support.hierarchical.ThrowableCollector","method":"execute","file":"ThrowableCollector.java","line":73},{"class":"org.junit.jupiter.engine.descriptor.TestMethodTestDescriptor","method":"invokeTestMethod","file":"TestMethodTestDescriptor.java","line":210},{"class":"org.junit.jupiter.engine.descriptor.TestMethodTestDescriptor","method":"execute","file":"TestMethodTestDescriptor.java","line":135},{"class":"org.junit.jupiter.engine.descriptor.TestMethodTestDescriptor","method":"execute","file":"TestMethodTestDescriptor.java","line":66},{"class":"org.junit.platform.engine.support.hierarchical.NodeTestTask","method":"lambda$executeRecursively$6","file":"NodeTestTask.java","line":151},{"class":"org.junit.platform.engine.support.hierarchical.ThrowableCollector","method":"execute","file":"ThrowableCollector.java","line":73},{"class":"org.junit.platform.engine.support.hierarchical.NodeTestTask","method":"lambda$executeRecursively$8","file":"NodeTestTask.java","line":141},{"class":"org.junit.platform.engine.support.hierarchical.Node","method":"around","file":"Node.java","line":137},{"class":"org.junit.platform.engine.support.hierarchical.NodeTestTask","method":"lambda$executeRecursively$9","file":"NodeTestTask.java","line":139},{"class":"org.junit.platform.engine.support.hierarchical.ThrowableCollector","method":"execute","file":"ThrowableCollector.java","line":73},{"class":"org.junit.platform.engine.support.hierarchical.NodeTestTask","method":"executeRecursively","file":"NodeTestTask.java","line":138},{"class":"org.junit.platform.engine.support.hierarchical.NodeTestTask","method":"execute","file":"NodeTestTask.java","line":95},{"class":"java.util.ArrayList","method":"forEach","file":"ArrayList.java","line":1541},{"class":"org.junit.platform.engine.support.hierarchical.SameThreadHierarchicalTestExecutorService","method":"invokeAll","file":"SameThreadHierarchicalTestExecutorService.java","line":41},{"class":"org.junit.platform.engine.support.hierarchical.NodeTestTask","method":"lambda$executeRecursively$6","file":"NodeTestTask.java","line":155},{"class":"org.junit.platform.engine.support.hierarchical.ThrowableCollector","method":"execute","file":"ThrowableCollector.java","line":73},{"class":"org.junit.platform.engine.support.hierarchical.NodeTestTask","method":"lambda$executeRecursively$8","file":"NodeTestTask.java","line":141},{"class":"org.junit.platform.engine.support.hierarchical.Node","method":"around","file":"Node.java","line":137},{"class":"org.junit.platform.engine.support.hierarchical.NodeTestTask","method":"lambda$executeRecursively$9","file":"NodeTestTask.java","line":139},{"class":"org.junit.platform.engine.support.hierarchical.ThrowableCollector","method":"execute","file":"ThrowableCollector.java","line":73},{"class":"org.junit.platform.engine.support.hierarchical.NodeTestTask","method":"executeRecursively","file":"NodeTestTask.java","line":138},{"class":"org.junit.platform.engine.support.hierarchical.NodeTestTask","method":"execute","file":"NodeTestTask.java","line":95},{"class":"java.util.ArrayList","method":"forEach","file":"ArrayList.java","line":1541},{"class":"org.junit.platform.engine.support.hierarchical.SameThreadHierarchicalTestExecutorService","method":"invokeAll","file":"SameThreadHierarchicalTestExecutorService.java","line":41},{"class":"org.junit.platform.engine.support.hierarchical.NodeTestTask","method":"lambda$executeRecursively$6","file":"NodeTestTask.java","line":155},{"class":"org.junit.platform.engine.support.hierarchical.ThrowableCollector","method":"execute","file":"ThrowableCollector.java","line":73},{"class":"org.junit.platform.engine.support.hierarchical.NodeTestTask","method":"lambda$executeRecursively$8","file":"NodeTestTask.java","line":141},{"class":"org.junit.platform.engine.support.hierarchical.Node","method":"around","file":"Node.java","line":137},{"class":"org.junit.platform.engine.support.hierarchical.NodeTestTask","method":"lambda$executeRecursively$9","file":"NodeTestTask.java","line":139},{"class":"org.junit.platform.engine.support.hierarchical.ThrowableCollector","method":"execute","file":"ThrowableCollector.java","line":73},{"class":"org.junit.platform.engine.support.hierarchical.NodeTestTask","method":"executeRecursively","file":"NodeTestTask.java","line":138},{"class":"org.junit.platform.engine.support.hierarchical.NodeTestTask","method":"execute","file":"NodeTestTask.java","line":95},{"class":"org.junit.platform.engine.support.hierarchical.SameThreadHierarchicalTestExecutorService","method":"submit","file":"SameThreadHierarchicalTestExecutorService.java","line":35},{"class":"org.junit.platform.engine.support.hierarchical.HierarchicalTestExecutor","method":"execute","file":"HierarchicalTestExecutor.java","line":57},{"class":"org.junit.platform.engine.support.hierarchical.HierarchicalTestEngine","method":"execute","file":"HierarchicalTestEngine.java","line":54},{"class":"org.junit.platform.launcher.core.EngineExecutionOrchestrator","method":"execute","file":"EngineExecutionOrchestrator.java","line":108},{"class":"org.junit.platform.launcher.core.EngineExecutionOrchestrator","method":"execute","file":"EngineExecutionOrchestrator.java","line":88},{"class":"org.junit.platform.launcher.core.EngineExecutionOrchestrator","method":"lambda$execute$0","file":"EngineExecutionOrchestrator.java","line":54},{"class":"org.junit.platform.launcher.core.EngineExecutionOrchestrator","method":"withInterceptedStreams","file":"EngineExecutionOrchestrator.java","line":67},{"class":"org.junit.platform.launcher.core.EngineExecutionOrchestrator","method":"execute","file":"EngineExecutionOrchestrator.java","line":52},{"class":"org.junit.platform.launcher.core.DefaultLauncher","method":"execute","file":"DefaultLauncher.java","line":96},{"class":"org.junit.platform.launcher.core.DefaultLauncher","method":"execute","file":"DefaultLauncher.java","line":75},{"class":"org.gradle.api.internal.tasks.testing.junitplatform.JUnitPlatformTestClassProcessor$CollectAllTestClassesExecutor","method":"processAllTestClasses","file":"JUnitPlatformTestClassProcessor.java","line":99},{"class":"org.gradle.api.internal.tasks.testing.junitplatform.JUnitPlatformTestClassProcessor$CollectAllTestClassesExecutor","method":"access$000","file":"JUnitPlatformTestClassProcessor.java","line":79},{"class":"org.gradle.api.internal.tasks.testing.junitplatform.JUnitPlatformTestClassProcessor","method":"stop","file":"JUnitPlatformTestClassProcessor.java","line":75},{"class":"org.gradle.api.internal.tasks.testing.SuiteTestClassProcessor","method":"stop","file":"SuiteTestClassProcessor.java","line":61},{"class":"jdk.internal.reflect.NativeMethodAccessorImpl","method":"invoke0","file":"NativeMethodAccessorImpl.java","line":-2},{"class":"jdk.internal.reflect.NativeMethodAccessorImpl","method":"invoke","file":"NativeMethodAccessorImpl.java","line":62},{"class":"jdk.internal.reflect.DelegatingMethodAccessorImpl","method":"invoke","file":"DelegatingMethodAccessorImpl.java","line":43},{"class":"java.lang.reflect.Method","method":"invoke","file":"Method.java","line":566},{"class":"org.gradle.internal.dispatch.ReflectionDispatch","method":"dispatch","file":"ReflectionDispatch.java","line":36},{"class":"org.gradle.internal.dispatch.ReflectionDispatch","method":"dispatch","file":"ReflectionDispatch.java","line":24},{"class":"org.gradle.internal.dispatch.ContextClassLoaderDispatch","method":"dispatch","file":"ContextClassLoaderDispatch.java","line":33},{"class":"org.gradle.internal.dispatch.ProxyDispatchAdapter$DispatchingInvocationHandler","method":"invoke","file":"ProxyDispatchAdapter.java","line":94},{"class":"com.sun.proxy.$Proxy5","method":"stop","file":null,"line":-1},{"class":"org.gradle.api.internal.tasks.testing.worker.TestWorker$3","method":"run","file":"TestWorker.java","line":193},{"class":"org.gradle.api.internal.tasks.testing.worker.TestWorker","method":"executeAndMaintainThreadName","file":"TestWorker.java","line":129},{"class":"org.gradle.api.internal.tasks.testing.worker.TestWorker","method":"execute","file":"TestWorker.java","line":100},{"class":"org.gradle.api.internal.tasks.testing.worker.TestWorker","method":"execute","file":"TestWorker.java","line":60},{"class":"org.gradle.process.internal.worker.child.ActionExecutionWorker","method":"execute","file":"ActionExecutionWorker.java","line":56},{"class":"org.gradle.process.internal.worker.child.SystemApplicationClassLoaderWorker","method":"call","file":"SystemApplicationClassLoaderWorker.java","line":133},{"class":"org.gradle.process.internal.worker.child.SystemApplicationClassLoaderWorker","method":"call","file":"SystemApplicationClassLoaderWorker.java","line":71},{"class":"worker.org.gradle.process.internal.worker.GradleWorkerMain","method":"run","file":"GradleWorkerMain.java","line":69},{"class":"worker.org.gradle.process.internal.worker.GradleWorkerMain","method":"main","file":"GradleWorkerMain.java","line":74}]},"endOfBatch":false,"loggerFqcn":"org.apache.logging.slf4j.Log4jLogger","threadId":1,"threadPriority":5}
{"timestamp":"2022-12-01T12:17:33.564+0000GMT","instant":{"epochSecond":1669897053,"nanoOfSecond":564742000},"thread":"Test worker","level":"INFO","loggerName":"uk.gov.di.ipv.cri.passport.library.helpers.LogHelper","message":"COMPONENT_ID_LOG_FIELD attached to logs","endOfBatch":false,"loggerFqcn":"org.apache.logging.log4j.spi.AbstractLogger","threadId":1,"threadPriority":5,"coldStart":"false","componentId":"passport-cri","functionArn":null,"functionMemorySize":"0","functionName":null,"functionVersion":null,"function_request_id":"null","samplingRate":"0.0","service":"service_undefined"}
{"timestamp":"2022-12-01T12:17:33.566+0000GMT","instant":{"epochSecond":1669897053,"nanoOfSecond":566255000},"thread":"Test worker","level":"INFO","loggerName":"uk.gov.di.ipv.cri.passport.library.helpers.LogHelper","message":"PASSPORT_SESSION_ID_LOG_FIELD attached to logs","endOfBatch":false,"loggerFqcn":"org.apache.logging.log4j.spi.AbstractLogger","threadId":1,"threadPriority":5,"coldStart":"false","componentId":"passport-cri","functionArn":null,"functionMemorySize":"0","functionName":null,"functionVersion":null,"function_request_id":"null","passportSessionId":"f75b5d7c-83fe-4730-89f0-3affe50900de","samplingRate":"0.0","service":"service_undefined"}
{"timestamp":"2022-12-01T12:17:33.566+0000GMT","instant":{"epochSecond":1669897053,"nanoOfSecond":566993000},"thread":"Test worker","level":"INFO","loggerName":"uk.gov.di.ipv.cri.passport.library.helpers.LogHelper","message":"GOVUK_SIGNIN_JOURNEY_ID attached to logs","endOfBatch":false,"loggerFqcn":"org.apache.logging.log4j.spi.AbstractLogger","threadId":1,"threadPriority":5,"coldStart":"false","componentId":"passport-cri","functionArn":null,"functionMemorySize":"0","functionName":null,"functionVersion":null,"function_request_id":"null","govuk_signin_journey_id":"unknown","passportSessionId":"f75b5d7c-83fe-4730-89f0-3affe50900de","samplingRate":"0.0","service":"service_undefined"}
{"timestamp":"2022-12-01T12:17:33.567+0000GMT","instant":{"epochSecond":1669897053,"nanoOfSecond":567971000},"thread":"Test worker","level":"WARN","loggerName":"software.amazon.cloudwatchlogs.emf.environment.AgentBasedEnvironment","message":"Unknown ServiceName.","endOfBatch":false,"loggerFqcn":"org.apache.logging.slf4j.Log4jLogger","threadId":1,"threadPriority":5}
{"timestamp":"2022-12-01T12:17:33.568+0000GMT","instant":{"epochSecond":1669897053,"nanoOfSecond":568159000},"thread":"Test worker","level":"WARN","loggerName":"software.amazon.cloudwatchlogs.emf.environment.AgentBasedEnvironment","message":"Unknown ServiceName.","endOfBatch":false,"loggerFqcn":"org.apache.logging.slf4j.Log4jLogger","threadId":1,"threadPriority":5}
{"timestamp":"2022-12-01T12:17:33.568+0000GMT","instant":{"epochSecond":1669897053,"nanoOfSecond":568453000},"thread":"Test worker","level":"INFO","loggerName":"software.amazon.cloudwatchlogs.emf.environment.DefaultEnvironment","message":"Unknown ServiceType","endOfBatch":false,"loggerFqcn":"org.apache.logging.slf4j.Log4jLogger","threadId":1,"threadPriority":5}
{"timestamp":"2022-12-01T12:17:33.569+0000GMT","instant":{"epochSecond":1669897053,"nanoOfSecond":569801000},"thread":"Test worker","level":"ERROR","loggerName":"software.amazon.cloudwatchlogs.emf.sinks.TCPClient","message":"Failed to connect to the socket due to the exception: ","thrown":{"message":"Socket closed","name":"java.net.SocketException","extendedStackTrace":[{"class":"java.net.PlainSocketImpl","method":"socketConnect","file":"PlainSocketImpl.java","line":-2},{"class":"java.net.AbstractPlainSocketImpl","method":"doConnect","file":"AbstractPlainSocketImpl.java","line":399},{"class":"java.net.AbstractPlainSocketImpl","method":"connectToAddress","file":"AbstractPlainSocketImpl.java","line":242},{"class":"java.net.AbstractPlainSocketImpl","method":"connect","file":"AbstractPlainSocketImpl.java","line":224},{"class":"java.net.SocksSocketImpl","method":"connect","file":"SocksSocketImpl.java","line":392},{"class":"java.net.Socket","method":"connect","file":"Socket.java","line":609},{"class":"java.net.Socket","method":"connect","file":"Socket.java","line":558},{"class":"software.amazon.cloudwatchlogs.emf.sinks.TCPClient","method":"connect","file":"TCPClient.java","line":40},{"class":"software.amazon.cloudwatchlogs.emf.sinks.TCPClient","method":"sendMessage","file":"TCPClient.java","line":55},{"class":"software.amazon.cloudwatchlogs.emf.sinks.AgentSink","method":"accept","file":"AgentSink.java","line":52},{"class":"software.amazon.cloudwatchlogs.emf.logger.MetricsLogger","method":"flush","file":"MetricsLogger.java","line":66},{"class":"software.amazon.lambda.powertools.metrics.internal.LambdaMetricsAspect","method":"around","file":"LambdaMetricsAspect.java","line":73},{"class":"uk.gov.di.ipv.cri.passport.accesstoken.AccessTokenHandler","method":"handleRequest","file":"AccessTokenHandler.java","line":84},{"class":"uk.gov.di.ipv.cri.passport.accesstoken.AccessTokenHandlerTest","method":"shouldReturnAccessTokenOnSuccessfulExchange","file":"AccessTokenHandlerTest.java","line":88},{"class":"jdk.internal.reflect.NativeMethodAccessorImpl","method":"invoke0","file":"NativeMethodAccessorImpl.java","line":-2},{"class":"jdk.internal.reflect.NativeMethodAccessorImpl","method":"invoke","file":"NativeMethodAccessorImpl.java","line":62},{"class":"jdk.internal.reflect.DelegatingMethodAccessorImpl","method":"invoke","file":"DelegatingMethodAccessorImpl.java","line":43},{"class":"java.lang.reflect.Method","method":"invoke","file":"Method.java","line":566},{"class":"org.junit.platform.commons.util.ReflectionUtils","method":"invokeMethod","file":"ReflectionUtils.java","line":725},{"class":"org.junit.jupiter.engine.execution.MethodInvocation","method":"proceed","file":"MethodInvocation.java","line":60},{"class":"org.junit.jupiter.engine.execution.InvocationInterceptorChain$ValidatingInvocation","method":"proceed","file":"InvocationInterceptorChain.java","line":131},{"class":"org.junit.jupiter.engine.extension.TimeoutExtension","method":"intercept","file":"TimeoutExtension.java","line":149},{"class":"org.junit.jupiter.engine.extension.TimeoutExtension","method":"interceptTestableMethod","file":"TimeoutExtension.java","line":140},{"class":"org.junit.jupiter.engine.extension.TimeoutExtension","method":"interceptTestMethod","file":"TimeoutExtension.java","line":84},{"class":"org.junit.jupiter.engine.execution.ExecutableInvoker$ReflectiveInterceptorCall","method":"lambda$ofVoidMethod$0","file":"ExecutableInvoker.java","line":115},{"class":"org.junit.jupiter.engine.execution.ExecutableInvoker","method":"lambda$invoke$0","file":"ExecutableInvoker.java","line":105},{"class":"org.junit.jupiter.engine.execution.InvocationInterceptorChain$InterceptedInvocation","method":"proceed","file":"InvocationInterceptorChain.java","line":106},{"class":"org.junit.jupiter.engine.execution.InvocationInterceptorChain","method":"proceed","file":"InvocationInterceptorChain.java","line":64},{"class":"org.junit.jupiter.engine.execution.InvocationInterceptorChain","method":"chainAndInvoke","file":"InvocationInterceptorChain.java","line":45},{"class":"org.junit.jupiter.engine.execution.InvocationInterceptorChain","method":"invoke","file":"InvocationInterceptorChain.java","line":37},{"class":"org.junit.jupiter.engine.execution.ExecutableInvoker","method":"invoke","file":"ExecutableInvoker.java","line":104},{"class":"org.junit.jupiter.engine.execution.ExecutableInvoker","method":"invoke","file":"ExecutableInvoker.java","line":98},{"class":"org.junit.jupiter.engine.descriptor.TestMethodTestDescriptor","method":"lambda$invokeTestMethod$7","file":"TestMethodTestDescriptor.java","line":214},{"class":"org.junit.platform.engine.support.hierarchical.ThrowableCollector","method":"execute","file":"ThrowableCollector.java","line":73},{"class":"org.junit.jupiter.engine.descriptor.TestMethodTestDescriptor","method":"invokeTestMethod","file":"TestMethodTestDescriptor.java","line":210},{"class":"org.junit.jupiter.engine.descriptor.TestMethodTestDescriptor","method":"execute","file":"TestMethodTestDescriptor.java","line":135},{"class":"org.junit.jupiter.engine.descriptor.TestMethodTestDescriptor","method":"execute","file":"TestMethodTestDescriptor.java","line":66},{"class":"org.junit.platform.engine.support.hierarchical.NodeTestTask","method":"lambda$executeRecursively$6","file":"NodeTestTask.java","line":151},{"class":"org.junit.platform.engine.support.hierarchical.ThrowableCollector","method":"execute","file":"ThrowableCollector.java","line":73},{"class":"org.junit.platform.engine.support.hierarchical.NodeTestTask","method":"lambda$executeRecursively$8","file":"NodeTestTask.java","line":141},{"class":"org.junit.platform.engine.support.hierarchical.Node","method":"around","file":"Node.java","line":137},{"class":"org.junit.platform.engine.support.hierarchical.NodeTestTask","method":"lambda$executeRecursively$9","file":"NodeTestTask.java","line":139},{"class":"org.junit.platform.engine.support.hierarchical.ThrowableCollector","method":"execute","file":"ThrowableCollector.java","line":73},{"class":"org.junit.platform.engine.support.hierarchical.NodeTestTask","method":"executeRecursively","file":"NodeTestTask.java","line":138},{"class":"org.junit.platform.engine.support.hierarchical.NodeTestTask","method":"execute","file":"NodeTestTask.java","line":95},{"class":"java.util.ArrayList","method":"forEach","file":"ArrayList.java","line":1541},{"class":"org.junit.platform.engine.support.hierarchical.SameThreadHierarchicalTestExecutorService","method":"invokeAll","file":"SameThreadHierarchicalTestExecutorService.java","line":41},{"class":"org.junit.platform.engine.support.hierarchical.NodeTestTask","method":"lambda$executeRecursively$6","file":"NodeTestTask.java","line":155},{"class":"org.junit.platform.engine.support.hierarchical.ThrowableCollector","method":"execute","file":"ThrowableCollector.java","line":73},{"class":"org.junit.platform.engine.support.hierarchical.NodeTestTask","method":"lambda$executeRecursively$8","file":"NodeTestTask.java","line":141},{"class":"org.junit.platform.engine.support.hierarchical.Node","method":"around","file":"Node.java","line":137},{"class":"org.junit.platform.engine.support.hierarchical.NodeTestTask","method":"lambda$executeRecursively$9","file":"NodeTestTask.java","line":139},{"class":"org.junit.platform.engine.support.hierarchical.ThrowableCollector","method":"execute","file":"ThrowableCollector.java","line":73},{"class":"org.junit.platform.engine.support.hierarchical.NodeTestTask","method":"executeRecursively","file":"NodeTestTask.java","line":138},{"class":"org.junit.platform.engine.support.hierarchical.NodeTestTask","method":"execute","file":"NodeTestTask.java","line":95},{"class":"java.util.ArrayList","method":"forEach","file":"ArrayList.java","line":1541},{"class":"org.junit.platform.engine.support.hierarchical.SameThreadHierarchicalTestExecutorService","method":"invokeAll","file":"SameThreadHierarchicalTestExecutorService.java","line":41},{"class":"org.junit.platform.engine.support.hierarchical.NodeTestTask","method":"lambda$executeRecursively$6","file":"NodeTestTask.java","line":155},{"class":"org.junit.platform.engine.support.hierarchical.ThrowableCollector","method":"execute","file":"ThrowableCollector.java","line":73},{"class":"org.junit.platform.engine.support.hierarchical.NodeTestTask","method":"lambda$executeRecursively$8","file":"NodeTestTask.java","line":141},{"class":"org.junit.platform.engine.support.hierarchical.Node","method":"around","file":"Node.java","line":137},{"class":"org.junit.platform.engine.support.hierarchical.NodeTestTask","method":"lambda$executeRecursively$9","file":"NodeTestTask.java","line":139},{"class":"org.junit.platform.engine.support.hierarchical.ThrowableCollector","method":"execute","file":"ThrowableCollector.java","line":73},{"class":"org.junit.platform.engine.support.hierarchical.NodeTestTask","method":"executeRecursively","file":"NodeTestTask.java","line":138},{"class":"org.junit.platform.engine.support.hierarchical.NodeTestTask","method":"execute","file":"NodeTestTask.java","line":95},{"class":"org.junit.platform.engine.support.hierarchical.SameThreadHierarchicalTestExecutorService","method":"submit","file":"SameThreadHierarchicalTestExecutorService.java","line":35},{"class":"org.junit.platform.engine.support.hierarchical.HierarchicalTestExecutor","method":"execute","file":"HierarchicalTestExecutor.java","line":57},{"class":"org.junit.platform.engine.support.hierarchical.HierarchicalTestEngine","method":"execute","file":"HierarchicalTestEngine.java","line":54},{"class":"org.junit.platform.launcher.core.EngineExecutionOrchestrator","method":"execute","file":"EngineExecutionOrchestrator.java","line":108},{"class":"org.junit.platform.launcher.core.EngineExecutionOrchestrator","method":"execute","file":"EngineExecutionOrchestrator.java","line":88},{"class":"org.junit.platform.launcher.core.EngineExecutionOrchestrator","method":"lambda$execute$0","file":"EngineExecutionOrchestrator.java","line":54},{"class":"org.junit.platform.launcher.core.EngineExecutionOrchestrator","method":"withInterceptedStreams","file":"EngineExecutionOrchestrator.java","line":67},{"class":"org.junit.platform.launcher.core.EngineExecutionOrchestrator","method":"execute","file":"EngineExecutionOrchestrator.java","line":52},{"class":"org.junit.platform.launcher.core.DefaultLauncher","method":"execute","file":"DefaultLauncher.java","line":96},{"class":"org.junit.platform.launcher.core.DefaultLauncher","method":"execute","file":"DefaultLauncher.java","line":75},{"class":"org.gradle.api.internal.tasks.testing.junitplatform.JUnitPlatformTestClassProcessor$CollectAllTestClassesExecutor","method":"processAllTestClasses","file":"JUnitPlatformTestClassProcessor.java","line":99},{"class":"org.gradle.api.internal.tasks.testing.junitplatform.JUnitPlatformTestClassProcessor$CollectAllTestClassesExecutor","method":"access$000","file":"JUnitPlatformTestClassProcessor.java","line":79},{"class":"org.gradle.api.internal.tasks.testing.junitplatform.JUnitPlatformTestClassProcessor","method":"stop","file":"JUnitPlatformTestClassProcessor.java","line":75},{"class":"org.gradle.api.internal.tasks.testing.SuiteTestClassProcessor","method":"stop","file":"SuiteTestClassProcessor.java","line":61},{"class":"jdk.internal.reflect.NativeMethodAccessorImpl","method":"invoke0","file":"NativeMethodAccessorImpl.java","line":-2},{"class":"jdk.internal.reflect.NativeMethodAccessorImpl","method":"invoke","file":"NativeMethodAccessorImpl.java","line":62},{"class":"jdk.internal.reflect.DelegatingMethodAccessorImpl","method":"invoke","file":"DelegatingMethodAccessorImpl.java","line":43},{"class":"java.lang.reflect.Method","method":"invoke","file":"Method.java","line":566},{"class":"org.gradle.internal.dispatch.ReflectionDispatch","method":"dispatch","file":"ReflectionDispatch.java","line":36},{"class":"org.gradle.internal.dispatch.ReflectionDispatch","method":"dispatch","file":"ReflectionDispatch.java","line":24},{"class":"org.gradle.internal.dispatch.ContextClassLoaderDispatch","method":"dispatch","file":"ContextClassLoaderDispatch.java","line":33},{"class":"org.gradle.internal.dispatch.ProxyDispatchAdapter$DispatchingInvocationHandler","method":"invoke","file":"ProxyDispatchAdapter.java","line":94},{"class":"com.sun.proxy.$Proxy5","method":"stop","file":null,"line":-1},{"class":"org.gradle.api.internal.tasks.testing.worker.TestWorker$3","method":"run","file":"TestWorker.java","line":193},{"class":"org.gradle.api.internal.tasks.testing.worker.TestWorker","method":"executeAndMaintainThreadName","file":"TestWorker.java","line":129},{"class":"org.gradle.api.internal.tasks.testing.worker.TestWorker","method":"execute","file":"TestWorker.java","line":100},{"class":"org.gradle.api.internal.tasks.testing.worker.TestWorker","method":"execute","file":"TestWorker.java","line":60},{"class":"org.gradle.process.internal.worker.child.ActionExecutionWorker","method":"execute","file":"ActionExecutionWorker.java","line":56},{"class":"org.gradle.process.internal.worker.child.SystemApplicationClassLoaderWorker","method":"call","file":"SystemApplicationClassLoaderWorker.java","line":133},{"class":"org.gradle.process.internal.worker.child.SystemApplicationClassLoaderWorker","method":"call","file":"SystemApplicationClassLoaderWorker.java","line":71},{"class":"worker.org.gradle.process.internal.worker.GradleWorkerMain","method":"run","file":"GradleWorkerMain.java","line":69},{"class":"worker.org.gradle.process.internal.worker.GradleWorkerMain","method":"main","file":"GradleWorkerMain.java","line":74}]},"endOfBatch":false,"loggerFqcn":"org.apache.logging.slf4j.Log4jLogger","threadId":1,"threadPriority":5}
{"timestamp":"2022-12-01T12:17:33.571+0000GMT","instant":{"epochSecond":1669897053,"nanoOfSecond":571153000},"thread":"Test worker","level":"ERROR","loggerName":"software.amazon.cloudwatchlogs.emf.sinks.TCPClient","message":"Failed to open output stream: ","thrown":{"message":"Socket is not connected","name":"java.net.SocketException","extendedStackTrace":[{"class":"java.net.Socket","method":"getOutputStream","file":"Socket.java","line":964},{"class":"software.amazon.cloudwatchlogs.emf.sinks.TCPClient","method":"sendMessage","file":"TCPClient.java","line":60},{"class":"software.amazon.cloudwatchlogs.emf.sinks.AgentSink","method":"accept","file":"AgentSink.java","line":52},{"class":"software.amazon.cloudwatchlogs.emf.logger.MetricsLogger","method":"flush","file":"MetricsLogger.java","line":66},{"class":"software.amazon.lambda.powertools.metrics.internal.LambdaMetricsAspect","method":"around","file":"LambdaMetricsAspect.java","line":73},{"class":"uk.gov.di.ipv.cri.passport.accesstoken.AccessTokenHandler","method":"handleRequest","file":"AccessTokenHandler.java","line":84},{"class":"uk.gov.di.ipv.cri.passport.accesstoken.AccessTokenHandlerTest","method":"shouldReturnAccessTokenOnSuccessfulExchange","file":"AccessTokenHandlerTest.java","line":88},{"class":"jdk.internal.reflect.NativeMethodAccessorImpl","method":"invoke0","file":"NativeMethodAccessorImpl.java","line":-2},{"class":"jdk.internal.reflect.NativeMethodAccessorImpl","method":"invoke","file":"NativeMethodAccessorImpl.java","line":62},{"class":"jdk.internal.reflect.DelegatingMethodAccessorImpl","method":"invoke","file":"DelegatingMethodAccessorImpl.java","line":43},{"class":"java.lang.reflect.Method","method":"invoke","file":"Method.java","line":566},{"class":"org.junit.platform.commons.util.ReflectionUtils","method":"invokeMethod","file":"ReflectionUtils.java","line":725},{"class":"org.junit.jupiter.engine.execution.MethodInvocation","method":"proceed","file":"MethodInvocation.java","line":60},{"class":"org.junit.jupiter.engine.execution.InvocationInterceptorChain$ValidatingInvocation","method":"proceed","file":"InvocationInterceptorChain.java","line":131},{"class":"org.junit.jupiter.engine.extension.TimeoutExtension","method":"intercept","file":"TimeoutExtension.java","line":149},{"class":"org.junit.jupiter.engine.extension.TimeoutExtension","method":"interceptTestableMethod","file":"TimeoutExtension.java","line":140},{"class":"org.junit.jupiter.engine.extension.TimeoutExtension","method":"interceptTestMethod","file":"TimeoutExtension.java","line":84},{"class":"org.junit.jupiter.engine.execution.ExecutableInvoker$ReflectiveInterceptorCall","method":"lambda$ofVoidMethod$0","file":"ExecutableInvoker.java","line":115},{"class":"org.junit.jupiter.engine.execution.ExecutableInvoker","method":"lambda$invoke$0","file":"ExecutableInvoker.java","line":105},{"class":"org.junit.jupiter.engine.execution.InvocationInterceptorChain$InterceptedInvocation","method":"proceed","file":"InvocationInterceptorChain.java","line":106},{"class":"org.junit.jupiter.engine.execution.InvocationInterceptorChain","method":"proceed","file":"InvocationInterceptorChain.java","line":64},{"class":"org.junit.jupiter.engine.execution.InvocationInterceptorChain","method":"chainAndInvoke","file":"InvocationInterceptorChain.java","line":45},{"class":"org.junit.jupiter.engine.execution.InvocationInterceptorChain","method":"invoke","file":"InvocationInterceptorChain.java","line":37},{"class":"org.junit.jupiter.engine.execution.ExecutableInvoker","method":"invoke","file":"ExecutableInvoker.java","line":104},{"class":"org.junit.jupiter.engine.execution.ExecutableInvoker","method":"invoke","file":"ExecutableInvoker.java","line":98},{"class":"org.junit.jupiter.engine.descriptor.TestMethodTestDescriptor","method":"lambda$invokeTestMethod$7","file":"TestMethodTestDescriptor.java","line":214},{"class":"org.junit.platform.engine.support.hierarchical.ThrowableCollector","method":"execute","file":"ThrowableCollector.java","line":73},{"class":"org.junit.jupiter.engine.descriptor.TestMethodTestDescriptor","method":"invokeTestMethod","file":"TestMethodTestDescriptor.java","line":210},{"class":"org.junit.jupiter.engine.descriptor.TestMethodTestDescriptor","method":"execute","file":"TestMethodTestDescriptor.java","line":135},{"class":"org.junit.jupiter.engine.descriptor.TestMethodTestDescriptor","method":"execute","file":"TestMethodTestDescriptor.java","line":66},{"class":"org.junit.platform.engine.support.hierarchical.NodeTestTask","method":"lambda$executeRecursively$6","file":"NodeTestTask.java","line":151},{"class":"org.junit.platform.engine.support.hierarchical.ThrowableCollector","method":"execute","file":"ThrowableCollector.java","line":73},{"class":"org.junit.platform.engine.support.hierarchical.NodeTestTask","method":"lambda$executeRecursively$8","file":"NodeTestTask.java","line":141},{"class":"org.junit.platform.engine.support.hierarchical.Node","method":"around","file":"Node.java","line":137},{"class":"org.junit.platform.engine.support.hierarchical.NodeTestTask","method":"lambda$executeRecursively$9","file":"NodeTestTask.java","line":139},{"class":"org.junit.platform.engine.support.hierarchical.ThrowableCollector","method":"execute","file":"ThrowableCollector.java","line":73},{"class":"org.junit.platform.engine.support.hierarchical.NodeTestTask","method":"executeRecursively","file":"NodeTestTask.java","line":138},{"class":"org.junit.platform.engine.support.hierarchical.NodeTestTask","method":"execute","file":"NodeTestTask.java","line":95},{"class":"java.util.ArrayList","method":"forEach","file":"ArrayList.java","line":1541},{"class":"org.junit.platform.engine.support.hierarchical.SameThreadHierarchicalTestExecutorService","method":"invokeAll","file":"SameThreadHierarchicalTestExecutorService.java","line":41},{"class":"org.junit.platform.engine.support.hierarchical.NodeTestTask","method":"lambda$executeRecursively$6","file":"NodeTestTask.java","line":155},{"class":"org.junit.platform.engine.support.hierarchical.ThrowableCollector","method":"execute","file":"ThrowableCollector.java","line":73},{"class":"org.junit.platform.engine.support.hierarchical.NodeTestTask","method":"lambda$executeRecursively$8","file":"NodeTestTask.java","line":141},{"class":"org.junit.platform.engine.support.hierarchical.Node","method":"around","file":"Node.java","line":137},{"class":"org.junit.platform.engine.support.hierarchical.NodeTestTask","method":"lambda$executeRecursively$9","file":"NodeTestTask.java","line":139},{"class":"org.junit.platform.engine.support.hierarchical.ThrowableCollector","method":"execute","file":"ThrowableCollector.java","line":73},{"class":"org.junit.platform.engine.support.hierarchical.NodeTestTask","method":"executeRecursively","file":"NodeTestTask.java","line":138},{"class":"org.junit.platform.engine.support.hierarchical.NodeTestTask","method":"execute","file":"NodeTestTask.java","line":95},{"class":"java.util.ArrayList","method":"forEach","file":"ArrayList.java","line":1541},{"class":"org.junit.platform.engine.support.hierarchical.SameThreadHierarchicalTestExecutorService","method":"invokeAll","file":"SameThreadHierarchicalTestExecutorService.java","line":41},{"class":"org.junit.platform.engine.support.hierarchical.NodeTestTask","method":"lambda$executeRecursively$6","file":"NodeTestTask.java","line":155},{"class":"org.junit.platform.engine.support.hierarchical.ThrowableCollector","method":"execute","file":"ThrowableCollector.java","line":73},{"class":"org.junit.platform.engine.support.hierarchical.NodeTestTask","method":"lambda$executeRecursively$8","file":"NodeTestTask.java","line":141},{"class":"org.junit.platform.engine.support.hierarchical.Node","method":"around","file":"Node.java","line":137},{"class":"org.junit.platform.engine.support.hierarchical.NodeTestTask","method":"lambda$executeRecursively$9","file":"NodeTestTask.java","line":139},{"class":"org.junit.platform.engine.support.hierarchical.ThrowableCollector","method":"execute","file":"ThrowableCollector.java","line":73},{"class":"org.junit.platform.engine.support.hierarchical.NodeTestTask","method":"executeRecursively","file":"NodeTestTask.java","line":138},{"class":"org.junit.platform.engine.support.hierarchical.NodeTestTask","method":"execute","file":"NodeTestTask.java","line":95},{"class":"org.junit.platform.engine.support.hierarchical.SameThreadHierarchicalTestExecutorService","method":"submit","file":"SameThreadHierarchicalTestExecutorService.java","line":35},{"class":"org.junit.platform.engine.support.hierarchical.HierarchicalTestExecutor","method":"execute","file":"HierarchicalTestExecutor.java","line":57},{"class":"org.junit.platform.engine.support.hierarchical.HierarchicalTestEngine","method":"execute","file":"HierarchicalTestEngine.java","line":54},{"class":"org.junit.platform.launcher.core.EngineExecutionOrchestrator","method":"execute","file":"EngineExecutionOrchestrator.java","line":108},{"class":"org.junit.platform.launcher.core.EngineExecutionOrchestrator","method":"execute","file":"EngineExecutionOrchestrator.java","line":88},{"class":"org.junit.platform.launcher.core.EngineExecutionOrchestrator","method":"lambda$execute$0","file":"EngineExecutionOrchestrator.java","line":54},{"class":"org.junit.platform.launcher.core.EngineExecutionOrchestrator","method":"withInterceptedStreams","file":"EngineExecutionOrchestrator.java","line":67},{"class":"org.junit.platform.launcher.core.EngineExecutionOrchestrator","method":"execute","file":"EngineExecutionOrchestrator.java","line":52},{"class":"org.junit.platform.launcher.core.DefaultLauncher","method":"execute","file":"DefaultLauncher.java","line":96},{"class":"org.junit.platform.launcher.core.DefaultLauncher","method":"execute","file":"DefaultLauncher.java","line":75},{"class":"org.gradle.api.internal.tasks.testing.junitplatform.JUnitPlatformTestClassProcessor$CollectAllTestClassesExecutor","method":"processAllTestClasses","file":"JUnitPlatformTestClassProcessor.java","line":99},{"class":"org.gradle.api.internal.tasks.testing.junitplatform.JUnitPlatformTestClassProcessor$CollectAllTestClassesExecutor","method":"access$000","file":"JUnitPlatformTestClassProcessor.java","line":79},{"class":"org.gradle.api.internal.tasks.testing.junitplatform.JUnitPlatformTestClassProcessor","method":"stop","file":"JUnitPlatformTestClassProcessor.java","line":75},{"class":"org.gradle.api.internal.tasks.testing.SuiteTestClassProcessor","method":"stop","file":"SuiteTestClassProcessor.java","line":61},{"class":"jdk.internal.reflect.NativeMethodAccessorImpl","method":"invoke0","file":"NativeMethodAccessorImpl.java","line":-2},{"class":"jdk.internal.reflect.NativeMethodAccessorImpl","method":"invoke","file":"NativeMethodAccessorImpl.java","line":62},{"class":"jdk.internal.reflect.DelegatingMethodAccessorImpl","method":"invoke","file":"DelegatingMethodAccessorImpl.java","line":43},{"class":"java.lang.reflect.Method","method":"invoke","file":"Method.java","line":566},{"class":"org.gradle.internal.dispatch.ReflectionDispatch","method":"dispatch","file":"ReflectionDispatch.java","line":36},{"class":"org.gradle.internal.dispatch.ReflectionDispatch","method":"dispatch","file":"ReflectionDispatch.java","line":24},{"class":"org.gradle.internal.dispatch.ContextClassLoaderDispatch","method":"dispatch","file":"ContextClassLoaderDispatch.java","line":33},{"class":"org.gradle.internal.dispatch.ProxyDispatchAdapter$DispatchingInvocationHandler","method":"invoke","file":"ProxyDispatchAdapter.java","line":94},{"class":"com.sun.proxy.$Proxy5","method":"stop","file":null,"line":-1},{"class":"org.gradle.api.internal.tasks.testing.worker.TestWorker$3","method":"run","file":"TestWorker.java","line":193},{"class":"org.gradle.api.internal.tasks.testing.worker.TestWorker","method":"executeAndMaintainThreadName","file":"TestWorker.java","line":129},{"class":"org.gradle.api.internal.tasks.testing.worker.TestWorker","method":"execute","file":"TestWorker.java","line":100},{"class":"org.gradle.api.internal.tasks.testing.worker.TestWorker","method":"execute","file":"TestWorker.java","line":60},{"class":"org.gradle.process.internal.worker.child.ActionExecutionWorker","method":"execute","file":"ActionExecutionWorker.java","line":56},{"class":"org.gradle.process.internal.worker.child.SystemApplicationClassLoaderWorker","method":"call","file":"SystemApplicationClassLoaderWorker.java","line":133},{"class":"org.gradle.process.internal.worker.child.SystemApplicationClassLoaderWorker","method":"call","file":"SystemApplicationClassLoaderWorker.java","line":71},{"class":"worker.org.gradle.process.internal.worker.GradleWorkerMain","method":"run","file":"GradleWorkerMain.java","line":69},{"class":"worker.org.gradle.process.internal.worker.GradleWorkerMain","method":"main","file":"GradleWorkerMain.java","line":74}]},"endOfBatch":false,"loggerFqcn":"org.apache.logging.slf4j.Log4jLogger","threadId":1,"threadPriority":5}
{"timestamp":"2022-12-01T12:17:33.572+0000GMT","instant":{"epochSecond":1669897053,"nanoOfSecond":572531000},"thread":"Test worker","level":"ERROR","loggerName":"software.amazon.cloudwatchlogs.emf.sinks.TCPClient","message":"Failed to connect to the socket due to the exception: ","thrown":{"message":"Socket closed","name":"java.net.SocketException","extendedStackTrace":[{"class":"java.net.PlainSocketImpl","method":"socketConnect","file":"PlainSocketImpl.java","line":-2},{"class":"java.net.AbstractPlainSocketImpl","method":"doConnect","file":"AbstractPlainSocketImpl.java","line":399},{"class":"java.net.AbstractPlainSocketImpl","method":"connectToAddress","file":"AbstractPlainSocketImpl.java","line":242},{"class":"java.net.AbstractPlainSocketImpl","method":"connect","file":"AbstractPlainSocketImpl.java","line":224},{"class":"java.net.SocksSocketImpl","method":"connect","file":"SocksSocketImpl.java","line":392},{"class":"java.net.Socket","method":"connect","file":"Socket.java","line":609},{"class":"java.net.Socket","method":"connect","file":"Socket.java","line":558},{"class":"software.amazon.cloudwatchlogs.emf.sinks.TCPClient","method":"connect","file":"TCPClient.java","line":40},{"class":"software.amazon.cloudwatchlogs.emf.sinks.TCPClient","method":"sendMessage","file":"TCPClient.java","line":63},{"class":"software.amazon.cloudwatchlogs.emf.sinks.AgentSink","method":"accept","file":"AgentSink.java","line":52},{"class":"software.amazon.cloudwatchlogs.emf.logger.MetricsLogger","method":"flush","file":"MetricsLogger.java","line":66},{"class":"software.amazon.lambda.powertools.metrics.internal.LambdaMetricsAspect","method":"around","file":"LambdaMetricsAspect.java","line":73},{"class":"uk.gov.di.ipv.cri.passport.accesstoken.AccessTokenHandler","method":"handleRequest","file":"AccessTokenHandler.java","line":84},{"class":"uk.gov.di.ipv.cri.passport.accesstoken.AccessTokenHandlerTest","method":"shouldReturnAccessTokenOnSuccessfulExchange","file":"AccessTokenHandlerTest.java","line":88},{"class":"jdk.internal.reflect.NativeMethodAccessorImpl","method":"invoke0","file":"NativeMethodAccessorImpl.java","line":-2},{"class":"jdk.internal.reflect.NativeMethodAccessorImpl","method":"invoke","file":"NativeMethodAccessorImpl.java","line":62},{"class":"jdk.internal.reflect.DelegatingMethodAccessorImpl","method":"invoke","file":"DelegatingMethodAccessorImpl.java","line":43},{"class":"java.lang.reflect.Method","method":"invoke","file":"Method.java","line":566},{"class":"org.junit.platform.commons.util.ReflectionUtils","method":"invokeMethod","file":"ReflectionUtils.java","line":725},{"class":"org.junit.jupiter.engine.execution.MethodInvocation","method":"proceed","file":"MethodInvocation.java","line":60},{"class":"org.junit.jupiter.engine.execution.InvocationInterceptorChain$ValidatingInvocation","method":"proceed","file":"InvocationInterceptorChain.java","line":131},{"class":"org.junit.jupiter.engine.extension.TimeoutExtension","method":"intercept","file":"TimeoutExtension.java","line":149},{"class":"org.junit.jupiter.engine.extension.TimeoutExtension","method":"interceptTestableMethod","file":"TimeoutExtension.java","line":140},{"class":"org.junit.jupiter.engine.extension.TimeoutExtension","method":"interceptTestMethod","file":"TimeoutExtension.java","line":84},{"class":"org.junit.jupiter.engine.execution.ExecutableInvoker$ReflectiveInterceptorCall","method":"lambda$ofVoidMethod$0","file":"ExecutableInvoker.java","line":115},{"class":"org.junit.jupiter.engine.execution.ExecutableInvoker","method":"lambda$invoke$0","file":"ExecutableInvoker.java","line":105},{"class":"org.junit.jupiter.engine.execution.InvocationInterceptorChain$InterceptedInvocation","method":"proceed","file":"InvocationInterceptorChain.java","line":106},{"class":"org.junit.jupiter.engine.execution.InvocationInterceptorChain","method":"proceed","file":"InvocationInterceptorChain.java","line":64},{"class":"org.junit.jupiter.engine.execution.InvocationInterceptorChain","method":"chainAndInvoke","file":"InvocationInterceptorChain.java","line":45},{"class":"org.junit.jupiter.engine.execution.InvocationInterceptorChain","method":"invoke","file":"InvocationInterceptorChain.java","line":37},{"class":"org.junit.jupiter.engine.execution.ExecutableInvoker","method":"invoke","file":"ExecutableInvoker.java","line":104},{"class":"org.junit.jupiter.engine.execution.ExecutableInvoker","method":"invoke","file":"ExecutableInvoker.java","line":98},{"class":"org.junit.jupiter.engine.descriptor.TestMethodTestDescriptor","method":"lambda$invokeTestMethod$7","file":"TestMethodTestDescriptor.java","line":214},{"class":"org.junit.platform.engine.support.hierarchical.ThrowableCollector","method":"execute","file":"ThrowableCollector.java","line":73},{"class":"org.junit.jupiter.engine.descriptor.TestMethodTestDescriptor","method":"invokeTestMethod","file":"TestMethodTestDescriptor.java","line":210},{"class":"org.junit.jupiter.engine.descriptor.TestMethodTestDescriptor","method":"execute","file":"TestMethodTestDescriptor.java","line":135},{"class":"org.junit.jupiter.engine.descriptor.TestMethodTestDescriptor","method":"execute","file":"TestMethodTestDescriptor.java","line":66},{"class":"org.junit.platform.engine.support.hierarchical.NodeTestTask","method":"lambda$executeRecursively$6","file":"NodeTestTask.java","line":151},{"class":"org.junit.platform.engine.support.hierarchical.ThrowableCollector","method":"execute","file":"ThrowableCollector.java","line":73},{"class":"org.junit.platform.engine.support.hierarchical.NodeTestTask","method":"lambda$executeRecursively$8","file":"NodeTestTask.java","line":141},{"class":"org.junit.platform.engine.support.hierarchical.Node","method":"around","file":"Node.java","line":137},{"class":"org.junit.platform.engine.support.hierarchical.NodeTestTask","method":"lambda$executeRecursively$9","file":"NodeTestTask.java","line":139},{"class":"org.junit.platform.engine.support.hierarchical.ThrowableCollector","method":"execute","file":"ThrowableCollector.java","line":73},{"class":"org.junit.platform.engine.support.hierarchical.NodeTestTask","method":"executeRecursively","file":"NodeTestTask.java","line":138},{"class":"org.junit.platform.engine.support.hierarchical.NodeTestTask","method":"execute","file":"NodeTestTask.java","line":95},{"class":"java.util.ArrayList","method":"forEach","file":"ArrayList.java","line":1541},{"class":"org.junit.platform.engine.support.hierarchical.SameThreadHierarchicalTestExecutorService","method":"invokeAll","file":"SameThreadHierarchicalTestExecutorService.java","line":41},{"class":"org.junit.platform.engine.support.hierarchical.NodeTestTask","method":"lambda$executeRecursively$6","file":"NodeTestTask.java","line":155},{"class":"org.junit.platform.engine.support.hierarchical.ThrowableCollector","method":"execute","file":"ThrowableCollector.java","line":73},{"class":"org.junit.platform.engine.support.hierarchical.NodeTestTask","method":"lambda$executeRecursively$8","file":"NodeTestTask.java","line":141},{"class":"org.junit.platform.engine.support.hierarchical.Node","method":"around","file":"Node.java","line":137},{"class":"org.junit.platform.engine.support.hierarchical.NodeTestTask","method":"lambda$executeRecursively$9","file":"NodeTestTask.java","line":139},{"class":"org.junit.platform.engine.support.hierarchical.ThrowableCollector","method":"execute","file":"ThrowableCollector.java","line":73},{"class":"org.junit.platform.engine.support.hierarchical.NodeTestTask","method":"executeRecursively","file":"NodeTestTask.java","line":138},{"class":"org.junit.platform.engine.support.hierarchical.NodeTestTask","method":"execute","file":"NodeTestTask.java","line":95},{"class":"java.util.ArrayList","method":"forEach","file":"ArrayList.java","line":1541},{"class":"org.junit.platform.engine.support.hierarchical.SameThreadHierarchicalTestExecutorService","method":"invokeAll","file":"SameThreadHierarchicalTestExecutorService.java","line":41},{"class":"org.junit.platform.engine.support.hierarchical.NodeTestTask","method":"lambda$executeRecursively$6","file":"NodeTestTask.java","line":155},{"class":"org.junit.platform.engine.support.hierarchical.ThrowableCollector","method":"execute","file":"ThrowableCollector.java","line":73},{"class":"org.junit.platform.engine.support.hierarchical.NodeTestTask","method":"lambda$executeRecursively$8","file":"NodeTestTask.java","line":141},{"class":"org.junit.platform.engine.support.hierarchical.Node","method":"around","file":"Node.java","line":137},{"class":"org.junit.platform.engine.support.hierarchical.NodeTestTask","method":"lambda$executeRecursively$9","file":"NodeTestTask.java","line":139},{"class":"org.junit.platform.engine.support.hierarchical.ThrowableCollector","method":"execute","file":"ThrowableCollector.java","line":73},{"class":"org.junit.platform.engine.support.hierarchical.NodeTestTask","method":"executeRecursively","file":"NodeTestTask.java","line":138},{"class":"org.junit.platform.engine.support.hierarchical.NodeTestTask","method":"execute","file":"NodeTestTask.java","line":95},{"class":"org.junit.platform.engine.support.hierarchical.SameThreadHierarchicalTestExecutorService","method":"submit","file":"SameThreadHierarchicalTestExecutorService.java","line":35},{"class":"org.junit.platform.engine.support.hierarchical.HierarchicalTestExecutor","method":"execute","file":"HierarchicalTestExecutor.java","line":57},{"class":"org.junit.platform.engine.support.hierarchical.HierarchicalTestEngine","method":"execute","file":"HierarchicalTestEngine.java","line":54},{"class":"org.junit.platform.launcher.core.EngineExecutionOrchestrator","method":"execute","file":"EngineExecutionOrchestrator.java","line":108},{"class":"org.junit.platform.launcher.core.EngineExecutionOrchestrator","method":"execute","file":"EngineExecutionOrchestrator.java","line":88},{"class":"org.junit.platform.launcher.core.EngineExecutionOrchestrator","method":"lambda$execute$0","file":"EngineExecutionOrchestrator.java","line":54},{"class":"org.junit.platform.launcher.core.EngineExecutionOrchestrator","method":"withInterceptedStreams","file":"EngineExecutionOrchestrator.java","line":67},{"class":"org.junit.platform.launcher.core.EngineExecutionOrchestrator","method":"execute","file":"EngineExecutionOrchestrator.java","line":52},{"class":"org.junit.platform.launcher.core.DefaultLauncher","method":"execute","file":"DefaultLauncher.java","line":96},{"class":"org.junit.platform.launcher.core.DefaultLauncher","method":"execute","file":"DefaultLauncher.java","line":75},{"class":"org.gradle.api.internal.tasks.testing.junitplatform.JUnitPlatformTestClassProcessor$CollectAllTestClassesExecutor","method":"processAllTestClasses","file":"JUnitPlatformTestClassProcessor.java","line":99},{"class":"org.gradle.api.internal.tasks.testing.junitplatform.JUnitPlatformTestClassProcessor$CollectAllTestClassesExecutor","method":"access$000","file":"JUnitPlatformTestClassProcessor.java","line":79},{"class":"org.gradle.api.internal.tasks.testing.junitplatform.JUnitPlatformTestClassProcessor","method":"stop","file":"JUnitPlatformTestClassProcessor.java","line":75},{"class":"org.gradle.api.internal.tasks.testing.SuiteTestClassProcessor","method":"stop","file":"SuiteTestClassProcessor.java","line":61},{"class":"jdk.internal.reflect.NativeMethodAccessorImpl","method":"invoke0","file":"NativeMethodAccessorImpl.java","line":-2},{"class":"jdk.internal.reflect.NativeMethodAccessorImpl","method":"invoke","file":"NativeMethodAccessorImpl.java","line":62},{"class":"jdk.internal.reflect.DelegatingMethodAccessorImpl","method":"invoke","file":"DelegatingMethodAccessorImpl.java","line":43},{"class":"java.lang.reflect.Method","method":"invoke","file":"Method.java","line":566},{"class":"org.gradle.internal.dispatch.ReflectionDispatch","method":"dispatch","file":"ReflectionDispatch.java","line":36},{"class":"org.gradle.internal.dispatch.ReflectionDispatch","method":"dispatch","file":"ReflectionDispatch.java","line":24},{"class":"org.gradle.internal.dispatch.ContextClassLoaderDispatch","method":"dispatch","file":"ContextClassLoaderDispatch.java","line":33},{"class":"org.gradle.internal.dispatch.ProxyDispatchAdapter$DispatchingInvocationHandler","method":"invoke","file":"ProxyDispatchAdapter.java","line":94},{"class":"com.sun.proxy.$Proxy5","method":"stop","file":null,"line":-1},{"class":"org.gradle.api.internal.tasks.testing.worker.TestWorker$3","method":"run","file":"TestWorker.java","line":193},{"class":"org.gradle.api.internal.tasks.testing.worker.TestWorker","method":"executeAndMaintainThreadName","file":"TestWorker.java","line":129},{"class":"org.gradle.api.internal.tasks.testing.worker.TestWorker","method":"execute","file":"TestWorker.java","line":100},{"class":"org.gradle.api.internal.tasks.testing.worker.TestWorker","method":"execute","file":"TestWorker.java","line":60},{"class":"org.gradle.process.internal.worker.child.ActionExecutionWorker","method":"execute","file":"ActionExecutionWorker.java","line":56},{"class":"org.gradle.process.internal.worker.child.SystemApplicationClassLoaderWorker","method":"call","file":"SystemApplicationClassLoaderWorker.java","line":133},{"class":"org.gradle.process.internal.worker.child.SystemApplicationClassLoaderWorker","method":"call","file":"SystemApplicationClassLoaderWorker.java","line":71},{"class":"worker.org.gradle.process.internal.worker.GradleWorkerMain","method":"run","file":"GradleWorkerMain.java","line":69},{"class":"worker.org.gradle.process.internal.worker.GradleWorkerMain","method":"main","file":"GradleWorkerMain.java","line":74}]},"endOfBatch":false,"loggerFqcn":"org.apache.logging.slf4j.Log4jLogger","threadId":1,"threadPriority":5}
{"timestamp":"2022-12-01T12:17:33.616+0000GMT","instant":{"epochSecond":1669897053,"nanoOfSecond":616137000},"thread":"Test worker","level":"INFO","loggerName":"uk.gov.di.ipv.cri.passport.library.helpers.LogHelper","message":"COMPONENT_ID_LOG_FIELD attached to logs","endOfBatch":false,"loggerFqcn":"org.apache.logging.log4j.spi.AbstractLogger","threadId":1,"threadPriority":5,"coldStart":"false","componentId":"passport-cri","functionArn":null,"functionMemorySize":"0","functionName":null,"functionVersion":null,"function_request_id":"null","samplingRate":"0.0","service":"service_undefined"}
{"timestamp":"2022-12-01T12:17:33.619+0000GMT","instant":{"epochSecond":1669897053,"nanoOfSecond":619222000},"thread":"Test worker","level":"ERROR","loggerName":"uk.gov.di.ipv.cri.passport.accesstoken.AccessTokenHandler","message":"Client authentication failed: ","thrown":{"message":"error","name":"uk.gov.di.ipv.cri.passport.accesstoken.exceptions.ClientAuthenticationException","extendedStackTrace":[{"class":"uk.gov.di.ipv.cri.passport.accesstoken.validation.TokenRequestValidator","method":"authenticateClient","file":"TokenRequestValidator.java","line":56},{"class":"uk.gov.di.ipv.cri.passport.accesstoken.AccessTokenHandler","method":"handleRequest_aroundBody0","file":"AccessTokenHandler.java","line":86},{"class":"uk.gov.di.ipv.cri.passport.accesstoken.AccessTokenHandler$AjcClosure1","method":"run","file":"AccessTokenHandler.java","line":1},{"class":"org.aspectj.runtime.reflect.JoinPointImpl","method":"proceed","file":"JoinPointImpl.java","line":257},{"class":"software.amazon.lambda.powertools.logging.internal.LambdaLoggingAspect","method":"around","file":"LambdaLoggingAspect.java","line":109},{"class":"uk.gov.di.ipv.cri.passport.accesstoken.AccessTokenHandler","method":"handleRequest_aroundBody2","file":"AccessTokenHandler.java","line":84},{"class":"uk.gov.di.ipv.cri.passport.accesstoken.AccessTokenHandler$AjcClosure3","method":"run","file":"AccessTokenHandler.java","line":1},{"class":"org.aspectj.runtime.reflect.JoinPointImpl","method":"proceed","file":"JoinPointImpl.java","line":257},{"class":"software.amazon.lambda.powertools.metrics.internal.LambdaMetricsAspect","method":"around","file":"LambdaMetricsAspect.java","line":68},{"class":"uk.gov.di.ipv.cri.passport.accesstoken.AccessTokenHandler","method":"handleRequest","file":"AccessTokenHandler.java","line":84},{"class":"uk.gov.di.ipv.cri.passport.accesstoken.AccessTokenHandlerTest","method":"shouldReturn401WhenClientAuthFails","file":"AccessTokenHandlerTest.java","line":301},{"class":"jdk.internal.reflect.NativeMethodAccessorImpl","method":"invoke0","file":"NativeMethodAccessorImpl.java","line":-2},{"class":"jdk.internal.reflect.NativeMethodAccessorImpl","method":"invoke","file":"NativeMethodAccessorImpl.java","line":62},{"class":"jdk.internal.reflect.DelegatingMethodAccessorImpl","method":"invoke","file":"DelegatingMethodAccessorImpl.java","line":43},{"class":"java.lang.reflect.Method","method":"invoke","file":"Method.java","line":566},{"class":"org.junit.platform.commons.util.ReflectionUtils","method":"invokeMethod","file":"ReflectionUtils.java","line":725},{"class":"org.junit.jupiter.engine.execution.MethodInvocation","method":"proceed","file":"MethodInvocation.java","line":60},{"class":"org.junit.jupiter.engine.execution.InvocationInterceptorChain$ValidatingInvocation","method":"proceed","file":"InvocationInterceptorChain.java","line":131},{"class":"org.junit.jupiter.engine.extension.TimeoutExtension","method":"intercept","file":"TimeoutExtension.java","line":149},{"class":"org.junit.jupiter.engine.extension.TimeoutExtension","method":"interceptTestableMethod","file":"TimeoutExtension.java","line":140},{"class":"org.junit.jupiter.engine.extension.TimeoutExtension","method":"interceptTestMethod","file":"TimeoutExtension.java","line":84},{"class":"org.junit.jupiter.engine.execution.ExecutableInvoker$ReflectiveInterceptorCall","method":"lambda$ofVoidMethod$0","file":"ExecutableInvoker.java","line":115},{"class":"org.junit.jupiter.engine.execution.ExecutableInvoker","method":"lambda$invoke$0","file":"ExecutableInvoker.java","line":105},{"class":"org.junit.jupiter.engine.execution.InvocationInterceptorChain$InterceptedInvocation","method":"proceed","file":"InvocationInterceptorChain.java","line":106},{"class":"org.junit.jupiter.engine.execution.InvocationInterceptorChain","method":"proceed","file":"InvocationInterceptorChain.java","line":64},{"class":"org.junit.jupiter.engine.execution.InvocationInterceptorChain","method":"chainAndInvoke","file":"InvocationInterceptorChain.java","line":45},{"class":"org.junit.jupiter.engine.execution.InvocationInterceptorChain","method":"invoke","file":"InvocationInterceptorChain.java","line":37},{"class":"org.junit.jupiter.engine.execution.ExecutableInvoker","method":"invoke","file":"ExecutableInvoker.java","line":104},{"class":"org.junit.jupiter.engine.execution.ExecutableInvoker","method":"invoke","file":"ExecutableInvoker.java","line":98},{"class":"org.junit.jupiter.engine.descriptor.TestMethodTestDescriptor","method":"lambda$invokeTestMethod$7","file":"TestMethodTestDescriptor.java","line":214},{"class":"org.junit.platform.engine.support.hierarchical.ThrowableCollector","method":"execute","file":"ThrowableCollector.java","line":73},{"class":"org.junit.jupiter.engine.descriptor.TestMethodTestDescriptor","method":"invokeTestMethod","file":"TestMethodTestDescriptor.java","line":210},{"class":"org.junit.jupiter.engine.descriptor.TestMethodTestDescriptor","method":"execute","file":"TestMethodTestDescriptor.java","line":135},{"class":"org.junit.jupiter.engine.descriptor.TestMethodTestDescriptor","method":"execute","file":"TestMethodTestDescriptor.java","line":66},{"class":"org.junit.platform.engine.support.hierarchical.NodeTestTask","method":"lambda$executeRecursively$6","file":"NodeTestTask.java","line":151},{"class":"org.junit.platform.engine.support.hierarchical.ThrowableCollector","method":"execute","file":"ThrowableCollector.java","line":73},{"class":"org.junit.platform.engine.support.hierarchical.NodeTestTask","method":"lambda$executeRecursively$8","file":"NodeTestTask.java","line":141},{"class":"org.junit.platform.engine.support.hierarchical.Node","method":"around","file":"Node.java","line":137},{"class":"org.junit.platform.engine.support.hierarchical.NodeTestTask","method":"lambda$executeRecursively$9","file":"NodeTestTask.java","line":139},{"class":"org.junit.platform.engine.support.hierarchical.ThrowableCollector","method":"execute","file":"ThrowableCollector.java","line":73},{"class":"org.junit.platform.engine.support.hierarchical.NodeTestTask","method":"executeRecursively","file":"NodeTestTask.java","line":138},{"class":"org.junit.platform.engine.support.hierarchical.NodeTestTask","method":"execute","file":"NodeTestTask.java","line":95},{"class":"java.util.ArrayList","method":"forEach","file":"ArrayList.java","line":1541},{"class":"org.junit.platform.engine.support.hierarchical.SameThreadHierarchicalTestExecutorService","method":"invokeAll","file":"SameThreadHierarchicalTestExecutorService.java","line":41},{"class":"org.junit.platform.engine.support.hierarchical.NodeTestTask","method":"lambda$executeRecursively$6","file":"NodeTestTask.java","line":155},{"class":"org.junit.platform.engine.support.hierarchical.ThrowableCollector","method":"execute","file":"ThrowableCollector.java","line":73},{"class":"org.junit.platform.engine.support.hierarchical.NodeTestTask","method":"lambda$executeRecursively$8","file":"NodeTestTask.java","line":141},{"class":"org.junit.platform.engine.support.hierarchical.Node","method":"around","file":"Node.java","line":137},{"class":"org.junit.platform.engine.support.hierarchical.NodeTestTask","method":"lambda$executeRecursively$9","file":"NodeTestTask.java","line":139},{"class":"org.junit.platform.engine.support.hierarchical.ThrowableCollector","method":"execute","file":"ThrowableCollector.java","line":73},{"class":"org.junit.platform.engine.support.hierarchical.NodeTestTask","method":"executeRecursively","file":"NodeTestTask.java","line":138},{"class":"org.junit.platform.engine.support.hierarchical.NodeTestTask","method":"execute","file":"NodeTestTask.java","line":95},{"class":"java.util.ArrayList","method":"forEach","file":"ArrayList.java","line":1541},{"class":"org.junit.platform.engine.support.hierarchical.SameThreadHierarchicalTestExecutorService","method":"invokeAll","file":"SameThreadHierarchicalTestExecutorService.java","line":41},{"class":"org.junit.platform.engine.support.hierarchical.NodeTestTask","method":"lambda$executeRecursively$6","file":"NodeTestTask.java","line":155},{"class":"org.junit.platform.engine.support.hierarchical.ThrowableCollector","method":"execute","file":"ThrowableCollector.java","line":73},{"class":"org.junit.platform.engine.support.hierarchical.NodeTestTask","method":"lambda$executeRecursively$8","file":"NodeTestTask.java","line":141},{"class":"org.junit.platform.engine.support.hierarchical.Node","method":"around","file":"Node.java","line":137},{"class":"org.junit.platform.engine.support.hierarchical.NodeTestTask","method":"lambda$executeRecursively$9","file":"NodeTestTask.java","line":139},{"class":"org.junit.platform.engine.support.hierarchical.ThrowableCollector","method":"execute","file":"ThrowableCollector.java","line":73},{"class":"org.junit.platform.engine.support.hierarchical.NodeTestTask","method":"executeRecursively","file":"NodeTestTask.java","line":138},{"class":"org.junit.platform.engine.support.hierarchical.NodeTestTask","method":"execute","file":"NodeTestTask.java","line":95},{"class":"org.junit.platform.engine.support.hierarchical.SameThreadHierarchicalTestExecutorService","method":"submit","file":"SameThreadHierarchicalTestExecutorService.java","line":35},{"class":"org.junit.platform.engine.support.hierarchical.HierarchicalTestExecutor","method":"execute","file":"HierarchicalTestExecutor.java","line":57},{"class":"org.junit.platform.engine.support.hierarchical.HierarchicalTestEngine","method":"execute","file":"HierarchicalTestEngine.java","line":54},{"class":"org.junit.platform.launcher.core.EngineExecutionOrchestrator","method":"execute","file":"EngineExecutionOrchestrator.java","line":108},{"class":"org.junit.platform.launcher.core.EngineExecutionOrchestrator","method":"execute","file":"EngineExecutionOrchestrator.java","line":88},{"class":"org.junit.platform.launcher.core.EngineExecutionOrchestrator","method":"lambda$execute$0","file":"EngineExecutionOrchestrator.java","line":54},{"class":"org.junit.platform.launcher.core.EngineExecutionOrchestrator","method":"withInterceptedStreams","file":"EngineExecutionOrchestrator.java","line":67},{"class":"org.junit.platform.launcher.core.EngineExecutionOrchestrator","method":"execute","file":"EngineExecutionOrchestrator.java","line":52},{"class":"org.junit.platform.launcher.core.DefaultLauncher","method":"execute","file":"DefaultLauncher.java","line":96},{"class":"org.junit.platform.launcher.core.DefaultLauncher","method":"execute","file":"DefaultLauncher.java","line":75},{"class":"org.gradle.api.internal.tasks.testing.junitplatform.JUnitPlatformTestClassProcessor$CollectAllTestClassesExecutor","method":"processAllTestClasses","file":"JUnitPlatformTestClassProcessor.java","line":99},{"class":"org.gradle.api.internal.tasks.testing.junitplatform.JUnitPlatformTestClassProcessor$CollectAllTestClassesExecutor","method":"access$000","file":"JUnitPlatformTestClassProcessor.java","line":79},{"class":"org.gradle.api.internal.tasks.testing.junitplatform.JUnitPlatformTestClassProcessor","method":"stop","file":"JUnitPlatformTestClassProcessor.java","line":75},{"class":"org.gradle.api.internal.tasks.testing.SuiteTestClassProcessor","method":"stop","file":"SuiteTestClassProcessor.java","line":61},{"class":"jdk.internal.reflect.NativeMethodAccessorImpl","method":"invoke0","file":"NativeMethodAccessorImpl.java","line":-2},{"class":"jdk.internal.reflect.NativeMethodAccessorImpl","method":"invoke","file":"NativeMethodAccessorImpl.java","line":62},{"class":"jdk.internal.reflect.DelegatingMethodAccessorImpl","method":"invoke","file":"DelegatingMethodAccessorImpl.java","line":43},{"class":"java.lang.reflect.Method","method":"invoke","file":"Method.java","line":566},{"class":"org.gradle.internal.dispatch.ReflectionDispatch","method":"dispatch","file":"ReflectionDispatch.java","line":36},{"class":"org.gradle.internal.dispatch.ReflectionDispatch","method":"dispatch","file":"ReflectionDispatch.java","line":24},{"class":"org.gradle.internal.dispatch.ContextClassLoaderDispatch","method":"dispatch","file":"ContextClassLoaderDispatch.java","line":33},{"class":"org.gradle.internal.dispatch.ProxyDispatchAdapter$DispatchingInvocationHandler","method":"invoke","file":"ProxyDispatchAdapter.java","line":94},{"class":"com.sun.proxy.$Proxy5","method":"stop","file":null,"line":-1},{"class":"org.gradle.api.internal.tasks.testing.worker.TestWorker$3","method":"run","file":"TestWorker.java","line":193},{"class":"org.gradle.api.internal.tasks.testing.worker.TestWorker","method":"executeAndMaintainThreadName","file":"TestWorker.java","line":129},{"class":"org.gradle.api.internal.tasks.testing.worker.TestWorker","method":"execute","file":"TestWorker.java","line":100},{"class":"org.gradle.api.internal.tasks.testing.worker.TestWorker","method":"execute","file":"TestWorker.java","line":60},{"class":"org.gradle.process.internal.worker.child.ActionExecutionWorker","method":"execute","file":"ActionExecutionWorker.java","line":56},{"class":"org.gradle.process.internal.worker.child.SystemApplicationClassLoaderWorker","method":"call","file":"SystemApplicationClassLoaderWorker.java","line":133},{"class":"org.gradle.process.internal.worker.child.SystemApplicationClassLoaderWorker","method":"call","file":"SystemApplicationClassLoaderWorker.java","line":71},{"class":"worker.org.gradle.process.internal.worker.GradleWorkerMain","method":"run","file":"GradleWorkerMain.java","line":69},{"class":"worker.org.gradle.process.internal.worker.GradleWorkerMain","method":"main","file":"GradleWorkerMain.java","line":74}]},"endOfBatch":false,"loggerFqcn":"org.apache.logging.log4j.spi.AbstractLogger","threadId":1,"threadPriority":5,"coldStart":"false","componentId":"passport-cri","functionArn":null,"functionMemorySize":"0","functionName":null,"functionVersion":null,"function_request_id":"null","samplingRate":"0.0","service":"service_undefined"}
{"timestamp":"2022-12-01T12:17:33.621+0000GMT","instant":{"epochSecond":1669897053,"nanoOfSecond":621281000},"thread":"Test worker","level":"WARN","loggerName":"software.amazon.cloudwatchlogs.emf.environment.AgentBasedEnvironment","message":"Unknown ServiceName.","endOfBatch":false,"loggerFqcn":"org.apache.logging.slf4j.Log4jLogger","threadId":1,"threadPriority":5}
{"timestamp":"2022-12-01T12:17:33.621+0000GMT","instant":{"epochSecond":1669897053,"nanoOfSecond":621611000},"thread":"Test worker","level":"WARN","loggerName":"software.amazon.cloudwatchlogs.emf.environment.AgentBasedEnvironment","message":"Unknown ServiceName.","endOfBatch":false,"loggerFqcn":"org.apache.logging.slf4j.Log4jLogger","threadId":1,"threadPriority":5}
{"timestamp":"2022-12-01T12:17:33.621+0000GMT","instant":{"epochSecond":1669897053,"nanoOfSecond":621846000},"thread":"Test worker","level":"INFO","loggerName":"software.amazon.cloudwatchlogs.emf.environment.DefaultEnvironment","message":"Unknown ServiceType","endOfBatch":false,"loggerFqcn":"org.apache.logging.slf4j.Log4jLogger","threadId":1,"threadPriority":5}
{"timestamp":"2022-12-01T12:17:33.623+0000GMT","instant":{"epochSecond":1669897053,"nanoOfSecond":623126000},"thread":"Test worker","level":"ERROR","loggerName":"software.amazon.cloudwatchlogs.emf.sinks.TCPClient","message":"Failed to connect to the socket due to the exception: ","thrown":{"message":"Socket closed","name":"java.net.SocketException","extendedStackTrace":[{"class":"java.net.PlainSocketImpl","method":"socketConnect","file":"PlainSocketImpl.java","line":-2},{"class":"java.net.AbstractPlainSocketImpl","method":"doConnect","file":"AbstractPlainSocketImpl.java","line":399},{"class":"java.net.AbstractPlainSocketImpl","method":"connectToAddress","file":"AbstractPlainSocketImpl.java","line":242},{"class":"java.net.AbstractPlainSocketImpl","method":"connect","file":"AbstractPlainSocketImpl.java","line":224},{"class":"java.net.SocksSocketImpl","method":"connect","file":"SocksSocketImpl.java","line":392},{"class":"java.net.Socket","method":"connect","file":"Socket.java","line":609},{"class":"java.net.Socket","method":"connect","file":"Socket.java","line":558},{"class":"software.amazon.cloudwatchlogs.emf.sinks.TCPClient","method":"connect","file":"TCPClient.java","line":40},{"class":"software.amazon.cloudwatchlogs.emf.sinks.TCPClient","method":"sendMessage","file":"TCPClient.java","line":55},{"class":"software.amazon.cloudwatchlogs.emf.sinks.AgentSink","method":"accept","file":"AgentSink.java","line":52},{"class":"software.amazon.cloudwatchlogs.emf.logger.MetricsLogger","method":"flush","file":"MetricsLogger.java","line":66},{"class":"software.amazon.lambda.powertools.metrics.internal.LambdaMetricsAspect","method":"around","file":"LambdaMetricsAspect.java","line":73},{"class":"uk.gov.di.ipv.cri.passport.accesstoken.AccessTokenHandler","method":"handleRequest","file":"AccessTokenHandler.java","line":84},{"class":"uk.gov.di.ipv.cri.passport.accesstoken.AccessTokenHandlerTest","method":"shouldReturn401WhenClientAuthFails","file":"AccessTokenHandlerTest.java","line":301},{"class":"jdk.internal.reflect.NativeMethodAccessorImpl","method":"invoke0","file":"NativeMethodAccessorImpl.java","line":-2},{"class":"jdk.internal.reflect.NativeMethodAccessorImpl","method":"invoke","file":"NativeMethodAccessorImpl.java","line":62},{"class":"jdk.internal.reflect.DelegatingMethodAccessorImpl","method":"invoke","file":"DelegatingMethodAccessorImpl.java","line":43},{"class":"java.lang.reflect.Method","method":"invoke","file":"Method.java","line":566},{"class":"org.junit.platform.commons.util.ReflectionUtils","method":"invokeMethod","file":"ReflectionUtils.java","line":725},{"class":"org.junit.jupiter.engine.execution.MethodInvocation","method":"proceed","file":"MethodInvocation.java","line":60},{"class":"org.junit.jupiter.engine.execution.InvocationInterceptorChain$ValidatingInvocation","method":"proceed","file":"InvocationInterceptorChain.java","line":131},{"class":"org.junit.jupiter.engine.extension.TimeoutExtension","method":"intercept","file":"TimeoutExtension.java","line":149},{"class":"org.junit.jupiter.engine.extension.TimeoutExtension","method":"interceptTestableMethod","file":"TimeoutExtension.java","line":140},{"class":"org.junit.jupiter.engine.extension.TimeoutExtension","method":"interceptTestMethod","file":"TimeoutExtension.java","line":84},{"class":"org.junit.jupiter.engine.execution.ExecutableInvoker$ReflectiveInterceptorCall","method":"lambda$ofVoidMethod$0","file":"ExecutableInvoker.java","line":115},{"class":"org.junit.jupiter.engine.execution.ExecutableInvoker","method":"lambda$invoke$0","file":"ExecutableInvoker.java","line":105},{"class":"org.junit.jupiter.engine.execution.InvocationInterceptorChain$InterceptedInvocation","method":"proceed","file":"InvocationInterceptorChain.java","line":106},{"class":"org.junit.jupiter.engine.execution.InvocationInterceptorChain","method":"proceed","file":"InvocationInterceptorChain.java","line":64},{"class":"org.junit.jupiter.engine.execution.InvocationInterceptorChain","method":"chainAndInvoke","file":"InvocationInterceptorChain.java","line":45},{"class":"org.junit.jupiter.engine.execution.InvocationInterceptorChain","method":"invoke","file":"InvocationInterceptorChain.java","line":37},{"class":"org.junit.jupiter.engine.execution.ExecutableInvoker","method":"invoke","file":"ExecutableInvoker.java","line":104},{"class":"org.junit.jupiter.engine.execution.ExecutableInvoker","method":"invoke","file":"ExecutableInvoker.java","line":98},{"class":"org.junit.jupiter.engine.descriptor.TestMethodTestDescriptor","method":"lambda$invokeTestMethod$7","file":"TestMethodTestDescriptor.java","line":214},{"class":"org.junit.platform.engine.support.hierarchical.ThrowableCollector","method":"execute","file":"ThrowableCollector.java","line":73},{"class":"org.junit.jupiter.engine.descriptor.TestMethodTestDescriptor","method":"invokeTestMethod","file":"TestMethodTestDescriptor.java","line":210},{"class":"org.junit.jupiter.engine.descriptor.TestMethodTestDescriptor","method":"execute","file":"TestMethodTestDescriptor.java","line":135},{"class":"org.junit.jupiter.engine.descriptor.TestMethodTestDescriptor","method":"execute","file":"TestMethodTestDescriptor.java","line":66},{"class":"org.junit.platform.engine.support.hierarchical.NodeTestTask","method":"lambda$executeRecursively$6","file":"NodeTestTask.java","line":151},{"class":"org.junit.platform.engine.support.hierarchical.ThrowableCollector","method":"execute","file":"ThrowableCollector.java","line":73},{"class":"org.junit.platform.engine.support.hierarchical.NodeTestTask","method":"lambda$executeRecursively$8","file":"NodeTestTask.java","line":141},{"class":"org.junit.platform.engine.support.hierarchical.Node","method":"around","file":"Node.java","line":137},{"class":"org.junit.platform.engine.support.hierarchical.NodeTestTask","method":"lambda$executeRecursively$9","file":"NodeTestTask.java","line":139},{"class":"org.junit.platform.engine.support.hierarchical.ThrowableCollector","method":"execute","file":"ThrowableCollector.java","line":73},{"class":"org.junit.platform.engine.support.hierarchical.NodeTestTask","method":"executeRecursively","file":"NodeTestTask.java","line":138},{"class":"org.junit.platform.engine.support.hierarchical.NodeTestTask","method":"execute","file":"NodeTestTask.java","line":95},{"class":"java.util.ArrayList","method":"forEach","file":"ArrayList.java","line":1541},{"class":"org.junit.platform.engine.support.hierarchical.SameThreadHierarchicalTestExecutorService","method":"invokeAll","file":"SameThreadHierarchicalTestExecutorService.java","line":41},{"class":"org.junit.platform.engine.support.hierarchical.NodeTestTask","method":"lambda$executeRecursively$6","file":"NodeTestTask.java","line":155},{"class":"org.junit.platform.engine.support.hierarchical.ThrowableCollector","method":"execute","file":"ThrowableCollector.java","line":73},{"class":"org.junit.platform.engine.support.hierarchical.NodeTestTask","method":"lambda$executeRecursively$8","file":"NodeTestTask.java","line":141},{"class":"org.junit.platform.engine.support.hierarchical.Node","method":"around","file":"Node.java","line":137},{"class":"org.junit.platform.engine.support.hierarchical.NodeTestTask","method":"lambda$executeRecursively$9","file":"NodeTestTask.java","line":139},{"class":"org.junit.platform.engine.support.hierarchical.ThrowableCollector","method":"execute","file":"ThrowableCollector.java","line":73},{"class":"org.junit.platform.engine.support.hierarchical.NodeTestTask","method":"executeRecursively","file":"NodeTestTask.java","line":138},{"class":"org.junit.platform.engine.support.hierarchical.NodeTestTask","method":"execute","file":"NodeTestTask.java","line":95},{"class":"java.util.ArrayList","method":"forEach","file":"ArrayList.java","line":1541},{"class":"org.junit.platform.engine.support.hierarchical.SameThreadHierarchicalTestExecutorService","method":"invokeAll","file":"SameThreadHierarchicalTestExecutorService.java","line":41},{"class":"org.junit.platform.engine.support.hierarchical.NodeTestTask","method":"lambda$executeRecursively$6","file":"NodeTestTask.java","line":155},{"class":"org.junit.platform.engine.support.hierarchical.ThrowableCollector","method":"execute","file":"ThrowableCollector.java","line":73},{"class":"org.junit.platform.engine.support.hierarchical.NodeTestTask","method":"lambda$executeRecursively$8","file":"NodeTestTask.java","line":141},{"class":"org.junit.platform.engine.support.hierarchical.Node","method":"around","file":"Node.java","line":137},{"class":"org.junit.platform.engine.support.hierarchical.NodeTestTask","method":"lambda$executeRecursively$9","file":"NodeTestTask.java","line":139},{"class":"org.junit.platform.engine.support.hierarchical.ThrowableCollector","method":"execute","file":"ThrowableCollector.java","line":73},{"class":"org.junit.platform.engine.support.hierarchical.NodeTestTask","method":"executeRecursively","file":"NodeTestTask.java","line":138},{"class":"org.junit.platform.engine.support.hierarchical.NodeTestTask","method":"execute","file":"NodeTestTask.java","line":95},{"class":"org.junit.platform.engine.support.hierarchical.SameThreadHierarchicalTestExecutorService","method":"submit","file":"SameThreadHierarchicalTestExecutorService.java","line":35},{"class":"org.junit.platform.engine.support.hierarchical.HierarchicalTestExecutor","method":"execute","file":"HierarchicalTestExecutor.java","line":57},{"class":"org.junit.platform.engine.support.hierarchical.HierarchicalTestEngine","method":"execute","file":"HierarchicalTestEngine.java","line":54},{"class":"org.junit.platform.launcher.core.EngineExecutionOrchestrator","method":"execute","file":"EngineExecutionOrchestrator.java","line":108},{"class":"org.junit.platform.launcher.core.EngineExecutionOrchestrator","method":"execute","file":"EngineExecutionOrchestrator.java","line":88},{"class":"org.junit.platform.launcher.core.EngineExecutionOrchestrator","method":"lambda$execute$0","file":"EngineExecutionOrchestrator.java","line":54},{"class":"org.junit.platform.launcher.core.EngineExecutionOrchestrator","method":"withInterceptedStreams","file":"EngineExecutionOrchestrator.java","line":67},{"class":"org.junit.platform.launcher.core.EngineExecutionOrchestrator","method":"execute","file":"EngineExecutionOrchestrator.java","line":52},{"class":"org.junit.platform.launcher.core.DefaultLauncher","method":"execute","file":"DefaultLauncher.java","line":96},{"class":"org.junit.platform.launcher.core.DefaultLauncher","method":"execute","file":"DefaultLauncher.java","line":75},{"class":"org.gradle.api.internal.tasks.testing.junitplatform.JUnitPlatformTestClassProcessor$CollectAllTestClassesExecutor","method":"processAllTestClasses","file":"JUnitPlatformTestClassProcessor.java","line":99},{"class":"org.gradle.api.internal.tasks.testing.junitplatform.JUnitPlatformTestClassProcessor$CollectAllTestClassesExecutor","method":"access$000","file":"JUnitPlatformTestClassProcessor.java","line":79},{"class":"org.gradle.api.internal.tasks.testing.junitplatform.JUnitPlatformTestClassProcessor","method":"stop","file":"JUnitPlatformTestClassProcessor.java","line":75},{"class":"org.gradle.api.internal.tasks.testing.SuiteTestClassProcessor","method":"stop","file":"SuiteTestClassProcessor.java","line":61},{"class":"jdk.internal.reflect.NativeMethodAccessorImpl","method":"invoke0","file":"NativeMethodAccessorImpl.java","line":-2},{"class":"jdk.internal.reflect.NativeMethodAccessorImpl","method":"invoke","file":"NativeMethodAccessorImpl.java","line":62},{"class":"jdk.internal.reflect.DelegatingMethodAccessorImpl","method":"invoke","file":"DelegatingMethodAccessorImpl.java","line":43},{"class":"java.lang.reflect.Method","method":"invoke","file":"Method.java","line":566},{"class":"org.gradle.internal.dispatch.ReflectionDispatch","method":"dispatch","file":"ReflectionDispatch.java","line":36},{"class":"org.gradle.internal.dispatch.ReflectionDispatch","method":"dispatch","file":"ReflectionDispatch.java","line":24},{"class":"org.gradle.internal.dispatch.ContextClassLoaderDispatch","method":"dispatch","file":"ContextClassLoaderDispatch.java","line":33},{"class":"org.gradle.internal.dispatch.ProxyDispatchAdapter$DispatchingInvocationHandler","method":"invoke","file":"ProxyDispatchAdapter.java","line":94},{"class":"com.sun.proxy.$Proxy5","method":"stop","file":null,"line":-1},{"class":"org.gradle.api.internal.tasks.testing.worker.TestWorker$3","method":"run","file":"TestWorker.java","line":193},{"class":"org.gradle.api.internal.tasks.testing.worker.TestWorker","method":"executeAndMaintainThreadName","file":"TestWorker.java","line":129},{"class":"org.gradle.api.internal.tasks.testing.worker.TestWorker","method":"execute","file":"TestWorker.java","line":100},{"class":"org.gradle.api.internal.tasks.testing.worker.TestWorker","method":"execute","file":"TestWorker.java","line":60},{"class":"org.gradle.process.internal.worker.child.ActionExecutionWorker","method":"execute","file":"ActionExecutionWorker.java","line":56},{"class":"org.gradle.process.internal.worker.child.SystemApplicationClassLoaderWorker","method":"call","file":"SystemApplicationClassLoaderWorker.java","line":133},{"class":"org.gradle.process.internal.worker.child.SystemApplicationClassLoaderWorker","method":"call","file":"SystemApplicationClassLoaderWorker.java","line":71},{"class":"worker.org.gradle.process.internal.worker.GradleWorkerMain","method":"run","file":"GradleWorkerMain.java","line":69},{"class":"worker.org.gradle.process.internal.worker.GradleWorkerMain","method":"main","file":"GradleWorkerMain.java","line":74}]},"endOfBatch":false,"loggerFqcn":"org.apache.logging.slf4j.Log4jLogger","threadId":1,"threadPriority":5}
{"timestamp":"2022-12-01T12:17:33.625+0000GMT","instant":{"epochSecond":1669897053,"nanoOfSecond":625213000},"thread":"Test worker","level":"ERROR","loggerName":"software.amazon.cloudwatchlogs.emf.sinks.TCPClient","message":"Failed to open output stream: ","thrown":{"message":"Socket is not connected","name":"java.net.SocketException","extendedStackTrace":[{"class":"java.net.Socket","method":"getOutputStream","file":"Socket.java","line":964},{"class":"software.amazon.cloudwatchlogs.emf.sinks.TCPClient","method":"sendMessage","file":"TCPClient.java","line":60},{"class":"software.amazon.cloudwatchlogs.emf.sinks.AgentSink","method":"accept","file":"AgentSink.java","line":52},{"class":"software.amazon.cloudwatchlogs.emf.logger.MetricsLogger","method":"flush","file":"MetricsLogger.java","line":66},{"class":"software.amazon.lambda.powertools.metrics.internal.LambdaMetricsAspect","method":"around","file":"LambdaMetricsAspect.java","line":73},{"class":"uk.gov.di.ipv.cri.passport.accesstoken.AccessTokenHandler","method":"handleRequest","file":"AccessTokenHandler.java","line":84},{"class":"uk.gov.di.ipv.cri.passport.accesstoken.AccessTokenHandlerTest","method":"shouldReturn401WhenClientAuthFails","file":"AccessTokenHandlerTest.java","line":301},{"class":"jdk.internal.reflect.NativeMethodAccessorImpl","method":"invoke0","file":"NativeMethodAccessorImpl.java","line":-2},{"class":"jdk.internal.reflect.NativeMethodAccessorImpl","method":"invoke","file":"NativeMethodAccessorImpl.java","line":62},{"class":"jdk.internal.reflect.DelegatingMethodAccessorImpl","method":"invoke","file":"DelegatingMethodAccessorImpl.java","line":43},{"class":"java.lang.reflect.Method","method":"invoke","file":"Method.java","line":566},{"class":"org.junit.platform.commons.util.ReflectionUtils","method":"invokeMethod","file":"ReflectionUtils.java","line":725},{"class":"org.junit.jupiter.engine.execution.MethodInvocation","method":"proceed","file":"MethodInvocation.java","line":60},{"class":"org.junit.jupiter.engine.execution.InvocationInterceptorChain$ValidatingInvocation","method":"proceed","file":"InvocationInterceptorChain.java","line":131},{"class":"org.junit.jupiter.engine.extension.TimeoutExtension","method":"intercept","file":"TimeoutExtension.java","line":149},{"class":"org.junit.jupiter.engine.extension.TimeoutExtension","method":"interceptTestableMethod","file":"TimeoutExtension.java","line":140},{"class":"org.junit.jupiter.engine.extension.TimeoutExtension","method":"interceptTestMethod","file":"TimeoutExtension.java","line":84},{"class":"org.junit.jupiter.engine.execution.ExecutableInvoker$ReflectiveInterceptorCall","method":"lambda$ofVoidMethod$0","file":"ExecutableInvoker.java","line":115},{"class":"org.junit.jupiter.engine.execution.ExecutableInvoker","method":"lambda$invoke$0","file":"ExecutableInvoker.java","line":105},{"class":"org.junit.jupiter.engine.execution.InvocationInterceptorChain$InterceptedInvocation","method":"proceed","file":"InvocationInterceptorChain.java","line":106},{"class":"org.junit.jupiter.engine.execution.InvocationInterceptorChain","method":"proceed","file":"InvocationInterceptorChain.java","line":64},{"class":"org.junit.jupiter.engine.execution.InvocationInterceptorChain","method":"chainAndInvoke","file":"InvocationInterceptorChain.java","line":45},{"class":"org.junit.jupiter.engine.execution.InvocationInterceptorChain","method":"invoke","file":"InvocationInterceptorChain.java","line":37},{"class":"org.junit.jupiter.engine.execution.ExecutableInvoker","method":"invoke","file":"ExecutableInvoker.java","line":104},{"class":"org.junit.jupiter.engine.execution.ExecutableInvoker","method":"invoke","file":"ExecutableInvoker.java","line":98},{"class":"org.junit.jupiter.engine.descriptor.TestMethodTestDescriptor","method":"lambda$invokeTestMethod$7","file":"TestMethodTestDescriptor.java","line":214},{"class":"org.junit.platform.engine.support.hierarchical.ThrowableCollector","method":"execute","file":"ThrowableCollector.java","line":73},{"class":"org.junit.jupiter.engine.descriptor.TestMethodTestDescriptor","method":"invokeTestMethod","file":"TestMethodTestDescriptor.java","line":210},{"class":"org.junit.jupiter.engine.descriptor.TestMethodTestDescriptor","method":"execute","file":"TestMethodTestDescriptor.java","line":135},{"class":"org.junit.jupiter.engine.descriptor.TestMethodTestDescriptor","method":"execute","file":"TestMethodTestDescriptor.java","line":66},{"class":"org.junit.platform.engine.support.hierarchical.NodeTestTask","method":"lambda$executeRecursively$6","file":"NodeTestTask.java","line":151},{"class":"org.junit.platform.engine.support.hierarchical.ThrowableCollector","method":"execute","file":"ThrowableCollector.java","line":73},{"class":"org.junit.platform.engine.support.hierarchical.NodeTestTask","method":"lambda$executeRecursively$8","file":"NodeTestTask.java","line":141},{"class":"org.junit.platform.engine.support.hierarchical.Node","method":"around","file":"Node.java","line":137},{"class":"org.junit.platform.engine.support.hierarchical.NodeTestTask","method":"lambda$executeRecursively$9","file":"NodeTestTask.java","line":139},{"class":"org.junit.platform.engine.support.hierarchical.ThrowableCollector","method":"execute","file":"ThrowableCollector.java","line":73},{"class":"org.junit.platform.engine.support.hierarchical.NodeTestTask","method":"executeRecursively","file":"NodeTestTask.java","line":138},{"class":"org.junit.platform.engine.support.hierarchical.NodeTestTask","method":"execute","file":"NodeTestTask.java","line":95},{"class":"java.util.ArrayList","method":"forEach","file":"ArrayList.java","line":1541},{"class":"org.junit.platform.engine.support.hierarchical.SameThreadHierarchicalTestExecutorService","method":"invokeAll","file":"SameThreadHierarchicalTestExecutorService.java","line":41},{"class":"org.junit.platform.engine.support.hierarchical.NodeTestTask","method":"lambda$executeRecursively$6","file":"NodeTestTask.java","line":155},{"class":"org.junit.platform.engine.support.hierarchical.ThrowableCollector","method":"execute","file":"ThrowableCollector.java","line":73},{"class":"org.junit.platform.engine.support.hierarchical.NodeTestTask","method":"lambda$executeRecursively$8","file":"NodeTestTask.java","line":141},{"class":"org.junit.platform.engine.support.hierarchical.Node","method":"around","file":"Node.java","line":137},{"class":"org.junit.platform.engine.support.hierarchical.NodeTestTask","method":"lambda$executeRecursively$9","file":"NodeTestTask.java","line":139},{"class":"org.junit.platform.engine.support.hierarchical.ThrowableCollector","method":"execute","file":"ThrowableCollector.java","line":73},{"class":"org.junit.platform.engine.support.hierarchical.NodeTestTask","method":"executeRecursively","file":"NodeTestTask.java","line":138},{"class":"org.junit.platform.engine.support.hierarchical.NodeTestTask","method":"execute","file":"NodeTestTask.java","line":95},{"class":"java.util.ArrayList","method":"forEach","file":"ArrayList.java","line":1541},{"class":"org.junit.platform.engine.support.hierarchical.SameThreadHierarchicalTestExecutorService","method":"invokeAll","file":"SameThreadHierarchicalTestExecutorService.java","line":41},{"class":"org.junit.platform.engine.support.hierarchical.NodeTestTask","method":"lambda$executeRecursively$6","file":"NodeTestTask.java","line":155},{"class":"org.junit.platform.engine.support.hierarchical.ThrowableCollector","method":"execute","file":"ThrowableCollector.java","line":73},{"class":"org.junit.platform.engine.support.hierarchical.NodeTestTask","method":"lambda$executeRecursively$8","file":"NodeTestTask.java","line":141},{"class":"org.junit.platform.engine.support.hierarchical.Node","method":"around","file":"Node.java","line":137},{"class":"org.junit.platform.engine.support.hierarchical.NodeTestTask","method":"lambda$executeRecursively$9","file":"NodeTestTask.java","line":139},{"class":"org.junit.platform.engine.support.hierarchical.ThrowableCollector","method":"execute","file":"ThrowableCollector.java","line":73},{"class":"org.junit.platform.engine.support.hierarchical.NodeTestTask","method":"executeRecursively","file":"NodeTestTask.java","line":138},{"class":"org.junit.platform.engine.support.hierarchical.NodeTestTask","method":"execute","file":"NodeTestTask.java","line":95},{"class":"org.junit.platform.engine.support.hierarchical.SameThreadHierarchicalTestExecutorService","method":"submit","file":"SameThreadHierarchicalTestExecutorService.java","line":35},{"class":"org.junit.platform.engine.support.hierarchical.HierarchicalTestExecutor","method":"execute","file":"HierarchicalTestExecutor.java","line":57},{"class":"org.junit.platform.engine.support.hierarchical.HierarchicalTestEngine","method":"execute","file":"HierarchicalTestEngine.java","line":54},{"class":"org.junit.platform.launcher.core.EngineExecutionOrchestrator","method":"execute","file":"EngineExecutionOrchestrator.java","line":108},{"class":"org.junit.platform.launcher.core.EngineExecutionOrchestrator","method":"execute","file":"EngineExecutionOrchestrator.java","line":88},{"class":"org.junit.platform.launcher.core.EngineExecutionOrchestrator","method":"lambda$execute$0","file":"EngineExecutionOrchestrator.java","line":54},{"class":"org.junit.platform.launcher.core.EngineExecutionOrchestrator","method":"withInterceptedStreams","file":"EngineExecutionOrchestrator.java","line":67},{"class":"org.junit.platform.launcher.core.EngineExecutionOrchestrator","method":"execute","file":"EngineExecutionOrchestrator.java","line":52},{"class":"org.junit.platform.launcher.core.DefaultLauncher","method":"execute","file":"DefaultLauncher.java","line":96},{"class":"org.junit.platform.launcher.core.DefaultLauncher","method":"execute","file":"DefaultLauncher.java","line":75},{"class":"org.gradle.api.internal.tasks.testing.junitplatform.JUnitPlatformTestClassProcessor$CollectAllTestClassesExecutor","method":"processAllTestClasses","file":"JUnitPlatformTestClassProcessor.java","line":99},{"class":"org.gradle.api.internal.tasks.testing.junitplatform.JUnitPlatformTestClassProcessor$CollectAllTestClassesExecutor","method":"access$000","file":"JUnitPlatformTestClassProcessor.java","line":79},{"class":"org.gradle.api.internal.tasks.testing.junitplatform.JUnitPlatformTestClassProcessor","method":"stop","file":"JUnitPlatformTestClassProcessor.java","line":75},{"class":"org.gradle.api.internal.tasks.testing.SuiteTestClassProcessor","method":"stop","file":"SuiteTestClassProcessor.java","line":61},{"class":"jdk.internal.reflect.NativeMethodAccessorImpl","method":"invoke0","file":"NativeMethodAccessorImpl.java","line":-2},{"class":"jdk.internal.reflect.NativeMethodAccessorImpl","method":"invoke","file":"NativeMethodAccessorImpl.java","line":62},{"class":"jdk.internal.reflect.DelegatingMethodAccessorImpl","method":"invoke","file":"DelegatingMethodAccessorImpl.java","line":43},{"class":"java.lang.reflect.Method","method":"invoke","file":"Method.java","line":566},{"class":"org.gradle.internal.dispatch.ReflectionDispatch","method":"dispatch","file":"ReflectionDispatch.java","line":36},{"class":"org.gradle.internal.dispatch.ReflectionDispatch","method":"dispatch","file":"ReflectionDispatch.java","line":24},{"class":"org.gradle.internal.dispatch.ContextClassLoaderDispatch","method":"dispatch","file":"ContextClassLoaderDispatch.java","line":33},{"class":"org.gradle.internal.dispatch.ProxyDispatchAdapter$DispatchingInvocationHandler","method":"invoke","file":"ProxyDispatchAdapter.java","line":94},{"class":"com.sun.proxy.$Proxy5","method":"stop","file":null,"line":-1},{"class":"org.gradle.api.internal.tasks.testing.worker.TestWorker$3","method":"run","file":"TestWorker.java","line":193},{"class":"org.gradle.api.internal.tasks.testing.worker.TestWorker","method":"executeAndMaintainThreadName","file":"TestWorker.java","line":129},{"class":"org.gradle.api.internal.tasks.testing.worker.TestWorker","method":"execute","file":"TestWorker.java","line":100},{"class":"org.gradle.api.internal.tasks.testing.worker.TestWorker","method":"execute","file":"TestWorker.java","line":60},{"class":"org.gradle.process.internal.worker.child.ActionExecutionWorker","method":"execute","file":"ActionExecutionWorker.java","line":56},{"class":"org.gradle.process.internal.worker.child.SystemApplicationClassLoaderWorker","method":"call","file":"SystemApplicationClassLoaderWorker.java","line":133},{"class":"org.gradle.process.internal.worker.child.SystemApplicationClassLoaderWorker","method":"call","file":"SystemApplicationClassLoaderWorker.java","line":71},{"class":"worker.org.gradle.process.internal.worker.GradleWorkerMain","method":"run","file":"GradleWorkerMain.java","line":69},{"class":"worker.org.gradle.process.internal.worker.GradleWorkerMain","method":"main","file":"GradleWorkerMain.java","line":74}]},"endOfBatch":false,"loggerFqcn":"org.apache.logging.slf4j.Log4jLogger","threadId":1,"threadPriority":5}
{"timestamp":"2022-12-01T12:17:33.626+0000GMT","instant":{"epochSecond":1669897053,"nanoOfSecond":626411000},"thread":"Test worker","level":"ERROR","loggerName":"software.amazon.cloudwatchlogs.emf.sinks.TCPClient","message":"Failed to connect to the socket due to the exception: ","thrown":{"message":"Socket closed","name":"java.net.SocketException","extendedStackTrace":[{"class":"java.net.PlainSocketImpl","method":"socketConnect","file":"PlainSocketImpl.java","line":-2},{"class":"java.net.AbstractPlainSocketImpl","method":"doConnect","file":"AbstractPlainSocketImpl.java","line":399},{"class":"java.net.AbstractPlainSocketImpl","method":"connectToAddress","file":"AbstractPlainSocketImpl.java","line":242},{"class":"java.net.AbstractPlainSocketImpl","method":"connect","file":"AbstractPlainSocketImpl.java","line":224},{"class":"java.net.SocksSocketImpl","method":"connect","file":"SocksSocketImpl.java","line":392},{"class":"java.net.Socket","method":"connect","file":"Socket.java","line":609},{"class":"java.net.Socket","method":"connect","file":"Socket.java","line":558},{"class":"software.amazon.cloudwatchlogs.emf.sinks.TCPClient","method":"connect","file":"TCPClient.java","line":40},{"class":"software.amazon.cloudwatchlogs.emf.sinks.TCPClient","method":"sendMessage","file":"TCPClient.java","line":63},{"class":"software.amazon.cloudwatchlogs.emf.sinks.AgentSink","method":"accept","file":"AgentSink.java","line":52},{"class":"software.amazon.cloudwatchlogs.emf.logger.MetricsLogger","method":"flush","file":"MetricsLogger.java","line":66},{"class":"software.amazon.lambda.powertools.metrics.internal.LambdaMetricsAspect","method":"around","file":"LambdaMetricsAspect.java","line":73},{"class":"uk.gov.di.ipv.cri.passport.accesstoken.AccessTokenHandler","method":"handleRequest","file":"AccessTokenHandler.java","line":84},{"class":"uk.gov.di.ipv.cri.passport.accesstoken.AccessTokenHandlerTest","method":"shouldReturn401WhenClientAuthFails","file":"AccessTokenHandlerTest.java","line":301},{"class":"jdk.internal.reflect.NativeMethodAccessorImpl","method":"invoke0","file":"NativeMethodAccessorImpl.java","line":-2},{"class":"jdk.internal.reflect.NativeMethodAccessorImpl","method":"invoke","file":"NativeMethodAccessorImpl.java","line":62},{"class":"jdk.internal.reflect.DelegatingMethodAccessorImpl","method":"invoke","file":"DelegatingMethodAccessorImpl.java","line":43},{"class":"java.lang.reflect.Method","method":"invoke","file":"Method.java","line":566},{"class":"org.junit.platform.commons.util.ReflectionUtils","method":"invokeMethod","file":"ReflectionUtils.java","line":725},{"class":"org.junit.jupiter.engine.execution.MethodInvocation","method":"proceed","file":"MethodInvocation.java","line":60},{"class":"org.junit.jupiter.engine.execution.InvocationInterceptorChain$ValidatingInvocation","method":"proceed","file":"InvocationInterceptorChain.java","line":131},{"class":"org.junit.jupiter.engine.extension.TimeoutExtension","method":"intercept","file":"TimeoutExtension.java","line":149},{"class":"org.junit.jupiter.engine.extension.TimeoutExtension","method":"interceptTestableMethod","file":"TimeoutExtension.java","line":140},{"class":"org.junit.jupiter.engine.extension.TimeoutExtension","method":"interceptTestMethod","file":"TimeoutExtension.java","line":84},{"class":"org.junit.jupiter.engine.execution.ExecutableInvoker$ReflectiveInterceptorCall","method":"lambda$ofVoidMethod$0","file":"ExecutableInvoker.java","line":115},{"class":"org.junit.jupiter.engine.execution.ExecutableInvoker","method":"lambda$invoke$0","file":"ExecutableInvoker.java","line":105},{"class":"org.junit.jupiter.engine.execution.InvocationInterceptorChain$InterceptedInvocation","method":"proceed","file":"InvocationInterceptorChain.java","line":106},{"class":"org.junit.jupiter.engine.execution.InvocationInterceptorChain","method":"proceed","file":"InvocationInterceptorChain.java","line":64},{"class":"org.junit.jupiter.engine.execution.InvocationInterceptorChain","method":"chainAndInvoke","file":"InvocationInterceptorChain.java","line":45},{"class":"org.junit.jupiter.engine.execution.InvocationInterceptorChain","method":"invoke","file":"InvocationInterceptorChain.java","line":37},{"class":"org.junit.jupiter.engine.execution.ExecutableInvoker","method":"invoke","file":"ExecutableInvoker.java","line":104},{"class":"org.junit.jupiter.engine.execution.ExecutableInvoker","method":"invoke","file":"ExecutableInvoker.java","line":98},{"class":"org.junit.jupiter.engine.descriptor.TestMethodTestDescriptor","method":"lambda$invokeTestMethod$7","file":"TestMethodTestDescriptor.java","line":214},{"class":"org.junit.platform.engine.support.hierarchical.ThrowableCollector","method":"execute","file":"ThrowableCollector.java","line":73},{"class":"org.junit.jupiter.engine.descriptor.TestMethodTestDescriptor","method":"invokeTestMethod","file":"TestMethodTestDescriptor.java","line":210},{"class":"org.junit.jupiter.engine.descriptor.TestMethodTestDescriptor","method":"execute","file":"TestMethodTestDescriptor.java","line":135},{"class":"org.junit.jupiter.engine.descriptor.TestMethodTestDescriptor","method":"execute","file":"TestMethodTestDescriptor.java","line":66},{"class":"org.junit.platform.engine.support.hierarchical.NodeTestTask","method":"lambda$executeRecursively$6","file":"NodeTestTask.java","line":151},{"class":"org.junit.platform.engine.support.hierarchical.ThrowableCollector","method":"execute","file":"ThrowableCollector.java","line":73},{"class":"org.junit.platform.engine.support.hierarchical.NodeTestTask","method":"lambda$executeRecursively$8","file":"NodeTestTask.java","line":141},{"class":"org.junit.platform.engine.support.hierarchical.Node","method":"around","file":"Node.java","line":137},{"class":"org.junit.platform.engine.support.hierarchical.NodeTestTask","method":"lambda$executeRecursively$9","file":"NodeTestTask.java","line":139},{"class":"org.junit.platform.engine.support.hierarchical.ThrowableCollector","method":"execute","file":"ThrowableCollector.java","line":73},{"class":"org.junit.platform.engine.support.hierarchical.NodeTestTask","method":"executeRecursively","file":"NodeTestTask.java","line":138},{"class":"org.junit.platform.engine.support.hierarchical.NodeTestTask","method":"execute","file":"NodeTestTask.java","line":95},{"class":"java.util.ArrayList","method":"forEach","file":"ArrayList.java","line":1541},{"class":"org.junit.platform.engine.support.hierarchical.SameThreadHierarchicalTestExecutorService","method":"invokeAll","file":"SameThreadHierarchicalTestExecutorService.java","line":41},{"class":"org.junit.platform.engine.support.hierarchical.NodeTestTask","method":"lambda$executeRecursively$6","file":"NodeTestTask.java","line":155},{"class":"org.junit.platform.engine.support.hierarchical.ThrowableCollector","method":"execute","file":"ThrowableCollector.java","line":73},{"class":"org.junit.platform.engine.support.hierarchical.NodeTestTask","method":"lambda$executeRecursively$8","file":"NodeTestTask.java","line":141},{"class":"org.junit.platform.engine.support.hierarchical.Node","method":"around","file":"Node.java","line":137},{"class":"org.junit.platform.engine.support.hierarchical.NodeTestTask","method":"lambda$executeRecursively$9","file":"NodeTestTask.java","line":139},{"class":"org.junit.platform.engine.support.hierarchical.ThrowableCollector","method":"execute","file":"ThrowableCollector.java","line":73},{"class":"org.junit.platform.engine.support.hierarchical.NodeTestTask","method":"executeRecursively","file":"NodeTestTask.java","line":138},{"class":"org.junit.platform.engine.support.hierarchical.NodeTestTask","method":"execute","file":"NodeTestTask.java","line":95},{"class":"java.util.ArrayList","method":"forEach","file":"ArrayList.java","line":1541},{"class":"org.junit.platform.engine.support.hierarchical.SameThreadHierarchicalTestExecutorService","method":"invokeAll","file":"SameThreadHierarchicalTestExecutorService.java","line":41},{"class":"org.junit.platform.engine.support.hierarchical.NodeTestTask","method":"lambda$executeRecursively$6","file":"NodeTestTask.java","line":155},{"class":"org.junit.platform.engine.support.hierarchical.ThrowableCollector","method":"execute","file":"ThrowableCollector.java","line":73},{"class":"org.junit.platform.engine.support.hierarchical.NodeTestTask","method":"lambda$executeRecursively$8","file":"NodeTestTask.java","line":141},{"class":"org.junit.platform.engine.support.hierarchical.Node","method":"around","file":"Node.java","line":137},{"class":"org.junit.platform.engine.support.hierarchical.NodeTestTask","method":"lambda$executeRecursively$9","file":"NodeTestTask.java","line":139},{"class":"org.junit.platform.engine.support.hierarchical.ThrowableCollector","method":"execute","file":"ThrowableCollector.java","line":73},{"class":"org.junit.platform.engine.support.hierarchical.NodeTestTask","method":"executeRecursively","file":"NodeTestTask.java","line":138},{"class":"org.junit.platform.engine.support.hierarchical.NodeTestTask","method":"execute","file":"NodeTestTask.java","line":95},{"class":"org.junit.platform.engine.support.hierarchical.SameThreadHierarchicalTestExecutorService","method":"submit","file":"SameThreadHierarchicalTestExecutorService.java","line":35},{"class":"org.junit.platform.engine.support.hierarchical.HierarchicalTestExecutor","method":"execute","file":"HierarchicalTestExecutor.java","line":57},{"class":"org.junit.platform.engine.support.hierarchical.HierarchicalTestEngine","method":"execute","file":"HierarchicalTestEngine.java","line":54},{"class":"org.junit.platform.launcher.core.EngineExecutionOrchestrator","method":"execute","file":"EngineExecutionOrchestrator.java","line":108},{"class":"org.junit.platform.launcher.core.EngineExecutionOrchestrator","method":"execute","file":"EngineExecutionOrchestrator.java","line":88},{"class":"org.junit.platform.launcher.core.EngineExecutionOrchestrator","method":"lambda$execute$0","file":"EngineExecutionOrchestrator.java","line":54},{"class":"org.junit.platform.launcher.core.EngineExecutionOrchestrator","method":"withInterceptedStreams","file":"EngineExecutionOrchestrator.java","line":67},{"class":"org.junit.platform.launcher.core.EngineExecutionOrchestrator","method":"execute","file":"EngineExecutionOrchestrator.java","line":52},{"class":"org.junit.platform.launcher.core.DefaultLauncher","method":"execute","file":"DefaultLauncher.java","line":96},{"class":"org.junit.platform.launcher.core.DefaultLauncher","method":"execute","file":"DefaultLauncher.java","line":75},{"class":"org.gradle.api.internal.tasks.testing.junitplatform.JUnitPlatformTestClassProcessor$CollectAllTestClassesExecutor","method":"processAllTestClasses","file":"JUnitPlatformTestClassProcessor.java","line":99},{"class":"org.gradle.api.internal.tasks.testing.junitplatform.JUnitPlatformTestClassProcessor$CollectAllTestClassesExecutor","method":"access$000","file":"JUnitPlatformTestClassProcessor.java","line":79},{"class":"org.gradle.api.internal.tasks.testing.junitplatform.JUnitPlatformTestClassProcessor","method":"stop","file":"JUnitPlatformTestClassProcessor.java","line":75},{"class":"org.gradle.api.internal.tasks.testing.SuiteTestClassProcessor","method":"stop","file":"SuiteTestClassProcessor.java","line":61},{"class":"jdk.internal.reflect.NativeMethodAccessorImpl","method":"invoke0","file":"NativeMethodAccessorImpl.java","line":-2},{"class":"jdk.internal.reflect.NativeMethodAccessorImpl","method":"invoke","file":"NativeMethodAccessorImpl.java","line":62},{"class":"jdk.internal.reflect.DelegatingMethodAccessorImpl","method":"invoke","file":"DelegatingMethodAccessorImpl.java","line":43},{"class":"java.lang.reflect.Method","method":"invoke","file":"Method.java","line":566},{"class":"org.gradle.internal.dispatch.ReflectionDispatch","method":"dispatch","file":"ReflectionDispatch.java","line":36},{"class":"org.gradle.internal.dispatch.ReflectionDispatch","method":"dispatch","file":"ReflectionDispatch.java","line":24},{"class":"org.gradle.internal.dispatch.ContextClassLoaderDispatch","method":"dispatch","file":"ContextClassLoaderDispatch.java","line":33},{"class":"org.gradle.internal.dispatch.ProxyDispatchAdapter$DispatchingInvocationHandler","method":"invoke","file":"ProxyDispatchAdapter.java","line":94},{"class":"com.sun.proxy.$Proxy5","method":"stop","file":null,"line":-1},{"class":"org.gradle.api.internal.tasks.testing.worker.TestWorker$3","method":"run","file":"TestWorker.java","line":193},{"class":"org.gradle.api.internal.tasks.testing.worker.TestWorker","method":"executeAndMaintainThreadName","file":"TestWorker.java","line":129},{"class":"org.gradle.api.internal.tasks.testing.worker.TestWorker","method":"execute","file":"TestWorker.java","line":100},{"class":"org.gradle.api.internal.tasks.testing.worker.TestWorker","method":"execute","file":"TestWorker.java","line":60},{"class":"org.gradle.process.internal.worker.child.ActionExecutionWorker","method":"execute","file":"ActionExecutionWorker.java","line":56},{"class":"org.gradle.process.internal.worker.child.SystemApplicationClassLoaderWorker","method":"call","file":"SystemApplicationClassLoaderWorker.java","line":133},{"class":"org.gradle.process.internal.worker.child.SystemApplicationClassLoaderWorker","method":"call","file":"SystemApplicationClassLoaderWorker.java","line":71},{"class":"worker.org.gradle.process.internal.worker.GradleWorkerMain","method":"run","file":"GradleWorkerMain.java","line":69},{"class":"worker.org.gradle.process.internal.worker.GradleWorkerMain","method":"main","file":"GradleWorkerMain.java","line":74}]},"endOfBatch":false,"loggerFqcn":"org.apache.logging.slf4j.Log4jLogger","threadId":1,"threadPriority":5}
{"timestamp":"2022-12-01T12:17:33.636+0000GMT","instant":{"epochSecond":1669897053,"nanoOfSecond":636580000},"thread":"Test worker","level":"INFO","loggerName":"uk.gov.di.ipv.cri.passport.library.helpers.LogHelper","message":"COMPONENT_ID_LOG_FIELD attached to logs","endOfBatch":false,"loggerFqcn":"org.apache.logging.log4j.spi.AbstractLogger","threadId":1,"threadPriority":5,"coldStart":"false","componentId":"passport-cri","functionArn":null,"functionMemorySize":"0","functionName":null,"functionVersion":null,"function_request_id":"null","samplingRate":"0.0","service":"service_undefined"}
{"timestamp":"2022-12-01T12:17:33.637+0000GMT","instant":{"epochSecond":1669897053,"nanoOfSecond":637936000},"thread":"Test worker","level":"INFO","loggerName":"uk.gov.di.ipv.cri.passport.library.helpers.LogHelper","message":"PASSPORT_SESSION_ID_LOG_FIELD attached to logs","endOfBatch":false,"loggerFqcn":"org.apache.logging.log4j.spi.AbstractLogger","threadId":1,"threadPriority":5,"coldStart":"false","componentId":"passport-cri","functionArn":null,"functionMemorySize":"0","functionName":null,"functionVersion":null,"function_request_id":"null","passportSessionId":"49b80669-4c78-4090-b4fa-65166bd79768","samplingRate":"0.0","service":"service_undefined"}
{"timestamp":"2022-12-01T12:17:33.638+0000GMT","instant":{"epochSecond":1669897053,"nanoOfSecond":638301000},"thread":"Test worker","level":"INFO","loggerName":"uk.gov.di.ipv.cri.passport.library.helpers.LogHelper","message":"GOVUK_SIGNIN_JOURNEY_ID attached to logs","endOfBatch":false,"loggerFqcn":"org.apache.logging.log4j.spi.AbstractLogger","threadId":1,"threadPriority":5,"coldStart":"false","componentId":"passport-cri","functionArn":null,"functionMemorySize":"0","functionName":null,"functionVersion":null,"function_request_id":"null","govuk_signin_journey_id":"8ad8bed2-7164-4d8b-9631-3cdd9c3e7613","passportSessionId":"49b80669-4c78-4090-b4fa-65166bd79768","samplingRate":"0.0","service":"service_undefined"}
{"timestamp":"2022-12-01T12:17:33.638+0000GMT","instant":{"epochSecond":1669897053,"nanoOfSecond":638594000},"thread":"Test worker","level":"ERROR","loggerName":"uk.gov.di.ipv.cri.passport.accesstoken.AccessTokenHandler","message":"Auth code has been used multiple times. Auth code was exchanged for an access token at: 2022-12-01T12:17:33.633598Z","endOfBatch":false,"loggerFqcn":"org.apache.logging.log4j.spi.AbstractLogger","threadId":1,"threadPriority":5,"coldStart":"false","componentId":"passport-cri","functionArn":null,"functionMemorySize":"0","functionName":null,"functionVersion":null,"function_request_id":"null","govuk_signin_journey_id":"8ad8bed2-7164-4d8b-9631-3cdd9c3e7613","passportSessionId":"49b80669-4c78-4090-b4fa-65166bd79768","samplingRate":"0.0","service":"service_undefined"}
{"timestamp":"2022-12-01T12:17:33.640+0000GMT","instant":{"epochSecond":1669897053,"nanoOfSecond":640212000},"thread":"Test worker","level":"ERROR","loggerName":"uk.gov.di.ipv.cri.passport.accesstoken.AccessTokenHandler","message":"Failed to revoke access token because: Failed to revoke access token","endOfBatch":false,"loggerFqcn":"org.apache.logging.log4j.spi.AbstractLogger","threadId":1,"threadPriority":5,"coldStart":"false","componentId":"passport-cri","functionArn":null,"functionMemorySize":"0","functionName":null,"functionVersion":null,"function_request_id":"null","govuk_signin_journey_id":"8ad8bed2-7164-4d8b-9631-3cdd9c3e7613","passportSessionId":"49b80669-4c78-4090-b4fa-65166bd79768","samplingRate":"0.0","service":"service_undefined"}
{"timestamp":"2022-12-01T12:17:33.641+0000GMT","instant":{"epochSecond":1669897053,"nanoOfSecond":641523000},"thread":"Test worker","level":"WARN","loggerName":"software.amazon.cloudwatchlogs.emf.environment.AgentBasedEnvironment","message":"Unknown ServiceName.","endOfBatch":false,"loggerFqcn":"org.apache.logging.slf4j.Log4jLogger","threadId":1,"threadPriority":5}
{"timestamp":"2022-12-01T12:17:33.641+0000GMT","instant":{"epochSecond":1669897053,"nanoOfSecond":641880000},"thread":"Test worker","level":"WARN","loggerName":"software.amazon.cloudwatchlogs.emf.environment.AgentBasedEnvironment","message":"Unknown ServiceName.","endOfBatch":false,"loggerFqcn":"org.apache.logging.slf4j.Log4jLogger","threadId":1,"threadPriority":5}
{"timestamp":"2022-12-01T12:17:33.642+0000GMT","instant":{"epochSecond":1669897053,"nanoOfSecond":642288000},"thread":"Test worker","level":"INFO","loggerName":"software.amazon.cloudwatchlogs.emf.environment.DefaultEnvironment","message":"Unknown ServiceType","endOfBatch":false,"loggerFqcn":"org.apache.logging.slf4j.Log4jLogger","threadId":1,"threadPriority":5}
{"timestamp":"2022-12-01T12:17:33.642+0000GMT","instant":{"epochSecond":1669897053,"nanoOfSecond":642860000},"thread":"Test worker","level":"ERROR","loggerName":"software.amazon.cloudwatchlogs.emf.sinks.TCPClient","message":"Failed to connect to the socket due to the exception: ","thrown":{"message":"Socket closed","name":"java.net.SocketException","extendedStackTrace":[{"class":"java.net.PlainSocketImpl","method":"socketConnect","file":"PlainSocketImpl.java","line":-2},{"class":"java.net.AbstractPlainSocketImpl","method":"doConnect","file":"AbstractPlainSocketImpl.java","line":399},{"class":"java.net.AbstractPlainSocketImpl","method":"connectToAddress","file":"AbstractPlainSocketImpl.java","line":242},{"class":"java.net.AbstractPlainSocketImpl","method":"connect","file":"AbstractPlainSocketImpl.java","line":224},{"class":"java.net.SocksSocketImpl","method":"connect","file":"SocksSocketImpl.java","line":392},{"class":"java.net.Socket","method":"connect","file":"Socket.java","line":609},{"class":"java.net.Socket","method":"connect","file":"Socket.java","line":558},{"class":"software.amazon.cloudwatchlogs.emf.sinks.TCPClient","method":"connect","file":"TCPClient.java","line":40},{"class":"software.amazon.cloudwatchlogs.emf.sinks.TCPClient","method":"sendMessage","file":"TCPClient.java","line":55},{"class":"software.amazon.cloudwatchlogs.emf.sinks.AgentSink","method":"accept","file":"AgentSink.java","line":52},{"class":"software.amazon.cloudwatchlogs.emf.logger.MetricsLogger","method":"flush","file":"MetricsLogger.java","line":66},{"class":"software.amazon.lambda.powertools.metrics.internal.LambdaMetricsAspect","method":"around","file":"LambdaMetricsAspect.java","line":73},{"class":"uk.gov.di.ipv.cri.passport.accesstoken.AccessTokenHandler","method":"handleRequest","file":"AccessTokenHandler.java","line":84},{"class":"uk.gov.di.ipv.cri.passport.accesstoken.AccessTokenHandlerTest","method":"shouldReturn400WhenRevokingAccessTokenFails","file":"AccessTokenHandlerTest.java","line":389},{"class":"jdk.internal.reflect.NativeMethodAccessorImpl","method":"invoke0","file":"NativeMethodAccessorImpl.java","line":-2},{"class":"jdk.internal.reflect.NativeMethodAccessorImpl","method":"invoke","file":"NativeMethodAccessorImpl.java","line":62},{"class":"jdk.internal.reflect.DelegatingMethodAccessorImpl","method":"invoke","file":"DelegatingMethodAccessorImpl.java","line":43},{"class":"java.lang.reflect.Method","method":"invoke","file":"Method.java","line":566},{"class":"org.junit.platform.commons.util.ReflectionUtils","method":"invokeMethod","file":"ReflectionUtils.java","line":725},{"class":"org.junit.jupiter.engine.execution.MethodInvocation","method":"proceed","file":"MethodInvocation.java","line":60},{"class":"org.junit.jupiter.engine.execution.InvocationInterceptorChain$ValidatingInvocation","method":"proceed","file":"InvocationInterceptorChain.java","line":131},{"class":"org.junit.jupiter.engine.extension.TimeoutExtension","method":"intercept","file":"TimeoutExtension.java","line":149},{"class":"org.junit.jupiter.engine.extension.TimeoutExtension","method":"interceptTestableMethod","file":"TimeoutExtension.java","line":140},{"class":"org.junit.jupiter.engine.extension.TimeoutExtension","method":"interceptTestMethod","file":"TimeoutExtension.java","line":84},{"class":"org.junit.jupiter.engine.execution.ExecutableInvoker$ReflectiveInterceptorCall","method":"lambda$ofVoidMethod$0","file":"ExecutableInvoker.java","line":115},{"class":"org.junit.jupiter.engine.execution.ExecutableInvoker","method":"lambda$invoke$0","file":"ExecutableInvoker.java","line":105},{"class":"org.junit.jupiter.engine.execution.InvocationInterceptorChain$InterceptedInvocation","method":"proceed","file":"InvocationInterceptorChain.java","line":106},{"class":"org.junit.jupiter.engine.execution.InvocationInterceptorChain","method":"proceed","file":"InvocationInterceptorChain.java","line":64},{"class":"org.junit.jupiter.engine.execution.InvocationInterceptorChain","method":"chainAndInvoke","file":"InvocationInterceptorChain.java","line":45},{"class":"org.junit.jupiter.engine.execution.InvocationInterceptorChain","method":"invoke","file":"InvocationInterceptorChain.java","line":37},{"class":"org.junit.jupiter.engine.execution.ExecutableInvoker","method":"invoke","file":"ExecutableInvoker.java","line":104},{"class":"org.junit.jupiter.engine.execution.ExecutableInvoker","method":"invoke","file":"ExecutableInvoker.java","line":98},{"class":"org.junit.jupiter.engine.descriptor.TestMethodTestDescriptor","method":"lambda$invokeTestMethod$7","file":"TestMethodTestDescriptor.java","line":214},{"class":"org.junit.platform.engine.support.hierarchical.ThrowableCollector","method":"execute","file":"ThrowableCollector.java","line":73},{"class":"org.junit.jupiter.engine.descriptor.TestMethodTestDescriptor","method":"invokeTestMethod","file":"TestMethodTestDescriptor.java","line":210},{"class":"org.junit.jupiter.engine.descriptor.TestMethodTestDescriptor","method":"execute","file":"TestMethodTestDescriptor.java","line":135},{"class":"org.junit.jupiter.engine.descriptor.TestMethodTestDescriptor","method":"execute","file":"TestMethodTestDescriptor.java","line":66},{"class":"org.junit.platform.engine.support.hierarchical.NodeTestTask","method":"lambda$executeRecursively$6","file":"NodeTestTask.java","line":151},{"class":"org.junit.platform.engine.support.hierarchical.ThrowableCollector","method":"execute","file":"ThrowableCollector.java","line":73},{"class":"org.junit.platform.engine.support.hierarchical.NodeTestTask","method":"lambda$executeRecursively$8","file":"NodeTestTask.java","line":141},{"class":"org.junit.platform.engine.support.hierarchical.Node","method":"around","file":"Node.java","line":137},{"class":"org.junit.platform.engine.support.hierarchical.NodeTestTask","method":"lambda$executeRecursively$9","file":"NodeTestTask.java","line":139},{"class":"org.junit.platform.engine.support.hierarchical.ThrowableCollector","method":"execute","file":"ThrowableCollector.java","line":73},{"class":"org.junit.platform.engine.support.hierarchical.NodeTestTask","method":"executeRecursively","file":"NodeTestTask.java","line":138},{"class":"org.junit.platform.engine.support.hierarchical.NodeTestTask","method":"execute","file":"NodeTestTask.java","line":95},{"class":"java.util.ArrayList","method":"forEach","file":"ArrayList.java","line":1541},{"class":"org.junit.platform.engine.support.hierarchical.SameThreadHierarchicalTestExecutorService","method":"invokeAll","file":"SameThreadHierarchicalTestExecutorService.java","line":41},{"class":"org.junit.platform.engine.support.hierarchical.NodeTestTask","method":"lambda$executeRecursively$6","file":"NodeTestTask.java","line":155},{"class":"org.junit.platform.engine.support.hierarchical.ThrowableCollector","method":"execute","file":"ThrowableCollector.java","line":73},{"class":"org.junit.platform.engine.support.hierarchical.NodeTestTask","method":"lambda$executeRecursively$8","file":"NodeTestTask.java","line":141},{"class":"org.junit.platform.engine.support.hierarchical.Node","method":"around","file":"Node.java","line":137},{"class":"org.junit.platform.engine.support.hierarchical.NodeTestTask","method":"lambda$executeRecursively$9","file":"NodeTestTask.java","line":139},{"class":"org.junit.platform.engine.support.hierarchical.ThrowableCollector","method":"execute","file":"ThrowableCollector.java","line":73},{"class":"org.junit.platform.engine.support.hierarchical.NodeTestTask","method":"executeRecursively","file":"NodeTestTask.java","line":138},{"class":"org.junit.platform.engine.support.hierarchical.NodeTestTask","method":"execute","file":"NodeTestTask.java","line":95},{"class":"java.util.ArrayList","method":"forEach","file":"ArrayList.java","line":1541},{"class":"org.junit.platform.engine.support.hierarchical.SameThreadHierarchicalTestExecutorService","method":"invokeAll","file":"SameThreadHierarchicalTestExecutorService.java","line":41},{"class":"org.junit.platform.engine.support.hierarchical.NodeTestTask","method":"lambda$executeRecursively$6","file":"NodeTestTask.java","line":155},{"class":"org.junit.platform.engine.support.hierarchical.ThrowableCollector","method":"execute","file":"ThrowableCollector.java","line":73},{"class":"org.junit.platform.engine.support.hierarchical.NodeTestTask","method":"lambda$executeRecursively$8","file":"NodeTestTask.java","line":141},{"class":"org.junit.platform.engine.support.hierarchical.Node","method":"around","file":"Node.java","line":137},{"class":"org.junit.platform.engine.support.hierarchical.NodeTestTask","method":"lambda$executeRecursively$9","file":"NodeTestTask.java","line":139},{"class":"org.junit.platform.engine.support.hierarchical.ThrowableCollector","method":"execute","file":"ThrowableCollector.java","line":73},{"class":"org.junit.platform.engine.support.hierarchical.NodeTestTask","method":"executeRecursively","file":"NodeTestTask.java","line":138},{"class":"org.junit.platform.engine.support.hierarchical.NodeTestTask","method":"execute","file":"NodeTestTask.java","line":95},{"class":"org.junit.platform.engine.support.hierarchical.SameThreadHierarchicalTestExecutorService","method":"submit","file":"SameThreadHierarchicalTestExecutorService.java","line":35},{"class":"org.junit.platform.engine.support.hierarchical.HierarchicalTestExecutor","method":"execute","file":"HierarchicalTestExecutor.java","line":57},{"class":"org.junit.platform.engine.support.hierarchical.HierarchicalTestEngine","method":"execute","file":"HierarchicalTestEngine.java","line":54},{"class":"org.junit.platform.launcher.core.EngineExecutionOrchestrator","method":"execute","file":"EngineExecutionOrchestrator.java","line":108},{"class":"org.junit.platform.launcher.core.EngineExecutionOrchestrator","method":"execute","file":"EngineExecutionOrchestrator.java","line":88},{"class":"org.junit.platform.launcher.core.EngineExecutionOrchestrator","method":"lambda$execute$0","file":"EngineExecutionOrchestrator.java","line":54},{"class":"org.junit.platform.launcher.core.EngineExecutionOrchestrator","method":"withInterceptedStreams","file":"EngineExecutionOrchestrator.java","line":67},{"class":"org.junit.platform.launcher.core.EngineExecutionOrchestrator","method":"execute","file":"EngineExecutionOrchestrator.java","line":52},{"class":"org.junit.platform.launcher.core.DefaultLauncher","method":"execute","file":"DefaultLauncher.java","line":96},{"class":"org.junit.platform.launcher.core.DefaultLauncher","method":"execute","file":"DefaultLauncher.java","line":75},{"class":"org.gradle.api.internal.tasks.testing.junitplatform.JUnitPlatformTestClassProcessor$CollectAllTestClassesExecutor","method":"processAllTestClasses","file":"JUnitPlatformTestClassProcessor.java","line":99},{"class":"org.gradle.api.internal.tasks.testing.junitplatform.JUnitPlatformTestClassProcessor$CollectAllTestClassesExecutor","method":"access$000","file":"JUnitPlatformTestClassProcessor.java","line":79},{"class":"org.gradle.api.internal.tasks.testing.junitplatform.JUnitPlatformTestClassProcessor","method":"stop","file":"JUnitPlatformTestClassProcessor.java","line":75},{"class":"org.gradle.api.internal.tasks.testing.SuiteTestClassProcessor","method":"stop","file":"SuiteTestClassProcessor.java","line":61},{"class":"jdk.internal.reflect.NativeMethodAccessorImpl","method":"invoke0","file":"NativeMethodAccessorImpl.java","line":-2},{"class":"jdk.internal.reflect.NativeMethodAccessorImpl","method":"invoke","file":"NativeMethodAccessorImpl.java","line":62},{"class":"jdk.internal.reflect.DelegatingMethodAccessorImpl","method":"invoke","file":"DelegatingMethodAccessorImpl.java","line":43},{"class":"java.lang.reflect.Method","method":"invoke","file":"Method.java","line":566},{"class":"org.gradle.internal.dispatch.ReflectionDispatch","method":"dispatch","file":"ReflectionDispatch.java","line":36},{"class":"org.gradle.internal.dispatch.ReflectionDispatch","method":"dispatch","file":"ReflectionDispatch.java","line":24},{"class":"org.gradle.internal.dispatch.ContextClassLoaderDispatch","method":"dispatch","file":"ContextClassLoaderDispatch.java","line":33},{"class":"org.gradle.internal.dispatch.ProxyDispatchAdapter$DispatchingInvocationHandler","method":"invoke","file":"ProxyDispatchAdapter.java","line":94},{"class":"com.sun.proxy.$Proxy5","method":"stop","file":null,"line":-1},{"class":"org.gradle.api.internal.tasks.testing.worker.TestWorker$3","method":"run","file":"TestWorker.java","line":193},{"class":"org.gradle.api.internal.tasks.testing.worker.TestWorker","method":"executeAndMaintainThreadName","file":"TestWorker.java","line":129},{"class":"org.gradle.api.internal.tasks.testing.worker.TestWorker","method":"execute","file":"TestWorker.java","line":100},{"class":"org.gradle.api.internal.tasks.testing.worker.TestWorker","method":"execute","file":"TestWorker.java","line":60},{"class":"org.gradle.process.internal.worker.child.ActionExecutionWorker","method":"execute","file":"ActionExecutionWorker.java","line":56},{"class":"org.gradle.process.internal.worker.child.SystemApplicationClassLoaderWorker","method":"call","file":"SystemApplicationClassLoaderWorker.java","line":133},{"class":"org.gradle.process.internal.worker.child.SystemApplicationClassLoaderWorker","method":"call","file":"SystemApplicationClassLoaderWorker.java","line":71},{"class":"worker.org.gradle.process.internal.worker.GradleWorkerMain","method":"run","file":"GradleWorkerMain.java","line":69},{"class":"worker.org.gradle.process.internal.worker.GradleWorkerMain","method":"main","file":"GradleWorkerMain.java","line":74}]},"endOfBatch":false,"loggerFqcn":"org.apache.logging.slf4j.Log4jLogger","threadId":1,"threadPriority":5}
{"timestamp":"2022-12-01T12:17:33.644+0000GMT","instant":{"epochSecond":1669897053,"nanoOfSecond":644088000},"thread":"Test worker","level":"ERROR","loggerName":"software.amazon.cloudwatchlogs.emf.sinks.TCPClient","message":"Failed to open output stream: ","thrown":{"message":"Socket is not connected","name":"java.net.SocketException","extendedStackTrace":[{"class":"java.net.Socket","method":"getOutputStream","file":"Socket.java","line":964},{"class":"software.amazon.cloudwatchlogs.emf.sinks.TCPClient","method":"sendMessage","file":"TCPClient.java","line":60},{"class":"software.amazon.cloudwatchlogs.emf.sinks.AgentSink","method":"accept","file":"AgentSink.java","line":52},{"class":"software.amazon.cloudwatchlogs.emf.logger.MetricsLogger","method":"flush","file":"MetricsLogger.java","line":66},{"class":"software.amazon.lambda.powertools.metrics.internal.LambdaMetricsAspect","method":"around","file":"LambdaMetricsAspect.java","line":73},{"class":"uk.gov.di.ipv.cri.passport.accesstoken.AccessTokenHandler","method":"handleRequest","file":"AccessTokenHandler.java","line":84},{"class":"uk.gov.di.ipv.cri.passport.accesstoken.AccessTokenHandlerTest","method":"shouldReturn400WhenRevokingAccessTokenFails","file":"AccessTokenHandlerTest.java","line":389},{"class":"jdk.internal.reflect.NativeMethodAccessorImpl","method":"invoke0","file":"NativeMethodAccessorImpl.java","line":-2},{"class":"jdk.internal.reflect.NativeMethodAccessorImpl","method":"invoke","file":"NativeMethodAccessorImpl.java","line":62},{"class":"jdk.internal.reflect.DelegatingMethodAccessorImpl","method":"invoke","file":"DelegatingMethodAccessorImpl.java","line":43},{"class":"java.lang.reflect.Method","method":"invoke","file":"Method.java","line":566},{"class":"org.junit.platform.commons.util.ReflectionUtils","method":"invokeMethod","file":"ReflectionUtils.java","line":725},{"class":"org.junit.jupiter.engine.execution.MethodInvocation","method":"proceed","file":"MethodInvocation.java","line":60},{"class":"org.junit.jupiter.engine.execution.InvocationInterceptorChain$ValidatingInvocation","method":"proceed","file":"InvocationInterceptorChain.java","line":131},{"class":"org.junit.jupiter.engine.extension.TimeoutExtension","method":"intercept","file":"TimeoutExtension.java","line":149},{"class":"org.junit.jupiter.engine.extension.TimeoutExtension","method":"interceptTestableMethod","file":"TimeoutExtension.java","line":140},{"class":"org.junit.jupiter.engine.extension.TimeoutExtension","method":"interceptTestMethod","file":"TimeoutExtension.java","line":84},{"class":"org.junit.jupiter.engine.execution.ExecutableInvoker$ReflectiveInterceptorCall","method":"lambda$ofVoidMethod$0","file":"ExecutableInvoker.java","line":115},{"class":"org.junit.jupiter.engine.execution.ExecutableInvoker","method":"lambda$invoke$0","file":"ExecutableInvoker.java","line":105},{"class":"org.junit.jupiter.engine.execution.InvocationInterceptorChain$InterceptedInvocation","method":"proceed","file":"InvocationInterceptorChain.java","line":106},{"class":"org.junit.jupiter.engine.execution.InvocationInterceptorChain","method":"proceed","file":"InvocationInterceptorChain.java","line":64},{"class":"org.junit.jupiter.engine.execution.InvocationInterceptorChain","method":"chainAndInvoke","file":"InvocationInterceptorChain.java","line":45},{"class":"org.junit.jupiter.engine.execution.InvocationInterceptorChain","method":"invoke","file":"InvocationInterceptorChain.java","line":37},{"class":"org.junit.jupiter.engine.execution.ExecutableInvoker","method":"invoke","file":"ExecutableInvoker.java","line":104},{"class":"org.junit.jupiter.engine.execution.ExecutableInvoker","method":"invoke","file":"ExecutableInvoker.java","line":98},{"class":"org.junit.jupiter.engine.descriptor.TestMethodTestDescriptor","method":"lambda$invokeTestMethod$7","file":"TestMethodTestDescriptor.java","line":214},{"class":"org.junit.platform.engine.support.hierarchical.ThrowableCollector","method":"execute","file":"ThrowableCollector.java","line":73},{"class":"org.junit.jupiter.engine.descriptor.TestMethodTestDescriptor","method":"invokeTestMethod","file":"TestMethodTestDescriptor.java","line":210},{"class":"org.junit.jupiter.engine.descriptor.TestMethodTestDescriptor","method":"execute","file":"TestMethodTestDescriptor.java","line":135},{"class":"org.junit.jupiter.engine.descriptor.TestMethodTestDescriptor","method":"execute","file":"TestMethodTestDescriptor.java","line":66},{"class":"org.junit.platform.engine.support.hierarchical.NodeTestTask","method":"lambda$executeRecursively$6","file":"NodeTestTask.java","line":151},{"class":"org.junit.platform.engine.support.hierarchical.ThrowableCollector","method":"execute","file":"ThrowableCollector.java","line":73},{"class":"org.junit.platform.engine.support.hierarchical.NodeTestTask","method":"lambda$executeRecursively$8","file":"NodeTestTask.java","line":141},{"class":"org.junit.platform.engine.support.hierarchical.Node","method":"around","file":"Node.java","line":137},{"class":"org.junit.platform.engine.support.hierarchical.NodeTestTask","method":"lambda$executeRecursively$9","file":"NodeTestTask.java","line":139},{"class":"org.junit.platform.engine.support.hierarchical.ThrowableCollector","method":"execute","file":"ThrowableCollector.java","line":73},{"class":"org.junit.platform.engine.support.hierarchical.NodeTestTask","method":"executeRecursively","file":"NodeTestTask.java","line":138},{"class":"org.junit.platform.engine.support.hierarchical.NodeTestTask","method":"execute","file":"NodeTestTask.java","line":95},{"class":"java.util.ArrayList","method":"forEach","file":"ArrayList.java","line":1541},{"class":"org.junit.platform.engine.support.hierarchical.SameThreadHierarchicalTestExecutorService","method":"invokeAll","file":"SameThreadHierarchicalTestExecutorService.java","line":41},{"class":"org.junit.platform.engine.support.hierarchical.NodeTestTask","method":"lambda$executeRecursively$6","file":"NodeTestTask.java","line":155},{"class":"org.junit.platform.engine.support.hierarchical.ThrowableCollector","method":"execute","file":"ThrowableCollector.java","line":73},{"class":"org.junit.platform.engine.support.hierarchical.NodeTestTask","method":"lambda$executeRecursively$8","file":"NodeTestTask.java","line":141},{"class":"org.junit.platform.engine.support.hierarchical.Node","method":"around","file":"Node.java","line":137},{"class":"org.junit.platform.engine.support.hierarchical.NodeTestTask","method":"lambda$executeRecursively$9","file":"NodeTestTask.java","line":139},{"class":"org.junit.platform.engine.support.hierarchical.ThrowableCollector","method":"execute","file":"ThrowableCollector.java","line":73},{"class":"org.junit.platform.engine.support.hierarchical.NodeTestTask","method":"executeRecursively","file":"NodeTestTask.java","line":138},{"class":"org.junit.platform.engine.support.hierarchical.NodeTestTask","method":"execute","file":"NodeTestTask.java","line":95},{"class":"java.util.ArrayList","method":"forEach","file":"ArrayList.java","line":1541},{"class":"org.junit.platform.engine.support.hierarchical.SameThreadHierarchicalTestExecutorService","method":"invokeAll","file":"SameThreadHierarchicalTestExecutorService.java","line":41},{"class":"org.junit.platform.engine.support.hierarchical.NodeTestTask","method":"lambda$executeRecursively$6","file":"NodeTestTask.java","line":155},{"class":"org.junit.platform.engine.support.hierarchical.ThrowableCollector","method":"execute","file":"ThrowableCollector.java","line":73},{"class":"org.junit.platform.engine.support.hierarchical.NodeTestTask","method":"lambda$executeRecursively$8","file":"NodeTestTask.java","line":141},{"class":"org.junit.platform.engine.support.hierarchical.Node","method":"around","file":"Node.java","line":137},{"class":"org.junit.platform.engine.support.hierarchical.NodeTestTask","method":"lambda$executeRecursively$9","file":"NodeTestTask.java","line":139},{"class":"org.junit.platform.engine.support.hierarchical.ThrowableCollector","method":"execute","file":"ThrowableCollector.java","line":73},{"class":"org.junit.platform.engine.support.hierarchical.NodeTestTask","method":"executeRecursively","file":"NodeTestTask.java","line":138},{"class":"org.junit.platform.engine.support.hierarchical.NodeTestTask","method":"execute","file":"NodeTestTask.java","line":95},{"class":"org.junit.platform.engine.support.hierarchical.SameThreadHierarchicalTestExecutorService","method":"submit","file":"SameThreadHierarchicalTestExecutorService.java","line":35},{"class":"org.junit.platform.engine.support.hierarchical.HierarchicalTestExecutor","method":"execute","file":"HierarchicalTestExecutor.java","line":57},{"class":"org.junit.platform.engine.support.hierarchical.HierarchicalTestEngine","method":"execute","file":"HierarchicalTestEngine.java","line":54},{"class":"org.junit.platform.launcher.core.EngineExecutionOrchestrator","method":"execute","file":"EngineExecutionOrchestrator.java","line":108},{"class":"org.junit.platform.launcher.core.EngineExecutionOrchestrator","method":"execute","file":"EngineExecutionOrchestrator.java","line":88},{"class":"org.junit.platform.launcher.core.EngineExecutionOrchestrator","method":"lambda$execute$0","file":"EngineExecutionOrchestrator.java","line":54},{"class":"org.junit.platform.launcher.core.EngineExecutionOrchestrator","method":"withInterceptedStreams","file":"EngineExecutionOrchestrator.java","line":67},{"class":"org.junit.platform.launcher.core.EngineExecutionOrchestrator","method":"execute","file":"EngineExecutionOrchestrator.java","line":52},{"class":"org.junit.platform.launcher.core.DefaultLauncher","method":"execute","file":"DefaultLauncher.java","line":96},{"class":"org.junit.platform.launcher.core.DefaultLauncher","method":"execute","file":"DefaultLauncher.java","line":75},{"class":"org.gradle.api.internal.tasks.testing.junitplatform.JUnitPlatformTestClassProcessor$CollectAllTestClassesExecutor","method":"processAllTestClasses","file":"JUnitPlatformTestClassProcessor.java","line":99},{"class":"org.gradle.api.internal.tasks.testing.junitplatform.JUnitPlatformTestClassProcessor$CollectAllTestClassesExecutor","method":"access$000","file":"JUnitPlatformTestClassProcessor.java","line":79},{"class":"org.gradle.api.internal.tasks.testing.junitplatform.JUnitPlatformTestClassProcessor","method":"stop","file":"JUnitPlatformTestClassProcessor.java","line":75},{"class":"org.gradle.api.internal.tasks.testing.SuiteTestClassProcessor","method":"stop","file":"SuiteTestClassProcessor.java","line":61},{"class":"jdk.internal.reflect.NativeMethodAccessorImpl","method":"invoke0","file":"NativeMethodAccessorImpl.java","line":-2},{"class":"jdk.internal.reflect.NativeMethodAccessorImpl","method":"invoke","file":"NativeMethodAccessorImpl.java","line":62},{"class":"jdk.internal.reflect.DelegatingMethodAccessorImpl","method":"invoke","file":"DelegatingMethodAccessorImpl.java","line":43},{"class":"java.lang.reflect.Method","method":"invoke","file":"Method.java","line":566},{"class":"org.gradle.internal.dispatch.ReflectionDispatch","method":"dispatch","file":"ReflectionDispatch.java","line":36},{"class":"org.gradle.internal.dispatch.ReflectionDispatch","method":"dispatch","file":"ReflectionDispatch.java","line":24},{"class":"org.gradle.internal.dispatch.ContextClassLoaderDispatch","method":"dispatch","file":"ContextClassLoaderDispatch.java","line":33},{"class":"org.gradle.internal.dispatch.ProxyDispatchAdapter$DispatchingInvocationHandler","method":"invoke","file":"ProxyDispatchAdapter.java","line":94},{"class":"com.sun.proxy.$Proxy5","method":"stop","file":null,"line":-1},{"class":"org.gradle.api.internal.tasks.testing.worker.TestWorker$3","method":"run","file":"TestWorker.java","line":193},{"class":"org.gradle.api.internal.tasks.testing.worker.TestWorker","method":"executeAndMaintainThreadName","file":"TestWorker.java","line":129},{"class":"org.gradle.api.internal.tasks.testing.worker.TestWorker","method":"execute","file":"TestWorker.java","line":100},{"class":"org.gradle.api.internal.tasks.testing.worker.TestWorker","method":"execute","file":"TestWorker.java","line":60},{"class":"org.gradle.process.internal.worker.child.ActionExecutionWorker","method":"execute","file":"ActionExecutionWorker.java","line":56},{"class":"org.gradle.process.internal.worker.child.SystemApplicationClassLoaderWorker","method":"call","file":"SystemApplicationClassLoaderWorker.java","line":133},{"class":"org.gradle.process.internal.worker.child.SystemApplicationClassLoaderWorker","method":"call","file":"SystemApplicationClassLoaderWorker.java","line":71},{"class":"worker.org.gradle.process.internal.worker.GradleWorkerMain","method":"run","file":"GradleWorkerMain.java","line":69},{"class":"worker.org.gradle.process.internal.worker.GradleWorkerMain","method":"main","file":"GradleWorkerMain.java","line":74}]},"endOfBatch":false,"loggerFqcn":"org.apache.logging.slf4j.Log4jLogger","threadId":1,"threadPriority":5}
{"timestamp":"2022-12-01T12:17:33.645+0000GMT","instant":{"epochSecond":1669897053,"nanoOfSecond":645170000},"thread":"Test worker","level":"ERROR","loggerName":"software.amazon.cloudwatchlogs.emf.sinks.TCPClient","message":"Failed to connect to the socket due to the exception: ","thrown":{"message":"Socket closed","name":"java.net.SocketException","extendedStackTrace":[{"class":"java.net.PlainSocketImpl","method":"socketConnect","file":"PlainSocketImpl.java","line":-2},{"class":"java.net.AbstractPlainSocketImpl","method":"doConnect","file":"AbstractPlainSocketImpl.java","line":399},{"class":"java.net.AbstractPlainSocketImpl","method":"connectToAddress","file":"AbstractPlainSocketImpl.java","line":242},{"class":"java.net.AbstractPlainSocketImpl","method":"connect","file":"AbstractPlainSocketImpl.java","line":224},{"class":"java.net.SocksSocketImpl","method":"connect","file":"SocksSocketImpl.java","line":392},{"class":"java.net.Socket","method":"connect","file":"Socket.java","line":609},{"class":"java.net.Socket","method":"connect","file":"Socket.java","line":558},{"class":"software.amazon.cloudwatchlogs.emf.sinks.TCPClient","method":"connect","file":"TCPClient.java","line":40},{"class":"software.amazon.cloudwatchlogs.emf.sinks.TCPClient","method":"sendMessage","file":"TCPClient.java","line":63},{"class":"software.amazon.cloudwatchlogs.emf.sinks.AgentSink","method":"accept","file":"AgentSink.java","line":52},{"class":"software.amazon.cloudwatchlogs.emf.logger.MetricsLogger","method":"flush","file":"MetricsLogger.java","line":66},{"class":"software.amazon.lambda.powertools.metrics.internal.LambdaMetricsAspect","method":"around","file":"LambdaMetricsAspect.java","line":73},{"class":"uk.gov.di.ipv.cri.passport.accesstoken.AccessTokenHandler","method":"handleRequest","file":"AccessTokenHandler.java","line":84},{"class":"uk.gov.di.ipv.cri.passport.accesstoken.AccessTokenHandlerTest","method":"shouldReturn400WhenRevokingAccessTokenFails","file":"AccessTokenHandlerTest.java","line":389},{"class":"jdk.internal.reflect.NativeMethodAccessorImpl","method":"invoke0","file":"NativeMethodAccessorImpl.java","line":-2},{"class":"jdk.internal.reflect.NativeMethodAccessorImpl","method":"invoke","file":"NativeMethodAccessorImpl.java","line":62},{"class":"jdk.internal.reflect.DelegatingMethodAccessorImpl","method":"invoke","file":"DelegatingMethodAccessorImpl.java","line":43},{"class":"java.lang.reflect.Method","method":"invoke","file":"Method.java","line":566},{"class":"org.junit.platform.commons.util.ReflectionUtils","method":"invokeMethod","file":"ReflectionUtils.java","line":725},{"class":"org.junit.jupiter.engine.execution.MethodInvocation","method":"proceed","file":"MethodInvocation.java","line":60},{"class":"org.junit.jupiter.engine.execution.InvocationInterceptorChain$ValidatingInvocation","method":"proceed","file":"InvocationInterceptorChain.java","line":131},{"class":"org.junit.jupiter.engine.extension.TimeoutExtension","method":"intercept","file":"TimeoutExtension.java","line":149},{"class":"org.junit.jupiter.engine.extension.TimeoutExtension","method":"interceptTestableMethod","file":"TimeoutExtension.java","line":140},{"class":"org.junit.jupiter.engine.extension.TimeoutExtension","method":"interceptTestMethod","file":"TimeoutExtension.java","line":84},{"class":"org.junit.jupiter.engine.execution.ExecutableInvoker$ReflectiveInterceptorCall","method":"lambda$ofVoidMethod$0","file":"ExecutableInvoker.java","line":115},{"class":"org.junit.jupiter.engine.execution.ExecutableInvoker","method":"lambda$invoke$0","file":"ExecutableInvoker.java","line":105},{"class":"org.junit.jupiter.engine.execution.InvocationInterceptorChain$InterceptedInvocation","method":"proceed","file":"InvocationInterceptorChain.java","line":106},{"class":"org.junit.jupiter.engine.execution.InvocationInterceptorChain","method":"proceed","file":"InvocationInterceptorChain.java","line":64},{"class":"org.junit.jupiter.engine.execution.InvocationInterceptorChain","method":"chainAndInvoke","file":"InvocationInterceptorChain.java","line":45},{"class":"org.junit.jupiter.engine.execution.InvocationInterceptorChain","method":"invoke","file":"InvocationInterceptorChain.java","line":37},{"class":"org.junit.jupiter.engine.execution.ExecutableInvoker","method":"invoke","file":"ExecutableInvoker.java","line":104},{"class":"org.junit.jupiter.engine.execution.ExecutableInvoker","method":"invoke","file":"ExecutableInvoker.java","line":98},{"class":"org.junit.jupiter.engine.descriptor.TestMethodTestDescriptor","method":"lambda$invokeTestMethod$7","file":"TestMethodTestDescriptor.java","line":214},{"class":"org.junit.platform.engine.support.hierarchical.ThrowableCollector","method":"execute","file":"ThrowableCollector.java","line":73},{"class":"org.junit.jupiter.engine.descriptor.TestMethodTestDescriptor","method":"invokeTestMethod","file":"TestMethodTestDescriptor.java","line":210},{"class":"org.junit.jupiter.engine.descriptor.TestMethodTestDescriptor","method":"execute","file":"TestMethodTestDescriptor.java","line":135},{"class":"org.junit.jupiter.engine.descriptor.TestMethodTestDescriptor","method":"execute","file":"TestMethodTestDescriptor.java","line":66},{"class":"org.junit.platform.engine.support.hierarchical.NodeTestTask","method":"lambda$executeRecursively$6","file":"NodeTestTask.java","line":151},{"class":"org.junit.platform.engine.support.hierarchical.ThrowableCollector","method":"execute","file":"ThrowableCollector.java","line":73},{"class":"org.junit.platform.engine.support.hierarchical.NodeTestTask","method":"lambda$executeRecursively$8","file":"NodeTestTask.java","line":141},{"class":"org.junit.platform.engine.support.hierarchical.Node","method":"around","file":"Node.java","line":137},{"class":"org.junit.platform.engine.support.hierarchical.NodeTestTask","method":"lambda$executeRecursively$9","file":"NodeTestTask.java","line":139},{"class":"org.junit.platform.engine.support.hierarchical.ThrowableCollector","method":"execute","file":"ThrowableCollector.java","line":73},{"class":"org.junit.platform.engine.support.hierarchical.NodeTestTask","method":"executeRecursively","file":"NodeTestTask.java","line":138},{"class":"org.junit.platform.engine.support.hierarchical.NodeTestTask","method":"execute","file":"NodeTestTask.java","line":95},{"class":"java.util.ArrayList","method":"forEach","file":"ArrayList.java","line":1541},{"class":"org.junit.platform.engine.support.hierarchical.SameThreadHierarchicalTestExecutorService","method":"invokeAll","file":"SameThreadHierarchicalTestExecutorService.java","line":41},{"class":"org.junit.platform.engine.support.hierarchical.NodeTestTask","method":"lambda$executeRecursively$6","file":"NodeTestTask.java","line":155},{"class":"org.junit.platform.engine.support.hierarchical.ThrowableCollector","method":"execute","file":"ThrowableCollector.java","line":73},{"class":"org.junit.platform.engine.support.hierarchical.NodeTestTask","method":"lambda$executeRecursively$8","file":"NodeTestTask.java","line":141},{"class":"org.junit.platform.engine.support.hierarchical.Node","method":"around","file":"Node.java","line":137},{"class":"org.junit.platform.engine.support.hierarchical.NodeTestTask","method":"lambda$executeRecursively$9","file":"NodeTestTask.java","line":139},{"class":"org.junit.platform.engine.support.hierarchical.ThrowableCollector","method":"execute","file":"ThrowableCollector.java","line":73},{"class":"org.junit.platform.engine.support.hierarchical.NodeTestTask","method":"executeRecursively","file":"NodeTestTask.java","line":138},{"class":"org.junit.platform.engine.support.hierarchical.NodeTestTask","method":"execute","file":"NodeTestTask.java","line":95},{"class":"java.util.ArrayList","method":"forEach","file":"ArrayList.java","line":1541},{"class":"org.junit.platform.engine.support.hierarchical.SameThreadHierarchicalTestExecutorService","method":"invokeAll","file":"SameThreadHierarchicalTestExecutorService.java","line":41},{"class":"org.junit.platform.engine.support.hierarchical.NodeTestTask","method":"lambda$executeRecursively$6","file":"NodeTestTask.java","line":155},{"class":"org.junit.platform.engine.support.hierarchical.ThrowableCollector","method":"execute","file":"ThrowableCollector.java","line":73},{"class":"org.junit.platform.engine.support.hierarchical.NodeTestTask","method":"lambda$executeRecursively$8","file":"NodeTestTask.java","line":141},{"class":"org.junit.platform.engine.support.hierarchical.Node","method":"around","file":"Node.java","line":137},{"class":"org.junit.platform.engine.support.hierarchical.NodeTestTask","method":"lambda$executeRecursively$9","file":"NodeTestTask.java","line":139},{"class":"org.junit.platform.engine.support.hierarchical.ThrowableCollector","method":"execute","file":"ThrowableCollector.java","line":73},{"class":"org.junit.platform.engine.support.hierarchical.NodeTestTask","method":"executeRecursively","file":"NodeTestTask.java","line":138},{"class":"org.junit.platform.engine.support.hierarchical.NodeTestTask","method":"execute","file":"NodeTestTask.java","line":95},{"class":"org.junit.platform.engine.support.hierarchical.SameThreadHierarchicalTestExecutorService","method":"submit","file":"SameThreadHierarchicalTestExecutorService.java","line":35},{"class":"org.junit.platform.engine.support.hierarchical.HierarchicalTestExecutor","method":"execute","file":"HierarchicalTestExecutor.java","line":57},{"class":"org.junit.platform.engine.support.hierarchical.HierarchicalTestEngine","method":"execute","file":"HierarchicalTestEngine.java","line":54},{"class":"org.junit.platform.launcher.core.EngineExecutionOrchestrator","method":"execute","file":"EngineExecutionOrchestrator.java","line":108},{"class":"org.junit.platform.launcher.core.EngineExecutionOrchestrator","method":"execute","file":"EngineExecutionOrchestrator.java","line":88},{"class":"org.junit.platform.launcher.core.EngineExecutionOrchestrator","method":"lambda$execute$0","file":"EngineExecutionOrchestrator.java","line":54},{"class":"org.junit.platform.launcher.core.EngineExecutionOrchestrator","method":"withInterceptedStreams","file":"EngineExecutionOrchestrator.java","line":67},{"class":"org.junit.platform.launcher.core.EngineExecutionOrchestrator","method":"execute","file":"EngineExecutionOrchestrator.java","line":52},{"class":"org.junit.platform.launcher.core.DefaultLauncher","method":"execute","file":"DefaultLauncher.java","line":96},{"class":"org.junit.platform.launcher.core.DefaultLauncher","method":"execute","file":"DefaultLauncher.java","line":75},{"class":"org.gradle.api.internal.tasks.testing.junitplatform.JUnitPlatformTestClassProcessor$CollectAllTestClassesExecutor","method":"processAllTestClasses","file":"JUnitPlatformTestClassProcessor.java","line":99},{"class":"org.gradle.api.internal.tasks.testing.junitplatform.JUnitPlatformTestClassProcessor$CollectAllTestClassesExecutor","method":"access$000","file":"JUnitPlatformTestClassProcessor.java","line":79},{"class":"org.gradle.api.internal.tasks.testing.junitplatform.JUnitPlatformTestClassProcessor","method":"stop","file":"JUnitPlatformTestClassProcessor.java","line":75},{"class":"org.gradle.api.internal.tasks.testing.SuiteTestClassProcessor","method":"stop","file":"SuiteTestClassProcessor.java","line":61},{"class":"jdk.internal.reflect.NativeMethodAccessorImpl","method":"invoke0","file":"NativeMethodAccessorImpl.java","line":-2},{"class":"jdk.internal.reflect.NativeMethodAccessorImpl","method":"invoke","file":"NativeMethodAccessorImpl.java","line":62},{"class":"jdk.internal.reflect.DelegatingMethodAccessorImpl","method":"invoke","file":"DelegatingMethodAccessorImpl.java","line":43},{"class":"java.lang.reflect.Method","method":"invoke","file":"Method.java","line":566},{"class":"org.gradle.internal.dispatch.ReflectionDispatch","method":"dispatch","file":"ReflectionDispatch.java","line":36},{"class":"org.gradle.internal.dispatch.ReflectionDispatch","method":"dispatch","file":"ReflectionDispatch.java","line":24},{"class":"org.gradle.internal.dispatch.ContextClassLoaderDispatch","method":"dispatch","file":"ContextClassLoaderDispatch.java","line":33},{"class":"org.gradle.internal.dispatch.ProxyDispatchAdapter$DispatchingInvocationHandler","method":"invoke","file":"ProxyDispatchAdapter.java","line":94},{"class":"com.sun.proxy.$Proxy5","method":"stop","file":null,"line":-1},{"class":"org.gradle.api.internal.tasks.testing.worker.TestWorker$3","method":"run","file":"TestWorker.java","line":193},{"class":"org.gradle.api.internal.tasks.testing.worker.TestWorker","method":"executeAndMaintainThreadName","file":"TestWorker.java","line":129},{"class":"org.gradle.api.internal.tasks.testing.worker.TestWorker","method":"execute","file":"TestWorker.java","line":100},{"class":"org.gradle.api.internal.tasks.testing.worker.TestWorker","method":"execute","file":"TestWorker.java","line":60},{"class":"org.gradle.process.internal.worker.child.ActionExecutionWorker","method":"execute","file":"ActionExecutionWorker.java","line":56},{"class":"org.gradle.process.internal.worker.child.SystemApplicationClassLoaderWorker","method":"call","file":"SystemApplicationClassLoaderWorker.java","line":133},{"class":"org.gradle.process.internal.worker.child.SystemApplicationClassLoaderWorker","method":"call","file":"SystemApplicationClassLoaderWorker.java","line":71},{"class":"worker.org.gradle.process.internal.worker.GradleWorkerMain","method":"run","file":"GradleWorkerMain.java","line":69},{"class":"worker.org.gradle.process.internal.worker.GradleWorkerMain","method":"main","file":"GradleWorkerMain.java","line":74}]},"endOfBatch":false,"loggerFqcn":"org.apache.logging.slf4j.Log4jLogger","threadId":1,"threadPriority":5}
{"timestamp":"2022-12-01T12:17:33.656+0000GMT","instant":{"epochSecond":1669897053,"nanoOfSecond":656225000},"thread":"Test worker","level":"INFO","loggerName":"uk.gov.di.ipv.cri.passport.library.helpers.LogHelper","message":"COMPONENT_ID_LOG_FIELD attached to logs","endOfBatch":false,"loggerFqcn":"org.apache.logging.log4j.spi.AbstractLogger","threadId":1,"threadPriority":5,"coldStart":"false","componentId":"passport-cri","functionArn":null,"functionMemorySize":"0","functionName":null,"functionVersion":null,"function_request_id":"null","samplingRate":"0.0","service":"service_undefined"}
{"timestamp":"2022-12-01T12:17:33.659+0000GMT","instant":{"epochSecond":1669897053,"nanoOfSecond":659124000},"thread":"Test worker","level":"INFO","loggerName":"uk.gov.di.ipv.cri.passport.library.helpers.LogHelper","message":"PASSPORT_SESSION_ID_LOG_FIELD attached to logs","endOfBatch":false,"loggerFqcn":"org.apache.logging.log4j.spi.AbstractLogger","threadId":1,"threadPriority":5,"coldStart":"false","componentId":"passport-cri","functionArn":null,"functionMemorySize":"0","functionName":null,"functionVersion":null,"function_request_id":"null","passportSessionId":"f75b5d7c-83fe-4730-89f0-3affe50900de","samplingRate":"0.0","service":"service_undefined"}
{"timestamp":"2022-12-01T12:17:33.659+0000GMT","instant":{"epochSecond":1669897053,"nanoOfSecond":659975000},"thread":"Test worker","level":"INFO","loggerName":"uk.gov.di.ipv.cri.passport.library.helpers.LogHelper","message":"GOVUK_SIGNIN_JOURNEY_ID attached to logs","endOfBatch":false,"loggerFqcn":"org.apache.logging.log4j.spi.AbstractLogger","threadId":1,"threadPriority":5,"coldStart":"false","componentId":"passport-cri","functionArn":null,"functionMemorySize":"0","functionName":null,"functionVersion":null,"function_request_id":"null","govuk_signin_journey_id":"unknown","passportSessionId":"f75b5d7c-83fe-4730-89f0-3affe50900de","samplingRate":"0.0","service":"service_undefined"}
{"timestamp":"2022-12-01T12:17:33.661+0000GMT","instant":{"epochSecond":1669897053,"nanoOfSecond":661691000},"thread":"Test worker","level":"WARN","loggerName":"software.amazon.cloudwatchlogs.emf.environment.AgentBasedEnvironment","message":"Unknown ServiceName.","endOfBatch":false,"loggerFqcn":"org.apache.logging.slf4j.Log4jLogger","threadId":1,"threadPriority":5}
{"timestamp":"2022-12-01T12:17:33.661+0000GMT","instant":{"epochSecond":1669897053,"nanoOfSecond":661897000},"thread":"Test worker","level":"WARN","loggerName":"software.amazon.cloudwatchlogs.emf.environment.AgentBasedEnvironment","message":"Unknown ServiceName.","endOfBatch":false,"loggerFqcn":"org.apache.logging.slf4j.Log4jLogger","threadId":1,"threadPriority":5}
{"timestamp":"2022-12-01T12:17:33.662+0000GMT","instant":{"epochSecond":1669897053,"nanoOfSecond":662006000},"thread":"Test worker","level":"INFO","loggerName":"software.amazon.cloudwatchlogs.emf.environment.DefaultEnvironment","message":"Unknown ServiceType","endOfBatch":false,"loggerFqcn":"org.apache.logging.slf4j.Log4jLogger","threadId":1,"threadPriority":5}
{"timestamp":"2022-12-01T12:17:33.662+0000GMT","instant":{"epochSecond":1669897053,"nanoOfSecond":662382000},"thread":"Test worker","level":"ERROR","loggerName":"software.amazon.cloudwatchlogs.emf.sinks.TCPClient","message":"Failed to connect to the socket due to the exception: ","thrown":{"message":"Socket closed","name":"java.net.SocketException","extendedStackTrace":[{"class":"java.net.PlainSocketImpl","method":"socketConnect","file":"PlainSocketImpl.java","line":-2},{"class":"java.net.AbstractPlainSocketImpl","method":"doConnect","file":"AbstractPlainSocketImpl.java","line":399},{"class":"java.net.AbstractPlainSocketImpl","method":"connectToAddress","file":"AbstractPlainSocketImpl.java","line":242},{"class":"java.net.AbstractPlainSocketImpl","method":"connect","file":"AbstractPlainSocketImpl.java","line":224},{"class":"java.net.SocksSocketImpl","method":"connect","file":"SocksSocketImpl.java","line":392},{"class":"java.net.Socket","method":"connect","file":"Socket.java","line":609},{"class":"java.net.Socket","method":"connect","file":"Socket.java","line":558},{"class":"software.amazon.cloudwatchlogs.emf.sinks.TCPClient","method":"connect","file":"TCPClient.java","line":40},{"class":"software.amazon.cloudwatchlogs.emf.sinks.TCPClient","method":"sendMessage","file":"TCPClient.java","line":55},{"class":"software.amazon.cloudwatchlogs.emf.sinks.AgentSink","method":"accept","file":"AgentSink.java","line":52},{"class":"software.amazon.cloudwatchlogs.emf.logger.MetricsLogger","method":"flush","file":"MetricsLogger.java","line":66},{"class":"software.amazon.lambda.powertools.metrics.internal.LambdaMetricsAspect","method":"around","file":"LambdaMetricsAspect.java","line":73},{"class":"uk.gov.di.ipv.cri.passport.accesstoken.AccessTokenHandler","method":"handleRequest","file":"AccessTokenHandler.java","line":84},{"class":"uk.gov.di.ipv.cri.passport.accesstoken.AccessTokenHandlerTest","method":"shouldReturnAccessTokenWhenNoResourceIdInAuthCode","file":"AccessTokenHandlerTest.java","line":128},{"class":"jdk.internal.reflect.NativeMethodAccessorImpl","method":"invoke0","file":"NativeMethodAccessorImpl.java","line":-2},{"class":"jdk.internal.reflect.NativeMethodAccessorImpl","method":"invoke","file":"NativeMethodAccessorImpl.java","line":62},{"class":"jdk.internal.reflect.DelegatingMethodAccessorImpl","method":"invoke","file":"DelegatingMethodAccessorImpl.java","line":43},{"class":"java.lang.reflect.Method","method":"invoke","file":"Method.java","line":566},{"class":"org.junit.platform.commons.util.ReflectionUtils","method":"invokeMethod","file":"ReflectionUtils.java","line":725},{"class":"org.junit.jupiter.engine.execution.MethodInvocation","method":"proceed","file":"MethodInvocation.java","line":60},{"class":"org.junit.jupiter.engine.execution.InvocationInterceptorChain$ValidatingInvocation","method":"proceed","file":"InvocationInterceptorChain.java","line":131},{"class":"org.junit.jupiter.engine.extension.TimeoutExtension","method":"intercept","file":"TimeoutExtension.java","line":149},{"class":"org.junit.jupiter.engine.extension.TimeoutExtension","method":"interceptTestableMethod","file":"TimeoutExtension.java","line":140},{"class":"org.junit.jupiter.engine.extension.TimeoutExtension","method":"interceptTestMethod","file":"TimeoutExtension.java","line":84},{"class":"org.junit.jupiter.engine.execution.ExecutableInvoker$ReflectiveInterceptorCall","method":"lambda$ofVoidMethod$0","file":"ExecutableInvoker.java","line":115},{"class":"org.junit.jupiter.engine.execution.ExecutableInvoker","method":"lambda$invoke$0","file":"ExecutableInvoker.java","line":105},{"class":"org.junit.jupiter.engine.execution.InvocationInterceptorChain$InterceptedInvocation","method":"proceed","file":"InvocationInterceptorChain.java","line":106},{"class":"org.junit.jupiter.engine.execution.InvocationInterceptorChain","method":"proceed","file":"InvocationInterceptorChain.java","line":64},{"class":"org.junit.jupiter.engine.execution.InvocationInterceptorChain","method":"chainAndInvoke","file":"InvocationInterceptorChain.java","line":45},{"class":"org.junit.jupiter.engine.execution.InvocationInterceptorChain","method":"invoke","file":"InvocationInterceptorChain.java","line":37},{"class":"org.junit.jupiter.engine.execution.ExecutableInvoker","method":"invoke","file":"ExecutableInvoker.java","line":104},{"class":"org.junit.jupiter.engine.execution.ExecutableInvoker","method":"invoke","file":"ExecutableInvoker.java","line":98},{"class":"org.junit.jupiter.engine.descriptor.TestMethodTestDescriptor","method":"lambda$invokeTestMethod$7","file":"TestMethodTestDescriptor.java","line":214},{"class":"org.junit.platform.engine.support.hierarchical.ThrowableCollector","method":"execute","file":"ThrowableCollector.java","line":73},{"class":"org.junit.jupiter.engine.descriptor.TestMethodTestDescriptor","method":"invokeTestMethod","file":"TestMethodTestDescriptor.java","line":210},{"class":"org.junit.jupiter.engine.descriptor.TestMethodTestDescriptor","method":"execute","file":"TestMethodTestDescriptor.java","line":135},{"class":"org.junit.jupiter.engine.descriptor.TestMethodTestDescriptor","method":"execute","file":"TestMethodTestDescriptor.java","line":66},{"class":"org.junit.platform.engine.support.hierarchical.NodeTestTask","method":"lambda$executeRecursively$6","file":"NodeTestTask.java","line":151},{"class":"org.junit.platform.engine.support.hierarchical.ThrowableCollector","method":"execute","file":"ThrowableCollector.java","line":73},{"class":"org.junit.platform.engine.support.hierarchical.NodeTestTask","method":"lambda$executeRecursively$8","file":"NodeTestTask.java","line":141},{"class":"org.junit.platform.engine.support.hierarchical.Node","method":"around","file":"Node.java","line":137},{"class":"org.junit.platform.engine.support.hierarchical.NodeTestTask","method":"lambda$executeRecursively$9","file":"NodeTestTask.java","line":139},{"class":"org.junit.platform.engine.support.hierarchical.ThrowableCollector","method":"execute","file":"ThrowableCollector.java","line":73},{"class":"org.junit.platform.engine.support.hierarchical.NodeTestTask","method":"executeRecursively","file":"NodeTestTask.java","line":138},{"class":"org.junit.platform.engine.support.hierarchical.NodeTestTask","method":"execute","file":"NodeTestTask.java","line":95},{"class":"java.util.ArrayList","method":"forEach","file":"ArrayList.java","line":1541},{"class":"org.junit.platform.engine.support.hierarchical.SameThreadHierarchicalTestExecutorService","method":"invokeAll","file":"SameThreadHierarchicalTestExecutorService.java","line":41},{"class":"org.junit.platform.engine.support.hierarchical.NodeTestTask","method":"lambda$executeRecursively$6","file":"NodeTestTask.java","line":155},{"class":"org.junit.platform.engine.support.hierarchical.ThrowableCollector","method":"execute","file":"ThrowableCollector.java","line":73},{"class":"org.junit.platform.engine.support.hierarchical.NodeTestTask","method":"lambda$executeRecursively$8","file":"NodeTestTask.java","line":141},{"class":"org.junit.platform.engine.support.hierarchical.Node","method":"around","file":"Node.java","line":137},{"class":"org.junit.platform.engine.support.hierarchical.NodeTestTask","method":"lambda$executeRecursively$9","file":"NodeTestTask.java","line":139},{"class":"org.junit.platform.engine.support.hierarchical.ThrowableCollector","method":"execute","file":"ThrowableCollector.java","line":73},{"class":"org.junit.platform.engine.support.hierarchical.NodeTestTask","method":"executeRecursively","file":"NodeTestTask.java","line":138},{"class":"org.junit.platform.engine.support.hierarchical.NodeTestTask","method":"execute","file":"NodeTestTask.java","line":95},{"class":"java.util.ArrayList","method":"forEach","file":"ArrayList.java","line":1541},{"class":"org.junit.platform.engine.support.hierarchical.SameThreadHierarchicalTestExecutorService","method":"invokeAll","file":"SameThreadHierarchicalTestExecutorService.java","line":41},{"class":"org.junit.platform.engine.support.hierarchical.NodeTestTask","method":"lambda$executeRecursively$6","file":"NodeTestTask.java","line":155},{"class":"org.junit.platform.engine.support.hierarchical.ThrowableCollector","method":"execute","file":"ThrowableCollector.java","line":73},{"class":"org.junit.platform.engine.support.hierarchical.NodeTestTask","method":"lambda$executeRecursively$8","file":"NodeTestTask.java","line":141},{"class":"org.junit.platform.engine.support.hierarchical.Node","method":"around","file":"Node.java","line":137},{"class":"org.junit.platform.engine.support.hierarchical.NodeTestTask","method":"lambda$executeRecursively$9","file":"NodeTestTask.java","line":139},{"class":"org.junit.platform.engine.support.hierarchical.ThrowableCollector","method":"execute","file":"ThrowableCollector.java","line":73},{"class":"org.junit.platform.engine.support.hierarchical.NodeTestTask","method":"executeRecursively","file":"NodeTestTask.java","line":138},{"class":"org.junit.platform.engine.support.hierarchical.NodeTestTask","method":"execute","file":"NodeTestTask.java","line":95},{"class":"org.junit.platform.engine.support.hierarchical.SameThreadHierarchicalTestExecutorService","method":"submit","file":"SameThreadHierarchicalTestExecutorService.java","line":35},{"class":"org.junit.platform.engine.support.hierarchical.HierarchicalTestExecutor","method":"execute","file":"HierarchicalTestExecutor.java","line":57},{"class":"org.junit.platform.engine.support.hierarchical.HierarchicalTestEngine","method":"execute","file":"HierarchicalTestEngine.java","line":54},{"class":"org.junit.platform.launcher.core.EngineExecutionOrchestrator","method":"execute","file":"EngineExecutionOrchestrator.java","line":108},{"class":"org.junit.platform.launcher.core.EngineExecutionOrchestrator","method":"execute","file":"EngineExecutionOrchestrator.java","line":88},{"class":"org.junit.platform.launcher.core.EngineExecutionOrchestrator","method":"lambda$execute$0","file":"EngineExecutionOrchestrator.java","line":54},{"class":"org.junit.platform.launcher.core.EngineExecutionOrchestrator","method":"withInterceptedStreams","file":"EngineExecutionOrchestrator.java","line":67},{"class":"org.junit.platform.launcher.core.EngineExecutionOrchestrator","method":"execute","file":"EngineExecutionOrchestrator.java","line":52},{"class":"org.junit.platform.launcher.core.DefaultLauncher","method":"execute","file":"DefaultLauncher.java","line":96},{"class":"org.junit.platform.launcher.core.DefaultLauncher","method":"execute","file":"DefaultLauncher.java","line":75},{"class":"org.gradle.api.internal.tasks.testing.junitplatform.JUnitPlatformTestClassProcessor$CollectAllTestClassesExecutor","method":"processAllTestClasses","file":"JUnitPlatformTestClassProcessor.java","line":99},{"class":"org.gradle.api.internal.tasks.testing.junitplatform.JUnitPlatformTestClassProcessor$CollectAllTestClassesExecutor","method":"access$000","file":"JUnitPlatformTestClassProcessor.java","line":79},{"class":"org.gradle.api.internal.tasks.testing.junitplatform.JUnitPlatformTestClassProcessor","method":"stop","file":"JUnitPlatformTestClassProcessor.java","line":75},{"class":"org.gradle.api.internal.tasks.testing.SuiteTestClassProcessor","method":"stop","file":"SuiteTestClassProcessor.java","line":61},{"class":"jdk.internal.reflect.NativeMethodAccessorImpl","method":"invoke0","file":"NativeMethodAccessorImpl.java","line":-2},{"class":"jdk.internal.reflect.NativeMethodAccessorImpl","method":"invoke","file":"NativeMethodAccessorImpl.java","line":62},{"class":"jdk.internal.reflect.DelegatingMethodAccessorImpl","method":"invoke","file":"DelegatingMethodAccessorImpl.java","line":43},{"class":"java.lang.reflect.Method","method":"invoke","file":"Method.java","line":566},{"class":"org.gradle.internal.dispatch.ReflectionDispatch","method":"dispatch","file":"ReflectionDispatch.java","line":36},{"class":"org.gradle.internal.dispatch.ReflectionDispatch","method":"dispatch","file":"ReflectionDispatch.java","line":24},{"class":"org.gradle.internal.dispatch.ContextClassLoaderDispatch","method":"dispatch","file":"ContextClassLoaderDispatch.java","line":33},{"class":"org.gradle.internal.dispatch.ProxyDispatchAdapter$DispatchingInvocationHandler","method":"invoke","file":"ProxyDispatchAdapter.java","line":94},{"class":"com.sun.proxy.$Proxy5","method":"stop","file":null,"line":-1},{"class":"org.gradle.api.internal.tasks.testing.worker.TestWorker$3","method":"run","file":"TestWorker.java","line":193},{"class":"org.gradle.api.internal.tasks.testing.worker.TestWorker","method":"executeAndMaintainThreadName","file":"TestWorker.java","line":129},{"class":"org.gradle.api.internal.tasks.testing.worker.TestWorker","method":"execute","file":"TestWorker.java","line":100},{"class":"org.gradle.api.internal.tasks.testing.worker.TestWorker","method":"execute","file":"TestWorker.java","line":60},{"class":"org.gradle.process.internal.worker.child.ActionExecutionWorker","method":"execute","file":"ActionExecutionWorker.java","line":56},{"class":"org.gradle.process.internal.worker.child.SystemApplicationClassLoaderWorker","method":"call","file":"SystemApplicationClassLoaderWorker.java","line":133},{"class":"org.gradle.process.internal.worker.child.SystemApplicationClassLoaderWorker","method":"call","file":"SystemApplicationClassLoaderWorker.java","line":71},{"class":"worker.org.gradle.process.internal.worker.GradleWorkerMain","method":"run","file":"GradleWorkerMain.java","line":69},{"class":"worker.org.gradle.process.internal.worker.GradleWorkerMain","method":"main","file":"GradleWorkerMain.java","line":74}]},"endOfBatch":false,"loggerFqcn":"org.apache.logging.slf4j.Log4jLogger","threadId":1,"threadPriority":5}
{"timestamp":"2022-12-01T12:17:33.663+0000GMT","instant":{"epochSecond":1669897053,"nanoOfSecond":663884000},"thread":"Test worker","level":"ERROR","loggerName":"software.amazon.cloudwatchlogs.emf.sinks.TCPClient","message":"Failed to open output stream: ","thrown":{"message":"Socket is not connected","name":"java.net.SocketException","extendedStackTrace":[{"class":"java.net.Socket","method":"getOutputStream","file":"Socket.java","line":964},{"class":"software.amazon.cloudwatchlogs.emf.sinks.TCPClient","method":"sendMessage","file":"TCPClient.java","line":60},{"class":"software.amazon.cloudwatchlogs.emf.sinks.AgentSink","method":"accept","file":"AgentSink.java","line":52},{"class":"software.amazon.cloudwatchlogs.emf.logger.MetricsLogger","method":"flush","file":"MetricsLogger.java","line":66},{"class":"software.amazon.lambda.powertools.metrics.internal.LambdaMetricsAspect","method":"around","file":"LambdaMetricsAspect.java","line":73},{"class":"uk.gov.di.ipv.cri.passport.accesstoken.AccessTokenHandler","method":"handleRequest","file":"AccessTokenHandler.java","line":84},{"class":"uk.gov.di.ipv.cri.passport.accesstoken.AccessTokenHandlerTest","method":"shouldReturnAccessTokenWhenNoResourceIdInAuthCode","file":"AccessTokenHandlerTest.java","line":128},{"class":"jdk.internal.reflect.NativeMethodAccessorImpl","method":"invoke0","file":"NativeMethodAccessorImpl.java","line":-2},{"class":"jdk.internal.reflect.NativeMethodAccessorImpl","method":"invoke","file":"NativeMethodAccessorImpl.java","line":62},{"class":"jdk.internal.reflect.DelegatingMethodAccessorImpl","method":"invoke","file":"DelegatingMethodAccessorImpl.java","line":43},{"class":"java.lang.reflect.Method","method":"invoke","file":"Method.java","line":566},{"class":"org.junit.platform.commons.util.ReflectionUtils","method":"invokeMethod","file":"ReflectionUtils.java","line":725},{"class":"org.junit.jupiter.engine.execution.MethodInvocation","method":"proceed","file":"MethodInvocation.java","line":60},{"class":"org.junit.jupiter.engine.execution.InvocationInterceptorChain$ValidatingInvocation","method":"proceed","file":"InvocationInterceptorChain.java","line":131},{"class":"org.junit.jupiter.engine.extension.TimeoutExtension","method":"intercept","file":"TimeoutExtension.java","line":149},{"class":"org.junit.jupiter.engine.extension.TimeoutExtension","method":"interceptTestableMethod","file":"TimeoutExtension.java","line":140},{"class":"org.junit.jupiter.engine.extension.TimeoutExtension","method":"interceptTestMethod","file":"TimeoutExtension.java","line":84},{"class":"org.junit.jupiter.engine.execution.ExecutableInvoker$ReflectiveInterceptorCall","method":"lambda$ofVoidMethod$0","file":"ExecutableInvoker.java","line":115},{"class":"org.junit.jupiter.engine.execution.ExecutableInvoker","method":"lambda$invoke$0","file":"ExecutableInvoker.java","line":105},{"class":"org.junit.jupiter.engine.execution.InvocationInterceptorChain$InterceptedInvocation","method":"proceed","file":"InvocationInterceptorChain.java","line":106},{"class":"org.junit.jupiter.engine.execution.InvocationInterceptorChain","method":"proceed","file":"InvocationInterceptorChain.java","line":64},{"class":"org.junit.jupiter.engine.execution.InvocationInterceptorChain","method":"chainAndInvoke","file":"InvocationInterceptorChain.java","line":45},{"class":"org.junit.jupiter.engine.execution.InvocationInterceptorChain","method":"invoke","file":"InvocationInterceptorChain.java","line":37},{"class":"org.junit.jupiter.engine.execution.ExecutableInvoker","method":"invoke","file":"ExecutableInvoker.java","line":104},{"class":"org.junit.jupiter.engine.execution.ExecutableInvoker","method":"invoke","file":"ExecutableInvoker.java","line":98},{"class":"org.junit.jupiter.engine.descriptor.TestMethodTestDescriptor","method":"lambda$invokeTestMethod$7","file":"TestMethodTestDescriptor.java","line":214},{"class":"org.junit.platform.engine.support.hierarchical.ThrowableCollector","method":"execute","file":"ThrowableCollector.java","line":73},{"class":"org.junit.jupiter.engine.descriptor.TestMethodTestDescriptor","method":"invokeTestMethod","file":"TestMethodTestDescriptor.java","line":210},{"class":"org.junit.jupiter.engine.descriptor.TestMethodTestDescriptor","method":"execute","file":"TestMethodTestDescriptor.java","line":135},{"class":"org.junit.jupiter.engine.descriptor.TestMethodTestDescriptor","method":"execute","file":"TestMethodTestDescriptor.java","line":66},{"class":"org.junit.platform.engine.support.hierarchical.NodeTestTask","method":"lambda$executeRecursively$6","file":"NodeTestTask.java","line":151},{"class":"org.junit.platform.engine.support.hierarchical.ThrowableCollector","method":"execute","file":"ThrowableCollector.java","line":73},{"class":"org.junit.platform.engine.support.hierarchical.NodeTestTask","method":"lambda$executeRecursively$8","file":"NodeTestTask.java","line":141},{"class":"org.junit.platform.engine.support.hierarchical.Node","method":"around","file":"Node.java","line":137},{"class":"org.junit.platform.engine.support.hierarchical.NodeTestTask","method":"lambda$executeRecursively$9","file":"NodeTestTask.java","line":139},{"class":"org.junit.platform.engine.support.hierarchical.ThrowableCollector","method":"execute","file":"ThrowableCollector.java","line":73},{"class":"org.junit.platform.engine.support.hierarchical.NodeTestTask","method":"executeRecursively","file":"NodeTestTask.java","line":138},{"class":"org.junit.platform.engine.support.hierarchical.NodeTestTask","method":"execute","file":"NodeTestTask.java","line":95},{"class":"java.util.ArrayList","method":"forEach","file":"ArrayList.java","line":1541},{"class":"org.junit.platform.engine.support.hierarchical.SameThreadHierarchicalTestExecutorService","method":"invokeAll","file":"SameThreadHierarchicalTestExecutorService.java","line":41},{"class":"org.junit.platform.engine.support.hierarchical.NodeTestTask","method":"lambda$executeRecursively$6","file":"NodeTestTask.java","line":155},{"class":"org.junit.platform.engine.support.hierarchical.ThrowableCollector","method":"execute","file":"ThrowableCollector.java","line":73},{"class":"org.junit.platform.engine.support.hierarchical.NodeTestTask","method":"lambda$executeRecursively$8","file":"NodeTestTask.java","line":141},{"class":"org.junit.platform.engine.support.hierarchical.Node","method":"around","file":"Node.java","line":137},{"class":"org.junit.platform.engine.support.hierarchical.NodeTestTask","method":"lambda$executeRecursively$9","file":"NodeTestTask.java","line":139},{"class":"org.junit.platform.engine.support.hierarchical.ThrowableCollector","method":"execute","file":"ThrowableCollector.java","line":73},{"class":"org.junit.platform.engine.support.hierarchical.NodeTestTask","method":"executeRecursively","file":"NodeTestTask.java","line":138},{"class":"org.junit.platform.engine.support.hierarchical.NodeTestTask","method":"execute","file":"NodeTestTask.java","line":95},{"class":"java.util.ArrayList","method":"forEach","file":"ArrayList.java","line":1541},{"class":"org.junit.platform.engine.support.hierarchical.SameThreadHierarchicalTestExecutorService","method":"invokeAll","file":"SameThreadHierarchicalTestExecutorService.java","line":41},{"class":"org.junit.platform.engine.support.hierarchical.NodeTestTask","method":"lambda$executeRecursively$6","file":"NodeTestTask.java","line":155},{"class":"org.junit.platform.engine.support.hierarchical.ThrowableCollector","method":"execute","file":"ThrowableCollector.java","line":73},{"class":"org.junit.platform.engine.support.hierarchical.NodeTestTask","method":"lambda$executeRecursively$8","file":"NodeTestTask.java","line":141},{"class":"org.junit.platform.engine.support.hierarchical.Node","method":"around","file":"Node.java","line":137},{"class":"org.junit.platform.engine.support.hierarchical.NodeTestTask","method":"lambda$executeRecursively$9","file":"NodeTestTask.java","line":139},{"class":"org.junit.platform.engine.support.hierarchical.ThrowableCollector","method":"execute","file":"ThrowableCollector.java","line":73},{"class":"org.junit.platform.engine.support.hierarchical.NodeTestTask","method":"executeRecursively","file":"NodeTestTask.java","line":138},{"class":"org.junit.platform.engine.support.hierarchical.NodeTestTask","method":"execute","file":"NodeTestTask.java","line":95},{"class":"org.junit.platform.engine.support.hierarchical.SameThreadHierarchicalTestExecutorService","method":"submit","file":"SameThreadHierarchicalTestExecutorService.java","line":35},{"class":"org.junit.platform.engine.support.hierarchical.HierarchicalTestExecutor","method":"execute","file":"HierarchicalTestExecutor.java","line":57},{"class":"org.junit.platform.engine.support.hierarchical.HierarchicalTestEngine","method":"execute","file":"HierarchicalTestEngine.java","line":54},{"class":"org.junit.platform.launcher.core.EngineExecutionOrchestrator","method":"execute","file":"EngineExecutionOrchestrator.java","line":108},{"class":"org.junit.platform.launcher.core.EngineExecutionOrchestrator","method":"execute","file":"EngineExecutionOrchestrator.java","line":88},{"class":"org.junit.platform.launcher.core.EngineExecutionOrchestrator","method":"lambda$execute$0","file":"EngineExecutionOrchestrator.java","line":54},{"class":"org.junit.platform.launcher.core.EngineExecutionOrchestrator","method":"withInterceptedStreams","file":"EngineExecutionOrchestrator.java","line":67},{"class":"org.junit.platform.launcher.core.EngineExecutionOrchestrator","method":"execute","file":"EngineExecutionOrchestrator.java","line":52},{"class":"org.junit.platform.launcher.core.DefaultLauncher","method":"execute","file":"DefaultLauncher.java","line":96},{"class":"org.junit.platform.launcher.core.DefaultLauncher","method":"execute","file":"DefaultLauncher.java","line":75},{"class":"org.gradle.api.internal.tasks.testing.junitplatform.JUnitPlatformTestClassProcessor$CollectAllTestClassesExecutor","method":"processAllTestClasses","file":"JUnitPlatformTestClassProcessor.java","line":99},{"class":"org.gradle.api.internal.tasks.testing.junitplatform.JUnitPlatformTestClassProcessor$CollectAllTestClassesExecutor","method":"access$000","file":"JUnitPlatformTestClassProcessor.java","line":79},{"class":"org.gradle.api.internal.tasks.testing.junitplatform.JUnitPlatformTestClassProcessor","method":"stop","file":"JUnitPlatformTestClassProcessor.java","line":75},{"class":"org.gradle.api.internal.tasks.testing.SuiteTestClassProcessor","method":"stop","file":"SuiteTestClassProcessor.java","line":61},{"class":"jdk.internal.reflect.NativeMethodAccessorImpl","method":"invoke0","file":"NativeMethodAccessorImpl.java","line":-2},{"class":"jdk.internal.reflect.NativeMethodAccessorImpl","method":"invoke","file":"NativeMethodAccessorImpl.java","line":62},{"class":"jdk.internal.reflect.DelegatingMethodAccessorImpl","method":"invoke","file":"DelegatingMethodAccessorImpl.java","line":43},{"class":"java.lang.reflect.Method","method":"invoke","file":"Method.java","line":566},{"class":"org.gradle.internal.dispatch.ReflectionDispatch","method":"dispatch","file":"ReflectionDispatch.java","line":36},{"class":"org.gradle.internal.dispatch.ReflectionDispatch","method":"dispatch","file":"ReflectionDispatch.java","line":24},{"class":"org.gradle.internal.dispatch.ContextClassLoaderDispatch","method":"dispatch","file":"ContextClassLoaderDispatch.java","line":33},{"class":"org.gradle.internal.dispatch.ProxyDispatchAdapter$DispatchingInvocationHandler","method":"invoke","file":"ProxyDispatchAdapter.java","line":94},{"class":"com.sun.proxy.$Proxy5","method":"stop","file":null,"line":-1},{"class":"org.gradle.api.internal.tasks.testing.worker.TestWorker$3","method":"run","file":"TestWorker.java","line":193},{"class":"org.gradle.api.internal.tasks.testing.worker.TestWorker","method":"executeAndMaintainThreadName","file":"TestWorker.java","line":129},{"class":"org.gradle.api.internal.tasks.testing.worker.TestWorker","method":"execute","file":"TestWorker.java","line":100},{"class":"org.gradle.api.internal.tasks.testing.worker.TestWorker","method":"execute","file":"TestWorker.java","line":60},{"class":"org.gradle.process.internal.worker.child.ActionExecutionWorker","method":"execute","file":"ActionExecutionWorker.java","line":56},{"class":"org.gradle.process.internal.worker.child.SystemApplicationClassLoaderWorker","method":"call","file":"SystemApplicationClassLoaderWorker.java","line":133},{"class":"org.gradle.process.internal.worker.child.SystemApplicationClassLoaderWorker","method":"call","file":"SystemApplicationClassLoaderWorker.java","line":71},{"class":"worker.org.gradle.process.internal.worker.GradleWorkerMain","method":"run","file":"GradleWorkerMain.java","line":69},{"class":"worker.org.gradle.process.internal.worker.GradleWorkerMain","method":"main","file":"GradleWorkerMain.java","line":74}]},"endOfBatch":false,"loggerFqcn":"org.apache.logging.slf4j.Log4jLogger","threadId":1,"threadPriority":5}
{"timestamp":"2022-12-01T12:17:33.665+0000GMT","instant":{"epochSecond":1669897053,"nanoOfSecond":665146000},"thread":"Test worker","level":"ERROR","loggerName":"software.amazon.cloudwatchlogs.emf.sinks.TCPClient","message":"Failed to connect to the socket due to the exception: ","thrown":{"message":"Socket closed","name":"java.net.SocketException","extendedStackTrace":[{"class":"java.net.PlainSocketImpl","method":"socketConnect","file":"PlainSocketImpl.java","line":-2},{"class":"java.net.AbstractPlainSocketImpl","method":"doConnect","file":"AbstractPlainSocketImpl.java","line":399},{"class":"java.net.AbstractPlainSocketImpl","method":"connectToAddress","file":"AbstractPlainSocketImpl.java","line":242},{"class":"java.net.AbstractPlainSocketImpl","method":"connect","file":"AbstractPlainSocketImpl.java","line":224},{"class":"java.net.SocksSocketImpl","method":"connect","file":"SocksSocketImpl.java","line":392},{"class":"java.net.Socket","method":"connect","file":"Socket.java","line":609},{"class":"java.net.Socket","method":"connect","file":"Socket.java","line":558},{"class":"software.amazon.cloudwatchlogs.emf.sinks.TCPClient","method":"connect","file":"TCPClient.java","line":40},{"class":"software.amazon.cloudwatchlogs.emf.sinks.TCPClient","method":"sendMessage","file":"TCPClient.java","line":63},{"class":"software.amazon.cloudwatchlogs.emf.sinks.AgentSink","method":"accept","file":"AgentSink.java","line":52},{"class":"software.amazon.cloudwatchlogs.emf.logger.MetricsLogger","method":"flush","file":"MetricsLogger.java","line":66},{"class":"software.amazon.lambda.powertools.metrics.internal.LambdaMetricsAspect","method":"around","file":"LambdaMetricsAspect.java","line":73},{"class":"uk.gov.di.ipv.cri.passport.accesstoken.AccessTokenHandler","method":"handleRequest","file":"AccessTokenHandler.java","line":84},{"class":"uk.gov.di.ipv.cri.passport.accesstoken.AccessTokenHandlerTest","method":"shouldReturnAccessTokenWhenNoResourceIdInAuthCode","file":"AccessTokenHandlerTest.java","line":128},{"class":"jdk.internal.reflect.NativeMethodAccessorImpl","method":"invoke0","file":"NativeMethodAccessorImpl.java","line":-2},{"class":"jdk.internal.reflect.NativeMethodAccessorImpl","method":"invoke","file":"NativeMethodAccessorImpl.java","line":62},{"class":"jdk.internal.reflect.DelegatingMethodAccessorImpl","method":"invoke","file":"DelegatingMethodAccessorImpl.java","line":43},{"class":"java.lang.reflect.Method","method":"invoke","file":"Method.java","line":566},{"class":"org.junit.platform.commons.util.ReflectionUtils","method":"invokeMethod","file":"ReflectionUtils.java","line":725},{"class":"org.junit.jupiter.engine.execution.MethodInvocation","method":"proceed","file":"MethodInvocation.java","line":60},{"class":"org.junit.jupiter.engine.execution.InvocationInterceptorChain$ValidatingInvocation","method":"proceed","file":"InvocationInterceptorChain.java","line":131},{"class":"org.junit.jupiter.engine.extension.TimeoutExtension","method":"intercept","file":"TimeoutExtension.java","line":149},{"class":"org.junit.jupiter.engine.extension.TimeoutExtension","method":"interceptTestableMethod","file":"TimeoutExtension.java","line":140},{"class":"org.junit.jupiter.engine.extension.TimeoutExtension","method":"interceptTestMethod","file":"TimeoutExtension.java","line":84},{"class":"org.junit.jupiter.engine.execution.ExecutableInvoker$ReflectiveInterceptorCall","method":"lambda$ofVoidMethod$0","file":"ExecutableInvoker.java","line":115},{"class":"org.junit.jupiter.engine.execution.ExecutableInvoker","method":"lambda$invoke$0","file":"ExecutableInvoker.java","line":105},{"class":"org.junit.jupiter.engine.execution.InvocationInterceptorChain$InterceptedInvocation","method":"proceed","file":"InvocationInterceptorChain.java","line":106},{"class":"org.junit.jupiter.engine.execution.InvocationInterceptorChain","method":"proceed","file":"InvocationInterceptorChain.java","line":64},{"class":"org.junit.jupiter.engine.execution.InvocationInterceptorChain","method":"chainAndInvoke","file":"InvocationInterceptorChain.java","line":45},{"class":"org.junit.jupiter.engine.execution.InvocationInterceptorChain","method":"invoke","file":"InvocationInterceptorChain.java","line":37},{"class":"org.junit.jupiter.engine.execution.ExecutableInvoker","method":"invoke","file":"ExecutableInvoker.java","line":104},{"class":"org.junit.jupiter.engine.execution.ExecutableInvoker","method":"invoke","file":"ExecutableInvoker.java","line":98},{"class":"org.junit.jupiter.engine.descriptor.TestMethodTestDescriptor","method":"lambda$invokeTestMethod$7","file":"TestMethodTestDescriptor.java","line":214},{"class":"org.junit.platform.engine.support.hierarchical.ThrowableCollector","method":"execute","file":"ThrowableCollector.java","line":73},{"class":"org.junit.jupiter.engine.descriptor.TestMethodTestDescriptor","method":"invokeTestMethod","file":"TestMethodTestDescriptor.java","line":210},{"class":"org.junit.jupiter.engine.descriptor.TestMethodTestDescriptor","method":"execute","file":"TestMethodTestDescriptor.java","line":135},{"class":"org.junit.jupiter.engine.descriptor.TestMethodTestDescriptor","method":"execute","file":"TestMethodTestDescriptor.java","line":66},{"class":"org.junit.platform.engine.support.hierarchical.NodeTestTask","method":"lambda$executeRecursively$6","file":"NodeTestTask.java","line":151},{"class":"org.junit.platform.engine.support.hierarchical.ThrowableCollector","method":"execute","file":"ThrowableCollector.java","line":73},{"class":"org.junit.platform.engine.support.hierarchical.NodeTestTask","method":"lambda$executeRecursively$8","file":"NodeTestTask.java","line":141},{"class":"org.junit.platform.engine.support.hierarchical.Node","method":"around","file":"Node.java","line":137},{"class":"org.junit.platform.engine.support.hierarchical.NodeTestTask","method":"lambda$executeRecursively$9","file":"NodeTestTask.java","line":139},{"class":"org.junit.platform.engine.support.hierarchical.ThrowableCollector","method":"execute","file":"ThrowableCollector.java","line":73},{"class":"org.junit.platform.engine.support.hierarchical.NodeTestTask","method":"executeRecursively","file":"NodeTestTask.java","line":138},{"class":"org.junit.platform.engine.support.hierarchical.NodeTestTask","method":"execute","file":"NodeTestTask.java","line":95},{"class":"java.util.ArrayList","method":"forEach","file":"ArrayList.java","line":1541},{"class":"org.junit.platform.engine.support.hierarchical.SameThreadHierarchicalTestExecutorService","method":"invokeAll","file":"SameThreadHierarchicalTestExecutorService.java","line":41},{"class":"org.junit.platform.engine.support.hierarchical.NodeTestTask","method":"lambda$executeRecursively$6","file":"NodeTestTask.java","line":155},{"class":"org.junit.platform.engine.support.hierarchical.ThrowableCollector","method":"execute","file":"ThrowableCollector.java","line":73},{"class":"org.junit.platform.engine.support.hierarchical.NodeTestTask","method":"lambda$executeRecursively$8","file":"NodeTestTask.java","line":141},{"class":"org.junit.platform.engine.support.hierarchical.Node","method":"around","file":"Node.java","line":137},{"class":"org.junit.platform.engine.support.hierarchical.NodeTestTask","method":"lambda$executeRecursively$9","file":"NodeTestTask.java","line":139},{"class":"org.junit.platform.engine.support.hierarchical.ThrowableCollector","method":"execute","file":"ThrowableCollector.java","line":73},{"class":"org.junit.platform.engine.support.hierarchical.NodeTestTask","method":"executeRecursively","file":"NodeTestTask.java","line":138},{"class":"org.junit.platform.engine.support.hierarchical.NodeTestTask","method":"execute","file":"NodeTestTask.java","line":95},{"class":"java.util.ArrayList","method":"forEach","file":"ArrayList.java","line":1541},{"class":"org.junit.platform.engine.support.hierarchical.SameThreadHierarchicalTestExecutorService","method":"invokeAll","file":"SameThreadHierarchicalTestExecutorService.java","line":41},{"class":"org.junit.platform.engine.support.hierarchical.NodeTestTask","method":"lambda$executeRecursively$6","file":"NodeTestTask.java","line":155},{"class":"org.junit.platform.engine.support.hierarchical.ThrowableCollector","method":"execute","file":"ThrowableCollector.java","line":73},{"class":"org.junit.platform.engine.support.hierarchical.NodeTestTask","method":"lambda$executeRecursively$8","file":"NodeTestTask.java","line":141},{"class":"org.junit.platform.engine.support.hierarchical.Node","method":"around","file":"Node.java","line":137},{"class":"org.junit.platform.engine.support.hierarchical.NodeTestTask","method":"lambda$executeRecursively$9","file":"NodeTestTask.java","line":139},{"class":"org.junit.platform.engine.support.hierarchical.ThrowableCollector","method":"execute","file":"ThrowableCollector.java","line":73},{"class":"org.junit.platform.engine.support.hierarchical.NodeTestTask","method":"executeRecursively","file":"NodeTestTask.java","line":138},{"class":"org.junit.platform.engine.support.hierarchical.NodeTestTask","method":"execute","file":"NodeTestTask.java","line":95},{"class":"org.junit.platform.engine.support.hierarchical.SameThreadHierarchicalTestExecutorService","method":"submit","file":"SameThreadHierarchicalTestExecutorService.java","line":35},{"class":"org.junit.platform.engine.support.hierarchical.HierarchicalTestExecutor","method":"execute","file":"HierarchicalTestExecutor.java","line":57},{"class":"org.junit.platform.engine.support.hierarchical.HierarchicalTestEngine","method":"execute","file":"HierarchicalTestEngine.java","line":54},{"class":"org.junit.platform.launcher.core.EngineExecutionOrchestrator","method":"execute","file":"EngineExecutionOrchestrator.java","line":108},{"class":"org.junit.platform.launcher.core.EngineExecutionOrchestrator","method":"execute","file":"EngineExecutionOrchestrator.java","line":88},{"class":"org.junit.platform.launcher.core.EngineExecutionOrchestrator","method":"lambda$execute$0","file":"EngineExecutionOrchestrator.java","line":54},{"class":"org.junit.platform.launcher.core.EngineExecutionOrchestrator","method":"withInterceptedStreams","file":"EngineExecutionOrchestrator.java","line":67},{"class":"org.junit.platform.launcher.core.EngineExecutionOrchestrator","method":"execute","file":"EngineExecutionOrchestrator.java","line":52},{"class":"org.junit.platform.launcher.core.DefaultLauncher","method":"execute","file":"DefaultLauncher.java","line":96},{"class":"org.junit.platform.launcher.core.DefaultLauncher","method":"execute","file":"DefaultLauncher.java","line":75},{"class":"org.gradle.api.internal.tasks.testing.junitplatform.JUnitPlatformTestClassProcessor$CollectAllTestClassesExecutor","method":"processAllTestClasses","file":"JUnitPlatformTestClassProcessor.java","line":99},{"class":"org.gradle.api.internal.tasks.testing.junitplatform.JUnitPlatformTestClassProcessor$CollectAllTestClassesExecutor","method":"access$000","file":"JUnitPlatformTestClassProcessor.java","line":79},{"class":"org.gradle.api.internal.tasks.testing.junitplatform.JUnitPlatformTestClassProcessor","method":"stop","file":"JUnitPlatformTestClassProcessor.java","line":75},{"class":"org.gradle.api.internal.tasks.testing.SuiteTestClassProcessor","method":"stop","file":"SuiteTestClassProcessor.java","line":61},{"class":"jdk.internal.reflect.NativeMethodAccessorImpl","method":"invoke0","file":"NativeMethodAccessorImpl.java","line":-2},{"class":"jdk.internal.reflect.NativeMethodAccessorImpl","method":"invoke","file":"NativeMethodAccessorImpl.java","line":62},{"class":"jdk.internal.reflect.DelegatingMethodAccessorImpl","method":"invoke","file":"DelegatingMethodAccessorImpl.java","line":43},{"class":"java.lang.reflect.Method","method":"invoke","file":"Method.java","line":566},{"class":"org.gradle.internal.dispatch.ReflectionDispatch","method":"dispatch","file":"ReflectionDispatch.java","line":36},{"class":"org.gradle.internal.dispatch.ReflectionDispatch","method":"dispatch","file":"ReflectionDispatch.java","line":24},{"class":"org.gradle.internal.dispatch.ContextClassLoaderDispatch","method":"dispatch","file":"ContextClassLoaderDispatch.java","line":33},{"class":"org.gradle.internal.dispatch.ProxyDispatchAdapter$DispatchingInvocationHandler","method":"invoke","file":"ProxyDispatchAdapter.java","line":94},{"class":"com.sun.proxy.$Proxy5","method":"stop","file":null,"line":-1},{"class":"org.gradle.api.internal.tasks.testing.worker.TestWorker$3","method":"run","file":"TestWorker.java","line":193},{"class":"org.gradle.api.internal.tasks.testing.worker.TestWorker","method":"executeAndMaintainThreadName","file":"TestWorker.java","line":129},{"class":"org.gradle.api.internal.tasks.testing.worker.TestWorker","method":"execute","file":"TestWorker.java","line":100},{"class":"org.gradle.api.internal.tasks.testing.worker.TestWorker","method":"execute","file":"TestWorker.java","line":60},{"class":"org.gradle.process.internal.worker.child.ActionExecutionWorker","method":"execute","file":"ActionExecutionWorker.java","line":56},{"class":"org.gradle.process.internal.worker.child.SystemApplicationClassLoaderWorker","method":"call","file":"SystemApplicationClassLoaderWorker.java","line":133},{"class":"org.gradle.process.internal.worker.child.SystemApplicationClassLoaderWorker","method":"call","file":"SystemApplicationClassLoaderWorker.java","line":71},{"class":"worker.org.gradle.process.internal.worker.GradleWorkerMain","method":"run","file":"GradleWorkerMain.java","line":69},{"class":"worker.org.gradle.process.internal.worker.GradleWorkerMain","method":"main","file":"GradleWorkerMain.java","line":74}]},"endOfBatch":false,"loggerFqcn":"org.apache.logging.slf4j.Log4jLogger","threadId":1,"threadPriority":5}
]]></system-out>
  <system-err><![CDATA[]]></system-err>
</testsuite>
