<?xml version="1.0" encoding="UTF-8"?>
<testsuite name="uk.gov.di.ipv.cri.passport.library.service.ClientAuthJwtIdServiceTest" tests="2" skipped="0" failures="0" errors="0" timestamp="2022-12-01T12:17:05" hostname="UK-WXY6WYG4WJ" time="0.012">
  <properties/>
  <testcase name="shouldPersistClientAuthJwtId()" classname="uk.gov.di.ipv.cri.passport.library.service.ClientAuthJwtIdServiceTest" time="0.006"/>
  <testcase name="shouldReturnClientAuthJwtIdItemGivenJwtId()" classname="uk.gov.di.ipv.cri.passport.library.service.ClientAuthJwtIdServiceTest" time="0.003"/>
  <system-out><![CDATA[]]></system-out>
  <system-err><![CDATA[]]></system-err>
</testsuite>
