<?xml version="1.0" encoding="UTF-8"?>
<testsuite name="uk.gov.di.ipv.cri.passport.library.helpers.SecureTokenHelperTest" tests="1" skipped="0" failures="0" errors="0" timestamp="2022-12-01T12:17:03" hostname="UK-WXY6WYG4WJ" time="0.004">
  <properties/>
  <testcase name="generateShouldGiveAB64StringOfKnownLength()" classname="uk.gov.di.ipv.cri.passport.library.helpers.SecureTokenHelperTest" time="0.004"/>
  <system-out><![CDATA[]]></system-out>
  <system-err><![CDATA[]]></system-err>
</testsuite>
