<?xml version="1.0" encoding="UTF-8"?>
<testsuite name="uk.gov.di.ipv.cri.passport.library.service.ConfigurationServiceTest" tests="3" skipped="0" failures="0" errors="0" timestamp="2022-12-01T12:17:07" hostname="UK-WXY6WYG4WJ" time="1.948">
  <properties/>
  <testcase name="usesLocalSSMProviderWhenRunningLocally(WireMockRuntimeInfo)" classname="uk.gov.di.ipv.cri.passport.library.service.ConfigurationServiceTest" time="1.91"/>
  <testcase name="shouldLoadPrivateKeyFromParameterStore()" classname="uk.gov.di.ipv.cri.passport.library.service.ConfigurationServiceTest" time="0.016"/>
  <testcase name="shouldSetVCExpiryBasedOnParamValueAndParamUnits()" classname="uk.gov.di.ipv.cri.passport.library.service.ConfigurationServiceTest" time="0.011"/>
  <system-out><![CDATA[]]></system-out>
  <system-err><![CDATA[]]></system-err>
</testsuite>
