<?xml version="1.0" encoding="UTF-8"?>
<testsuite name="uk.gov.di.ipv.cri.passport.library.service.PassportSessionServiceTest" tests="4" skipped="0" failures="0" errors="0" timestamp="2022-12-01T12:17:11" hostname="UK-WXY6WYG4WJ" time="0.034">
  <properties/>
  <testcase name="shouldReturnSessionItem()" classname="uk.gov.di.ipv.cri.passport.library.service.PassportSessionServiceTest" time="0.015"/>
  <testcase name="shouldCreateSessionItem()" classname="uk.gov.di.ipv.cri.passport.library.service.PassportSessionServiceTest" time="0.009"/>
  <testcase name="shouldUpdateLatestDcsResponseResourceId()" classname="uk.gov.di.ipv.cri.passport.library.service.PassportSessionServiceTest" time="0.004"/>
  <testcase name="shouldIncrementAttemptCount()" classname="uk.gov.di.ipv.cri.passport.library.service.PassportSessionServiceTest" time="0.003"/>
  <system-out><![CDATA[]]></system-out>
  <system-err><![CDATA[]]></system-err>
</testsuite>
