<?xml version="1.0" encoding="UTF-8"?>
<testsuite name="uk.gov.di.ipv.cri.passport.library.service.DcsPassportCheckServiceTest" tests="1" skipped="0" failures="0" errors="0" timestamp="2022-12-01T12:17:09" hostname="UK-WXY6WYG4WJ" time="0.456">
  <properties/>
  <testcase name="shouldReturnCredentialsFromDataStore()" classname="uk.gov.di.ipv.cri.passport.library.service.DcsPassportCheckServiceTest" time="0.456"/>
  <system-out><![CDATA[]]></system-out>
  <system-err><![CDATA[]]></system-err>
</testsuite>
