<?xml version="1.0" encoding="UTF-8"?>
<testsuite name="uk.gov.di.ipv.cri.passport.library.service.AuthorizationCodeServiceTest" tests="7" skipped="0" failures="0" errors="0" timestamp="2022-12-01T12:17:05" hostname="UK-WXY6WYG4WJ" time="0.08">
  <properties/>
  <testcase name="shouldReturnNullWhenInvalidAuthCodeProvided()" classname="uk.gov.di.ipv.cri.passport.library.service.AuthorizationCodeServiceTest" time="0.025"/>
  <testcase name="shouldReturnAnAuthorisationCode()" classname="uk.gov.di.ipv.cri.passport.library.service.AuthorizationCodeServiceTest" time="0.007"/>
  <testcase name="shouldGetResourceIdByAuthCodeWhenValidAuthCodeProvided()" classname="uk.gov.di.ipv.cri.passport.library.service.AuthorizationCodeServiceTest" time="0.005"/>
  <testcase name="shouldCallUpdateWithIssuedAccessTokenValue()" classname="uk.gov.di.ipv.cri.passport.library.service.AuthorizationCodeServiceTest" time="0.003"/>
  <testcase name="isExpiredReturnsFalseIfAuthCodeItemHasNotExpired()" classname="uk.gov.di.ipv.cri.passport.library.service.AuthorizationCodeServiceTest" time="0.008"/>
  <testcase name="shouldCreateAuthorizationCodeInDataStore()" classname="uk.gov.di.ipv.cri.passport.library.service.AuthorizationCodeServiceTest" time="0.003"/>
  <testcase name="isExpiredReturnsTrueIfAuthCodeItemHasExpired()" classname="uk.gov.di.ipv.cri.passport.library.service.AuthorizationCodeServiceTest" time="0.005"/>
  <system-out><![CDATA[]]></system-out>
  <system-err><![CDATA[]]></system-err>
</testsuite>
